<?xml version="1.0" encoding="utf-8"?>
<TestRun id="0b113242-f102-488f-8c80-dce9559183b0" name="@MacBook-Pro-de-Aristide 2024-11-23 22:09:01" xmlns="http://microsoft.com/schemas/VisualStudio/TeamTest/2010">
  <Times creation="2024-11-23T22:09:01.0381040+01:00" queuing="2024-11-23T22:09:01.0381040+01:00" start="2024-11-23T22:09:00.5647360+01:00" finish="2024-11-23T22:09:01.0529370+01:00" />
  <TestSettings name="default" id="066ac9a6-75d1-4137-bedb-f96343aec9ad">
    <Deployment runDeploymentRoot="_MacBook-Pro-de-Aristide_2024-11-23_22_09_01" />
  </TestSettings>
  <Results>
    <UnitTestResult executionId="f07a0977-aaed-49b7-a977-b65b80d61da7" testId="b1540571-2958-d6df-4940-b52d99d7c6a7" testName="Account.UnitTests.Profile.Models.PersonalInfoTests.Builder_ShouldThrowException_ForInvalidDateOfBirth(invalidDateOfBirthString: &quot;2050-01-01&quot;)" computerName="MacBook-Pro-de-Aristide" duration="00:00:00.0001707" startTime="2024-11-23T22:09:01.0175040+01:00" endTime="2024-11-23T22:09:01.0175050+01:00" testType="13cdc9d9-ddb5-4fa4-a97d-d965ccfc6d4b" outcome="Passed" testListId="8c84fa94-04c1-424b-9868-57a2d4851a1d" relativeResultsDirectory="f07a0977-aaed-49b7-a977-b65b80d61da7" />
    <UnitTestResult executionId="e07801e2-e09b-481a-9e30-dafb75e80f90" testId="f01a0f8e-ed5c-bf3c-265f-6270685eb855" testName="Account.UnitTests.Profile.Models.PhoneNumberTests.Parse_WithInvalidFormats_ShouldIncludeExceptionMessageInError(number: &quot;+33&quot;, expectedErrorCode: &quot;PhoneNumber.Invalid&quot;)" computerName="MacBook-Pro-de-Aristide" duration="00:00:00.0000599" startTime="2024-11-23T22:09:01.0162070+01:00" endTime="2024-11-23T22:09:01.0162070+01:00" testType="13cdc9d9-ddb5-4fa4-a97d-d965ccfc6d4b" outcome="Passed" testListId="8c84fa94-04c1-424b-9868-57a2d4851a1d" relativeResultsDirectory="e07801e2-e09b-481a-9e30-dafb75e80f90" />
    <UnitTestResult executionId="4f131972-b7f6-4017-8c86-6ebf1e72b353" testId="07ec2eb5-8fb8-5aa8-13b8-72416fd29daf" testName="Account.UnitTests.Profile.Models.LastNameTests.Create_WithInvalidCharacters_ShouldReturnSpecificError(invalidName: &quot;Smith!&quot;)" computerName="MacBook-Pro-de-Aristide" duration="00:00:00.0000034" startTime="2024-11-23T22:09:00.9917060+01:00" endTime="2024-11-23T22:09:00.9917060+01:00" testType="13cdc9d9-ddb5-4fa4-a97d-d965ccfc6d4b" outcome="Passed" testListId="8c84fa94-04c1-424b-9868-57a2d4851a1d" relativeResultsDirectory="4f131972-b7f6-4017-8c86-6ebf1e72b353" />
    <UnitTestResult executionId="502abf4d-8b5c-4fe1-ac24-5a99a96188b9" testId="5316fbf4-3c23-4ab0-2328-9d45f21eb488" testName="Account.UnitTests.Profile.Models.PersonalInfoTests.Builder_ShouldCreatePersonalInfo_WithAllValidValues(firstName: &quot;Jane&quot;, lastName: &quot;Smith&quot;, birthDateString: &quot;1985-05-20&quot;, gender: Female, phoneNumber: &quot;+237655555555&quot;, street: null, zipCode: null, city: &quot;Yaoundé&quot;, country: &quot;Cameroon&quot;)" computerName="MacBook-Pro-de-Aristide" duration="00:00:00.0002204" startTime="2024-11-23T22:09:01.0198310+01:00" endTime="2024-11-23T22:09:01.0198320+01:00" testType="13cdc9d9-ddb5-4fa4-a97d-d965ccfc6d4b" outcome="Passed" testListId="8c84fa94-04c1-424b-9868-57a2d4851a1d" relativeResultsDirectory="502abf4d-8b5c-4fe1-ac24-5a99a96188b9" />
    <UnitTestResult executionId="f61a5e68-5bf7-46ee-8d50-5ccb7381bb35" testId="4200b574-9b59-83e0-35d9-df34c967550f" testName="Account.UnitTests.Profile.Models.FirstNameTests.Create_WithNullOrWhiteSpace_ShouldReturnSpecificError(invalidName: &quot;&quot;, expectedErrorCode: &quot;FirstName.Empty&quot;)" computerName="MacBook-Pro-de-Aristide" duration="00:00:00.0000028" startTime="2024-11-23T22:09:00.9934140+01:00" endTime="2024-11-23T22:09:00.9934140+01:00" testType="13cdc9d9-ddb5-4fa4-a97d-d965ccfc6d4b" outcome="Passed" testListId="8c84fa94-04c1-424b-9868-57a2d4851a1d" relativeResultsDirectory="f61a5e68-5bf7-46ee-8d50-5ccb7381bb35" />
    <UnitTestResult executionId="e903ce07-82b6-4ed6-b1ac-4fb23bab5b9f" testId="e039335d-7639-5a8f-f1ce-39b7b5f2c4b2" testName="Account.UnitTests.Profile.Models.FirstNameTests.Create_WithNameExceedingMaxLength_ShouldReturnSpecificError(length: 200)" computerName="MacBook-Pro-de-Aristide" duration="00:00:00.0000524" startTime="2024-11-23T22:09:00.9929760+01:00" endTime="2024-11-23T22:09:00.9929760+01:00" testType="13cdc9d9-ddb5-4fa4-a97d-d965ccfc6d4b" outcome="Passed" testListId="8c84fa94-04c1-424b-9868-57a2d4851a1d" relativeResultsDirectory="e903ce07-82b6-4ed6-b1ac-4fb23bab5b9f" />
    <UnitTestResult executionId="95199439-c662-4cec-aff2-69189523defc" testId="7b1a3972-b3d2-2e39-07f6-57c026e7dee5" testName="Account.UnitTests.Profile.Models.PhoneNumberTests.GetHashCode_ShouldBeConsistentWithEquality" computerName="MacBook-Pro-de-Aristide" duration="00:00:00.0001217" startTime="2024-11-23T22:09:01.0167000+01:00" endTime="2024-11-23T22:09:01.0167000+01:00" testType="13cdc9d9-ddb5-4fa4-a97d-d965ccfc6d4b" outcome="Passed" testListId="8c84fa94-04c1-424b-9868-57a2d4851a1d" relativeResultsDirectory="95199439-c662-4cec-aff2-69189523defc" />
    <UnitTestResult executionId="0dc3022b-1537-4bf4-8168-f1aa143f0706" testId="1f4de402-1a65-1e16-5b0a-8c1bf3bdc164" testName="Account.UnitTests.Profile.Models.AddressTests.Create_WithNullOrEmptyOptionalFields_ShouldSucceed(street: &quot;123 Main St&quot;, zipCode: &quot;&quot;, city: &quot;New York&quot;, country: &quot;USA&quot;)" computerName="MacBook-Pro-de-Aristide" duration="00:00:00.0000048" startTime="2024-11-23T22:09:00.9900430+01:00" endTime="2024-11-23T22:09:00.9900430+01:00" testType="13cdc9d9-ddb5-4fa4-a97d-d965ccfc6d4b" outcome="Passed" testListId="8c84fa94-04c1-424b-9868-57a2d4851a1d" relativeResultsDirectory="0dc3022b-1537-4bf4-8168-f1aa143f0706" />
    <UnitTestResult executionId="62880aa3-a27f-4128-9e2f-92dc10ba2ef0" testId="276a3d58-59f3-d7a8-d978-139c3f6ac991" testName="Account.UnitTests.Profile.Models.EmailTests.Create_WithNullOrWhiteSpace_ShouldReturnError(invalidEmail: &quot;&quot;)" computerName="MacBook-Pro-de-Aristide" duration="00:00:00.0001784" startTime="2024-11-23T22:09:00.9939690+01:00" endTime="2024-11-23T22:09:00.9939690+01:00" testType="13cdc9d9-ddb5-4fa4-a97d-d965ccfc6d4b" outcome="Passed" testListId="8c84fa94-04c1-424b-9868-57a2d4851a1d" relativeResultsDirectory="62880aa3-a27f-4128-9e2f-92dc10ba2ef0" />
    <UnitTestResult executionId="f0252e70-ee09-4290-841d-6c1d8c4c1c36" testId="29cf1e89-8446-2dc5-acee-199e4fb2233f" testName="Account.UnitTests.Profile.Models.LastNameTests.Create_WithAccentedCharacters_ShouldSucceed(nameWithAccents: &quot;Łukasiewicz&quot;)" computerName="MacBook-Pro-de-Aristide" duration="00:00:00.0000571" startTime="2024-11-23T22:09:00.9921400+01:00" endTime="2024-11-23T22:09:00.9921400+01:00" testType="13cdc9d9-ddb5-4fa4-a97d-d965ccfc6d4b" outcome="Passed" testListId="8c84fa94-04c1-424b-9868-57a2d4851a1d" relativeResultsDirectory="f0252e70-ee09-4290-841d-6c1d8c4c1c36" />
    <UnitTestResult executionId="47255ea9-3848-4adb-8126-fe0227246788" testId="7a64bed0-c104-2289-aa15-ee741dd5cb13" testName="Account.UnitTests.Profile.Models.PhoneNumberTests.Parse_WithInvalidNumber_ShouldReturnError(number: &quot;++123456789&quot;)" computerName="MacBook-Pro-de-Aristide" duration="00:00:00.0000157" startTime="2024-11-23T22:09:01.0188530+01:00" endTime="2024-11-23T22:09:01.0188530+01:00" testType="13cdc9d9-ddb5-4fa4-a97d-d965ccfc6d4b" outcome="Passed" testListId="8c84fa94-04c1-424b-9868-57a2d4851a1d" relativeResultsDirectory="47255ea9-3848-4adb-8126-fe0227246788" />
    <UnitTestResult executionId="a9b42ff7-8086-4d51-bae0-da2ccec62dc6" testId="8d0c4e03-f253-11e5-182e-46de430e474d" testName="Account.UnitTests.Profile.Models.PersonalInfoTests.Builder_ShouldThrowException_ForInvalidAddress(street: null, zipCode: null, city: &quot;&quot;, country: &quot;France&quot;)" computerName="MacBook-Pro-de-Aristide" duration="00:00:00.0006518" startTime="2024-11-23T22:09:00.9942620+01:00" endTime="2024-11-23T22:09:00.9942620+01:00" testType="13cdc9d9-ddb5-4fa4-a97d-d965ccfc6d4b" outcome="Passed" testListId="8c84fa94-04c1-424b-9868-57a2d4851a1d" relativeResultsDirectory="a9b42ff7-8086-4d51-bae0-da2ccec62dc6" />
    <UnitTestResult executionId="a42774d7-d5de-4bdf-aab9-d631b046de45" testId="0b8d6e22-b956-a13c-7eeb-f6f147610336" testName="Account.UnitTests.Profile.Models.PhoneNumberTests.Parse_WithValidInternationalNumber_ShouldSucceed(number: &quot;+237655555555&quot;)" computerName="MacBook-Pro-de-Aristide" duration="00:00:00.0000044" startTime="2024-11-23T22:09:01.0167360+01:00" endTime="2024-11-23T22:09:01.0167360+01:00" testType="13cdc9d9-ddb5-4fa4-a97d-d965ccfc6d4b" outcome="Passed" testListId="8c84fa94-04c1-424b-9868-57a2d4851a1d" relativeResultsDirectory="a42774d7-d5de-4bdf-aab9-d631b046de45" />
    <UnitTestResult executionId="88677829-3432-4e96-b34f-5fddda70dc76" testId="b3df021a-9a36-900c-13d3-3a534861baa2" testName="Account.UnitTests.Profile.Models.PhoneNumberTests.Parse_WithEmptyCountryCode_ShouldReturnError(number: &quot;0612345678&quot;, countryCode: null)" computerName="MacBook-Pro-de-Aristide" duration="00:00:00.0079290" startTime="2024-11-23T22:09:00.9732090+01:00" endTime="2024-11-23T22:09:00.9732090+01:00" testType="13cdc9d9-ddb5-4fa4-a97d-d965ccfc6d4b" outcome="Passed" testListId="8c84fa94-04c1-424b-9868-57a2d4851a1d" relativeResultsDirectory="88677829-3432-4e96-b34f-5fddda70dc76" />
    <UnitTestResult executionId="8c6041fb-0620-4133-9def-a89898e6fcfb" testId="7c7f0929-f8e5-43e3-5697-8733049796d1" testName="Account.UnitTests.Profile.Models.EmailTests.Create_WithValidEmail_ShouldSucceed(validEmail: &quot;user123@example.co.uk&quot;)" computerName="MacBook-Pro-de-Aristide" duration="00:00:00.0000056" startTime="2024-11-23T22:09:00.9924340+01:00" endTime="2024-11-23T22:09:00.9924340+01:00" testType="13cdc9d9-ddb5-4fa4-a97d-d965ccfc6d4b" outcome="Passed" testListId="8c84fa94-04c1-424b-9868-57a2d4851a1d" relativeResultsDirectory="8c6041fb-0620-4133-9def-a89898e6fcfb" />
    <UnitTestResult executionId="02a0cbe5-cb4d-47e5-bfd3-c6517bf57ad3" testId="65b6bb50-afcd-3579-ab66-f39e3e630789" testName="Account.UnitTests.Profile.Models.FirstNameTests.Create_WithNullOrWhiteSpace_ShouldReturnSpecificError(invalidName: &quot;   &quot;, expectedErrorCode: &quot;FirstName.Empty&quot;)" computerName="MacBook-Pro-de-Aristide" duration="00:00:00.0001259" startTime="2024-11-23T22:09:00.9932140+01:00" endTime="2024-11-23T22:09:00.9932140+01:00" testType="13cdc9d9-ddb5-4fa4-a97d-d965ccfc6d4b" outcome="Passed" testListId="8c84fa94-04c1-424b-9868-57a2d4851a1d" relativeResultsDirectory="02a0cbe5-cb4d-47e5-bfd3-c6517bf57ad3" />
    <UnitTestResult executionId="4c8b5f1b-5968-4c8a-9c28-d31961a28303" testId="b2ee7c71-57fd-f81b-eaf6-2204663e3550" testName="Account.UnitTests.Profile.Models.EmailTests.Create_WithValidEmail_ShouldSucceed(validEmail: &quot;user.name+tag@example.com&quot;)" computerName="MacBook-Pro-de-Aristide" duration="00:00:00.0000528" startTime="2024-11-23T22:09:00.9924030+01:00" endTime="2024-11-23T22:09:00.9924030+01:00" testType="13cdc9d9-ddb5-4fa4-a97d-d965ccfc6d4b" outcome="Passed" testListId="8c84fa94-04c1-424b-9868-57a2d4851a1d" relativeResultsDirectory="4c8b5f1b-5968-4c8a-9c28-d31961a28303" />
    <UnitTestResult executionId="6a7da697-ce4c-4108-be04-4f6b63fa7f84" testId="d6a68c1a-47fd-d80e-7565-d888b2e6e915" testName="Account.UnitTests.Profile.Models.EmailTests.ToString_ReturnsCorrectValue" computerName="MacBook-Pro-de-Aristide" duration="00:00:00.0000455" startTime="2024-11-23T22:09:00.9942390+01:00" endTime="2024-11-23T22:09:00.9942390+01:00" testType="13cdc9d9-ddb5-4fa4-a97d-d965ccfc6d4b" outcome="Passed" testListId="8c84fa94-04c1-424b-9868-57a2d4851a1d" relativeResultsDirectory="6a7da697-ce4c-4108-be04-4f6b63fa7f84" />
    <UnitTestResult executionId="78ef0a37-607f-4c14-81b0-900b3c3c62a5" testId="afd3a567-25b4-e465-ece3-3269b9f353c2" testName="Account.UnitTests.Profile.Models.LastNameTests.Create_WithAccentedCharacters_ShouldSucceed(nameWithAccents: &quot;Dvoŕák&quot;)" computerName="MacBook-Pro-de-Aristide" duration="00:00:00.0000461" startTime="2024-11-23T22:09:00.9919460+01:00" endTime="2024-11-23T22:09:00.9919460+01:00" testType="13cdc9d9-ddb5-4fa4-a97d-d965ccfc6d4b" outcome="Passed" testListId="8c84fa94-04c1-424b-9868-57a2d4851a1d" relativeResultsDirectory="78ef0a37-607f-4c14-81b0-900b3c3c62a5" />
    <UnitTestResult executionId="7c6a9921-8c61-49f1-a0a0-2243701f2797" testId="650819be-2f55-17d8-add7-233e3ea0c4c5" testName="Account.UnitTests.Profile.Models.LastNameTests.Create_WithMaxLengthMinusOne_ShouldSucceed" computerName="MacBook-Pro-de-Aristide" duration="00:00:00.0001952" startTime="2024-11-23T22:09:00.9934300+01:00" endTime="2024-11-23T22:09:00.9934300+01:00" testType="13cdc9d9-ddb5-4fa4-a97d-d965ccfc6d4b" outcome="Passed" testListId="8c84fa94-04c1-424b-9868-57a2d4851a1d" relativeResultsDirectory="7c6a9921-8c61-49f1-a0a0-2243701f2797" />
    <UnitTestResult executionId="2f2cf200-d532-4365-853b-aee5c829caf9" testId="596b34e1-0d2a-2813-3b42-e1c7e6bdccdf" testName="Account.UnitTests.Profile.Models.PhoneNumberTests.Parse_WithEmptyNumber_ShouldReturnError(number: null)" computerName="MacBook-Pro-de-Aristide" duration="00:00:00.0001783" startTime="2024-11-23T22:09:01.0188860+01:00" endTime="2024-11-23T22:09:01.0188860+01:00" testType="13cdc9d9-ddb5-4fa4-a97d-d965ccfc6d4b" outcome="Passed" testListId="8c84fa94-04c1-424b-9868-57a2d4851a1d" relativeResultsDirectory="2f2cf200-d532-4365-853b-aee5c829caf9" />
    <UnitTestResult executionId="070e6aea-1b32-44ab-9a8b-777d6f5119ec" testId="a395b7d7-e42f-9a59-055a-223f4ebf7463" testName="Account.UnitTests.Profile.Models.FirstNameTests.Create_WithEdgeCases_ShouldSucceed(validName: &quot;A&quot;)" computerName="MacBook-Pro-de-Aristide" duration="00:00:00.0000063" startTime="2024-11-23T22:09:00.9910310+01:00" endTime="2024-11-23T22:09:00.9910310+01:00" testType="13cdc9d9-ddb5-4fa4-a97d-d965ccfc6d4b" outcome="Passed" testListId="8c84fa94-04c1-424b-9868-57a2d4851a1d" relativeResultsDirectory="070e6aea-1b32-44ab-9a8b-777d6f5119ec" />
    <UnitTestResult executionId="c3996d32-4fca-4c85-974f-05987e863ca9" testId="3f956ce1-f095-990b-7cf5-58662adec7ea" testName="Account.UnitTests.Profile.Models.FirstNameTests.ValueObject_EqualityBehavior_ShouldBeCorrect(value1: &quot;Jean&quot;, value2: &quot;Jean&quot;, shouldBeEqual: True)" computerName="MacBook-Pro-de-Aristide" duration="00:00:00.0000337" startTime="2024-11-23T22:09:00.9923620+01:00" endTime="2024-11-23T22:09:00.9923630+01:00" testType="13cdc9d9-ddb5-4fa4-a97d-d965ccfc6d4b" outcome="Passed" testListId="8c84fa94-04c1-424b-9868-57a2d4851a1d" relativeResultsDirectory="c3996d32-4fca-4c85-974f-05987e863ca9" />
    <UnitTestResult executionId="d7dcb226-4c77-4a75-aa1c-05666a9856ee" testId="c578c496-04f2-6c3c-0520-67bdedfbb68e" testName="Account.UnitTests.Profile.Models.LastNameTests.Create_WithEdgeCases_ShouldSucceed(validName: &quot;A-A'A A&quot;)" computerName="MacBook-Pro-de-Aristide" duration="00:00:00.0000022" startTime="2024-11-23T22:09:00.9926920+01:00" endTime="2024-11-23T22:09:00.9926920+01:00" testType="13cdc9d9-ddb5-4fa4-a97d-d965ccfc6d4b" outcome="Passed" testListId="8c84fa94-04c1-424b-9868-57a2d4851a1d" relativeResultsDirectory="d7dcb226-4c77-4a75-aa1c-05666a9856ee" />
    <UnitTestResult executionId="ac49f0e8-865e-49eb-ad88-5843c45f5106" testId="2d28d1bb-3c06-61c0-484b-4c15335210de" testName="Account.UnitTests.Profile.Models.PhoneNumberTests.Parse_WithValidInternationalNumber_ShouldSucceed(number: &quot;+41791234567&quot;)" computerName="MacBook-Pro-de-Aristide" duration="00:00:00.0000342" startTime="2024-11-23T22:09:01.0167260+01:00" endTime="2024-11-23T22:09:01.0167260+01:00" testType="13cdc9d9-ddb5-4fa4-a97d-d965ccfc6d4b" outcome="Passed" testListId="8c84fa94-04c1-424b-9868-57a2d4851a1d" relativeResultsDirectory="ac49f0e8-865e-49eb-ad88-5843c45f5106" />
    <UnitTestResult executionId="94423bf2-39b8-4b3b-9cbb-3804531fefb0" testId="c343b07b-3a2d-f84a-29ea-ea421f98b507" testName="Account.UnitTests.Profile.Models.PhoneNumberTests.Parse_WithInvalidFormats_ShouldIncludeExceptionMessageInError(number: &quot;+333333333333333&quot;, expectedErrorCode: &quot;PhoneNumber.Invalid&quot;)" computerName="MacBook-Pro-de-Aristide" duration="00:00:00.0000050" startTime="2024-11-23T22:09:01.0162540+01:00" endTime="2024-11-23T22:09:01.0162540+01:00" testType="13cdc9d9-ddb5-4fa4-a97d-d965ccfc6d4b" outcome="Passed" testListId="8c84fa94-04c1-424b-9868-57a2d4851a1d" relativeResultsDirectory="94423bf2-39b8-4b3b-9cbb-3804531fefb0" />
    <UnitTestResult executionId="00688bd2-db0e-402d-b159-09bec55bc6d8" testId="2cd6a5e9-74b0-6d1f-11fb-c2d0df624817" testName="Account.UnitTests.Profile.Models.LastNameTests.Create_WithEdgeCases_ShouldSucceed(validName: &quot;é&quot;)" computerName="MacBook-Pro-de-Aristide" duration="00:00:00.0000015" startTime="2024-11-23T22:09:00.9929220+01:00" endTime="2024-11-23T22:09:00.9929220+01:00" testType="13cdc9d9-ddb5-4fa4-a97d-d965ccfc6d4b" outcome="Passed" testListId="8c84fa94-04c1-424b-9868-57a2d4851a1d" relativeResultsDirectory="00688bd2-db0e-402d-b159-09bec55bc6d8" />
    <UnitTestResult executionId="a43b6e31-2a2f-4307-b2ad-ad217606a522" testId="3806dbe2-7232-f69c-6c3f-7c285b581a75" testName="Account.UnitTests.Profile.Models.FirstNameTests.Create_WithEdgeCases_ShouldSucceed(validName: &quot;A'A&quot;)" computerName="MacBook-Pro-de-Aristide" duration="00:00:00.0001840" startTime="2024-11-23T22:09:00.9905900+01:00" endTime="2024-11-23T22:09:00.9905900+01:00" testType="13cdc9d9-ddb5-4fa4-a97d-d965ccfc6d4b" outcome="Passed" testListId="8c84fa94-04c1-424b-9868-57a2d4851a1d" relativeResultsDirectory="a43b6e31-2a2f-4307-b2ad-ad217606a522" />
    <UnitTestResult executionId="e1f75218-161f-4c4f-88b3-f0a426fb2d42" testId="c4e960bd-c3e3-f381-7dca-5a68cb9da10d" testName="Account.UnitTests.Profile.Models.AddressTests.Create_WithTooLongFields_ShouldReturnError(streetLength: 100, zipCodeLength: 10, cityLength: 50, countryLength: 51, expectedError: &quot;Address.Country.TooLong&quot;)" computerName="MacBook-Pro-de-Aristide" duration="00:00:00.0002060" startTime="2024-11-23T22:09:00.9914660+01:00" endTime="2024-11-23T22:09:00.9914660+01:00" testType="13cdc9d9-ddb5-4fa4-a97d-d965ccfc6d4b" outcome="Passed" testListId="8c84fa94-04c1-424b-9868-57a2d4851a1d" relativeResultsDirectory="e1f75218-161f-4c4f-88b3-f0a426fb2d42" />
    <UnitTestResult executionId="e60b2d05-4489-41a9-9430-47b52bddae89" testId="ee7796a2-fa5d-37e3-7d95-f41fa632b0ff" testName="Account.UnitTests.Profile.Models.PersonalInfoTests.FromExisting_ShouldCreatePersonalInfo_WithGivenValues" computerName="MacBook-Pro-de-Aristide" duration="00:00:00.0378633" startTime="2024-11-23T22:09:01.0153800+01:00" endTime="2024-11-23T22:09:01.0153800+01:00" testType="13cdc9d9-ddb5-4fa4-a97d-d965ccfc6d4b" outcome="Passed" testListId="8c84fa94-04c1-424b-9868-57a2d4851a1d" relativeResultsDirectory="e60b2d05-4489-41a9-9430-47b52bddae89" />
    <UnitTestResult executionId="afa904ef-ebb8-46a3-addd-c5b95fcda071" testId="537f9b73-0cda-a379-1a6c-05777989fe1d" testName="Account.UnitTests.Profile.Models.EmailTests.Create_WithUpperCaseEmail_ShouldNormalizeToLowerCase(input: &quot;TEST@EXAMPLE.COM&quot;, expected: &quot;test@example.com&quot;)" computerName="MacBook-Pro-de-Aristide" duration="00:00:00.0001262" startTime="2024-11-23T22:09:00.9929870+01:00" endTime="2024-11-23T22:09:00.9929870+01:00" testType="13cdc9d9-ddb5-4fa4-a97d-d965ccfc6d4b" outcome="Passed" testListId="8c84fa94-04c1-424b-9868-57a2d4851a1d" relativeResultsDirectory="afa904ef-ebb8-46a3-addd-c5b95fcda071" />
    <UnitTestResult executionId="b2882ca7-f583-4bb8-89c3-4dda0f115bdb" testId="75c3223c-21a2-3885-111b-84a103c871ec" testName="Account.UnitTests.Profile.Models.EmailTests.Create_WithValidEmail_ShouldSucceed(validEmail: &quot;first.last@example.com&quot;)" computerName="MacBook-Pro-de-Aristide" duration="00:00:00.0000059" startTime="2024-11-23T22:09:00.9924190+01:00" endTime="2024-11-23T22:09:00.9924190+01:00" testType="13cdc9d9-ddb5-4fa4-a97d-d965ccfc6d4b" outcome="Passed" testListId="8c84fa94-04c1-424b-9868-57a2d4851a1d" relativeResultsDirectory="b2882ca7-f583-4bb8-89c3-4dda0f115bdb" />
    <UnitTestResult executionId="20522231-7f10-4d04-8ceb-4b1fc8db2b22" testId="cc6b4090-e5ec-21f0-9ad1-b329e6757070" testName="Account.UnitTests.Profile.Models.DateOfBirthTests.ImplicitConversion_ToDateTime_ShouldWork" computerName="MacBook-Pro-de-Aristide" duration="00:00:00.0003765" startTime="2024-11-23T22:09:00.9944380+01:00" endTime="2024-11-23T22:09:00.9944380+01:00" testType="13cdc9d9-ddb5-4fa4-a97d-d965ccfc6d4b" outcome="Passed" testListId="8c84fa94-04c1-424b-9868-57a2d4851a1d" relativeResultsDirectory="20522231-7f10-4d04-8ceb-4b1fc8db2b22" />
    <UnitTestResult executionId="0c9534a9-fe03-4ffa-9180-7e2cabbae82a" testId="861225d4-46d6-f3eb-4be4-064b08e4e296" testName="Account.UnitTests.Profile.Models.LastNameTests.Create_WithNullOrWhiteSpace_ShouldReturnSpecificError(invalidName: null, expectedErrorCode: &quot;LastName.Empty&quot;)" computerName="MacBook-Pro-de-Aristide" duration="00:00:00.0000034" startTime="2024-11-23T22:09:00.9934750+01:00" endTime="2024-11-23T22:09:00.9934750+01:00" testType="13cdc9d9-ddb5-4fa4-a97d-d965ccfc6d4b" outcome="Passed" testListId="8c84fa94-04c1-424b-9868-57a2d4851a1d" relativeResultsDirectory="0c9534a9-fe03-4ffa-9180-7e2cabbae82a" />
    <UnitTestResult executionId="746b9be9-59d9-427b-9520-cd9443b930ca" testId="1ab57409-dd33-f64d-42e5-71faec0e603e" testName="Account.UnitTests.Profile.Models.PhoneNumberTests.Parse_ShouldExtractCorrectParts(number: &quot;+41791234567&quot;, expectedCountryCode: 41, expectedNationalNumber: 791234567)" computerName="MacBook-Pro-de-Aristide" duration="00:00:00.0000565" startTime="2024-11-23T22:09:01.0153240+01:00" endTime="2024-11-23T22:09:01.0153240+01:00" testType="13cdc9d9-ddb5-4fa4-a97d-d965ccfc6d4b" outcome="Passed" testListId="8c84fa94-04c1-424b-9868-57a2d4851a1d" relativeResultsDirectory="746b9be9-59d9-427b-9520-cd9443b930ca" />
    <UnitTestResult executionId="e32d2149-bb42-49f0-a7e7-8b90bf10b6b3" testId="62129c8e-4d7a-be58-8ef1-5710e1680187" testName="Account.UnitTests.Profile.Models.EmailTests.Create_WithInvalidFormat_ShouldReturnError(invalidEmail: &quot;user@&quot;)" computerName="MacBook-Pro-de-Aristide" duration="00:00:00.0000239" startTime="2024-11-23T22:09:00.9914500+01:00" endTime="2024-11-23T22:09:00.9914500+01:00" testType="13cdc9d9-ddb5-4fa4-a97d-d965ccfc6d4b" outcome="Passed" testListId="8c84fa94-04c1-424b-9868-57a2d4851a1d" relativeResultsDirectory="e32d2149-bb42-49f0-a7e7-8b90bf10b6b3" />
    <UnitTestResult executionId="4475e24f-2349-4aef-b513-5835e9830a90" testId="e62a2256-19d5-41f4-cc64-6d94573656c5" testName="Account.UnitTests.Profile.Models.FirstNameTests.Create_WithEdgeCases_ShouldSucceed(validName: &quot;A-A&quot;)" computerName="MacBook-Pro-de-Aristide" duration="00:00:00.0000039" startTime="2024-11-23T22:09:00.9912110+01:00" endTime="2024-11-23T22:09:00.9912110+01:00" testType="13cdc9d9-ddb5-4fa4-a97d-d965ccfc6d4b" outcome="Passed" testListId="8c84fa94-04c1-424b-9868-57a2d4851a1d" relativeResultsDirectory="4475e24f-2349-4aef-b513-5835e9830a90" />
    <UnitTestResult executionId="7fb978ca-fa33-4842-bcb9-a963252b3df9" testId="8b2e7c68-ab7b-db06-72ea-81e679e51c3b" testName="Account.UnitTests.Profile.Models.PhoneNumberTests.Parse_WithInvalidInput_ShouldReturnError(number: &quot;0612345678&quot;, countryCode: &quot;XX&quot;)" computerName="MacBook-Pro-de-Aristide" duration="00:00:00.0000766" startTime="2024-11-23T22:09:01.0163080+01:00" endTime="2024-11-23T22:09:01.0163080+01:00" testType="13cdc9d9-ddb5-4fa4-a97d-d965ccfc6d4b" outcome="Passed" testListId="8c84fa94-04c1-424b-9868-57a2d4851a1d" relativeResultsDirectory="7fb978ca-fa33-4842-bcb9-a963252b3df9" />
    <UnitTestResult executionId="cd986077-8e34-4625-b2ae-3b76e59b7b6b" testId="8823abfa-6288-730a-c73e-9e91e8a043bf" testName="Account.UnitTests.Profile.Models.FirstNameTests.Create_WithEdgeCases_ShouldSucceed(validName: &quot;AAAAAAAAAAAAAAAAAAAAAAAAAAAAAAAAAAAAAAAAAAAAAAAAAA&quot;···)" computerName="MacBook-Pro-de-Aristide" duration="00:00:00.0000236" startTime="2024-11-23T22:09:00.9910000+01:00" endTime="2024-11-23T22:09:00.9910000+01:00" testType="13cdc9d9-ddb5-4fa4-a97d-d965ccfc6d4b" outcome="Passed" testListId="8c84fa94-04c1-424b-9868-57a2d4851a1d" relativeResultsDirectory="cd986077-8e34-4625-b2ae-3b76e59b7b6b" />
    <UnitTestResult executionId="a4d4aee4-f3b9-47df-87f3-ea6c02277722" testId="0355f5d7-ab6b-eaca-582a-d4925aeae53e" testName="Account.UnitTests.Profile.Models.PersonalInfoTests.Builder_ShouldCreatePersonalInfo_WithRegionalPhoneNumber(phoneNumber: &quot;0612345678&quot;, countryCode: &quot;FR&quot;, expectedE164: &quot;+33612345678&quot;)" computerName="MacBook-Pro-de-Aristide" duration="00:00:00.0004118" startTime="2024-11-23T22:09:01.0185610+01:00" endTime="2024-11-23T22:09:01.0185610+01:00" testType="13cdc9d9-ddb5-4fa4-a97d-d965ccfc6d4b" outcome="Passed" testListId="8c84fa94-04c1-424b-9868-57a2d4851a1d" relativeResultsDirectory="a4d4aee4-f3b9-47df-87f3-ea6c02277722" />
    <UnitTestResult executionId="e383c21a-1388-4ade-ae5a-c4d179aa8c67" testId="82717f8f-9cf5-4a99-32e8-b6025acfc004" testName="Account.UnitTests.Profile.Models.PhoneNumberTests.Parse_WithValidRegionalNumber_ShouldSucceed(number: &quot;791234567&quot;, countryCode: &quot;CH&quot;, expected: &quot;+41791234567&quot;)" computerName="MacBook-Pro-de-Aristide" duration="00:00:00.0000102" startTime="2024-11-23T22:09:01.0185340+01:00" endTime="2024-11-23T22:09:01.0185340+01:00" testType="13cdc9d9-ddb5-4fa4-a97d-d965ccfc6d4b" outcome="Passed" testListId="8c84fa94-04c1-424b-9868-57a2d4851a1d" relativeResultsDirectory="e383c21a-1388-4ade-ae5a-c4d179aa8c67" />
    <UnitTestResult executionId="8c9208db-7bd8-4abb-aaeb-f203262367ab" testId="89ccb382-074e-34f8-81f3-a2ee61f2431c" testName="Account.UnitTests.Profile.Models.PersonalInfoTests.ToString_ShouldReturnCorrectFormat(firstName: &quot;Jane&quot;, lastName: &quot;Smith&quot;, birthDateString: &quot;1985-05-20&quot;, gender: Female, phoneNumber: &quot;+33612345678&quot;, street: &quot;123 Main St&quot;, zipCode: &quot;75001&quot;, city: &quot;Paris&quot;, country: &quot;France&quot;, expectedString: &quot;Jane Smith, Born: 20/05/1985, Gender: Female, Phon&quot;···)" computerName="MacBook-Pro-de-Aristide" duration="00:00:00.0007270" startTime="2024-11-23T22:09:01.0196090+01:00" endTime="2024-11-23T22:09:01.0196090+01:00" testType="13cdc9d9-ddb5-4fa4-a97d-d965ccfc6d4b" outcome="Passed" testListId="8c84fa94-04c1-424b-9868-57a2d4851a1d" relativeResultsDirectory="8c9208db-7bd8-4abb-aaeb-f203262367ab" />
    <UnitTestResult executionId="4ade70dd-f6d8-439b-bf16-ea82fd26ed62" testId="9faf10b9-6123-5aa6-584d-af9758abd95b" testName="Account.UnitTests.Profile.Models.EmailTests.Create_WithTotalLengthExceeding254_ShouldReturnError" computerName="MacBook-Pro-de-Aristide" duration="00:00:00.0000716" startTime="2024-11-23T22:09:00.9926070+01:00" endTime="2024-11-23T22:09:00.9926070+01:00" testType="13cdc9d9-ddb5-4fa4-a97d-d965ccfc6d4b" outcome="Passed" testListId="8c84fa94-04c1-424b-9868-57a2d4851a1d" relativeResultsDirectory="4ade70dd-f6d8-439b-bf16-ea82fd26ed62" />
    <UnitTestResult executionId="0797b1f2-6b7d-40ca-84c3-d173e04f7f10" testId="4033fcad-f470-da9d-3173-a89968fd1b62" testName="Account.UnitTests.Profile.Models.FirstNameTests.Create_WithInvalidCharacters_ShouldReturnSpecificError(invalidName: &quot;John@Doe&quot;)" computerName="MacBook-Pro-de-Aristide" duration="00:00:00.0000032" startTime="2024-11-23T22:09:00.9899950+01:00" endTime="2024-11-23T22:09:00.9899950+01:00" testType="13cdc9d9-ddb5-4fa4-a97d-d965ccfc6d4b" outcome="Passed" testListId="8c84fa94-04c1-424b-9868-57a2d4851a1d" relativeResultsDirectory="0797b1f2-6b7d-40ca-84c3-d173e04f7f10" />
    <UnitTestResult executionId="f014c801-dbf7-4fb7-bf36-885a03ddc8f5" testId="55b33999-4e4f-b3db-07d8-11c7a58e84f3" testName="Account.UnitTests.Profile.Models.EmailTests.Create_WithInvalidFormat_ShouldReturnError(invalidEmail: &quot;.user@example.com&quot;)" computerName="MacBook-Pro-de-Aristide" duration="00:00:00.0000048" startTime="2024-11-23T22:09:00.9912770+01:00" endTime="2024-11-23T22:09:00.9912770+01:00" testType="13cdc9d9-ddb5-4fa4-a97d-d965ccfc6d4b" outcome="Passed" testListId="8c84fa94-04c1-424b-9868-57a2d4851a1d" relativeResultsDirectory="f014c801-dbf7-4fb7-bf36-885a03ddc8f5" />
    <UnitTestResult executionId="98a3b597-6049-402a-bd26-f95eaa21bd25" testId="baa5b100-0e3f-05f1-54b8-9808c9111519" testName="Account.UnitTests.Profile.Models.FirstNameTests.ToString_ShouldReturnSameValueAsImplicitConversion" computerName="MacBook-Pro-de-Aristide" duration="00:00:00.0001745" startTime="2024-11-23T22:09:00.9934440+01:00" endTime="2024-11-23T22:09:00.9934440+01:00" testType="13cdc9d9-ddb5-4fa4-a97d-d965ccfc6d4b" outcome="Passed" testListId="8c84fa94-04c1-424b-9868-57a2d4851a1d" relativeResultsDirectory="98a3b597-6049-402a-bd26-f95eaa21bd25" />
    <UnitTestResult executionId="6f716593-1dc3-4afc-b4c4-f614887bd3b3" testId="420c91c1-212d-3f52-82d6-c9fd84df3a2d" testName="Account.UnitTests.Profile.Models.PhoneNumberTests.Equals_ShouldHandleValueEquality(number1: &quot;+33612345678&quot;, number2: &quot;+33612345678&quot;)" computerName="MacBook-Pro-de-Aristide" duration="00:00:00.0000101" startTime="2024-11-23T22:09:01.0186000+01:00" endTime="2024-11-23T22:09:01.0186000+01:00" testType="13cdc9d9-ddb5-4fa4-a97d-d965ccfc6d4b" outcome="Passed" testListId="8c84fa94-04c1-424b-9868-57a2d4851a1d" relativeResultsDirectory="6f716593-1dc3-4afc-b4c4-f614887bd3b3" />
    <UnitTestResult executionId="849bcdc1-1917-4911-8248-8cf48a5d497b" testId="704f64b6-8fd3-dd87-0c00-a55321ff1523" testName="Account.UnitTests.Profile.Models.PhoneNumberTests.Equals_ShouldHandleValueEquality(number1: &quot;+33612345678&quot;, number2: &quot;+32612345678&quot;)" computerName="MacBook-Pro-de-Aristide" duration="00:00:00.0000527" startTime="2024-11-23T22:09:01.0185880+01:00" endTime="2024-11-23T22:09:01.0185880+01:00" testType="13cdc9d9-ddb5-4fa4-a97d-d965ccfc6d4b" outcome="Passed" testListId="8c84fa94-04c1-424b-9868-57a2d4851a1d" relativeResultsDirectory="849bcdc1-1917-4911-8248-8cf48a5d497b" />
    <UnitTestResult executionId="f4ec3e0d-ebcf-4c01-a683-a8093e98def7" testId="8ca521e5-c930-1e04-0a63-250da1e4905f" testName="Account.UnitTests.Profile.Models.PhoneNumberTests.Parse_WithInvalidNumber_ShouldReturnError(number: &quot;+23755555555&quot;)" computerName="MacBook-Pro-de-Aristide" duration="00:00:00.0000459" startTime="2024-11-23T22:09:01.0188170+01:00" endTime="2024-11-23T22:09:01.0188170+01:00" testType="13cdc9d9-ddb5-4fa4-a97d-d965ccfc6d4b" outcome="Passed" testListId="8c84fa94-04c1-424b-9868-57a2d4851a1d" relativeResultsDirectory="f4ec3e0d-ebcf-4c01-a683-a8093e98def7" />
    <UnitTestResult executionId="f32ae91b-4f8d-4638-a5a4-3084fe8702f1" testId="8cd4d594-e71a-d753-0c1f-e432bec55add" testName="Account.UnitTests.Profile.Models.PhoneNumberTests.Parse_WithInvalidRegion_ShouldReturnError(number: &quot;0612345678&quot;, region: &quot;ZZ&quot;)" computerName="MacBook-Pro-de-Aristide" duration="00:00:00.0000483" startTime="2024-11-23T22:09:01.0163760+01:00" endTime="2024-11-23T22:09:01.0163760+01:00" testType="13cdc9d9-ddb5-4fa4-a97d-d965ccfc6d4b" outcome="Passed" testListId="8c84fa94-04c1-424b-9868-57a2d4851a1d" relativeResultsDirectory="f32ae91b-4f8d-4638-a5a4-3084fe8702f1" />
    <UnitTestResult executionId="389abb37-f90c-4eb6-b573-44457caf2667" testId="053e77ff-1b81-a928-65c1-dcdff8c48eab" testName="Account.UnitTests.Profile.Models.PhoneNumberTests.Format_WithDifferentFormats_ShouldReturnCorrectFormat(number: &quot;+33612345678&quot;, format: INTERNATIONAL, expected: &quot;+33 6 12 34 56 78&quot;)" computerName="MacBook-Pro-de-Aristide" duration="00:00:00.0000970" startTime="2024-11-23T22:09:01.0194210+01:00" endTime="2024-11-23T22:09:01.0194210+01:00" testType="13cdc9d9-ddb5-4fa4-a97d-d965ccfc6d4b" outcome="Passed" testListId="8c84fa94-04c1-424b-9868-57a2d4851a1d" relativeResultsDirectory="389abb37-f90c-4eb6-b573-44457caf2667" />
    <UnitTestResult executionId="c7e49cfa-6192-466b-bad2-56e5c6835346" testId="d91913bc-8e96-1a25-4200-b5b9b5728d83" testName="Account.UnitTests.Profile.Models.DateOfBirthTests.Create_WithAgeExceedingMaxAge_ShouldReturnError(tooOldDate: 1874-11-23T00:00:00.0000000Z)" computerName="MacBook-Pro-de-Aristide" duration="00:00:00.0000095" startTime="2024-11-23T22:09:00.9909940+01:00" endTime="2024-11-23T22:09:00.9909940+01:00" testType="13cdc9d9-ddb5-4fa4-a97d-d965ccfc6d4b" outcome="Passed" testListId="8c84fa94-04c1-424b-9868-57a2d4851a1d" relativeResultsDirectory="c7e49cfa-6192-466b-bad2-56e5c6835346" />
    <UnitTestResult executionId="19890a22-c24f-493a-9f32-fb960814a4a6" testId="81cd1c7d-f552-94c1-4cf2-d145dfd09430" testName="Account.UnitTests.Profile.Models.PhoneNumberTests.Parse_WithInvalidNumber_ShouldReturnError(number: &quot;+123&quot;)" computerName="MacBook-Pro-de-Aristide" duration="00:00:00.0000425" startTime="2024-11-23T22:09:01.0188420+01:00" endTime="2024-11-23T22:09:01.0188420+01:00" testType="13cdc9d9-ddb5-4fa4-a97d-d965ccfc6d4b" outcome="Passed" testListId="8c84fa94-04c1-424b-9868-57a2d4851a1d" relativeResultsDirectory="19890a22-c24f-493a-9f32-fb960814a4a6" />
    <UnitTestResult executionId="e507a32d-983e-4ef9-a87f-434d60df77d8" testId="43dc0e6b-7578-ac0e-53ec-c31f2923924c" testName="Account.UnitTests.Profile.Models.LastNameTests.Create_WithAccentedCharacters_ShouldSucceed(nameWithAccents: &quot;Gärçia&quot;)" computerName="MacBook-Pro-de-Aristide" duration="00:00:00.0000061" startTime="2024-11-23T22:09:00.9921770+01:00" endTime="2024-11-23T22:09:00.9921770+01:00" testType="13cdc9d9-ddb5-4fa4-a97d-d965ccfc6d4b" outcome="Passed" testListId="8c84fa94-04c1-424b-9868-57a2d4851a1d" relativeResultsDirectory="e507a32d-983e-4ef9-a87f-434d60df77d8" />
    <UnitTestResult executionId="78465349-d485-4a18-bda4-7de2bf9f6b99" testId="729ca948-3c6e-28c2-1943-45734e3d09c7" testName="Account.UnitTests.Profile.Models.AddressTests.ToString_WithAllFields_ShouldReturnFormattedString" computerName="MacBook-Pro-de-Aristide" duration="00:00:00.0063358" startTime="2024-11-23T22:09:00.9944970+01:00" endTime="2024-11-23T22:09:00.9944970+01:00" testType="13cdc9d9-ddb5-4fa4-a97d-d965ccfc6d4b" outcome="Passed" testListId="8c84fa94-04c1-424b-9868-57a2d4851a1d" relativeResultsDirectory="78465349-d485-4a18-bda4-7de2bf9f6b99" />
    <UnitTestResult executionId="e2d76114-1e5a-4c9e-a078-28cea9180c09" testId="3b222db5-373d-5e69-2fc6-83a4665d6e03" testName="Account.UnitTests.Profile.Models.EmailTests.Create_WithInvalidFormat_ShouldReturnError(invalidEmail: &quot;user@example.&quot;)" computerName="MacBook-Pro-de-Aristide" duration="00:00:00.0041402" startTime="2024-11-23T22:09:00.9912440+01:00" endTime="2024-11-23T22:09:00.9912440+01:00" testType="13cdc9d9-ddb5-4fa4-a97d-d965ccfc6d4b" outcome="Passed" testListId="8c84fa94-04c1-424b-9868-57a2d4851a1d" relativeResultsDirectory="e2d76114-1e5a-4c9e-a078-28cea9180c09" />
    <UnitTestResult executionId="ffb57086-2f9f-49a7-8127-fb61ed4ce891" testId="8fff71f7-f583-de3e-f6ae-71087989417d" testName="Account.UnitTests.Profile.Models.EmailTests.Create_WithInvalidFormat_ShouldReturnError(invalidEmail: &quot;notanemail&quot;)" computerName="MacBook-Pro-de-Aristide" duration="00:00:00.0000083" startTime="2024-11-23T22:09:00.9914790+01:00" endTime="2024-11-23T22:09:00.9914790+01:00" testType="13cdc9d9-ddb5-4fa4-a97d-d965ccfc6d4b" outcome="Passed" testListId="8c84fa94-04c1-424b-9868-57a2d4851a1d" relativeResultsDirectory="ffb57086-2f9f-49a7-8127-fb61ed4ce891" />
    <UnitTestResult executionId="0d21dfe8-d2c2-4f81-b1fc-afd81e615f48" testId="64134855-dfcc-fcc5-2e4a-84d24a8de027" testName="Account.UnitTests.Profile.Models.LastNameTests.ToString_ShouldReturnSameValueAsImplicitConversion" computerName="MacBook-Pro-de-Aristide" duration="00:00:00.0002279" startTime="2024-11-23T22:09:00.9937500+01:00" endTime="2024-11-23T22:09:00.9937500+01:00" testType="13cdc9d9-ddb5-4fa4-a97d-d965ccfc6d4b" outcome="Passed" testListId="8c84fa94-04c1-424b-9868-57a2d4851a1d" relativeResultsDirectory="0d21dfe8-d2c2-4f81-b1fc-afd81e615f48" />
    <UnitTestResult executionId="9e32e24a-73f0-452f-b767-dd70d31779a3" testId="ef7b0d1e-0bc6-7c0f-1d29-4a6b6e3508db" testName="Account.UnitTests.Profile.Models.EmailTests.Create_WithNullOrWhiteSpace_ShouldReturnError(invalidEmail: &quot; &quot;)" computerName="MacBook-Pro-de-Aristide" duration="00:00:00.0002712" startTime="2024-11-23T22:09:00.9939910+01:00" endTime="2024-11-23T22:09:00.9939910+01:00" testType="13cdc9d9-ddb5-4fa4-a97d-d965ccfc6d4b" outcome="Passed" testListId="8c84fa94-04c1-424b-9868-57a2d4851a1d" relativeResultsDirectory="9e32e24a-73f0-452f-b767-dd70d31779a3" />
    <UnitTestResult executionId="7a2f05fd-e1ff-498e-8fa0-bf2d605dee9a" testId="42321f61-bb82-1529-b9e1-86c370c16b04" testName="Account.UnitTests.Profile.Models.PhoneNumberTests.Parse_WithValidInternationalNumber_ShouldSucceed(number: &quot;+237699999999&quot;)" computerName="MacBook-Pro-de-Aristide" duration="00:00:00.0000087" startTime="2024-11-23T22:09:01.0167470+01:00" endTime="2024-11-23T22:09:01.0167470+01:00" testType="13cdc9d9-ddb5-4fa4-a97d-d965ccfc6d4b" outcome="Passed" testListId="8c84fa94-04c1-424b-9868-57a2d4851a1d" relativeResultsDirectory="7a2f05fd-e1ff-498e-8fa0-bf2d605dee9a" />
    <UnitTestResult executionId="47e40bd1-2071-4c58-b971-8be23e70a88b" testId="ffdbfb40-2766-a04e-549b-af0d72e85592" testName="Account.UnitTests.Profile.Models.DateOfBirthTests.ToString_ShouldReturnFrenchFormattedDate(inputDate: &quot;1990-01-01&quot;, expected: &quot;01/01/1990&quot;)" computerName="MacBook-Pro-de-Aristide" duration="00:00:00.0029792" startTime="2024-11-23T22:09:00.9937690+01:00" endTime="2024-11-23T22:09:00.9937690+01:00" testType="13cdc9d9-ddb5-4fa4-a97d-d965ccfc6d4b" outcome="Passed" testListId="8c84fa94-04c1-424b-9868-57a2d4851a1d" relativeResultsDirectory="47e40bd1-2071-4c58-b971-8be23e70a88b" />
    <UnitTestResult executionId="7e6bb5b4-47e2-4905-8006-939e34eceb39" testId="39524e5c-2ce6-1695-b971-bed2f8bf0d16" testName="Account.UnitTests.Profile.Models.PhoneNumberTests.MultipleParseCallsWithSameInput_ShouldReturnEquivalentInstances(number: &quot;+33612345678&quot;)" computerName="MacBook-Pro-de-Aristide" duration="00:00:00.0002670" startTime="2024-11-23T22:09:01.0192400+01:00" endTime="2024-11-23T22:09:01.0192400+01:00" testType="13cdc9d9-ddb5-4fa4-a97d-d965ccfc6d4b" outcome="Passed" testListId="8c84fa94-04c1-424b-9868-57a2d4851a1d" relativeResultsDirectory="7e6bb5b4-47e2-4905-8006-939e34eceb39" />
    <UnitTestResult executionId="4396ddeb-6aba-4e27-884e-56b6d967b78f" testId="e5715507-3050-62e0-b0c9-712cc6a3997f" testName="Account.UnitTests.Profile.Models.LastNameTests.Create_WithCompoundName_ShouldSucceed(compoundName: &quot;de la Rosa&quot;)" computerName="MacBook-Pro-de-Aristide" duration="00:00:00.0000432" startTime="2024-11-23T22:09:00.9929640+01:00" endTime="2024-11-23T22:09:00.9929640+01:00" testType="13cdc9d9-ddb5-4fa4-a97d-d965ccfc6d4b" outcome="Passed" testListId="8c84fa94-04c1-424b-9868-57a2d4851a1d" relativeResultsDirectory="4396ddeb-6aba-4e27-884e-56b6d967b78f" />
    <UnitTestResult executionId="dd1b6dec-b03b-45f0-ab4d-7e23959f1f0a" testId="e2bdcb2e-dd85-11ee-b39a-0a139fe32a0a" testName="Account.UnitTests.Profile.Models.PersonalInfoTests.Builder_ShouldThrowException_ForInvalidLastName(invalidLastName: null)" computerName="MacBook-Pro-de-Aristide" duration="00:00:00.0001708" startTime="2024-11-23T22:09:01.0188790+01:00" endTime="2024-11-23T22:09:01.0188790+01:00" testType="13cdc9d9-ddb5-4fa4-a97d-d965ccfc6d4b" outcome="Passed" testListId="8c84fa94-04c1-424b-9868-57a2d4851a1d" relativeResultsDirectory="dd1b6dec-b03b-45f0-ab4d-7e23959f1f0a" />
    <UnitTestResult executionId="93a5269d-325b-44aa-b08d-881c776e75de" testId="50b152c8-3ed2-c3d0-835c-b54497e7e651" testName="Account.UnitTests.Profile.Models.PhoneNumberTests.Format_ShouldReturnCorrectInternationalFormat(number: &quot;+41791234567&quot;, expected: &quot;+41 79 123 45 67&quot;)" computerName="MacBook-Pro-de-Aristide" duration="00:00:00.0000378" startTime="2024-11-23T22:09:01.0176760+01:00" endTime="2024-11-23T22:09:01.0176760+01:00" testType="13cdc9d9-ddb5-4fa4-a97d-d965ccfc6d4b" outcome="Passed" testListId="8c84fa94-04c1-424b-9868-57a2d4851a1d" relativeResultsDirectory="93a5269d-325b-44aa-b08d-881c776e75de" />
    <UnitTestResult executionId="c121e251-4aea-459b-8ee0-1715a12d3e40" testId="cc63dcac-cb91-9cd4-0be0-2db51963a7c7" testName="Account.UnitTests.Profile.Models.PhoneNumberTests.Parse_WithRegion_ShouldSetCorrectCountryCode(number: &quot;655555555&quot;, region: &quot;CM&quot;, expectedCountryCode: &quot;237&quot;)" computerName="MacBook-Pro-de-Aristide" duration="00:00:00.0000059" startTime="2024-11-23T22:09:01.0166730+01:00" endTime="2024-11-23T22:09:01.0166730+01:00" testType="13cdc9d9-ddb5-4fa4-a97d-d965ccfc6d4b" outcome="Passed" testListId="8c84fa94-04c1-424b-9868-57a2d4851a1d" relativeResultsDirectory="c121e251-4aea-459b-8ee0-1715a12d3e40" />
    <UnitTestResult executionId="a7471167-9e09-4815-af04-921c1ba39d31" testId="619fab34-c43d-9193-5d4a-a32b982b2b52" testName="Account.UnitTests.Profile.Models.PhoneNumberTests.Parse_WithValidRegionalNumber_ShouldSucceed(number: &quot;0612345678&quot;, countryCode: &quot;FR&quot;, expected: &quot;+33612345678&quot;)" computerName="MacBook-Pro-de-Aristide" duration="00:00:00.0002263" startTime="2024-11-23T22:09:01.0185210+01:00" endTime="2024-11-23T22:09:01.0185220+01:00" testType="13cdc9d9-ddb5-4fa4-a97d-d965ccfc6d4b" outcome="Passed" testListId="8c84fa94-04c1-424b-9868-57a2d4851a1d" relativeResultsDirectory="a7471167-9e09-4815-af04-921c1ba39d31" />
    <UnitTestResult executionId="6bc36e7c-43a6-4ad5-90fb-a2284242e5cd" testId="51f1a66b-8ce0-b376-99ba-bd99a8cd8d0e" testName="Account.UnitTests.Profile.Models.AddressTests.Create_WithNullOrEmptyOptionalFields_ShouldSucceed(street: &quot;&quot;, zipCode: &quot;12345&quot;, city: &quot;New York&quot;, country: &quot;USA&quot;)" computerName="MacBook-Pro-de-Aristide" duration="00:00:00.0080238" startTime="2024-11-23T22:09:00.9732040+01:00" endTime="2024-11-23T22:09:00.9732040+01:00" testType="13cdc9d9-ddb5-4fa4-a97d-d965ccfc6d4b" outcome="Passed" testListId="8c84fa94-04c1-424b-9868-57a2d4851a1d" relativeResultsDirectory="6bc36e7c-43a6-4ad5-90fb-a2284242e5cd" />
    <UnitTestResult executionId="65530140-cf85-4ee1-9c85-1c98a7dd4944" testId="35059baa-638b-72e6-c829-1006dcc43870" testName="Account.UnitTests.Profile.Models.LastNameTests.Create_WithInvalidCharacters_ShouldReturnSpecificError(invalidName: &quot;Smith$&quot;)" computerName="MacBook-Pro-de-Aristide" duration="00:00:00.0000498" startTime="2024-11-23T22:09:00.9916840+01:00" endTime="2024-11-23T22:09:00.9916840+01:00" testType="13cdc9d9-ddb5-4fa4-a97d-d965ccfc6d4b" outcome="Passed" testListId="8c84fa94-04c1-424b-9868-57a2d4851a1d" relativeResultsDirectory="65530140-cf85-4ee1-9c85-1c98a7dd4944" />
    <UnitTestResult executionId="7ceed9b2-26f6-40b9-9cd2-beff90ec7615" testId="ca2973ab-7487-bd84-4dc4-b4555faac7dd" testName="Account.UnitTests.Profile.Models.FirstNameTests.Create_WithValidName_ShouldReturnExpectedInstance(validName: &quot;María José&quot;)" computerName="MacBook-Pro-de-Aristide" duration="00:00:00.0000035" startTime="2024-11-23T22:09:00.9915050+01:00" endTime="2024-11-23T22:09:00.9915050+01:00" testType="13cdc9d9-ddb5-4fa4-a97d-d965ccfc6d4b" outcome="Passed" testListId="8c84fa94-04c1-424b-9868-57a2d4851a1d" relativeResultsDirectory="7ceed9b2-26f6-40b9-9cd2-beff90ec7615" />
    <UnitTestResult executionId="648c877b-1955-4b5b-895b-449c9cef46ec" testId="70341a61-ab1f-55f6-b9f3-cda6896b3e69" testName="Account.UnitTests.Profile.Models.PersonalInfoTests.Builder_ShouldCreatePersonalInfo_WithNullValues" computerName="MacBook-Pro-de-Aristide" duration="00:00:00.0001787" startTime="2024-11-23T22:09:01.0203230+01:00" endTime="2024-11-23T22:09:01.0203230+01:00" testType="13cdc9d9-ddb5-4fa4-a97d-d965ccfc6d4b" outcome="Passed" testListId="8c84fa94-04c1-424b-9868-57a2d4851a1d" relativeResultsDirectory="648c877b-1955-4b5b-895b-449c9cef46ec" />
    <UnitTestResult executionId="8b71f6ce-5815-4cee-9771-08b19d508b1f" testId="f0f69b7f-2765-2e97-ae61-434552d762f4" testName="Account.UnitTests.Profile.Models.PhoneNumberTests.Parse_WithValidRegionalNumber_ShouldSucceed(number: &quot;699999999&quot;, countryCode: &quot;CM&quot;, expected: &quot;+237699999999&quot;)" computerName="MacBook-Pro-de-Aristide" duration="00:00:00.0000444" startTime="2024-11-23T22:09:01.0185000+01:00" endTime="2024-11-23T22:09:01.0185000+01:00" testType="13cdc9d9-ddb5-4fa4-a97d-d965ccfc6d4b" outcome="Passed" testListId="8c84fa94-04c1-424b-9868-57a2d4851a1d" relativeResultsDirectory="8b71f6ce-5815-4cee-9771-08b19d508b1f" />
    <UnitTestResult executionId="c29f701d-ccf9-4349-8c16-e44282c0bc21" testId="6500d2eb-ef3b-5aad-d1bb-d3aeece48248" testName="Account.UnitTests.Profile.Models.LastNameTests.Create_WithValidName_ShouldReturnExpectedInstance(validName: &quot;Smith-Jones&quot;)" computerName="MacBook-Pro-de-Aristide" duration="00:00:00.0000276" startTime="2024-11-23T22:09:00.9910100+01:00" endTime="2024-11-23T22:09:00.9910100+01:00" testType="13cdc9d9-ddb5-4fa4-a97d-d965ccfc6d4b" outcome="Passed" testListId="8c84fa94-04c1-424b-9868-57a2d4851a1d" relativeResultsDirectory="c29f701d-ccf9-4349-8c16-e44282c0bc21" />
    <UnitTestResult executionId="53a74b10-e55e-4867-b853-cd5ee80b679c" testId="7ac35d85-ea9a-f2ab-10b3-53bb9127cb4b" testName="Account.UnitTests.Profile.Models.FirstNameTests.ValueObject_EqualityBehavior_ShouldBeCorrect(value1: &quot;Jean-Paul&quot;, value2: &quot;Jean-pierre&quot;, shouldBeEqual: False)" computerName="MacBook-Pro-de-Aristide" duration="00:00:00.0002629" startTime="2024-11-23T22:09:00.9921550+01:00" endTime="2024-11-23T22:09:00.9921550+01:00" testType="13cdc9d9-ddb5-4fa4-a97d-d965ccfc6d4b" outcome="Passed" testListId="8c84fa94-04c1-424b-9868-57a2d4851a1d" relativeResultsDirectory="53a74b10-e55e-4867-b853-cd5ee80b679c" />
    <UnitTestResult executionId="86660bc7-1854-4ebe-9550-1525f0129877" testId="5319fb09-f424-0ae2-a326-31b53c33e45a" testName="Account.UnitTests.Profile.Models.EmailTests.Create_WithNullOrWhiteSpace_ShouldReturnError(invalidEmail: null)" computerName="MacBook-Pro-de-Aristide" duration="00:00:00.0000032" startTime="2024-11-23T22:09:00.9940140+01:00" endTime="2024-11-23T22:09:00.9940140+01:00" testType="13cdc9d9-ddb5-4fa4-a97d-d965ccfc6d4b" outcome="Passed" testListId="8c84fa94-04c1-424b-9868-57a2d4851a1d" relativeResultsDirectory="86660bc7-1854-4ebe-9550-1525f0129877" />
    <UnitTestResult executionId="4f38c80e-302f-49ff-9532-d87d2e1c7a5d" testId="fa4bdcfb-22d9-5855-0d13-34bb3c038a4e" testName="Account.UnitTests.Profile.Models.LastNameTests.Create_WithValidName_ShouldReturnExpectedInstance(validName: &quot;O'Connor&quot;)" computerName="MacBook-Pro-de-Aristide" duration="00:00:00.0000038" startTime="2024-11-23T22:09:00.9907820+01:00" endTime="2024-11-23T22:09:00.9907820+01:00" testType="13cdc9d9-ddb5-4fa4-a97d-d965ccfc6d4b" outcome="Passed" testListId="8c84fa94-04c1-424b-9868-57a2d4851a1d" relativeResultsDirectory="4f38c80e-302f-49ff-9532-d87d2e1c7a5d" />
    <UnitTestResult executionId="1a01ed90-11d6-4a1c-a73c-23eec99bf3f0" testId="527f92a6-4320-7175-6bfc-ec7d25a96a0a" testName="Account.UnitTests.Profile.Models.PhoneNumberTests.Parse_WithValidRegionalNumber_ShouldSucceed(number: &quot;655555555&quot;, countryCode: &quot;CM&quot;, expected: &quot;+237655555555&quot;)" computerName="MacBook-Pro-de-Aristide" duration="00:00:00.0000041" startTime="2024-11-23T22:09:01.0185450+01:00" endTime="2024-11-23T22:09:01.0185450+01:00" testType="13cdc9d9-ddb5-4fa4-a97d-d965ccfc6d4b" outcome="Passed" testListId="8c84fa94-04c1-424b-9868-57a2d4851a1d" relativeResultsDirectory="1a01ed90-11d6-4a1c-a73c-23eec99bf3f0" />
    <UnitTestResult executionId="104e92c2-fa4b-466f-9adb-5c14f186329b" testId="ff843600-e0ff-849f-1f52-3d5f739b95dc" testName="Account.UnitTests.Profile.Models.PhoneNumberTests.Format_WithDifferentFormats_ShouldReturnCorrectFormat(number: &quot;+33612345678&quot;, format: NATIONAL, expected: &quot;06 12 34 56 78&quot;)" computerName="MacBook-Pro-de-Aristide" duration="00:00:00.0010315" startTime="2024-11-23T22:09:01.0208760+01:00" endTime="2024-11-23T22:09:01.0208760+01:00" testType="13cdc9d9-ddb5-4fa4-a97d-d965ccfc6d4b" outcome="Passed" testListId="8c84fa94-04c1-424b-9868-57a2d4851a1d" relativeResultsDirectory="104e92c2-fa4b-466f-9adb-5c14f186329b" />
    <UnitTestResult executionId="e6196bf6-1212-40cb-b2f6-2c356cfc4052" testId="d47d9433-0306-0d25-418f-8f892e243921" testName="Account.UnitTests.Profile.Models.AddressTests.Create_WithInvalidRequiredFields_ShouldReturnError(street: null, zipCode: null, city: &quot; &quot;, country: &quot;USA&quot;, expectedError: &quot;Address.City.Empty&quot;)" computerName="MacBook-Pro-de-Aristide" duration="00:00:00.0000539" startTime="2024-11-23T22:09:00.9905520+01:00" endTime="2024-11-23T22:09:00.9905520+01:00" testType="13cdc9d9-ddb5-4fa4-a97d-d965ccfc6d4b" outcome="Passed" testListId="8c84fa94-04c1-424b-9868-57a2d4851a1d" relativeResultsDirectory="e6196bf6-1212-40cb-b2f6-2c356cfc4052" />
    <UnitTestResult executionId="6ec5dbd1-3ea2-408b-9812-3cb3aac8cea4" testId="58431cc9-8197-d911-6b60-bacd96baf9db" testName="Account.UnitTests.Profile.Models.PhoneNumberTests.Parse_ShouldExtractCorrectParts(number: &quot;+237655555555&quot;, expectedCountryCode: 237, expectedNationalNumber: 655555555)" computerName="MacBook-Pro-de-Aristide" duration="00:00:00.0471353" startTime="2024-11-23T22:09:01.0151570+01:00" endTime="2024-11-23T22:09:01.0151570+01:00" testType="13cdc9d9-ddb5-4fa4-a97d-d965ccfc6d4b" outcome="Passed" testListId="8c84fa94-04c1-424b-9868-57a2d4851a1d" relativeResultsDirectory="6ec5dbd1-3ea2-408b-9812-3cb3aac8cea4" />
    <UnitTestResult executionId="f74a0e0d-da00-4673-a58b-6fd8b0d5a5f0" testId="0c385866-1f96-d3e0-96fa-a2ea2184131e" testName="Account.UnitTests.Profile.Models.LastNameTests.Create_WithEdgeCases_ShouldSucceed(validName: &quot;A'A&quot;)" computerName="MacBook-Pro-de-Aristide" duration="00:00:00.0000014" startTime="2024-11-23T22:09:00.9927150+01:00" endTime="2024-11-23T22:09:00.9927150+01:00" testType="13cdc9d9-ddb5-4fa4-a97d-d965ccfc6d4b" outcome="Passed" testListId="8c84fa94-04c1-424b-9868-57a2d4851a1d" relativeResultsDirectory="f74a0e0d-da00-4673-a58b-6fd8b0d5a5f0" />
    <UnitTestResult executionId="f76c77e8-d61a-4f6e-b4ff-86fc1710e25d" testId="924279d5-63b0-465e-c388-75bc5f2b1f27" testName="Account.UnitTests.Profile.Models.AddressTests.Create_WithTooLongFields_ShouldReturnError(streetLength: 100, zipCodeLength: 11, cityLength: 50, countryLength: 50, expectedError: &quot;Address.ZipCode.TooLong&quot;)" computerName="MacBook-Pro-de-Aristide" duration="00:00:00.0000063" startTime="2024-11-23T22:09:00.9921290+01:00" endTime="2024-11-23T22:09:00.9921290+01:00" testType="13cdc9d9-ddb5-4fa4-a97d-d965ccfc6d4b" outcome="Passed" testListId="8c84fa94-04c1-424b-9868-57a2d4851a1d" relativeResultsDirectory="f76c77e8-d61a-4f6e-b4ff-86fc1710e25d" />
    <UnitTestResult executionId="499a5b0b-1fe2-4397-b265-6745bae7f95d" testId="113113c1-d919-b46e-448e-bbd02c99e902" testName="Account.UnitTests.Profile.Models.LastNameTests.Create_WithEdgeCases_ShouldSucceed(validName: &quot;A A&quot;)" computerName="MacBook-Pro-de-Aristide" duration="00:00:00.0000014" startTime="2024-11-23T22:09:00.9927040+01:00" endTime="2024-11-23T22:09:00.9927040+01:00" testType="13cdc9d9-ddb5-4fa4-a97d-d965ccfc6d4b" outcome="Passed" testListId="8c84fa94-04c1-424b-9868-57a2d4851a1d" relativeResultsDirectory="499a5b0b-1fe2-4397-b265-6745bae7f95d" />
    <UnitTestResult executionId="8515b66f-2122-42ee-82f4-1462f2bc7e3e" testId="709f64d5-e931-888f-4984-74c72e9cdd93" testName="Account.UnitTests.Profile.Models.DateOfBirthTests.ToString_ShouldReturnFrenchFormattedDate(inputDate: &quot;2000-12-31&quot;, expected: &quot;31/12/2000&quot;)" computerName="MacBook-Pro-de-Aristide" duration="00:00:00.0000653" startTime="2024-11-23T22:09:00.9937840+01:00" endTime="2024-11-23T22:09:00.9937840+01:00" testType="13cdc9d9-ddb5-4fa4-a97d-d965ccfc6d4b" outcome="Passed" testListId="8c84fa94-04c1-424b-9868-57a2d4851a1d" relativeResultsDirectory="8515b66f-2122-42ee-82f4-1462f2bc7e3e" />
    <UnitTestResult executionId="bf87280b-932c-4f88-a10d-6c0d713c7fb3" testId="72324ea3-2f4c-607a-c175-f5ddf9397700" testName="Account.UnitTests.Profile.Models.LastNameTests.Create_WithNameExceedingMaxLength_ShouldReturnSpecificError(length: 150)" computerName="MacBook-Pro-de-Aristide" duration="00:00:00.0086041" startTime="2024-11-23T22:09:00.9729600+01:00" endTime="2024-11-23T22:09:00.9729600+01:00" testType="13cdc9d9-ddb5-4fa4-a97d-d965ccfc6d4b" outcome="Passed" testListId="8c84fa94-04c1-424b-9868-57a2d4851a1d" relativeResultsDirectory="bf87280b-932c-4f88-a10d-6c0d713c7fb3" />
    <UnitTestResult executionId="5c765303-f36e-4b0d-a7f2-f880875a3280" testId="b8031613-e505-d337-1ac3-4e17c481b7a2" testName="Account.UnitTests.Profile.Models.LastNameTests.ValueObject_EqualityBehavior_ShouldBeCorrect(value1: &quot;Martin&quot;, value2: &quot;martin&quot;, shouldBeEqual: False)" computerName="MacBook-Pro-de-Aristide" duration="00:00:00.0000071" startTime="2024-11-23T22:09:00.9936770+01:00" endTime="2024-11-23T22:09:00.9936770+01:00" testType="13cdc9d9-ddb5-4fa4-a97d-d965ccfc6d4b" outcome="Passed" testListId="8c84fa94-04c1-424b-9868-57a2d4851a1d" relativeResultsDirectory="5c765303-f36e-4b0d-a7f2-f880875a3280" />
    <UnitTestResult executionId="51e53c3e-8992-4fe3-99a8-b8a3e2c3f448" testId="05351391-7e40-e259-27a0-a7de91d7a10a" testName="Account.UnitTests.Profile.Models.PersonalInfoTests.Builder_ShouldThrowException_ForInvalidFirstName(invalidFirstName: null)" computerName="MacBook-Pro-de-Aristide" duration="00:00:00.0007406" startTime="2024-11-23T22:09:00.9944610+01:00" endTime="2024-11-23T22:09:00.9944610+01:00" testType="13cdc9d9-ddb5-4fa4-a97d-d965ccfc6d4b" outcome="Passed" testListId="8c84fa94-04c1-424b-9868-57a2d4851a1d" relativeResultsDirectory="51e53c3e-8992-4fe3-99a8-b8a3e2c3f448" />
    <UnitTestResult executionId="e1f0082c-e1c5-4edb-85d4-2209eccce0ff" testId="fbf1899d-6325-d1a7-53d1-09c7b261b46f" testName="Account.UnitTests.Profile.Models.LastNameTests.Create_WithEdgeCases_ShouldSucceed(validName: &quot;Mac&quot;)" computerName="MacBook-Pro-de-Aristide" duration="00:00:00.0001022" startTime="2024-11-23T22:09:00.9926210+01:00" endTime="2024-11-23T22:09:00.9926210+01:00" testType="13cdc9d9-ddb5-4fa4-a97d-d965ccfc6d4b" outcome="Passed" testListId="8c84fa94-04c1-424b-9868-57a2d4851a1d" relativeResultsDirectory="e1f0082c-e1c5-4edb-85d4-2209eccce0ff" />
    <UnitTestResult executionId="023f3fae-0dce-4a08-b490-4a8511f1bbef" testId="f738d5c4-aa3d-aae7-2463-b0c1e38a6be6" testName="Account.UnitTests.Profile.Models.DateOfBirthTests.Create_ShouldHandleBirthYearCalculationCorrectly" computerName="MacBook-Pro-de-Aristide" duration="00:00:00.0001435" startTime="2024-11-23T22:09:00.9942480+01:00" endTime="2024-11-23T22:09:00.9942480+01:00" testType="13cdc9d9-ddb5-4fa4-a97d-d965ccfc6d4b" outcome="Passed" testListId="8c84fa94-04c1-424b-9868-57a2d4851a1d" relativeResultsDirectory="023f3fae-0dce-4a08-b490-4a8511f1bbef" />
    <UnitTestResult executionId="1d4f2ae2-6725-4587-be4f-850db694e594" testId="9b017522-25fb-6073-1696-f9584733e598" testName="Account.UnitTests.Profile.Models.PhoneNumberTests.Parse_ShouldExtractCorrectParts(number: &quot;+33612345678&quot;, expectedCountryCode: 33, expectedNationalNumber: 612345678)" computerName="MacBook-Pro-de-Aristide" duration="00:00:00.0001165" startTime="2024-11-23T22:09:01.0152560+01:00" endTime="2024-11-23T22:09:01.0152560+01:00" testType="13cdc9d9-ddb5-4fa4-a97d-d965ccfc6d4b" outcome="Passed" testListId="8c84fa94-04c1-424b-9868-57a2d4851a1d" relativeResultsDirectory="1d4f2ae2-6725-4587-be4f-850db694e594" />
    <UnitTestResult executionId="6607a830-6686-4f78-a1cd-eadd115468a9" testId="cd4e68b4-01b8-6ee3-e558-bd00de7b72cd" testName="Account.UnitTests.Profile.Models.EmailTests.Equals_WithSameEmails_ShouldBeEqual(email1: &quot;user@example.com&quot;, email2: &quot;user@example.com&quot;)" computerName="MacBook-Pro-de-Aristide" duration="00:00:00.0012970" startTime="2024-11-23T22:09:00.9937220+01:00" endTime="2024-11-23T22:09:00.9937220+01:00" testType="13cdc9d9-ddb5-4fa4-a97d-d965ccfc6d4b" outcome="Passed" testListId="8c84fa94-04c1-424b-9868-57a2d4851a1d" relativeResultsDirectory="6607a830-6686-4f78-a1cd-eadd115468a9" />
    <UnitTestResult executionId="e07585cd-053c-47fc-8de7-8f8ff149134a" testId="44b82692-7a4f-dafd-0100-6a196d3e883a" testName="Account.UnitTests.Profile.Models.PhoneNumberTests.Format_WithDifferentFormats_ShouldReturnCorrectFormat(number: &quot;+33612345678&quot;, format: E164, expected: &quot;+33612345678&quot;)" computerName="MacBook-Pro-de-Aristide" duration="00:00:00.0003316" startTime="2024-11-23T22:09:01.0197560+01:00" endTime="2024-11-23T22:09:01.0197560+01:00" testType="13cdc9d9-ddb5-4fa4-a97d-d965ccfc6d4b" outcome="Passed" testListId="8c84fa94-04c1-424b-9868-57a2d4851a1d" relativeResultsDirectory="e07585cd-053c-47fc-8de7-8f8ff149134a" />
    <UnitTestResult executionId="60f13571-a128-4329-9cfe-b1237a6bbff7" testId="4d121f86-06da-d6a1-a17a-42f796717624" testName="Account.UnitTests.Profile.Models.PhoneNumberTests.Format_ShouldReturnCorrectInternationalFormat(number: &quot;+237655555555&quot;, expected: &quot;+237 6 55 55 55 55&quot;)" computerName="MacBook-Pro-de-Aristide" duration="00:00:00.0011392" startTime="2024-11-23T22:09:01.0175520+01:00" endTime="2024-11-23T22:09:01.0175520+01:00" testType="13cdc9d9-ddb5-4fa4-a97d-d965ccfc6d4b" outcome="Passed" testListId="8c84fa94-04c1-424b-9868-57a2d4851a1d" relativeResultsDirectory="60f13571-a128-4329-9cfe-b1237a6bbff7" />
    <UnitTestResult executionId="71a1f3a3-6300-4925-985c-970c9b20f5cb" testId="97c450ea-c912-fee5-4cd7-dac7da651953" testName="Account.UnitTests.Profile.Models.AddressTests.Create_WithOnlyRequiredFields_ShouldSucceed" computerName="MacBook-Pro-de-Aristide" duration="00:00:00.0001834" startTime="2024-11-23T22:09:00.9947090+01:00" endTime="2024-11-23T22:09:00.9947090+01:00" testType="13cdc9d9-ddb5-4fa4-a97d-d965ccfc6d4b" outcome="Passed" testListId="8c84fa94-04c1-424b-9868-57a2d4851a1d" relativeResultsDirectory="71a1f3a3-6300-4925-985c-970c9b20f5cb" />
    <UnitTestResult executionId="38d25c1c-b93b-4fca-9321-3452534b32e5" testId="9e0dcee7-311b-1ded-2954-bac3f4bac43f" testName="Account.UnitTests.Profile.Models.EmailTests.Create_WithInvalidFormat_ShouldReturnError(invalidEmail: &quot;user.@example.com&quot;)" computerName="MacBook-Pro-de-Aristide" duration="00:00:00.0000052" startTime="2024-11-23T22:09:00.9912660+01:00" endTime="2024-11-23T22:09:00.9912660+01:00" testType="13cdc9d9-ddb5-4fa4-a97d-d965ccfc6d4b" outcome="Passed" testListId="8c84fa94-04c1-424b-9868-57a2d4851a1d" relativeResultsDirectory="38d25c1c-b93b-4fca-9321-3452534b32e5" />
    <UnitTestResult executionId="90b55e48-87fb-4863-b0ae-445d71876516" testId="a62f7283-02c3-a0e3-cf5f-0454f4ae1674" testName="Account.UnitTests.Profile.Models.FirstNameTests.Create_WithInvalidCharacters_ShouldReturnSpecificError(invalidName: &quot;John\\Smith&quot;)" computerName="MacBook-Pro-de-Aristide" duration="00:00:00.0000031" startTime="2024-11-23T22:09:00.9894340+01:00" endTime="2024-11-23T22:09:00.9894340+01:00" testType="13cdc9d9-ddb5-4fa4-a97d-d965ccfc6d4b" outcome="Passed" testListId="8c84fa94-04c1-424b-9868-57a2d4851a1d" relativeResultsDirectory="90b55e48-87fb-4863-b0ae-445d71876516" />
    <UnitTestResult executionId="0e9915c3-0181-4a5f-aa75-d597272b6497" testId="739c7f9c-7f09-c241-84ab-84ad9ae93a1c" testName="Account.UnitTests.Profile.Models.EmailTests.Create_WithValidComplexEmail_ShouldSucceed(validEmail: &quot;valid.email+tag@example.com&quot;)" computerName="MacBook-Pro-de-Aristide" duration="00:00:00.0003189" startTime="2024-11-23T22:09:00.9921950+01:00" endTime="2024-11-23T22:09:00.9921950+01:00" testType="13cdc9d9-ddb5-4fa4-a97d-d965ccfc6d4b" outcome="Passed" testListId="8c84fa94-04c1-424b-9868-57a2d4851a1d" relativeResultsDirectory="0e9915c3-0181-4a5f-aa75-d597272b6497" />
    <UnitTestResult executionId="25463ddc-8276-4265-847f-ee98eec3b8b0" testId="430604ee-cff9-8928-9628-c6f139017ec3" testName="Account.UnitTests.Profile.Models.LastNameTests.Create_WithNullOrWhiteSpace_ShouldReturnSpecificError(invalidName: &quot;   &quot;, expectedErrorCode: &quot;LastName.Empty&quot;)" computerName="MacBook-Pro-de-Aristide" duration="00:00:00.0000028" startTime="2024-11-23T22:09:00.9934860+01:00" endTime="2024-11-23T22:09:00.9934860+01:00" testType="13cdc9d9-ddb5-4fa4-a97d-d965ccfc6d4b" outcome="Passed" testListId="8c84fa94-04c1-424b-9868-57a2d4851a1d" relativeResultsDirectory="25463ddc-8276-4265-847f-ee98eec3b8b0" />
    <UnitTestResult executionId="412cad69-dbd8-47ab-806d-699fe6833157" testId="12e9159e-e8c0-7b84-ab63-0e381c078678" testName="Account.UnitTests.Profile.Models.FirstNameTests.Create_WithEdgeCases_ShouldSucceed(validName: &quot;A-A'A A&quot;)" computerName="MacBook-Pro-de-Aristide" duration="00:00:00.0000069" startTime="2024-11-23T22:09:00.9907630+01:00" endTime="2024-11-23T22:09:00.9907630+01:00" testType="13cdc9d9-ddb5-4fa4-a97d-d965ccfc6d4b" outcome="Passed" testListId="8c84fa94-04c1-424b-9868-57a2d4851a1d" relativeResultsDirectory="412cad69-dbd8-47ab-806d-699fe6833157" />
    <UnitTestResult executionId="b21321c8-7b85-42f5-bc84-b43f9bc24f6c" testId="a25c55cc-05ec-ca02-7afa-17c7c33a7f2b" testName="Account.UnitTests.Profile.Models.LastNameTests.Create_WithInvalidCharacters_ShouldReturnSpecificError(invalidName: &quot;Smith/Jones&quot;)" computerName="MacBook-Pro-de-Aristide" duration="00:00:00.0000031" startTime="2024-11-23T22:09:00.9919290+01:00" endTime="2024-11-23T22:09:00.9919290+01:00" testType="13cdc9d9-ddb5-4fa4-a97d-d965ccfc6d4b" outcome="Passed" testListId="8c84fa94-04c1-424b-9868-57a2d4851a1d" relativeResultsDirectory="b21321c8-7b85-42f5-bc84-b43f9bc24f6c" />
    <UnitTestResult executionId="cdf167e0-7864-4e8f-bf09-cebef7a614c4" testId="51a874f6-0459-c881-0f8f-2cb7420b980e" testName="Account.UnitTests.Profile.Models.FirstNameTests.Create_WithEdgeCases_ShouldSucceed(validName: &quot;é&quot;)" computerName="MacBook-Pro-de-Aristide" duration="00:00:00.0000081" startTime="2024-11-23T22:09:00.9910510+01:00" endTime="2024-11-23T22:09:00.9910510+01:00" testType="13cdc9d9-ddb5-4fa4-a97d-d965ccfc6d4b" outcome="Passed" testListId="8c84fa94-04c1-424b-9868-57a2d4851a1d" relativeResultsDirectory="cdf167e0-7864-4e8f-bf09-cebef7a614c4" />
    <UnitTestResult executionId="aa3f6d70-96e1-4383-a7d4-33ef8c938c21" testId="6d1283c1-b750-f47e-c03d-8d49ae9dc98a" testName="Account.UnitTests.Profile.Models.PersonalInfoTests.Builder_ShouldThrowException_ForInvalidFirstName(invalidFirstName: &quot;&quot;)" computerName="MacBook-Pro-de-Aristide" duration="00:00:00.0001058" startTime="2024-11-23T22:09:00.9944840+01:00" endTime="2024-11-23T22:09:00.9944840+01:00" testType="13cdc9d9-ddb5-4fa4-a97d-d965ccfc6d4b" outcome="Passed" testListId="8c84fa94-04c1-424b-9868-57a2d4851a1d" relativeResultsDirectory="aa3f6d70-96e1-4383-a7d4-33ef8c938c21" />
    <UnitTestResult executionId="4f317ac6-45f1-4d2a-8d21-1e70ea2a9dd6" testId="f8716bdb-cc29-2135-f2c3-861cd593a7cc" testName="Account.UnitTests.Profile.Models.LastNameTests.Create_WithNameExceedingMaxLength_ShouldReturnSpecificError(length: 101)" computerName="MacBook-Pro-de-Aristide" duration="00:00:00.0000125" startTime="2024-11-23T22:09:00.9900730+01:00" endTime="2024-11-23T22:09:00.9900730+01:00" testType="13cdc9d9-ddb5-4fa4-a97d-d965ccfc6d4b" outcome="Passed" testListId="8c84fa94-04c1-424b-9868-57a2d4851a1d" relativeResultsDirectory="4f317ac6-45f1-4d2a-8d21-1e70ea2a9dd6" />
    <UnitTestResult executionId="8f633fdd-27a1-40d6-896d-06a15129685a" testId="6f9edc6f-a39f-dbdf-ee9c-5d2d67caac13" testName="Account.UnitTests.Profile.Models.PhoneNumberTests.Parse_WithEmptyCountryCode_ShouldReturnError(number: &quot;0612345678&quot;, countryCode: &quot; &quot;)" computerName="MacBook-Pro-de-Aristide" duration="00:00:00.0001725" startTime="2024-11-23T22:09:00.9900450+01:00" endTime="2024-11-23T22:09:00.9900450+01:00" testType="13cdc9d9-ddb5-4fa4-a97d-d965ccfc6d4b" outcome="Passed" testListId="8c84fa94-04c1-424b-9868-57a2d4851a1d" relativeResultsDirectory="8f633fdd-27a1-40d6-896d-06a15129685a" />
    <UnitTestResult executionId="fde32815-be51-4d7a-9b0a-eca6bceba7a5" testId="adb27476-25fe-1bf8-0a7d-48e0a52e0b0e" testName="Account.UnitTests.Profile.Models.PersonalInfoTests.Builder_ShouldCreatePersonalInfo_WithAllValidValues(firstName: &quot;John&quot;, lastName: &quot;Doe&quot;, birthDateString: &quot;1990-01-01&quot;, gender: Male, phoneNumber: &quot;+33612345678&quot;, street: &quot;123 Main St&quot;, zipCode: &quot;75001&quot;, city: &quot;Paris&quot;, country: &quot;France&quot;)" computerName="MacBook-Pro-de-Aristide" duration="00:00:00.0001194" startTime="2024-11-23T22:09:01.0199800+01:00" endTime="2024-11-23T22:09:01.0199800+01:00" testType="13cdc9d9-ddb5-4fa4-a97d-d965ccfc6d4b" outcome="Passed" testListId="8c84fa94-04c1-424b-9868-57a2d4851a1d" relativeResultsDirectory="fde32815-be51-4d7a-9b0a-eca6bceba7a5" />
    <UnitTestResult executionId="8459612e-636b-4e36-a58d-8d42b6a6edcf" testId="0b30382a-7b6e-7ccf-49d2-d995299b435f" testName="Account.UnitTests.Profile.Models.EmailTests.Create_WithNullOrWhiteSpace_ShouldReturnError(invalidEmail: &quot;   &quot;)" computerName="MacBook-Pro-de-Aristide" duration="00:00:00.0000074" startTime="2024-11-23T22:09:00.9940020+01:00" endTime="2024-11-23T22:09:00.9940020+01:00" testType="13cdc9d9-ddb5-4fa4-a97d-d965ccfc6d4b" outcome="Passed" testListId="8c84fa94-04c1-424b-9868-57a2d4851a1d" relativeResultsDirectory="8459612e-636b-4e36-a58d-8d42b6a6edcf" />
    <UnitTestResult executionId="4a38ff69-f4c0-45b1-a7ea-a689e9b5db26" testId="af40f7ce-58ba-f082-0515-6dfed24c188d" testName="Account.UnitTests.Profile.Models.LastNameTests.Create_WithInvalidCharacters_ShouldReturnSpecificError(invalidName: &quot;Smith+Jones&quot;)" computerName="MacBook-Pro-de-Aristide" duration="00:00:00.0000027" startTime="2024-11-23T22:09:00.9917270+01:00" endTime="2024-11-23T22:09:00.9917270+01:00" testType="13cdc9d9-ddb5-4fa4-a97d-d965ccfc6d4b" outcome="Passed" testListId="8c84fa94-04c1-424b-9868-57a2d4851a1d" relativeResultsDirectory="4a38ff69-f4c0-45b1-a7ea-a689e9b5db26" />
    <UnitTestResult executionId="ec1593d5-04b4-4f2c-a0a5-c26f21a2af57" testId="f832fc1a-9683-96b6-d363-8e7e92de34e6" testName="Account.UnitTests.Profile.Models.LastNameTests.Create_WithInvalidCharacters_ShouldReturnSpecificError(invalidName: &quot;Smith\\Jones&quot;)" computerName="MacBook-Pro-de-Aristide" duration="00:00:00.0000045" startTime="2024-11-23T22:09:00.9916950+01:00" endTime="2024-11-23T22:09:00.9916950+01:00" testType="13cdc9d9-ddb5-4fa4-a97d-d965ccfc6d4b" outcome="Passed" testListId="8c84fa94-04c1-424b-9868-57a2d4851a1d" relativeResultsDirectory="ec1593d5-04b4-4f2c-a0a5-c26f21a2af57" />
    <UnitTestResult executionId="bbafaa13-a28f-4d70-bedb-706c9c0ab31e" testId="f88589e8-6908-e1fe-e36d-f3aa45fc29b5" testName="Account.UnitTests.Profile.Models.EmailTests.Create_WithValidEmail_ShouldSucceed(validEmail: &quot;user.name@subdomain.example.com&quot;)" computerName="MacBook-Pro-de-Aristide" duration="00:00:00.0000052" startTime="2024-11-23T22:09:00.9925920+01:00" endTime="2024-11-23T22:09:00.9925920+01:00" testType="13cdc9d9-ddb5-4fa4-a97d-d965ccfc6d4b" outcome="Passed" testListId="8c84fa94-04c1-424b-9868-57a2d4851a1d" relativeResultsDirectory="bbafaa13-a28f-4d70-bedb-706c9c0ab31e" />
    <UnitTestResult executionId="35f55298-bf01-4301-a44d-206dbe90f51d" testId="13807061-895a-67a0-a898-cad5ede6e7ad" testName="Account.UnitTests.Profile.Models.PhoneNumberTests.Parse_WithValidInternationalNumber_ShouldSucceed(number: &quot;+33612345678&quot;)" computerName="MacBook-Pro-de-Aristide" duration="00:00:00.0000447" startTime="2024-11-23T22:09:01.0167140+01:00" endTime="2024-11-23T22:09:01.0167140+01:00" testType="13cdc9d9-ddb5-4fa4-a97d-d965ccfc6d4b" outcome="Passed" testListId="8c84fa94-04c1-424b-9868-57a2d4851a1d" relativeResultsDirectory="35f55298-bf01-4301-a44d-206dbe90f51d" />
    <UnitTestResult executionId="85d9607c-75ae-454e-9162-965e4e99395b" testId="d3a6a749-14f0-8859-9c9a-6a801df617cb" testName="Account.UnitTests.Profile.Models.FirstNameTests.Create_WithMaxLengthMinusOne_ShouldSucceed" computerName="MacBook-Pro-de-Aristide" duration="00:00:00.0000458" startTime="2024-11-23T22:09:00.9931670+01:00" endTime="2024-11-23T22:09:00.9931670+01:00" testType="13cdc9d9-ddb5-4fa4-a97d-d965ccfc6d4b" outcome="Passed" testListId="8c84fa94-04c1-424b-9868-57a2d4851a1d" relativeResultsDirectory="85d9607c-75ae-454e-9162-965e4e99395b" />
    <UnitTestResult executionId="467bef17-818a-4380-907f-19bf091f86a5" testId="7c307188-1029-29ef-53c1-76ac0d9696b1" testName="Account.UnitTests.Profile.Models.AddressTests.Create_WithInvalidRequiredFields_ShouldReturnError(street: null, zipCode: null, city: &quot;New York&quot;, country: &quot; &quot;, expectedError: &quot;Address.Country.Empty&quot;)" computerName="MacBook-Pro-de-Aristide" duration="00:00:00.0000052" startTime="2024-11-23T22:09:00.9910220+01:00" endTime="2024-11-23T22:09:00.9910220+01:00" testType="13cdc9d9-ddb5-4fa4-a97d-d965ccfc6d4b" outcome="Passed" testListId="8c84fa94-04c1-424b-9868-57a2d4851a1d" relativeResultsDirectory="467bef17-818a-4380-907f-19bf091f86a5" />
    <UnitTestResult executionId="59a6dd3c-d75d-417f-94ba-f2b458adae74" testId="e5f9020f-876c-f5ce-3a5c-2962a0262207" testName="Account.UnitTests.Profile.Models.PhoneNumberTests.ImplicitConversion_ShouldReturnE164Format" computerName="MacBook-Pro-de-Aristide" duration="00:00:00.0000471" startTime="2024-11-23T22:09:01.0177120+01:00" endTime="2024-11-23T22:09:01.0177120+01:00" testType="13cdc9d9-ddb5-4fa4-a97d-d965ccfc6d4b" outcome="Passed" testListId="8c84fa94-04c1-424b-9868-57a2d4851a1d" relativeResultsDirectory="59a6dd3c-d75d-417f-94ba-f2b458adae74" />
    <UnitTestResult executionId="d8cd45b6-7453-4063-9126-9ff104375664" testId="ef535810-5a47-70fe-3013-a11ecd4f4684" testName="Account.UnitTests.Profile.Models.DateOfBirthTests.Create_ShouldAlwaysReturnUtcDateTime" computerName="MacBook-Pro-de-Aristide" duration="00:00:00.0000989" startTime="2024-11-23T22:09:00.9944510+01:00" endTime="2024-11-23T22:09:00.9944510+01:00" testType="13cdc9d9-ddb5-4fa4-a97d-d965ccfc6d4b" outcome="Passed" testListId="8c84fa94-04c1-424b-9868-57a2d4851a1d" relativeResultsDirectory="d8cd45b6-7453-4063-9126-9ff104375664" />
    <UnitTestResult executionId="6cd98183-5006-4288-881a-bc75879f3088" testId="e79cbd01-99cf-8468-e02a-13cbd2f51461" testName="Account.UnitTests.Profile.Models.DateOfBirthTests.Create_WithValidDate_ShouldReturnExpectedInstance(validDate: 2023-11-23T00:00:00.0000000Z)" computerName="MacBook-Pro-de-Aristide" duration="00:00:00.0000022" startTime="2024-11-23T22:09:00.9942250+01:00" endTime="2024-11-23T22:09:00.9942250+01:00" testType="13cdc9d9-ddb5-4fa4-a97d-d965ccfc6d4b" outcome="Passed" testListId="8c84fa94-04c1-424b-9868-57a2d4851a1d" relativeResultsDirectory="6cd98183-5006-4288-881a-bc75879f3088" />
    <UnitTestResult executionId="ff7501f9-93aa-494d-9603-8da17068485a" testId="8b2dff30-56f5-dd22-1463-323ca1d21b48" testName="Account.UnitTests.Profile.Models.FirstNameTests.Create_WithExactMaxLength_ShouldSucceed" computerName="MacBook-Pro-de-Aristide" duration="00:00:00.0000563" startTime="2024-11-23T22:09:00.9917340+01:00" endTime="2024-11-23T22:09:00.9917340+01:00" testType="13cdc9d9-ddb5-4fa4-a97d-d965ccfc6d4b" outcome="Passed" testListId="8c84fa94-04c1-424b-9868-57a2d4851a1d" relativeResultsDirectory="ff7501f9-93aa-494d-9603-8da17068485a" />
    <UnitTestResult executionId="0cfed0b0-4ef7-4a01-a246-e892b5559f3f" testId="a1daaa4e-30c6-b826-43bb-366509c53dd6" testName="Account.UnitTests.Profile.Models.FirstNameTests.Create_WithValidName_ShouldReturnExpectedInstance(validName: &quot;André&quot;)" computerName="MacBook-Pro-de-Aristide" duration="00:00:00.0001377" startTime="2024-11-23T22:09:00.9912850+01:00" endTime="2024-11-23T22:09:00.9912850+01:00" testType="13cdc9d9-ddb5-4fa4-a97d-d965ccfc6d4b" outcome="Passed" testListId="8c84fa94-04c1-424b-9868-57a2d4851a1d" relativeResultsDirectory="0cfed0b0-4ef7-4a01-a246-e892b5559f3f" />
    <UnitTestResult executionId="0a1ca935-22c9-485f-92b9-33d4af323b71" testId="6e833589-6e8a-7a50-ac79-c84f47e6fdd7" testName="Account.UnitTests.Profile.Models.LastNameTests.Create_WithEdgeCases_ShouldSucceed(validName: &quot;A-A&quot;)" computerName="MacBook-Pro-de-Aristide" duration="00:00:00.0000024" startTime="2024-11-23T22:09:00.9926780+01:00" endTime="2024-11-23T22:09:00.9926780+01:00" testType="13cdc9d9-ddb5-4fa4-a97d-d965ccfc6d4b" outcome="Passed" testListId="8c84fa94-04c1-424b-9868-57a2d4851a1d" relativeResultsDirectory="0a1ca935-22c9-485f-92b9-33d4af323b71" />
    <UnitTestResult executionId="7534f1b0-8afa-4785-b9be-427f21ecc455" testId="c9b9e3fa-f9c5-da16-ebaa-3c6c10f57e3a" testName="Account.UnitTests.Profile.Models.FirstNameTests.Create_WithInvalidCharacters_ShouldReturnSpecificError(invalidName: &quot;John123&quot;)" computerName="MacBook-Pro-de-Aristide" duration="00:00:00.0000034" startTime="2024-11-23T22:09:00.9894230+01:00" endTime="2024-11-23T22:09:00.9894230+01:00" testType="13cdc9d9-ddb5-4fa4-a97d-d965ccfc6d4b" outcome="Passed" testListId="8c84fa94-04c1-424b-9868-57a2d4851a1d" relativeResultsDirectory="7534f1b0-8afa-4785-b9be-427f21ecc455" />
    <UnitTestResult executionId="a1aaef9f-93d9-400c-9791-376440ee31d1" testId="a4dcbbd4-6ba2-9d39-05eb-8cf5efdeca41" testName="Account.UnitTests.Profile.Models.PhoneNumberTests.Parse_WithInvalidRegion_ShouldReturnError(number: &quot;0612345678&quot;, region: &quot;XX&quot;)" computerName="MacBook-Pro-de-Aristide" duration="00:00:00.0000553" startTime="2024-11-23T22:09:01.0163640+01:00" endTime="2024-11-23T22:09:01.0163640+01:00" testType="13cdc9d9-ddb5-4fa4-a97d-d965ccfc6d4b" outcome="Passed" testListId="8c84fa94-04c1-424b-9868-57a2d4851a1d" relativeResultsDirectory="a1aaef9f-93d9-400c-9791-376440ee31d1" />
    <UnitTestResult executionId="ae1bb098-aac6-4eb2-a0dd-e53a3b81e50b" testId="572e7388-1d76-9c47-d0ac-2567869339d2" testName="Account.UnitTests.Profile.Models.FirstNameTests.Create_WithEdgeCases_ShouldSucceed(validName: &quot;A A&quot;)" computerName="MacBook-Pro-de-Aristide" duration="00:00:00.0003350" startTime="2024-11-23T22:09:00.9903730+01:00" endTime="2024-11-23T22:09:00.9903730+01:00" testType="13cdc9d9-ddb5-4fa4-a97d-d965ccfc6d4b" outcome="Passed" testListId="8c84fa94-04c1-424b-9868-57a2d4851a1d" relativeResultsDirectory="ae1bb098-aac6-4eb2-a0dd-e53a3b81e50b" />
    <UnitTestResult executionId="bac7d044-7a45-46ac-998f-68a759f30370" testId="0edd6820-fd8e-7f90-e03b-c946f9c5f269" testName="Account.UnitTests.Profile.Models.FirstNameTests.Create_WithInvalidCharacters_ShouldReturnSpecificError(invalidName: &quot;John/Smith&quot;)" computerName="MacBook-Pro-de-Aristide" duration="00:00:00.0086095" startTime="2024-11-23T22:09:00.9732130+01:00" endTime="2024-11-23T22:09:00.9732130+01:00" testType="13cdc9d9-ddb5-4fa4-a97d-d965ccfc6d4b" outcome="Passed" testListId="8c84fa94-04c1-424b-9868-57a2d4851a1d" relativeResultsDirectory="bac7d044-7a45-46ac-998f-68a759f30370" />
    <UnitTestResult executionId="b766b1fa-91f4-46e7-9124-484ccb3e1066" testId="e2101489-b47a-ca1d-b59a-1ddf7af87222" testName="Account.UnitTests.Profile.Models.EmailTests.Create_WithTooLongEmail_ShouldReturnError" computerName="MacBook-Pro-de-Aristide" duration="00:00:00.0002507" startTime="2024-11-23T22:09:00.9939530+01:00" endTime="2024-11-23T22:09:00.9939530+01:00" testType="13cdc9d9-ddb5-4fa4-a97d-d965ccfc6d4b" outcome="Passed" testListId="8c84fa94-04c1-424b-9868-57a2d4851a1d" relativeResultsDirectory="b766b1fa-91f4-46e7-9124-484ccb3e1066" />
    <UnitTestResult executionId="4cca6151-99f2-4ff2-bed8-ba55e5d86e2a" testId="72eade1f-1e6b-1053-88d5-a0258c441d43" testName="Account.UnitTests.Profile.Models.PersonalInfoTests.Builder_ShouldCreatePersonalInfo_WithRegionalPhoneNumber(phoneNumber: &quot;655555555&quot;, countryCode: &quot;CM&quot;, expectedE164: &quot;+237655555555&quot;)" computerName="MacBook-Pro-de-Aristide" duration="00:00:00.0001296" startTime="2024-11-23T22:09:01.0176380+01:00" endTime="2024-11-23T22:09:01.0176380+01:00" testType="13cdc9d9-ddb5-4fa4-a97d-d965ccfc6d4b" outcome="Passed" testListId="8c84fa94-04c1-424b-9868-57a2d4851a1d" relativeResultsDirectory="4cca6151-99f2-4ff2-bed8-ba55e5d86e2a" />
    <UnitTestResult executionId="2950a1ae-6d0c-405d-8591-fa7bcecc5d9b" testId="107de17e-b3e4-a0c2-fa2a-625f1bce71a1" testName="Account.UnitTests.Profile.Models.LastNameTests.Create_WithInvalidCharacters_ShouldReturnSpecificError(invalidName: &quot;Smith#Jones&quot;)" computerName="MacBook-Pro-de-Aristide" duration="00:00:00.0002396" startTime="2024-11-23T22:09:00.9914580+01:00" endTime="2024-11-23T22:09:00.9914580+01:00" testType="13cdc9d9-ddb5-4fa4-a97d-d965ccfc6d4b" outcome="Passed" testListId="8c84fa94-04c1-424b-9868-57a2d4851a1d" relativeResultsDirectory="2950a1ae-6d0c-405d-8591-fa7bcecc5d9b" />
    <UnitTestResult executionId="4b2eb43d-3917-4d53-927a-99b6472c215a" testId="9562ad4c-03e7-c005-ac1d-013d08e6c8c0" testName="Account.UnitTests.Profile.Models.AddressTests.Create_WithInvalidRequiredFields_ShouldReturnError(street: null, zipCode: null, city: &quot;&quot;, country: &quot;USA&quot;, expectedError: &quot;Address.City.Empty&quot;)" computerName="MacBook-Pro-de-Aristide" duration="00:00:00.0002041" startTime="2024-11-23T22:09:00.9905960+01:00" endTime="2024-11-23T22:09:00.9905960+01:00" testType="13cdc9d9-ddb5-4fa4-a97d-d965ccfc6d4b" outcome="Passed" testListId="8c84fa94-04c1-424b-9868-57a2d4851a1d" relativeResultsDirectory="4b2eb43d-3917-4d53-927a-99b6472c215a" />
    <UnitTestResult executionId="f4b1d1fc-ec51-4e4a-af80-47371b5f8de0" testId="84fcb336-924b-29d2-b1a6-fd7636f8f775" testName="Account.UnitTests.Profile.Models.AddressTests.Create_WithNullOrEmptyOptionalFields_ShouldSucceed(street: null, zipCode: null, city: &quot;New York&quot;, country: &quot;USA&quot;)" computerName="MacBook-Pro-de-Aristide" duration="00:00:00.0000047" startTime="2024-11-23T22:09:00.9900280+01:00" endTime="2024-11-23T22:09:00.9900280+01:00" testType="13cdc9d9-ddb5-4fa4-a97d-d965ccfc6d4b" outcome="Passed" testListId="8c84fa94-04c1-424b-9868-57a2d4851a1d" relativeResultsDirectory="f4b1d1fc-ec51-4e4a-af80-47371b5f8de0" />
    <UnitTestResult executionId="673720d0-61c7-413a-9a7a-21ade402c5fd" testId="2ed18ee5-c067-3cba-e2ca-c09d3c3fbd35" testName="Account.UnitTests.Profile.Models.AddressTests.Create_WithEmptyRequiredFields_ShouldReturnError(city: &quot;New York&quot;, country: &quot;&quot;, expectedError: &quot;Address.Country.Empty&quot;)" computerName="MacBook-Pro-de-Aristide" duration="00:00:00.0000549" startTime="2024-11-23T22:09:00.9946810+01:00" endTime="2024-11-23T22:09:00.9946810+01:00" testType="13cdc9d9-ddb5-4fa4-a97d-d965ccfc6d4b" outcome="Passed" testListId="8c84fa94-04c1-424b-9868-57a2d4851a1d" relativeResultsDirectory="673720d0-61c7-413a-9a7a-21ade402c5fd" />
    <UnitTestResult executionId="2c33d5d0-96b3-4fde-af6e-f55d4e936bd3" testId="cac3150d-925c-bd1f-a3a9-414838b5f808" testName="Account.UnitTests.Profile.Models.LastNameTests.Create_WithNullOrWhiteSpace_ShouldReturnSpecificError(invalidName: &quot; &quot;, expectedErrorCode: &quot;LastName.Empty&quot;)" computerName="MacBook-Pro-de-Aristide" duration="00:00:00.0002464" startTime="2024-11-23T22:09:00.9934510+01:00" endTime="2024-11-23T22:09:00.9934510+01:00" testType="13cdc9d9-ddb5-4fa4-a97d-d965ccfc6d4b" outcome="Passed" testListId="8c84fa94-04c1-424b-9868-57a2d4851a1d" relativeResultsDirectory="2c33d5d0-96b3-4fde-af6e-f55d4e936bd3" />
    <UnitTestResult executionId="b8302fbe-8f4b-4503-a16f-71c2f1d3890a" testId="a27b7a86-7af9-fe84-816d-dfa98f9dbf97" testName="Account.UnitTests.Profile.Models.PhoneNumberTests.Parse_WithInvalidInput_ShouldReturnError(number: &quot;99999999999&quot;, countryCode: &quot;FR&quot;)" computerName="MacBook-Pro-de-Aristide" duration="00:00:00.0001243" startTime="2024-11-23T22:09:01.0163490+01:00" endTime="2024-11-23T22:09:01.0163490+01:00" testType="13cdc9d9-ddb5-4fa4-a97d-d965ccfc6d4b" outcome="Passed" testListId="8c84fa94-04c1-424b-9868-57a2d4851a1d" relativeResultsDirectory="b8302fbe-8f4b-4503-a16f-71c2f1d3890a" />
    <UnitTestResult executionId="b9edb9f0-5b6c-45de-b408-98ecc8c43a1e" testId="bce5b993-e2fa-53fe-31c5-b39cb5b60696" testName="Account.UnitTests.Profile.Models.LastNameTests.ValueObject_EqualityBehavior_ShouldBeCorrect(value1: &quot;Dupont&quot;, value2: &quot;Martin&quot;, shouldBeEqual: False)" computerName="MacBook-Pro-de-Aristide" duration="00:00:00.0001376" startTime="2024-11-23T22:09:00.9936660+01:00" endTime="2024-11-23T22:09:00.9936660+01:00" testType="13cdc9d9-ddb5-4fa4-a97d-d965ccfc6d4b" outcome="Passed" testListId="8c84fa94-04c1-424b-9868-57a2d4851a1d" relativeResultsDirectory="b9edb9f0-5b6c-45de-b408-98ecc8c43a1e" />
    <UnitTestResult executionId="dc3ef489-0f08-490c-a12e-10c7c4e886d1" testId="d8258a02-8b6c-8cb4-addf-0df5de71f568" testName="Account.UnitTests.Profile.Models.LastNameTests.Create_WithEdgeCases_ShouldSucceed(validName: &quot;A&quot;)" computerName="MacBook-Pro-de-Aristide" duration="00:00:00.0000013" startTime="2024-11-23T22:09:00.9929360+01:00" endTime="2024-11-23T22:09:00.9929360+01:00" testType="13cdc9d9-ddb5-4fa4-a97d-d965ccfc6d4b" outcome="Passed" testListId="8c84fa94-04c1-424b-9868-57a2d4851a1d" relativeResultsDirectory="dc3ef489-0f08-490c-a12e-10c7c4e886d1" />
    <UnitTestResult executionId="aa2d6aad-2dbc-4a27-b417-ca2dbf93d27e" testId="a064650f-fadf-8663-934b-b5483b040d72" testName="Account.UnitTests.Profile.Models.FirstNameTests.Create_WithValidName_ShouldReturnExpectedInstance(validName: &quot;John&quot;)" computerName="MacBook-Pro-de-Aristide" duration="00:00:00.0000970" startTime="2024-11-23T22:09:00.9914940+01:00" endTime="2024-11-23T22:09:00.9914940+01:00" testType="13cdc9d9-ddb5-4fa4-a97d-d965ccfc6d4b" outcome="Passed" testListId="8c84fa94-04c1-424b-9868-57a2d4851a1d" relativeResultsDirectory="aa2d6aad-2dbc-4a27-b417-ca2dbf93d27e" />
    <UnitTestResult executionId="c887aa93-9cd1-4e73-a219-8150e239b28f" testId="513ddbc2-a3ae-3637-f363-076be5ec3fd4" testName="Account.UnitTests.Profile.Models.AddressTests.ToString_ShouldHandleNullFields(street: &quot;123 Main St&quot;, zipCode: &quot;12345&quot;, city: &quot;New York&quot;, country: &quot;USA&quot;, expected: &quot;123 Main St, 12345 New York, USA&quot;)" computerName="MacBook-Pro-de-Aristide" duration="00:00:00.0000029" startTime="2024-11-23T22:09:00.9903480+01:00" endTime="2024-11-23T22:09:00.9903480+01:00" testType="13cdc9d9-ddb5-4fa4-a97d-d965ccfc6d4b" outcome="Passed" testListId="8c84fa94-04c1-424b-9868-57a2d4851a1d" relativeResultsDirectory="c887aa93-9cd1-4e73-a219-8150e239b28f" />
    <UnitTestResult executionId="6a6ac6ab-433f-4d67-b26d-2b0ad7479aec" testId="a7d58164-021e-446f-9444-68efcb2d1324" testName="Account.UnitTests.Profile.Models.EmailTests.Create_WithUpperCaseEmail_ShouldNormalizeToLowerCase(input: &quot;User.Name@Example.com&quot;, expected: &quot;user.name@example.com&quot;)" computerName="MacBook-Pro-de-Aristide" duration="00:00:00.0001718" startTime="2024-11-23T22:09:00.9932260+01:00" endTime="2024-11-23T22:09:00.9932260+01:00" testType="13cdc9d9-ddb5-4fa4-a97d-d965ccfc6d4b" outcome="Passed" testListId="8c84fa94-04c1-424b-9868-57a2d4851a1d" relativeResultsDirectory="6a6ac6ab-433f-4d67-b26d-2b0ad7479aec" />
    <UnitTestResult executionId="1f8dcb2a-9b49-4af2-aa05-a924631233cd" testId="4101f6e4-b5df-d08e-c617-9dbebc98a7aa" testName="Account.UnitTests.Profile.Models.AddressTests.Create_WithTooLongFields_ShouldReturnError(streetLength: 100, zipCodeLength: 10, cityLength: 51, countryLength: 50, expectedError: &quot;Address.City.TooLong&quot;)" computerName="MacBook-Pro-de-Aristide" duration="00:00:00.0003134" startTime="2024-11-23T22:09:00.9919570+01:00" endTime="2024-11-23T22:09:00.9919570+01:00" testType="13cdc9d9-ddb5-4fa4-a97d-d965ccfc6d4b" outcome="Passed" testListId="8c84fa94-04c1-424b-9868-57a2d4851a1d" relativeResultsDirectory="1f8dcb2a-9b49-4af2-aa05-a924631233cd" />
    <UnitTestResult executionId="e4324114-55a7-4feb-943f-b74014305843" testId="23de61a1-b328-5989-47d7-8332f3206574" testName="Account.UnitTests.Profile.Models.PersonalInfoTests.Builder_ShouldThrowException_ForInvalidLastName(invalidLastName: &quot;   &quot;)" computerName="MacBook-Pro-de-Aristide" duration="00:00:00.0001086" startTime="2024-11-23T22:09:01.0189010+01:00" endTime="2024-11-23T22:09:01.0189010+01:00" testType="13cdc9d9-ddb5-4fa4-a97d-d965ccfc6d4b" outcome="Passed" testListId="8c84fa94-04c1-424b-9868-57a2d4851a1d" relativeResultsDirectory="e4324114-55a7-4feb-943f-b74014305843" />
    <UnitTestResult executionId="06f50cd6-91e6-4103-86f6-f7838863919c" testId="5fa15484-20b2-8b65-9722-e2619336985e" testName="Account.UnitTests.Profile.Models.PhoneNumberTests.Parse_WithInvalidNumber_ShouldReturnError(number: &quot;not-a-number&quot;)" computerName="MacBook-Pro-de-Aristide" duration="00:00:00.0001127" startTime="2024-11-23T22:09:01.0188310+01:00" endTime="2024-11-23T22:09:01.0188310+01:00" testType="13cdc9d9-ddb5-4fa4-a97d-d965ccfc6d4b" outcome="Passed" testListId="8c84fa94-04c1-424b-9868-57a2d4851a1d" relativeResultsDirectory="06f50cd6-91e6-4103-86f6-f7838863919c" />
    <UnitTestResult executionId="d2707a48-5d6c-492e-bca3-90564512d6bd" testId="c601c88b-0905-112d-1f24-acdcf7b28851" testName="Account.UnitTests.Profile.Models.DateOfBirthTests.Create_WithValidDate_ShouldReturnExpectedInstance(validDate: 1904-11-24T00:00:00.0000000Z)" computerName="MacBook-Pro-de-Aristide" duration="00:00:00.0000030" startTime="2024-11-23T22:09:00.9942030+01:00" endTime="2024-11-23T22:09:00.9942030+01:00" testType="13cdc9d9-ddb5-4fa4-a97d-d965ccfc6d4b" outcome="Passed" testListId="8c84fa94-04c1-424b-9868-57a2d4851a1d" relativeResultsDirectory="d2707a48-5d6c-492e-bca3-90564512d6bd" />
    <UnitTestResult executionId="208f09d0-9bd4-402e-b17a-1067bbdfe797" testId="433c9e4a-98f9-4d22-0eb0-fab67a7661a8" testName="Account.UnitTests.Profile.Models.LastNameTests.Create_WithInvalidCharacters_ShouldReturnSpecificError(invalidName: &quot;Smith123&quot;)" computerName="MacBook-Pro-de-Aristide" duration="00:00:00.0000032" startTime="2024-11-23T22:09:00.9917160+01:00" endTime="2024-11-23T22:09:00.9917160+01:00" testType="13cdc9d9-ddb5-4fa4-a97d-d965ccfc6d4b" outcome="Passed" testListId="8c84fa94-04c1-424b-9868-57a2d4851a1d" relativeResultsDirectory="208f09d0-9bd4-402e-b17a-1067bbdfe797" />
    <UnitTestResult executionId="f5c2cb58-49d1-4ac3-9d27-e404a0ad588e" testId="aed70f28-62d0-bb8d-bffc-0dba0b3f4e98" testName="Account.UnitTests.Profile.Models.AddressTests.ToString_ShouldHandleNullFields(street: null, zipCode: &quot;12345&quot;, city: &quot;New York&quot;, country: &quot;USA&quot;, expected: &quot;12345 New York, USA&quot;)" computerName="MacBook-Pro-de-Aristide" duration="00:00:00.0000020" startTime="2024-11-23T22:09:00.9903590+01:00" endTime="2024-11-23T22:09:00.9903590+01:00" testType="13cdc9d9-ddb5-4fa4-a97d-d965ccfc6d4b" outcome="Passed" testListId="8c84fa94-04c1-424b-9868-57a2d4851a1d" relativeResultsDirectory="f5c2cb58-49d1-4ac3-9d27-e404a0ad588e" />
    <UnitTestResult executionId="36faee8c-98c5-4e7a-a64f-05d7e6a19fa0" testId="855bee55-ec09-b81f-1304-9fbb4026f713" testName="Account.UnitTests.Profile.Models.PersonalInfoTests.Builder_ShouldThrowException_ForInvalidLastName(invalidLastName: &quot;&quot;)" computerName="MacBook-Pro-de-Aristide" duration="00:00:00.0004237" startTime="2024-11-23T22:09:01.0188660+01:00" endTime="2024-11-23T22:09:01.0188660+01:00" testType="13cdc9d9-ddb5-4fa4-a97d-d965ccfc6d4b" outcome="Passed" testListId="8c84fa94-04c1-424b-9868-57a2d4851a1d" relativeResultsDirectory="36faee8c-98c5-4e7a-a64f-05d7e6a19fa0" />
    <UnitTestResult executionId="2f4d416c-c73c-426c-8218-b5b646708229" testId="0d7b5807-5890-b63c-8dae-403b7a3b8cee" testName="Account.UnitTests.Profile.Models.FirstNameTests.Create_WithInvalidCharacters_ShouldReturnSpecificError(invalidName: &quot;John$&quot;)" computerName="MacBook-Pro-de-Aristide" duration="00:00:00.0000041" startTime="2024-11-23T22:09:00.9894460+01:00" endTime="2024-11-23T22:09:00.9894460+01:00" testType="13cdc9d9-ddb5-4fa4-a97d-d965ccfc6d4b" outcome="Passed" testListId="8c84fa94-04c1-424b-9868-57a2d4851a1d" relativeResultsDirectory="2f4d416c-c73c-426c-8218-b5b646708229" />
    <UnitTestResult executionId="ed5df793-aa88-4448-87ad-86b2e60e647d" testId="319809e1-0b0c-0cb0-33f0-4f8d9a718151" testName="Account.UnitTests.Profile.Models.LastNameTests.Create_WithEdgeCases_ShouldSucceed(validName: &quot;van der&quot;)" computerName="MacBook-Pro-de-Aristide" duration="00:00:00.0000030" startTime="2024-11-23T22:09:00.9926640+01:00" endTime="2024-11-23T22:09:00.9926640+01:00" testType="13cdc9d9-ddb5-4fa4-a97d-d965ccfc6d4b" outcome="Passed" testListId="8c84fa94-04c1-424b-9868-57a2d4851a1d" relativeResultsDirectory="ed5df793-aa88-4448-87ad-86b2e60e647d" />
    <UnitTestResult executionId="8594b8d5-2899-4c1c-92b5-e20d0fa6cda7" testId="771c66a8-45fe-5145-f3dc-5cfd1ba70b69" testName="Account.UnitTests.Profile.Models.AddressTests.Create_WithAllFieldsValid_ShouldSucceed" computerName="MacBook-Pro-de-Aristide" duration="00:00:00.0001901" startTime="2024-11-23T22:09:00.9946960+01:00" endTime="2024-11-23T22:09:00.9946960+01:00" testType="13cdc9d9-ddb5-4fa4-a97d-d965ccfc6d4b" outcome="Passed" testListId="8c84fa94-04c1-424b-9868-57a2d4851a1d" relativeResultsDirectory="8594b8d5-2899-4c1c-92b5-e20d0fa6cda7" />
    <UnitTestResult executionId="d4801c12-858a-4ffe-a0aa-6b04261914df" testId="982e4449-62bc-9672-f99c-8de7be284176" testName="Account.UnitTests.Profile.Models.FirstNameTests.ValueObject_EqualityBehavior_ShouldBeCorrect(value1: &quot;Jean&quot;, value2: &quot;Pierre&quot;, shouldBeEqual: False)" computerName="MacBook-Pro-de-Aristide" duration="00:00:00.0000668" startTime="2024-11-23T22:09:00.9921920+01:00" endTime="2024-11-23T22:09:00.9921920+01:00" testType="13cdc9d9-ddb5-4fa4-a97d-d965ccfc6d4b" outcome="Passed" testListId="8c84fa94-04c1-424b-9868-57a2d4851a1d" relativeResultsDirectory="d4801c12-858a-4ffe-a0aa-6b04261914df" />
    <UnitTestResult executionId="84f8cb30-f86b-4ef1-8194-86505de441cf" testId="adc887a1-3fc3-1c74-4c02-532b24eb96a4" testName="Account.UnitTests.Profile.Models.DateOfBirthTests.Create_WithValidDate_ShouldReturnExpectedInstance(validDate: 1924-11-23T00:00:00.0000000Z)" computerName="MacBook-Pro-de-Aristide" duration="00:00:00.0008545" startTime="2024-11-23T22:09:00.9940280+01:00" endTime="2024-11-23T22:09:00.9940280+01:00" testType="13cdc9d9-ddb5-4fa4-a97d-d965ccfc6d4b" outcome="Passed" testListId="8c84fa94-04c1-424b-9868-57a2d4851a1d" relativeResultsDirectory="84f8cb30-f86b-4ef1-8194-86505de441cf" />
    <UnitTestResult executionId="5901b049-542d-488f-8244-bb7ab9b0465e" testId="52eea998-403c-4a1a-9c91-c398bfab2b42" testName="Account.UnitTests.Profile.Models.DateOfBirthTests.Create_WithAgeExceedingMaxAge_ShouldReturnError(tooOldDate: 1903-11-23T00:00:00.0000000Z)" computerName="MacBook-Pro-de-Aristide" duration="00:00:00.0001037" startTime="2024-11-23T22:09:00.9905680+01:00" endTime="2024-11-23T22:09:00.9905680+01:00" testType="13cdc9d9-ddb5-4fa4-a97d-d965ccfc6d4b" outcome="Passed" testListId="8c84fa94-04c1-424b-9868-57a2d4851a1d" relativeResultsDirectory="5901b049-542d-488f-8244-bb7ab9b0465e" />
    <UnitTestResult executionId="c318c17d-950d-4311-979a-81e05a1d46ab" testId="484f48c5-8347-fc9f-968f-a645a6df3c5a" testName="Account.UnitTests.Profile.Models.DateOfBirthTests.Create_WithAgeExceedingMaxAge_ShouldReturnError(tooOldDate: 1824-11-23T00:00:00.0000000Z)" computerName="MacBook-Pro-de-Aristide" duration="00:00:00.0030616" startTime="2024-11-23T22:09:00.9908230+01:00" endTime="2024-11-23T22:09:00.9908230+01:00" testType="13cdc9d9-ddb5-4fa4-a97d-d965ccfc6d4b" outcome="Passed" testListId="8c84fa94-04c1-424b-9868-57a2d4851a1d" relativeResultsDirectory="c318c17d-950d-4311-979a-81e05a1d46ab" />
    <UnitTestResult executionId="9600f9e0-0cf9-405f-b87b-777c3a59ac9b" testId="3c2bc22d-0cb7-d078-5a7f-33d93a53b315" testName="Account.UnitTests.Profile.Models.EmailTests.Create_WithInvalidFormat_ShouldReturnError(invalidEmail: &quot;user..name@example.com&quot;)" computerName="MacBook-Pro-de-Aristide" duration="00:00:00.0000085" startTime="2024-11-23T22:09:00.9912550+01:00" endTime="2024-11-23T22:09:00.9912550+01:00" testType="13cdc9d9-ddb5-4fa4-a97d-d965ccfc6d4b" outcome="Passed" testListId="8c84fa94-04c1-424b-9868-57a2d4851a1d" relativeResultsDirectory="9600f9e0-0cf9-405f-b87b-777c3a59ac9b" />
    <UnitTestResult executionId="d58f7d23-3b80-451b-beab-6ada87d96593" testId="b6078569-abeb-605d-f2e2-d0a182f6a5e1" testName="Account.UnitTests.Profile.Models.LastNameTests.Create_WithAccentedCharacters_ShouldSucceed(nameWithAccents: &quot;Müller&quot;)" computerName="MacBook-Pro-de-Aristide" duration="00:00:00.0000894" startTime="2024-11-23T22:09:00.9919650+01:00" endTime="2024-11-23T22:09:00.9919650+01:00" testType="13cdc9d9-ddb5-4fa4-a97d-d965ccfc6d4b" outcome="Passed" testListId="8c84fa94-04c1-424b-9868-57a2d4851a1d" relativeResultsDirectory="d58f7d23-3b80-451b-beab-6ada87d96593" />
    <UnitTestResult executionId="1fd99d77-e1be-4243-8e67-a39e743d6a55" testId="01a17931-54c9-6089-a0fc-e82e4b7d1b4d" testName="Account.UnitTests.Profile.Models.FirstNameTests.Create_WithValidName_ShouldReturnExpectedInstance(validName: &quot;O'Connor&quot;)" computerName="MacBook-Pro-de-Aristide" duration="00:00:00.0000020" startTime="2024-11-23T22:09:00.9916690+01:00" endTime="2024-11-23T22:09:00.9916700+01:00" testType="13cdc9d9-ddb5-4fa4-a97d-d965ccfc6d4b" outcome="Passed" testListId="8c84fa94-04c1-424b-9868-57a2d4851a1d" relativeResultsDirectory="1fd99d77-e1be-4243-8e67-a39e743d6a55" />
    <UnitTestResult executionId="b4e7faa4-046b-461a-a5ab-659d9823bbb6" testId="02f2e095-af0f-162d-6c1c-a51d3d69b243" testName="Account.UnitTests.Profile.Models.AddressTests.Create_WithInvalidRequiredFields_ShouldReturnError(street: null, zipCode: null, city: null, country: &quot;USA&quot;, expectedError: &quot;Address.City.Empty&quot;)" computerName="MacBook-Pro-de-Aristide" duration="00:00:00.0000150" startTime="2024-11-23T22:09:00.9908160+01:00" endTime="2024-11-23T22:09:00.9908160+01:00" testType="13cdc9d9-ddb5-4fa4-a97d-d965ccfc6d4b" outcome="Passed" testListId="8c84fa94-04c1-424b-9868-57a2d4851a1d" relativeResultsDirectory="b4e7faa4-046b-461a-a5ab-659d9823bbb6" />
    <UnitTestResult executionId="a64ce0a6-85e1-4764-87bd-7b2f93232581" testId="6609f487-50de-acd2-fc7f-29410bf620f2" testName="Account.UnitTests.Profile.Models.PersonalInfoTests.Builder_ShouldThrowException_ForInvalidDateOfBirth(invalidDateOfBirthString: &quot;1800-01-01&quot;)" computerName="MacBook-Pro-de-Aristide" duration="00:00:00.0006030" startTime="2024-11-23T22:09:01.0173190+01:00" endTime="2024-11-23T22:09:01.0173190+01:00" testType="13cdc9d9-ddb5-4fa4-a97d-d965ccfc6d4b" outcome="Passed" testListId="8c84fa94-04c1-424b-9868-57a2d4851a1d" relativeResultsDirectory="a64ce0a6-85e1-4764-87bd-7b2f93232581" />
    <UnitTestResult executionId="e3d84de1-65ac-40b6-91f8-c951334c8ffb" testId="d32198a0-b6a0-3c12-a563-46229d19111a" testName="Account.UnitTests.Profile.Models.PersonalInfoTests.Builder_ShouldThrowException_ForInvalidAddress(street: &quot;123 Main St&quot;, zipCode: &quot;75001&quot;, city: &quot;&quot;, country: &quot;France&quot;)" computerName="MacBook-Pro-de-Aristide" duration="00:00:00.0001894" startTime="2024-11-23T22:09:00.9944230+01:00" endTime="2024-11-23T22:09:00.9944230+01:00" testType="13cdc9d9-ddb5-4fa4-a97d-d965ccfc6d4b" outcome="Passed" testListId="8c84fa94-04c1-424b-9868-57a2d4851a1d" relativeResultsDirectory="e3d84de1-65ac-40b6-91f8-c951334c8ffb" />
    <UnitTestResult executionId="3f750550-547b-4d1e-9e02-a1d5f1f1d484" testId="55777ac9-06f3-5785-318a-ee8826871ff2" testName="Account.UnitTests.Profile.Models.DateOfBirthTests.Create_WithValidDate_ShouldReturnExpectedInstance(validDate: 2006-11-23T00:00:00.0000000Z)" computerName="MacBook-Pro-de-Aristide" duration="00:00:00.0000025" startTime="2024-11-23T22:09:00.9942140+01:00" endTime="2024-11-23T22:09:00.9942140+01:00" testType="13cdc9d9-ddb5-4fa4-a97d-d965ccfc6d4b" outcome="Passed" testListId="8c84fa94-04c1-424b-9868-57a2d4851a1d" relativeResultsDirectory="3f750550-547b-4d1e-9e02-a1d5f1f1d484" />
    <UnitTestResult executionId="03f71f99-ae08-4707-9d0c-88c977ed7d49" testId="7c13b7c1-e97a-8a6c-d0b8-af50263f6ab7" testName="Account.UnitTests.Profile.Models.AddressTests.Create_WithTooLongFields_ShouldReturnError(streetLength: 101, zipCodeLength: 10, cityLength: 50, countryLength: 50, expectedError: &quot;Address.Street.TooLong&quot;)" computerName="MacBook-Pro-de-Aristide" duration="00:00:00.0000080" startTime="2024-11-23T22:09:00.9919800+01:00" endTime="2024-11-23T22:09:00.9919800+01:00" testType="13cdc9d9-ddb5-4fa4-a97d-d965ccfc6d4b" outcome="Passed" testListId="8c84fa94-04c1-424b-9868-57a2d4851a1d" relativeResultsDirectory="03f71f99-ae08-4707-9d0c-88c977ed7d49" />
    <UnitTestResult executionId="18a9492b-463e-4bc6-b629-09ed59a68ca6" testId="9f0f0cec-4f78-d941-3c4f-eaf26330ba5a" testName="Account.UnitTests.Profile.Models.PersonalInfoTests.Builder_ShouldThrowException_ForInvalidPhoneNumber(invalidPhoneNumber: &quot;+1234&quot;)" computerName="MacBook-Pro-de-Aristide" duration="00:00:00.0008012" startTime="2024-11-23T22:09:01.0166880+01:00" endTime="2024-11-23T22:09:01.0166880+01:00" testType="13cdc9d9-ddb5-4fa4-a97d-d965ccfc6d4b" outcome="Passed" testListId="8c84fa94-04c1-424b-9868-57a2d4851a1d" relativeResultsDirectory="18a9492b-463e-4bc6-b629-09ed59a68ca6" />
    <UnitTestResult executionId="f15e68af-6118-45f5-a28b-71d230affee1" testId="bcc044c7-4083-72b7-028d-6c023678e59f" testName="Account.UnitTests.Profile.Models.PhoneNumberTests.Parse_WithEmptyNumber_ShouldReturnError(number: &quot;&quot;)" computerName="MacBook-Pro-de-Aristide" duration="00:00:00.0000076" startTime="2024-11-23T22:09:01.0190940+01:00" endTime="2024-11-23T22:09:01.0190940+01:00" testType="13cdc9d9-ddb5-4fa4-a97d-d965ccfc6d4b" outcome="Passed" testListId="8c84fa94-04c1-424b-9868-57a2d4851a1d" relativeResultsDirectory="f15e68af-6118-45f5-a28b-71d230affee1" />
    <UnitTestResult executionId="f9fa061e-9398-48a4-9997-45c71301451e" testId="885258e6-b4ca-0052-3f8b-46d6df748f5e" testName="Account.UnitTests.Profile.Models.PhoneNumberTests.Format_WithDefaultParameter_ShouldUseInternationalFormat(number: &quot;+33612345678&quot;, expected: &quot;+33 6 12 34 56 78&quot;)" computerName="MacBook-Pro-de-Aristide" duration="00:00:00.0000961" startTime="2024-11-23T22:09:01.0210080+01:00" endTime="2024-11-23T22:09:01.0210080+01:00" testType="13cdc9d9-ddb5-4fa4-a97d-d965ccfc6d4b" outcome="Passed" testListId="8c84fa94-04c1-424b-9868-57a2d4851a1d" relativeResultsDirectory="f9fa061e-9398-48a4-9997-45c71301451e" />
    <UnitTestResult executionId="4025ead3-839f-4960-97eb-29f8e473a1b3" testId="2f679c0a-6fac-4c51-d526-0dd7344b6236" testName="Account.UnitTests.Profile.Models.FirstNameTests.Create_WithNullOrWhiteSpace_ShouldReturnSpecificError(invalidName: null, expectedErrorCode: &quot;FirstName.Empty&quot;)" computerName="MacBook-Pro-de-Aristide" duration="00:00:00.0000031" startTime="2024-11-23T22:09:00.9934010+01:00" endTime="2024-11-23T22:09:00.9934010+01:00" testType="13cdc9d9-ddb5-4fa4-a97d-d965ccfc6d4b" outcome="Passed" testListId="8c84fa94-04c1-424b-9868-57a2d4851a1d" relativeResultsDirectory="4025ead3-839f-4960-97eb-29f8e473a1b3" />
    <UnitTestResult executionId="aa135a2b-f4fd-46e9-a79d-ba609f6fefc4" testId="bb015aa1-a58b-d13a-4dc2-03f422451100" testName="Account.UnitTests.Profile.Models.PhoneNumberTests.Format_ShouldReturnCorrectInternationalFormat(number: &quot;+33612345678&quot;, expected: &quot;+33 6 12 34 56 78&quot;)" computerName="MacBook-Pro-de-Aristide" duration="00:00:00.0000684" startTime="2024-11-23T22:09:01.0176070+01:00" endTime="2024-11-23T22:09:01.0176070+01:00" testType="13cdc9d9-ddb5-4fa4-a97d-d965ccfc6d4b" outcome="Passed" testListId="8c84fa94-04c1-424b-9868-57a2d4851a1d" relativeResultsDirectory="aa135a2b-f4fd-46e9-a79d-ba609f6fefc4" />
    <UnitTestResult executionId="a6b7d7c2-cfaa-41ad-b14c-71f6aca90e9c" testId="50c42731-b975-63f2-436b-d25dfcb04bd6" testName="Account.UnitTests.Profile.Models.AddressTests.Create_WithInvalidRequiredFields_ShouldReturnError(street: null, zipCode: null, city: &quot;New York&quot;, country: &quot;&quot;, expectedError: &quot;Address.Country.Empty&quot;)" computerName="MacBook-Pro-de-Aristide" duration="00:00:00.0000082" startTime="2024-11-23T22:09:00.9912220+01:00" endTime="2024-11-23T22:09:00.9912220+01:00" testType="13cdc9d9-ddb5-4fa4-a97d-d965ccfc6d4b" outcome="Passed" testListId="8c84fa94-04c1-424b-9868-57a2d4851a1d" relativeResultsDirectory="a6b7d7c2-cfaa-41ad-b14c-71f6aca90e9c" />
    <UnitTestResult executionId="7a33dc61-2ce6-4451-aa32-eeba6b70520e" testId="231f5857-a833-6825-2fd4-8f0ef294587e" testName="Account.UnitTests.Profile.Models.PhoneNumberTests.Parse_WithEmptyNumber_ShouldReturnError(number: &quot; &quot;)" computerName="MacBook-Pro-de-Aristide" duration="00:00:00.0001474" startTime="2024-11-23T22:09:01.0190820+01:00" endTime="2024-11-23T22:09:01.0190820+01:00" testType="13cdc9d9-ddb5-4fa4-a97d-d965ccfc6d4b" outcome="Passed" testListId="8c84fa94-04c1-424b-9868-57a2d4851a1d" relativeResultsDirectory="7a33dc61-2ce6-4451-aa32-eeba6b70520e" />
    <UnitTestResult executionId="f00d7c08-5bef-410a-9275-582d1c08bf3c" testId="de0aee32-b405-6e62-6836-1e83d3e5dcf3" testName="Account.UnitTests.Profile.Models.PhoneNumberTests.Parse_WithInvalidInput_ShouldReturnError(number: &quot;not-a-number&quot;, countryCode: &quot;FR&quot;)" computerName="MacBook-Pro-de-Aristide" duration="00:00:00.0000514" startTime="2024-11-23T22:09:01.0163360+01:00" endTime="2024-11-23T22:09:01.0163360+01:00" testType="13cdc9d9-ddb5-4fa4-a97d-d965ccfc6d4b" outcome="Passed" testListId="8c84fa94-04c1-424b-9868-57a2d4851a1d" relativeResultsDirectory="f00d7c08-5bef-410a-9275-582d1c08bf3c" />
    <UnitTestResult executionId="ed1a675f-104e-4833-838f-3e6f961fe6e9" testId="26cba365-2720-9240-ef44-178b8b73dc4c" testName="Account.UnitTests.Profile.Models.AddressTests.Create_WithNullOrEmptyOptionalFields_ShouldSucceed(street: &quot;123 Main St&quot;, zipCode: null, city: &quot;New York&quot;, country: &quot;USA&quot;)" computerName="MacBook-Pro-de-Aristide" duration="00:00:00.0000068" startTime="2024-11-23T22:09:00.9900160+01:00" endTime="2024-11-23T22:09:00.9900160+01:00" testType="13cdc9d9-ddb5-4fa4-a97d-d965ccfc6d4b" outcome="Passed" testListId="8c84fa94-04c1-424b-9868-57a2d4851a1d" relativeResultsDirectory="ed1a675f-104e-4833-838f-3e6f961fe6e9" />
    <UnitTestResult executionId="91c823bb-24d4-4319-a498-83926734e93b" testId="26cc16f0-d00e-3b83-5f5c-9f44e5b15325" testName="Account.UnitTests.Profile.Models.FirstNameTests.Create_WithNullOrWhiteSpace_ShouldReturnSpecificError(invalidName: &quot; &quot;, expectedErrorCode: &quot;FirstName.Empty&quot;)" computerName="MacBook-Pro-de-Aristide" duration="00:00:00.0000458" startTime="2024-11-23T22:09:00.9932410+01:00" endTime="2024-11-23T22:09:00.9932410+01:00" testType="13cdc9d9-ddb5-4fa4-a97d-d965ccfc6d4b" outcome="Passed" testListId="8c84fa94-04c1-424b-9868-57a2d4851a1d" relativeResultsDirectory="91c823bb-24d4-4319-a498-83926734e93b" />
    <UnitTestResult executionId="c9119072-1ec9-4b02-b69c-01455898f0c1" testId="47ad43a6-ce50-ae9e-576c-f94708bdc20e" testName="Account.UnitTests.Profile.Models.AddressTests.ToString_ShouldHandleNullFields(street: &quot;123 Main St&quot;, zipCode: null, city: &quot;New York&quot;, country: &quot;USA&quot;, expected: &quot;123 Main St, New York, USA&quot;)" computerName="MacBook-Pro-de-Aristide" duration="00:00:00.0002646" startTime="2024-11-23T22:09:00.9903100+01:00" endTime="2024-11-23T22:09:00.9903100+01:00" testType="13cdc9d9-ddb5-4fa4-a97d-d965ccfc6d4b" outcome="Passed" testListId="8c84fa94-04c1-424b-9868-57a2d4851a1d" relativeResultsDirectory="c9119072-1ec9-4b02-b69c-01455898f0c1" />
    <UnitTestResult executionId="0b65b0b8-19d9-4d66-a974-c55acd786165" testId="2bec49b4-d933-2d84-36e8-9c34541ee0ea" testName="Account.UnitTests.Profile.Models.FirstNameTests.Create_WithNameExceedingMaxLength_ShouldReturnSpecificError(length: 101)" computerName="MacBook-Pro-de-Aristide" duration="00:00:00.0002575" startTime="2024-11-23T22:09:00.9929520+01:00" endTime="2024-11-23T22:09:00.9929520+01:00" testType="13cdc9d9-ddb5-4fa4-a97d-d965ccfc6d4b" outcome="Passed" testListId="8c84fa94-04c1-424b-9868-57a2d4851a1d" relativeResultsDirectory="0b65b0b8-19d9-4d66-a974-c55acd786165" />
    <UnitTestResult executionId="63feefb4-80df-4410-a2c5-793cc9fc8b9f" testId="daac1bdb-e667-8fed-67b8-7b659bb09f2d" testName="Account.UnitTests.Profile.Models.LastNameTests.Create_WithCompoundName_ShouldSucceed(compoundName: &quot;von Neumann&quot;)" computerName="MacBook-Pro-de-Aristide" duration="00:00:00.0000445" startTime="2024-11-23T22:09:00.9931600+01:00" endTime="2024-11-23T22:09:00.9931600+01:00" testType="13cdc9d9-ddb5-4fa4-a97d-d965ccfc6d4b" outcome="Passed" testListId="8c84fa94-04c1-424b-9868-57a2d4851a1d" relativeResultsDirectory="63feefb4-80df-4410-a2c5-793cc9fc8b9f" />
    <UnitTestResult executionId="94398a22-fd22-4eb2-867f-3bebec53d707" testId="794e16ff-57b0-824b-7dea-f3308764487e" testName="Account.UnitTests.Profile.Models.EmailTests.ImplicitConversion_ToStringWorks" computerName="MacBook-Pro-de-Aristide" duration="00:00:00.0000942" startTime="2024-11-23T22:09:00.9941780+01:00" endTime="2024-11-23T22:09:00.9941780+01:00" testType="13cdc9d9-ddb5-4fa4-a97d-d965ccfc6d4b" outcome="Passed" testListId="8c84fa94-04c1-424b-9868-57a2d4851a1d" relativeResultsDirectory="94398a22-fd22-4eb2-867f-3bebec53d707" />
    <UnitTestResult executionId="e6d49ddd-a53d-4c2c-8add-7bce988c523b" testId="1b5d8c39-78d3-8e99-6321-e440ce872aa3" testName="Account.UnitTests.Profile.Models.LastNameTests.Create_WithValidName_ShouldReturnExpectedInstance(validName: &quot;von Neumann&quot;)" computerName="MacBook-Pro-de-Aristide" duration="00:00:00.0000030" startTime="2024-11-23T22:09:00.9908000+01:00" endTime="2024-11-23T22:09:00.9908000+01:00" testType="13cdc9d9-ddb5-4fa4-a97d-d965ccfc6d4b" outcome="Passed" testListId="8c84fa94-04c1-424b-9868-57a2d4851a1d" relativeResultsDirectory="e6d49ddd-a53d-4c2c-8add-7bce988c523b" />
    <UnitTestResult executionId="d108f5b5-dbdb-4887-a03b-ce18f73ce6c8" testId="37b13679-34a6-036c-85e4-685d3393820a" testName="Account.UnitTests.Profile.Models.LastNameTests.ValueObject_EqualityBehavior_ShouldBeCorrect(value1: &quot;Dupont&quot;, value2: &quot;Dupont&quot;, shouldBeEqual: True)" computerName="MacBook-Pro-de-Aristide" duration="00:00:00.0005642" startTime="2024-11-23T22:09:00.9935000+01:00" endTime="2024-11-23T22:09:00.9935000+01:00" testType="13cdc9d9-ddb5-4fa4-a97d-d965ccfc6d4b" outcome="Passed" testListId="8c84fa94-04c1-424b-9868-57a2d4851a1d" relativeResultsDirectory="d108f5b5-dbdb-4887-a03b-ce18f73ce6c8" />
    <UnitTestResult executionId="54ed71ee-b89e-4229-b1bd-21d2f40e4f5b" testId="0777c449-d6f8-2042-12d4-cd6357568145" testName="Account.UnitTests.Profile.Models.DateOfBirthTests.Create_WithValidDate_ShouldReturnExpectedInstance(validDate: 1974-11-23T00:00:00.0000000Z)" computerName="MacBook-Pro-de-Aristide" duration="00:00:00.0000853" startTime="2024-11-23T22:09:00.9941920+01:00" endTime="2024-11-23T22:09:00.9941920+01:00" testType="13cdc9d9-ddb5-4fa4-a97d-d965ccfc6d4b" outcome="Passed" testListId="8c84fa94-04c1-424b-9868-57a2d4851a1d" relativeResultsDirectory="54ed71ee-b89e-4229-b1bd-21d2f40e4f5b" />
    <UnitTestResult executionId="bfb808d8-7071-48f3-a32d-4601f0843881" testId="25614569-e7e5-86c3-db64-8b3ae0011113" testName="Account.UnitTests.Profile.Models.DateOfBirthTests.ValueObject_EqualityBehavior_ShouldBeCorrect(value1: 1990-01-01T00:00:00.0000000, value2: 1990-01-01T00:00:00.0000000, shouldBeEqual: True)" computerName="MacBook-Pro-de-Aristide" duration="00:00:00.0005869" startTime="2024-11-23T22:09:00.9903230+01:00" endTime="2024-11-23T22:09:00.9903230+01:00" testType="13cdc9d9-ddb5-4fa4-a97d-d965ccfc6d4b" outcome="Passed" testListId="8c84fa94-04c1-424b-9868-57a2d4851a1d" relativeResultsDirectory="bfb808d8-7071-48f3-a32d-4601f0843881" />
    <UnitTestResult executionId="cf6b3d51-4e3c-45ed-806b-ff71f88b9bcf" testId="e74ad0e8-751c-1f90-f5cb-6d0ffddcd465" testName="Account.UnitTests.Profile.Models.LastNameTests.Create_WithCompoundName_ShouldSucceed(compoundName: &quot;Mac Donald&quot;)" computerName="MacBook-Pro-de-Aristide" duration="00:00:00.0000044" startTime="2024-11-23T22:09:00.9932010+01:00" endTime="2024-11-23T22:09:00.9932010+01:00" testType="13cdc9d9-ddb5-4fa4-a97d-d965ccfc6d4b" outcome="Passed" testListId="8c84fa94-04c1-424b-9868-57a2d4851a1d" relativeResultsDirectory="cf6b3d51-4e3c-45ed-806b-ff71f88b9bcf" />
    <UnitTestResult executionId="ca328e49-5a08-43b9-bdef-cba8e26fd468" testId="224805f6-bed7-4001-30ea-9e65f78127b0" testName="Account.UnitTests.Profile.Models.LastNameTests.Create_WithExactMaxLength_ShouldSucceed" computerName="MacBook-Pro-de-Aristide" duration="00:00:00.0000617" startTime="2024-11-23T22:09:00.9937320+01:00" endTime="2024-11-23T22:09:00.9937320+01:00" testType="13cdc9d9-ddb5-4fa4-a97d-d965ccfc6d4b" outcome="Passed" testListId="8c84fa94-04c1-424b-9868-57a2d4851a1d" relativeResultsDirectory="ca328e49-5a08-43b9-bdef-cba8e26fd468" />
    <UnitTestResult executionId="a7d84266-6878-4cd5-b040-4eacf938adc9" testId="5eb84855-9010-b86d-28b6-32397c4fce53" testName="Account.UnitTests.Profile.Models.EmailTests.Equals_WithSameEmails_ShouldBeEqual(email1: &quot;USER@EXAMPLE.COM&quot;, email2: &quot;user@example.com&quot;)" computerName="MacBook-Pro-de-Aristide" duration="00:00:00.0002464" startTime="2024-11-23T22:09:00.9937580+01:00" endTime="2024-11-23T22:09:00.9937580+01:00" testType="13cdc9d9-ddb5-4fa4-a97d-d965ccfc6d4b" outcome="Passed" testListId="8c84fa94-04c1-424b-9868-57a2d4851a1d" relativeResultsDirectory="a7d84266-6878-4cd5-b040-4eacf938adc9" />
    <UnitTestResult executionId="684d6ff0-e5d7-4321-ac61-879c6a38fbd4" testId="c8ee57d1-25a4-70d3-e4bf-b04fdcc8a7c7" testName="Account.UnitTests.Profile.Models.AddressTests.Create_WithEmptyRequiredFields_ShouldReturnError(city: &quot;&quot;, country: &quot;USA&quot;, expectedError: &quot;Address.City.Empty&quot;)" computerName="MacBook-Pro-de-Aristide" duration="00:00:00.0000573" startTime="2024-11-23T22:09:00.9945110+01:00" endTime="2024-11-23T22:09:00.9945110+01:00" testType="13cdc9d9-ddb5-4fa4-a97d-d965ccfc6d4b" outcome="Passed" testListId="8c84fa94-04c1-424b-9868-57a2d4851a1d" relativeResultsDirectory="684d6ff0-e5d7-4321-ac61-879c6a38fbd4" />
    <UnitTestResult executionId="a27a820e-f151-4e70-96be-7d0d20a04f7f" testId="7cdf4f6c-70d9-1c25-646c-8b4aa73d1701" testName="Account.UnitTests.Profile.Models.LastNameTests.Create_WithInvalidCharacters_ShouldReturnSpecificError(invalidName: &quot;Smith@Jones&quot;)" computerName="MacBook-Pro-de-Aristide" duration="00:00:00.0000031" startTime="2024-11-23T22:09:00.9919040+01:00" endTime="2024-11-23T22:09:00.9919040+01:00" testType="13cdc9d9-ddb5-4fa4-a97d-d965ccfc6d4b" outcome="Passed" testListId="8c84fa94-04c1-424b-9868-57a2d4851a1d" relativeResultsDirectory="a27a820e-f151-4e70-96be-7d0d20a04f7f" />
    <UnitTestResult executionId="cb45afb8-d65b-4925-a5be-377feeab9770" testId="a7b9fc85-6361-244c-c5be-5385a17faef4" testName="Account.UnitTests.Profile.Models.PhoneNumberTests.Equals_ShouldHandleValueEquality(number1: &quot;+33612345678&quot;, number2: &quot;+33612345679&quot;)" computerName="MacBook-Pro-de-Aristide" duration="00:00:00.0001011" startTime="2024-11-23T22:09:01.0185770+01:00" endTime="2024-11-23T22:09:01.0185770+01:00" testType="13cdc9d9-ddb5-4fa4-a97d-d965ccfc6d4b" outcome="Passed" testListId="8c84fa94-04c1-424b-9868-57a2d4851a1d" relativeResultsDirectory="cb45afb8-d65b-4925-a5be-377feeab9770" />
    <UnitTestResult executionId="a13b7563-12de-42ca-8700-53282ae5ddab" testId="312c3e7d-31d7-7b82-3fd7-423a5e2d331b" testName="Account.UnitTests.Profile.Models.PhoneNumberTests.Parse_WithRegion_ShouldSetCorrectCountryCode(number: &quot;791234567&quot;, region: &quot;CH&quot;, expectedCountryCode: &quot;41&quot;)" computerName="MacBook-Pro-de-Aristide" duration="00:00:00.0000619" startTime="2024-11-23T22:09:01.0164020+01:00" endTime="2024-11-23T22:09:01.0164020+01:00" testType="13cdc9d9-ddb5-4fa4-a97d-d965ccfc6d4b" outcome="Passed" testListId="8c84fa94-04c1-424b-9868-57a2d4851a1d" relativeResultsDirectory="a13b7563-12de-42ca-8700-53282ae5ddab" />
    <UnitTestResult executionId="335ec5ef-7005-4fe1-a948-7a2a18f8d9f6" testId="5067522d-ab5b-5368-da94-ab7f4d09be9b" testName="Account.UnitTests.Profile.Models.PersonalInfoTests.Builder_ShouldThrowException_ForInvalidFirstName(invalidFirstName: &quot;   &quot;)" computerName="MacBook-Pro-de-Aristide" duration="00:00:00.0001855" startTime="2024-11-23T22:09:00.9944730+01:00" endTime="2024-11-23T22:09:00.9944730+01:00" testType="13cdc9d9-ddb5-4fa4-a97d-d965ccfc6d4b" outcome="Passed" testListId="8c84fa94-04c1-424b-9868-57a2d4851a1d" relativeResultsDirectory="335ec5ef-7005-4fe1-a948-7a2a18f8d9f6" />
    <UnitTestResult executionId="2bd12fe6-fd08-4429-8958-7ebc5018f033" testId="cdad39af-7c93-7aaa-9314-0b5934921c45" testName="Account.UnitTests.Profile.Models.LastNameTests.Create_WithNameExceedingMaxLength_ShouldReturnSpecificError(length: 200)" computerName="MacBook-Pro-de-Aristide" duration="00:00:00.0001884" startTime="2024-11-23T22:09:00.9900390+01:00" endTime="2024-11-23T22:09:00.9900390+01:00" testType="13cdc9d9-ddb5-4fa4-a97d-d965ccfc6d4b" outcome="Passed" testListId="8c84fa94-04c1-424b-9868-57a2d4851a1d" relativeResultsDirectory="2bd12fe6-fd08-4429-8958-7ebc5018f033" />
    <UnitTestResult executionId="6de9ae52-cf39-4c9d-9afa-1c9a1ac7783d" testId="1e835823-d2f9-bf4f-6087-de5b43ea9f5a" testName="Account.UnitTests.Profile.Models.FirstNameTests.Create_WithNameExceedingMaxLength_ShouldReturnSpecificError(length: 150)" computerName="MacBook-Pro-de-Aristide" duration="00:00:00.0000035" startTime="2024-11-23T22:09:00.9929900+01:00" endTime="2024-11-23T22:09:00.9929900+01:00" testType="13cdc9d9-ddb5-4fa4-a97d-d965ccfc6d4b" outcome="Passed" testListId="8c84fa94-04c1-424b-9868-57a2d4851a1d" relativeResultsDirectory="6de9ae52-cf39-4c9d-9afa-1c9a1ac7783d" />
    <UnitTestResult executionId="96eb7fe6-e540-4a32-9e13-d4a7baa5bd07" testId="7d5d4a03-f686-8407-8798-d83e06f811f2" testName="Account.UnitTests.Profile.Models.AddressTests.Create_WithNullOrEmptyOptionalFields_ShouldSucceed(street: null, zipCode: &quot;12345&quot;, city: &quot;New York&quot;, country: &quot;USA&quot;)" computerName="MacBook-Pro-de-Aristide" duration="00:00:00.0001837" startTime="2024-11-23T22:09:00.9900040+01:00" endTime="2024-11-23T22:09:00.9900040+01:00" testType="13cdc9d9-ddb5-4fa4-a97d-d965ccfc6d4b" outcome="Passed" testListId="8c84fa94-04c1-424b-9868-57a2d4851a1d" relativeResultsDirectory="96eb7fe6-e540-4a32-9e13-d4a7baa5bd07" />
    <UnitTestResult executionId="53a23d5a-548a-4abe-a490-919f85cf44bb" testId="fb221cf6-5461-c518-4f1b-1fa9cacb934f" testName="Account.UnitTests.Profile.Models.DateOfBirthTests.Create_WithFutureDate_ShouldReturnError" computerName="MacBook-Pro-de-Aristide" duration="00:00:00.0001205" startTime="2024-11-23T22:09:00.9905420+01:00" endTime="2024-11-23T22:09:00.9905420+01:00" testType="13cdc9d9-ddb5-4fa4-a97d-d965ccfc6d4b" outcome="Passed" testListId="8c84fa94-04c1-424b-9868-57a2d4851a1d" relativeResultsDirectory="53a23d5a-548a-4abe-a490-919f85cf44bb" />
    <UnitTestResult executionId="95d3b32d-cd3d-4516-a30a-15f14e449af1" testId="3c01d42c-dd76-77d7-2f76-d93f2a8df7a6" testName="Account.UnitTests.Profile.Models.EmailTests.Create_WithValidEmail_ShouldSucceed(validEmail: &quot;test@example.com&quot;)" computerName="MacBook-Pro-de-Aristide" duration="00:00:00.0000566" startTime="2024-11-23T22:09:00.9923890+01:00" endTime="2024-11-23T22:09:00.9923890+01:00" testType="13cdc9d9-ddb5-4fa4-a97d-d965ccfc6d4b" outcome="Passed" testListId="8c84fa94-04c1-424b-9868-57a2d4851a1d" relativeResultsDirectory="95d3b32d-cd3d-4516-a30a-15f14e449af1" />
    <UnitTestResult executionId="b02742f5-8fb6-4fcc-a9a5-29b95de12b91" testId="13ef212e-41f6-4e86-6e92-e81d2c1821f0" testName="Account.UnitTests.Profile.Models.FirstNameTests.Create_WithInvalidCharacters_ShouldReturnSpecificError(invalidName: &quot;John!&quot;)" computerName="MacBook-Pro-de-Aristide" duration="00:00:00.0000063" startTime="2024-11-23T22:09:00.9893990+01:00" endTime="2024-11-23T22:09:00.9893990+01:00" testType="13cdc9d9-ddb5-4fa4-a97d-d965ccfc6d4b" outcome="Passed" testListId="8c84fa94-04c1-424b-9868-57a2d4851a1d" relativeResultsDirectory="b02742f5-8fb6-4fcc-a9a5-29b95de12b91" />
    <UnitTestResult executionId="dfbe1d9b-6b4b-46b5-a8ae-a8df6b3b7cc0" testId="c71f4fb3-f3af-ef37-e388-11bb8b46fdf3" testName="Account.UnitTests.Profile.Models.LastNameTests.Create_WithAccentedCharacters_ShouldSucceed(nameWithAccents: &quot;Søren&quot;)" computerName="MacBook-Pro-de-Aristide" duration="00:00:00.0000059" startTime="2024-11-23T22:09:00.9921660+01:00" endTime="2024-11-23T22:09:00.9921660+01:00" testType="13cdc9d9-ddb5-4fa4-a97d-d965ccfc6d4b" outcome="Passed" testListId="8c84fa94-04c1-424b-9868-57a2d4851a1d" relativeResultsDirectory="dfbe1d9b-6b4b-46b5-a8ae-a8df6b3b7cc0" />
    <UnitTestResult executionId="828e80a8-205b-4ed6-8a6a-b54a6043b4c8" testId="41a7d3bc-a6c0-9a51-64d3-52570adf7214" testName="Account.UnitTests.Profile.Models.PersonalInfoTests.Builder_ShouldThrowException_ForInvalidPhoneNumber(invalidPhoneNumber: &quot;not-a-number&quot;)" computerName="MacBook-Pro-de-Aristide" duration="00:00:00.0004105" startTime="2024-11-23T22:09:01.0169300+01:00" endTime="2024-11-23T22:09:01.0169300+01:00" testType="13cdc9d9-ddb5-4fa4-a97d-d965ccfc6d4b" outcome="Passed" testListId="8c84fa94-04c1-424b-9868-57a2d4851a1d" relativeResultsDirectory="828e80a8-205b-4ed6-8a6a-b54a6043b4c8" />
    <UnitTestResult executionId="85f25868-17fd-49db-ad6e-35de7a2dd118" testId="4dc35cd4-d680-46ac-4b64-4be6ed9879d4" testName="Account.UnitTests.Profile.Models.FirstNameTests.ValueObject_EqualityBehavior_ShouldBeCorrect(value1: &quot;Jean-Paul&quot;, value2: &quot;Jean-Paul&quot;, shouldBeEqual: True)" computerName="MacBook-Pro-de-Aristide" duration="00:00:00.0000033" startTime="2024-11-23T22:09:00.9923750+01:00" endTime="2024-11-23T22:09:00.9923750+01:00" testType="13cdc9d9-ddb5-4fa4-a97d-d965ccfc6d4b" outcome="Passed" testListId="8c84fa94-04c1-424b-9868-57a2d4851a1d" relativeResultsDirectory="85f25868-17fd-49db-ad6e-35de7a2dd118" />
    <UnitTestResult executionId="cb3bebec-2a06-4fb6-8be9-180c14529e1a" testId="bb80df1b-d5df-85fd-4e6b-cb3636fe6e0f" testName="Account.UnitTests.Profile.Models.PersonalInfoTests.Builder_ShouldThrowException_ForInvalidAddress(street: &quot;&quot;, zipCode: &quot;&quot;, city: &quot;&quot;, country: &quot;&quot;)" computerName="MacBook-Pro-de-Aristide" duration="00:00:00.0170191" startTime="2024-11-23T22:09:00.9939800+01:00" endTime="2024-11-23T22:09:00.9939800+01:00" testType="13cdc9d9-ddb5-4fa4-a97d-d965ccfc6d4b" outcome="Passed" testListId="8c84fa94-04c1-424b-9868-57a2d4851a1d" relativeResultsDirectory="cb3bebec-2a06-4fb6-8be9-180c14529e1a" />
    <UnitTestResult executionId="f0caf2e6-505f-4d4b-a3e5-054a17d3c468" testId="8dd90de6-0821-7040-e311-6a93757a5d85" testName="Account.UnitTests.Profile.Models.PhoneNumberTests.ToString_ShouldReturnSameValueAsProperty" computerName="MacBook-Pro-de-Aristide" duration="00:00:00.0000668" startTime="2024-11-23T22:09:01.0163890+01:00" endTime="2024-11-23T22:09:01.0163890+01:00" testType="13cdc9d9-ddb5-4fa4-a97d-d965ccfc6d4b" outcome="Passed" testListId="8c84fa94-04c1-424b-9868-57a2d4851a1d" relativeResultsDirectory="f0caf2e6-505f-4d4b-a3e5-054a17d3c468" />
    <UnitTestResult executionId="35816f53-dd5b-45df-acc9-cf2caa9030f5" testId="fbd4bbd7-3522-da54-e0f2-37a03407ae87" testName="Account.UnitTests.Profile.Models.EmailTests.Create_WithInvalidFormat_ShouldReturnError(invalidEmail: &quot;@example.com&quot;)" computerName="MacBook-Pro-de-Aristide" duration="00:00:00.0001325" startTime="2024-11-23T22:09:00.9917460+01:00" endTime="2024-11-23T22:09:00.9917460+01:00" testType="13cdc9d9-ddb5-4fa4-a97d-d965ccfc6d4b" outcome="Passed" testListId="8c84fa94-04c1-424b-9868-57a2d4851a1d" relativeResultsDirectory="35816f53-dd5b-45df-acc9-cf2caa9030f5" />
    <UnitTestResult executionId="a2d9d706-4ac9-4f06-a704-7fb975b40d98" testId="8fa377bb-de06-0370-1683-414474e50f16" testName="Account.UnitTests.Profile.Models.PhoneNumberTests.Parse_WithEmptyCountryCode_ShouldReturnError(number: &quot;0612345678&quot;, countryCode: &quot;&quot;)" computerName="MacBook-Pro-de-Aristide" duration="00:00:00.0000039" startTime="2024-11-23T22:09:00.9900650+01:00" endTime="2024-11-23T22:09:00.9900650+01:00" testType="13cdc9d9-ddb5-4fa4-a97d-d965ccfc6d4b" outcome="Passed" testListId="8c84fa94-04c1-424b-9868-57a2d4851a1d" relativeResultsDirectory="a2d9d706-4ac9-4f06-a704-7fb975b40d98" />
    <UnitTestResult executionId="14bf826d-e074-41a9-b044-1306e2b366f7" testId="dc861f51-3477-76aa-b677-19cbbd0a0c8e" testName="Account.UnitTests.Profile.Models.LastNameTests.Create_WithCompoundName_ShouldSucceed(compoundName: &quot;van der Waals&quot;)" computerName="MacBook-Pro-de-Aristide" duration="00:00:00.0000106" startTime="2024-11-23T22:09:00.9931890+01:00" endTime="2024-11-23T22:09:00.9931890+01:00" testType="13cdc9d9-ddb5-4fa4-a97d-d965ccfc6d4b" outcome="Passed" testListId="8c84fa94-04c1-424b-9868-57a2d4851a1d" relativeResultsDirectory="14bf826d-e074-41a9-b044-1306e2b366f7" />
    <UnitTestResult executionId="c447f733-9cc1-4b4a-93aa-337f427ac890" testId="92a94363-69b6-f21f-5d42-baf4945e3176" testName="Account.UnitTests.Profile.Models.PhoneNumberTests.Parse_WithRegion_ShouldSetCorrectCountryCode(number: &quot;612345678&quot;, region: &quot;FR&quot;, expectedCountryCode: &quot;33&quot;)" computerName="MacBook-Pro-de-Aristide" duration="00:00:00.0000444" startTime="2024-11-23T22:09:01.0166590+01:00" endTime="2024-11-23T22:09:01.0166590+01:00" testType="13cdc9d9-ddb5-4fa4-a97d-d965ccfc6d4b" outcome="Passed" testListId="8c84fa94-04c1-424b-9868-57a2d4851a1d" relativeResultsDirectory="c447f733-9cc1-4b4a-93aa-337f427ac890" />
    <UnitTestResult executionId="84a9b349-162f-4a75-a634-d6984e5322a2" testId="acd2ce73-81e8-519e-481c-5f8785031760" testName="Account.UnitTests.Profile.Models.FirstNameTests.Create_WithInvalidCharacters_ShouldReturnSpecificError(invalidName: &quot;John#Smith&quot;)" computerName="MacBook-Pro-de-Aristide" duration="00:00:00.0000053" startTime="2024-11-23T22:09:00.9894120+01:00" endTime="2024-11-23T22:09:00.9894120+01:00" testType="13cdc9d9-ddb5-4fa4-a97d-d965ccfc6d4b" outcome="Passed" testListId="8c84fa94-04c1-424b-9868-57a2d4851a1d" relativeResultsDirectory="84a9b349-162f-4a75-a634-d6984e5322a2" />
    <UnitTestResult executionId="da3ce32b-e438-48e7-92e4-031768f14ace" testId="0f58ee06-0a3b-a6c8-19d1-8f4d2b6f4445" testName="Account.UnitTests.Profile.Models.LastNameTests.Create_WithEdgeCases_ShouldSucceed(validName: &quot;AAAAAAAAAAAAAAAAAAAAAAAAAAAAAAAAAAAAAAAAAAAAAAAAAA&quot;···)" computerName="MacBook-Pro-de-Aristide" duration="00:00:00.0001321" startTime="2024-11-23T22:09:00.9924000+01:00" endTime="2024-11-23T22:09:00.9924000+01:00" testType="13cdc9d9-ddb5-4fa4-a97d-d965ccfc6d4b" outcome="Passed" testListId="8c84fa94-04c1-424b-9868-57a2d4851a1d" relativeResultsDirectory="da3ce32b-e438-48e7-92e4-031768f14ace" />
    <UnitTestResult executionId="0a11149f-eefb-408e-ae2c-74cc13766867" testId="008e4e4f-5ed3-2e26-a587-01d9a7b7723f" testName="Account.UnitTests.Profile.Models.FirstNameTests.Create_WithValidName_ShouldReturnExpectedInstance(validName: &quot;Jean-Pierre&quot;)" computerName="MacBook-Pro-de-Aristide" duration="00:00:00.0000025" startTime="2024-11-23T22:09:00.9916570+01:00" endTime="2024-11-23T22:09:00.9916570+01:00" testType="13cdc9d9-ddb5-4fa4-a97d-d965ccfc6d4b" outcome="Passed" testListId="8c84fa94-04c1-424b-9868-57a2d4851a1d" relativeResultsDirectory="0a11149f-eefb-408e-ae2c-74cc13766867" />
    <UnitTestResult executionId="d92aea9e-35be-4c66-8d6b-b7dfe90d2a14" testId="50a8cc2a-05ce-30e7-1819-6194e2852bf2" testName="Account.UnitTests.Profile.Models.LastNameTests.Create_WithNullOrWhiteSpace_ShouldReturnSpecificError(invalidName: &quot;&quot;, expectedErrorCode: &quot;LastName.Empty&quot;)" computerName="MacBook-Pro-de-Aristide" duration="00:00:00.0000522" startTime="2024-11-23T22:09:00.9934640+01:00" endTime="2024-11-23T22:09:00.9934640+01:00" testType="13cdc9d9-ddb5-4fa4-a97d-d965ccfc6d4b" outcome="Passed" testListId="8c84fa94-04c1-424b-9868-57a2d4851a1d" relativeResultsDirectory="d92aea9e-35be-4c66-8d6b-b7dfe90d2a14" />
    <UnitTestResult executionId="f423582c-f56b-4dd6-883c-d797710df2f1" testId="13a9da82-e944-6caa-bedb-d892561015cd" testName="Account.UnitTests.Profile.Models.LastNameTests.Create_WithValidName_ShouldReturnExpectedInstance(validName: &quot;de la Cruz&quot;)" computerName="MacBook-Pro-de-Aristide" duration="00:00:00.0005617" startTime="2024-11-23T22:09:00.9905790+01:00" endTime="2024-11-23T22:09:00.9905790+01:00" testType="13cdc9d9-ddb5-4fa4-a97d-d965ccfc6d4b" outcome="Passed" testListId="8c84fa94-04c1-424b-9868-57a2d4851a1d" relativeResultsDirectory="f423582c-f56b-4dd6-883c-d797710df2f1" />
    <UnitTestResult executionId="2be23170-85a4-4ec9-b69f-43dc7900a1e5" testId="b11a8664-fdfe-addb-e7d4-621924d5fa11" testName="Account.UnitTests.Profile.Models.DateOfBirthTests.ValueObject_EqualityBehavior_ShouldBeCorrect(value1: 1990-01-01T00:00:00.0000000, value2: 1990-01-02T00:00:00.0000000, shouldBeEqual: False)" computerName="MacBook-Pro-de-Aristide" duration="00:00:00.0077726" startTime="2024-11-23T22:09:00.9678910+01:00" endTime="2024-11-23T22:09:00.9679020+01:00" testType="13cdc9d9-ddb5-4fa4-a97d-d965ccfc6d4b" outcome="Passed" testListId="8c84fa94-04c1-424b-9868-57a2d4851a1d" relativeResultsDirectory="2be23170-85a4-4ec9-b69f-43dc7900a1e5" />
    <UnitTestResult executionId="0323534b-5d15-4442-9c06-5aaf4a589701" testId="5868f1d5-e581-b3f2-1fe2-bf4b097e127b" testName="Account.UnitTests.Profile.Models.AddressTests.Create_WithInvalidRequiredFields_ShouldReturnError(street: null, zipCode: null, city: &quot;New York&quot;, country: null, expectedError: &quot;Address.Country.Empty&quot;)" computerName="MacBook-Pro-de-Aristide" duration="00:00:00.0000167" startTime="2024-11-23T22:09:00.9907900+01:00" endTime="2024-11-23T22:09:00.9907900+01:00" testType="13cdc9d9-ddb5-4fa4-a97d-d965ccfc6d4b" outcome="Passed" testListId="8c84fa94-04c1-424b-9868-57a2d4851a1d" relativeResultsDirectory="0323534b-5d15-4442-9c06-5aaf4a589701" />
    <UnitTestResult executionId="7267ea3a-ee50-4a4f-b4ad-11225ef689eb" testId="f7bdb2dc-8346-a91f-d86b-9d0e8f0c1ec2" testName="Account.UnitTests.Profile.Models.EmailTests.Create_WithInvalidFormat_ShouldReturnError(invalidEmail: &quot;user@.com&quot;)" computerName="MacBook-Pro-de-Aristide" duration="00:00:00.0079381" startTime="2024-11-23T22:09:00.9731880+01:00" endTime="2024-11-23T22:09:00.9731880+01:00" testType="13cdc9d9-ddb5-4fa4-a97d-d965ccfc6d4b" outcome="Passed" testListId="8c84fa94-04c1-424b-9868-57a2d4851a1d" relativeResultsDirectory="7267ea3a-ee50-4a4f-b4ad-11225ef689eb" />
    <UnitTestResult executionId="8464942d-ee91-4e1c-b929-2fa5cc147e59" testId="7e428861-b5aa-5357-c778-1ae04f1007c1" testName="Account.UnitTests.Profile.Models.PhoneNumberTests.Parse_WithInvalidFormats_ShouldIncludeExceptionMessageInError(number: &quot;+AA612345678&quot;, expectedErrorCode: &quot;PhoneNumber.Invalid&quot;)" computerName="MacBook-Pro-de-Aristide" duration="00:00:00.0001062" startTime="2024-11-23T22:09:01.0154540+01:00" endTime="2024-11-23T22:09:01.0154540+01:00" testType="13cdc9d9-ddb5-4fa4-a97d-d965ccfc6d4b" outcome="Passed" testListId="8c84fa94-04c1-424b-9868-57a2d4851a1d" relativeResultsDirectory="8464942d-ee91-4e1c-b929-2fa5cc147e59" />
    <UnitTestResult executionId="443d0550-1a9f-4957-8bdc-ca032cb0e2a6" testId="58357c87-4e4a-c6d4-9e09-a6787253b2df" testName="Account.UnitTests.Profile.Models.FirstNameTests.Create_WithInvalidCharacters_ShouldReturnSpecificError(invalidName: &quot;John+Smith&quot;)" computerName="MacBook-Pro-de-Aristide" duration="00:00:00.0001101" startTime="2024-11-23T22:09:00.9893360+01:00" endTime="2024-11-23T22:09:00.9893360+01:00" testType="13cdc9d9-ddb5-4fa4-a97d-d965ccfc6d4b" outcome="Passed" testListId="8c84fa94-04c1-424b-9868-57a2d4851a1d" relativeResultsDirectory="443d0550-1a9f-4957-8bdc-ca032cb0e2a6" />
    <UnitTestResult executionId="40046d6d-31c9-4720-b96e-aee9aee82b99" testId="5d81883f-039c-bba4-2431-6c4c5f78e648" testName="Account.UnitTests.Profile.Models.AddressTests.ToString_ShouldHandleNullFields(street: null, zipCode: null, city: &quot;New York&quot;, country: &quot;USA&quot;, expected: &quot;New York, USA&quot;)" computerName="MacBook-Pro-de-Aristide" duration="00:00:00.0000816" startTime="2024-11-23T22:09:00.9903370+01:00" endTime="2024-11-23T22:09:00.9903370+01:00" testType="13cdc9d9-ddb5-4fa4-a97d-d965ccfc6d4b" outcome="Passed" testListId="8c84fa94-04c1-424b-9868-57a2d4851a1d" relativeResultsDirectory="40046d6d-31c9-4720-b96e-aee9aee82b99" />
    <UnitTestResult executionId="4416e5f4-818f-4c69-9894-ac27ba6895b0" testId="3cec4461-089d-ade4-fa07-105f48fa7261" testName="Account.UnitTests.Profile.Models.LastNameTests.Create_WithValidName_ShouldReturnExpectedInstance(validName: &quot;Smith&quot;)" computerName="MacBook-Pro-de-Aristide" duration="00:00:00.0000513" startTime="2024-11-23T22:09:00.9907700+01:00" endTime="2024-11-23T22:09:00.9907700+01:00" testType="13cdc9d9-ddb5-4fa4-a97d-d965ccfc6d4b" outcome="Passed" testListId="8c84fa94-04c1-424b-9868-57a2d4851a1d" relativeResultsDirectory="4416e5f4-818f-4c69-9894-ac27ba6895b0" />
  </Results>
  <TestDefinitions>
    <UnitTest name="Account.UnitTests.Profile.Models.FirstNameTests.Create_WithValidName_ShouldReturnExpectedInstance(validName: &quot;Jean-Pierre&quot;)" storage="/users/aristidehervembassi/documents/projects/veepee/place-api/tests/account.unittests/bin/release/.net9.0/account.unittests.dll" id="008e4e4f-5ed3-2e26-a587-01d9a7b7723f">
      <Execution id="0a11149f-eefb-408e-ae2c-74cc13766867" />
      <TestMethod codeBase="/Users/aristidehervembassi/Documents/Projects/Veepee/place-api/tests/Account.UnitTests/bin/Release/.net9.0/Account.UnitTests.dll" adapterTypeName="executor://xunit/VsTestRunner2/netcoreapp" className="Account.UnitTests.Profile.Models.FirstNameTests" name="Create_WithValidName_ShouldReturnExpectedInstance" />
    </UnitTest>
    <UnitTest name="Account.UnitTests.Profile.Models.LastNameTests.Create_WithNameExceedingMaxLength_ShouldReturnSpecificError(length: 150)" storage="/users/aristidehervembassi/documents/projects/veepee/place-api/tests/account.unittests/bin/release/.net9.0/account.unittests.dll" id="72324ea3-2f4c-607a-c175-f5ddf9397700">
      <Execution id="bf87280b-932c-4f88-a10d-6c0d713c7fb3" />
      <TestMethod codeBase="/Users/aristidehervembassi/Documents/Projects/Veepee/place-api/tests/Account.UnitTests/bin/Release/.net9.0/Account.UnitTests.dll" adapterTypeName="executor://xunit/VsTestRunner2/netcoreapp" className="Account.UnitTests.Profile.Models.LastNameTests" name="Create_WithNameExceedingMaxLength_ShouldReturnSpecificError" />
    </UnitTest>
    <UnitTest name="Account.UnitTests.Profile.Models.LastNameTests.Create_WithNullOrWhiteSpace_ShouldReturnSpecificError(invalidName: &quot;   &quot;, expectedErrorCode: &quot;LastName.Empty&quot;)" storage="/users/aristidehervembassi/documents/projects/veepee/place-api/tests/account.unittests/bin/release/.net9.0/account.unittests.dll" id="430604ee-cff9-8928-9628-c6f139017ec3">
      <Execution id="25463ddc-8276-4265-847f-ee98eec3b8b0" />
      <TestMethod codeBase="/Users/aristidehervembassi/Documents/Projects/Veepee/place-api/tests/Account.UnitTests/bin/Release/.net9.0/Account.UnitTests.dll" adapterTypeName="executor://xunit/VsTestRunner2/netcoreapp" className="Account.UnitTests.Profile.Models.LastNameTests" name="Create_WithNullOrWhiteSpace_ShouldReturnSpecificError" />
    </UnitTest>
    <UnitTest name="Account.UnitTests.Profile.Models.EmailTests.Create_WithInvalidFormat_ShouldReturnError(invalidEmail: &quot;user@&quot;)" storage="/users/aristidehervembassi/documents/projects/veepee/place-api/tests/account.unittests/bin/release/.net9.0/account.unittests.dll" id="62129c8e-4d7a-be58-8ef1-5710e1680187">
      <Execution id="e32d2149-bb42-49f0-a7e7-8b90bf10b6b3" />
      <TestMethod codeBase="/Users/aristidehervembassi/Documents/Projects/Veepee/place-api/tests/Account.UnitTests/bin/Release/.net9.0/Account.UnitTests.dll" adapterTypeName="executor://xunit/VsTestRunner2/netcoreapp" className="Account.UnitTests.Profile.Models.EmailTests" name="Create_WithInvalidFormat_ShouldReturnError" />
    </UnitTest>
    <UnitTest name="Account.UnitTests.Profile.Models.PhoneNumberTests.Format_ShouldReturnCorrectInternationalFormat(number: &quot;+33612345678&quot;, expected: &quot;+33 6 12 34 56 78&quot;)" storage="/users/aristidehervembassi/documents/projects/veepee/place-api/tests/account.unittests/bin/release/.net9.0/account.unittests.dll" id="bb015aa1-a58b-d13a-4dc2-03f422451100">
      <Execution id="aa135a2b-f4fd-46e9-a79d-ba609f6fefc4" />
      <TestMethod codeBase="/Users/aristidehervembassi/Documents/Projects/Veepee/place-api/tests/Account.UnitTests/bin/Release/.net9.0/Account.UnitTests.dll" adapterTypeName="executor://xunit/VsTestRunner2/netcoreapp" className="Account.UnitTests.Profile.Models.PhoneNumberTests" name="Format_ShouldReturnCorrectInternationalFormat" />
    </UnitTest>
    <UnitTest name="Account.UnitTests.Profile.Models.DateOfBirthTests.Create_WithAgeExceedingMaxAge_ShouldReturnError(tooOldDate: 1874-11-23T00:00:00.0000000Z)" storage="/users/aristidehervembassi/documents/projects/veepee/place-api/tests/account.unittests/bin/release/.net9.0/account.unittests.dll" id="d91913bc-8e96-1a25-4200-b5b9b5728d83">
      <Execution id="c7e49cfa-6192-466b-bad2-56e5c6835346" />
      <TestMethod codeBase="/Users/aristidehervembassi/Documents/Projects/Veepee/place-api/tests/Account.UnitTests/bin/Release/.net9.0/Account.UnitTests.dll" adapterTypeName="executor://xunit/VsTestRunner2/netcoreapp" className="Account.UnitTests.Profile.Models.DateOfBirthTests" name="Create_WithAgeExceedingMaxAge_ShouldReturnError" />
    </UnitTest>
    <UnitTest name="Account.UnitTests.Profile.Models.EmailTests.Create_WithInvalidFormat_ShouldReturnError(invalidEmail: &quot;notanemail&quot;)" storage="/users/aristidehervembassi/documents/projects/veepee/place-api/tests/account.unittests/bin/release/.net9.0/account.unittests.dll" id="8fff71f7-f583-de3e-f6ae-71087989417d">
      <Execution id="ffb57086-2f9f-49a7-8127-fb61ed4ce891" />
      <TestMethod codeBase="/Users/aristidehervembassi/Documents/Projects/Veepee/place-api/tests/Account.UnitTests/bin/Release/.net9.0/Account.UnitTests.dll" adapterTypeName="executor://xunit/VsTestRunner2/netcoreapp" className="Account.UnitTests.Profile.Models.EmailTests" name="Create_WithInvalidFormat_ShouldReturnError" />
    </UnitTest>
    <UnitTest name="Account.UnitTests.Profile.Models.LastNameTests.Create_WithNullOrWhiteSpace_ShouldReturnSpecificError(invalidName: &quot; &quot;, expectedErrorCode: &quot;LastName.Empty&quot;)" storage="/users/aristidehervembassi/documents/projects/veepee/place-api/tests/account.unittests/bin/release/.net9.0/account.unittests.dll" id="cac3150d-925c-bd1f-a3a9-414838b5f808">
      <Execution id="2c33d5d0-96b3-4fde-af6e-f55d4e936bd3" />
      <TestMethod codeBase="/Users/aristidehervembassi/Documents/Projects/Veepee/place-api/tests/Account.UnitTests/bin/Release/.net9.0/Account.UnitTests.dll" adapterTypeName="executor://xunit/VsTestRunner2/netcoreapp" className="Account.UnitTests.Profile.Models.LastNameTests" name="Create_WithNullOrWhiteSpace_ShouldReturnSpecificError" />
    </UnitTest>
    <UnitTest name="Account.UnitTests.Profile.Models.LastNameTests.Create_WithEdgeCases_ShouldSucceed(validName: &quot;A&quot;)" storage="/users/aristidehervembassi/documents/projects/veepee/place-api/tests/account.unittests/bin/release/.net9.0/account.unittests.dll" id="d8258a02-8b6c-8cb4-addf-0df5de71f568">
      <Execution id="dc3ef489-0f08-490c-a12e-10c7c4e886d1" />
      <TestMethod codeBase="/Users/aristidehervembassi/Documents/Projects/Veepee/place-api/tests/Account.UnitTests/bin/Release/.net9.0/Account.UnitTests.dll" adapterTypeName="executor://xunit/VsTestRunner2/netcoreapp" className="Account.UnitTests.Profile.Models.LastNameTests" name="Create_WithEdgeCases_ShouldSucceed" />
    </UnitTest>
    <UnitTest name="Account.UnitTests.Profile.Models.LastNameTests.Create_WithAccentedCharacters_ShouldSucceed(nameWithAccents: &quot;Søren&quot;)" storage="/users/aristidehervembassi/documents/projects/veepee/place-api/tests/account.unittests/bin/release/.net9.0/account.unittests.dll" id="c71f4fb3-f3af-ef37-e388-11bb8b46fdf3">
      <Execution id="dfbe1d9b-6b4b-46b5-a8ae-a8df6b3b7cc0" />
      <TestMethod codeBase="/Users/aristidehervembassi/Documents/Projects/Veepee/place-api/tests/Account.UnitTests/bin/Release/.net9.0/Account.UnitTests.dll" adapterTypeName="executor://xunit/VsTestRunner2/netcoreapp" className="Account.UnitTests.Profile.Models.LastNameTests" name="Create_WithAccentedCharacters_ShouldSucceed" />
    </UnitTest>
    <UnitTest name="Account.UnitTests.Profile.Models.AddressTests.Create_WithEmptyRequiredFields_ShouldReturnError(city: &quot;&quot;, country: &quot;USA&quot;, expectedError: &quot;Address.City.Empty&quot;)" storage="/users/aristidehervembassi/documents/projects/veepee/place-api/tests/account.unittests/bin/release/.net9.0/account.unittests.dll" id="c8ee57d1-25a4-70d3-e4bf-b04fdcc8a7c7">
      <Execution id="684d6ff0-e5d7-4321-ac61-879c6a38fbd4" />
      <TestMethod codeBase="/Users/aristidehervembassi/Documents/Projects/Veepee/place-api/tests/Account.UnitTests/bin/Release/.net9.0/Account.UnitTests.dll" adapterTypeName="executor://xunit/VsTestRunner2/netcoreapp" className="Account.UnitTests.Profile.Models.AddressTests" name="Create_WithEmptyRequiredFields_ShouldReturnError" />
    </UnitTest>
    <UnitTest name="Account.UnitTests.Profile.Models.PhoneNumberTests.Parse_WithInvalidRegion_ShouldReturnError(number: &quot;0612345678&quot;, region: &quot;ZZ&quot;)" storage="/users/aristidehervembassi/documents/projects/veepee/place-api/tests/account.unittests/bin/release/.net9.0/account.unittests.dll" id="8cd4d594-e71a-d753-0c1f-e432bec55add">
      <Execution id="f32ae91b-4f8d-4638-a5a4-3084fe8702f1" />
      <TestMethod codeBase="/Users/aristidehervembassi/Documents/Projects/Veepee/place-api/tests/Account.UnitTests/bin/Release/.net9.0/Account.UnitTests.dll" adapterTypeName="executor://xunit/VsTestRunner2/netcoreapp" className="Account.UnitTests.Profile.Models.PhoneNumberTests" name="Parse_WithInvalidRegion_ShouldReturnError" />
    </UnitTest>
    <UnitTest name="Account.UnitTests.Profile.Models.FirstNameTests.Create_WithNullOrWhiteSpace_ShouldReturnSpecificError(invalidName: null, expectedErrorCode: &quot;FirstName.Empty&quot;)" storage="/users/aristidehervembassi/documents/projects/veepee/place-api/tests/account.unittests/bin/release/.net9.0/account.unittests.dll" id="2f679c0a-6fac-4c51-d526-0dd7344b6236">
      <Execution id="4025ead3-839f-4960-97eb-29f8e473a1b3" />
      <TestMethod codeBase="/Users/aristidehervembassi/Documents/Projects/Veepee/place-api/tests/Account.UnitTests/bin/Release/.net9.0/Account.UnitTests.dll" adapterTypeName="executor://xunit/VsTestRunner2/netcoreapp" className="Account.UnitTests.Profile.Models.FirstNameTests" name="Create_WithNullOrWhiteSpace_ShouldReturnSpecificError" />
    </UnitTest>
    <UnitTest name="Account.UnitTests.Profile.Models.LastNameTests.Create_WithEdgeCases_ShouldSucceed(validName: &quot;AAAAAAAAAAAAAAAAAAAAAAAAAAAAAAAAAAAAAAAAAAAAAAAAAA&quot;···)" storage="/users/aristidehervembassi/documents/projects/veepee/place-api/tests/account.unittests/bin/release/.net9.0/account.unittests.dll" id="0f58ee06-0a3b-a6c8-19d1-8f4d2b6f4445">
      <Execution id="da3ce32b-e438-48e7-92e4-031768f14ace" />
      <TestMethod codeBase="/Users/aristidehervembassi/Documents/Projects/Veepee/place-api/tests/Account.UnitTests/bin/Release/.net9.0/Account.UnitTests.dll" adapterTypeName="executor://xunit/VsTestRunner2/netcoreapp" className="Account.UnitTests.Profile.Models.LastNameTests" name="Create_WithEdgeCases_ShouldSucceed" />
    </UnitTest>
    <UnitTest name="Account.UnitTests.Profile.Models.LastNameTests.Create_WithNameExceedingMaxLength_ShouldReturnSpecificError(length: 101)" storage="/users/aristidehervembassi/documents/projects/veepee/place-api/tests/account.unittests/bin/release/.net9.0/account.unittests.dll" id="f8716bdb-cc29-2135-f2c3-861cd593a7cc">
      <Execution id="4f317ac6-45f1-4d2a-8d21-1e70ea2a9dd6" />
      <TestMethod codeBase="/Users/aristidehervembassi/Documents/Projects/Veepee/place-api/tests/Account.UnitTests/bin/Release/.net9.0/Account.UnitTests.dll" adapterTypeName="executor://xunit/VsTestRunner2/netcoreapp" className="Account.UnitTests.Profile.Models.LastNameTests" name="Create_WithNameExceedingMaxLength_ShouldReturnSpecificError" />
    </UnitTest>
    <UnitTest name="Account.UnitTests.Profile.Models.DateOfBirthTests.Create_WithValidDate_ShouldReturnExpectedInstance(validDate: 1974-11-23T00:00:00.0000000Z)" storage="/users/aristidehervembassi/documents/projects/veepee/place-api/tests/account.unittests/bin/release/.net9.0/account.unittests.dll" id="0777c449-d6f8-2042-12d4-cd6357568145">
      <Execution id="54ed71ee-b89e-4229-b1bd-21d2f40e4f5b" />
      <TestMethod codeBase="/Users/aristidehervembassi/Documents/Projects/Veepee/place-api/tests/Account.UnitTests/bin/Release/.net9.0/Account.UnitTests.dll" adapterTypeName="executor://xunit/VsTestRunner2/netcoreapp" className="Account.UnitTests.Profile.Models.DateOfBirthTests" name="Create_WithValidDate_ShouldReturnExpectedInstance" />
    </UnitTest>
    <UnitTest name="Account.UnitTests.Profile.Models.PhoneNumberTests.Parse_WithValidInternationalNumber_ShouldSucceed(number: &quot;+237699999999&quot;)" storage="/users/aristidehervembassi/documents/projects/veepee/place-api/tests/account.unittests/bin/release/.net9.0/account.unittests.dll" id="42321f61-bb82-1529-b9e1-86c370c16b04">
      <Execution id="7a2f05fd-e1ff-498e-8fa0-bf2d605dee9a" />
      <TestMethod codeBase="/Users/aristidehervembassi/Documents/Projects/Veepee/place-api/tests/Account.UnitTests/bin/Release/.net9.0/Account.UnitTests.dll" adapterTypeName="executor://xunit/VsTestRunner2/netcoreapp" className="Account.UnitTests.Profile.Models.PhoneNumberTests" name="Parse_WithValidInternationalNumber_ShouldSucceed" />
    </UnitTest>
    <UnitTest name="Account.UnitTests.Profile.Models.DateOfBirthTests.Create_WithValidDate_ShouldReturnExpectedInstance(validDate: 1924-11-23T00:00:00.0000000Z)" storage="/users/aristidehervembassi/documents/projects/veepee/place-api/tests/account.unittests/bin/release/.net9.0/account.unittests.dll" id="adc887a1-3fc3-1c74-4c02-532b24eb96a4">
      <Execution id="84f8cb30-f86b-4ef1-8194-86505de441cf" />
      <TestMethod codeBase="/Users/aristidehervembassi/Documents/Projects/Veepee/place-api/tests/Account.UnitTests/bin/Release/.net9.0/Account.UnitTests.dll" adapterTypeName="executor://xunit/VsTestRunner2/netcoreapp" className="Account.UnitTests.Profile.Models.DateOfBirthTests" name="Create_WithValidDate_ShouldReturnExpectedInstance" />
    </UnitTest>
    <UnitTest name="Account.UnitTests.Profile.Models.AddressTests.ToString_ShouldHandleNullFields(street: null, zipCode: null, city: &quot;New York&quot;, country: &quot;USA&quot;, expected: &quot;New York, USA&quot;)" storage="/users/aristidehervembassi/documents/projects/veepee/place-api/tests/account.unittests/bin/release/.net9.0/account.unittests.dll" id="5d81883f-039c-bba4-2431-6c4c5f78e648">
      <Execution id="40046d6d-31c9-4720-b96e-aee9aee82b99" />
      <TestMethod codeBase="/Users/aristidehervembassi/Documents/Projects/Veepee/place-api/tests/Account.UnitTests/bin/Release/.net9.0/Account.UnitTests.dll" adapterTypeName="executor://xunit/VsTestRunner2/netcoreapp" className="Account.UnitTests.Profile.Models.AddressTests" name="ToString_ShouldHandleNullFields" />
    </UnitTest>
    <UnitTest name="Account.UnitTests.Profile.Models.FirstNameTests.Create_WithInvalidCharacters_ShouldReturnSpecificError(invalidName: &quot;John!&quot;)" storage="/users/aristidehervembassi/documents/projects/veepee/place-api/tests/account.unittests/bin/release/.net9.0/account.unittests.dll" id="13ef212e-41f6-4e86-6e92-e81d2c1821f0">
      <Execution id="b02742f5-8fb6-4fcc-a9a5-29b95de12b91" />
      <TestMethod codeBase="/Users/aristidehervembassi/Documents/Projects/Veepee/place-api/tests/Account.UnitTests/bin/Release/.net9.0/Account.UnitTests.dll" adapterTypeName="executor://xunit/VsTestRunner2/netcoreapp" className="Account.UnitTests.Profile.Models.FirstNameTests" name="Create_WithInvalidCharacters_ShouldReturnSpecificError" />
    </UnitTest>
    <UnitTest name="Account.UnitTests.Profile.Models.FirstNameTests.ValueObject_EqualityBehavior_ShouldBeCorrect(value1: &quot;Jean&quot;, value2: &quot;Jean&quot;, shouldBeEqual: True)" storage="/users/aristidehervembassi/documents/projects/veepee/place-api/tests/account.unittests/bin/release/.net9.0/account.unittests.dll" id="3f956ce1-f095-990b-7cf5-58662adec7ea">
      <Execution id="c3996d32-4fca-4c85-974f-05987e863ca9" />
      <TestMethod codeBase="/Users/aristidehervembassi/Documents/Projects/Veepee/place-api/tests/Account.UnitTests/bin/Release/.net9.0/Account.UnitTests.dll" adapterTypeName="executor://xunit/VsTestRunner2/netcoreapp" className="Account.UnitTests.Profile.Models.FirstNameTests" name="ValueObject_EqualityBehavior_ShouldBeCorrect" />
    </UnitTest>
    <UnitTest name="Account.UnitTests.Profile.Models.PersonalInfoTests.Builder_ShouldThrowException_ForInvalidAddress(street: null, zipCode: null, city: &quot;&quot;, country: &quot;France&quot;)" storage="/users/aristidehervembassi/documents/projects/veepee/place-api/tests/account.unittests/bin/release/.net9.0/account.unittests.dll" id="8d0c4e03-f253-11e5-182e-46de430e474d">
      <Execution id="a9b42ff7-8086-4d51-bae0-da2ccec62dc6" />
      <TestMethod codeBase="/Users/aristidehervembassi/Documents/Projects/Veepee/place-api/tests/Account.UnitTests/bin/Release/.net9.0/Account.UnitTests.dll" adapterTypeName="executor://xunit/VsTestRunner2/netcoreapp" className="Account.UnitTests.Profile.Models.PersonalInfoTests" name="Builder_ShouldThrowException_ForInvalidAddress" />
    </UnitTest>
    <UnitTest name="Account.UnitTests.Profile.Models.PhoneNumberTests.MultipleParseCallsWithSameInput_ShouldReturnEquivalentInstances(number: &quot;+33612345678&quot;)" storage="/users/aristidehervembassi/documents/projects/veepee/place-api/tests/account.unittests/bin/release/.net9.0/account.unittests.dll" id="39524e5c-2ce6-1695-b971-bed2f8bf0d16">
      <Execution id="7e6bb5b4-47e2-4905-8006-939e34eceb39" />
      <TestMethod codeBase="/Users/aristidehervembassi/Documents/Projects/Veepee/place-api/tests/Account.UnitTests/bin/Release/.net9.0/Account.UnitTests.dll" adapterTypeName="executor://xunit/VsTestRunner2/netcoreapp" className="Account.UnitTests.Profile.Models.PhoneNumberTests" name="MultipleParseCallsWithSameInput_ShouldReturnEquivalentInstances" />
    </UnitTest>
    <UnitTest name="Account.UnitTests.Profile.Models.DateOfBirthTests.Create_WithValidDate_ShouldReturnExpectedInstance(validDate: 1904-11-24T00:00:00.0000000Z)" storage="/users/aristidehervembassi/documents/projects/veepee/place-api/tests/account.unittests/bin/release/.net9.0/account.unittests.dll" id="c601c88b-0905-112d-1f24-acdcf7b28851">
      <Execution id="d2707a48-5d6c-492e-bca3-90564512d6bd" />
      <TestMethod codeBase="/Users/aristidehervembassi/Documents/Projects/Veepee/place-api/tests/Account.UnitTests/bin/Release/.net9.0/Account.UnitTests.dll" adapterTypeName="executor://xunit/VsTestRunner2/netcoreapp" className="Account.UnitTests.Profile.Models.DateOfBirthTests" name="Create_WithValidDate_ShouldReturnExpectedInstance" />
    </UnitTest>
    <UnitTest name="Account.UnitTests.Profile.Models.LastNameTests.Create_WithEdgeCases_ShouldSucceed(validName: &quot;é&quot;)" storage="/users/aristidehervembassi/documents/projects/veepee/place-api/tests/account.unittests/bin/release/.net9.0/account.unittests.dll" id="2cd6a5e9-74b0-6d1f-11fb-c2d0df624817">
      <Execution id="00688bd2-db0e-402d-b159-09bec55bc6d8" />
      <TestMethod codeBase="/Users/aristidehervembassi/Documents/Projects/Veepee/place-api/tests/Account.UnitTests/bin/Release/.net9.0/Account.UnitTests.dll" adapterTypeName="executor://xunit/VsTestRunner2/netcoreapp" className="Account.UnitTests.Profile.Models.LastNameTests" name="Create_WithEdgeCases_ShouldSucceed" />
    </UnitTest>
    <UnitTest name="Account.UnitTests.Profile.Models.AddressTests.Create_WithNullOrEmptyOptionalFields_ShouldSucceed(street: &quot;&quot;, zipCode: &quot;12345&quot;, city: &quot;New York&quot;, country: &quot;USA&quot;)" storage="/users/aristidehervembassi/documents/projects/veepee/place-api/tests/account.unittests/bin/release/.net9.0/account.unittests.dll" id="51f1a66b-8ce0-b376-99ba-bd99a8cd8d0e">
      <Execution id="6bc36e7c-43a6-4ad5-90fb-a2284242e5cd" />
      <TestMethod codeBase="/Users/aristidehervembassi/Documents/Projects/Veepee/place-api/tests/Account.UnitTests/bin/Release/.net9.0/Account.UnitTests.dll" adapterTypeName="executor://xunit/VsTestRunner2/netcoreapp" className="Account.UnitTests.Profile.Models.AddressTests" name="Create_WithNullOrEmptyOptionalFields_ShouldSucceed" />
    </UnitTest>
    <UnitTest name="Account.UnitTests.Profile.Models.LastNameTests.Create_WithCompoundName_ShouldSucceed(compoundName: &quot;Mac Donald&quot;)" storage="/users/aristidehervembassi/documents/projects/veepee/place-api/tests/account.unittests/bin/release/.net9.0/account.unittests.dll" id="e74ad0e8-751c-1f90-f5cb-6d0ffddcd465">
      <Execution id="cf6b3d51-4e3c-45ed-806b-ff71f88b9bcf" />
      <TestMethod codeBase="/Users/aristidehervembassi/Documents/Projects/Veepee/place-api/tests/Account.UnitTests/bin/Release/.net9.0/Account.UnitTests.dll" adapterTypeName="executor://xunit/VsTestRunner2/netcoreapp" className="Account.UnitTests.Profile.Models.LastNameTests" name="Create_WithCompoundName_ShouldSucceed" />
    </UnitTest>
    <UnitTest name="Account.UnitTests.Profile.Models.PersonalInfoTests.Builder_ShouldThrowException_ForInvalidFirstName(invalidFirstName: &quot;   &quot;)" storage="/users/aristidehervembassi/documents/projects/veepee/place-api/tests/account.unittests/bin/release/.net9.0/account.unittests.dll" id="5067522d-ab5b-5368-da94-ab7f4d09be9b">
      <Execution id="335ec5ef-7005-4fe1-a948-7a2a18f8d9f6" />
      <TestMethod codeBase="/Users/aristidehervembassi/Documents/Projects/Veepee/place-api/tests/Account.UnitTests/bin/Release/.net9.0/Account.UnitTests.dll" adapterTypeName="executor://xunit/VsTestRunner2/netcoreapp" className="Account.UnitTests.Profile.Models.PersonalInfoTests" name="Builder_ShouldThrowException_ForInvalidFirstName" />
    </UnitTest>
    <UnitTest name="Account.UnitTests.Profile.Models.PhoneNumberTests.Parse_WithEmptyNumber_ShouldReturnError(number: &quot; &quot;)" storage="/users/aristidehervembassi/documents/projects/veepee/place-api/tests/account.unittests/bin/release/.net9.0/account.unittests.dll" id="231f5857-a833-6825-2fd4-8f0ef294587e">
      <Execution id="7a33dc61-2ce6-4451-aa32-eeba6b70520e" />
      <TestMethod codeBase="/Users/aristidehervembassi/Documents/Projects/Veepee/place-api/tests/Account.UnitTests/bin/Release/.net9.0/Account.UnitTests.dll" adapterTypeName="executor://xunit/VsTestRunner2/netcoreapp" className="Account.UnitTests.Profile.Models.PhoneNumberTests" name="Parse_WithEmptyNumber_ShouldReturnError" />
    </UnitTest>
    <UnitTest name="Account.UnitTests.Profile.Models.LastNameTests.Create_WithEdgeCases_ShouldSucceed(validName: &quot;A-A'A A&quot;)" storage="/users/aristidehervembassi/documents/projects/veepee/place-api/tests/account.unittests/bin/release/.net9.0/account.unittests.dll" id="c578c496-04f2-6c3c-0520-67bdedfbb68e">
      <Execution id="d7dcb226-4c77-4a75-aa1c-05666a9856ee" />
      <TestMethod codeBase="/Users/aristidehervembassi/Documents/Projects/Veepee/place-api/tests/Account.UnitTests/bin/Release/.net9.0/Account.UnitTests.dll" adapterTypeName="executor://xunit/VsTestRunner2/netcoreapp" className="Account.UnitTests.Profile.Models.LastNameTests" name="Create_WithEdgeCases_ShouldSucceed" />
    </UnitTest>
    <UnitTest name="Account.UnitTests.Profile.Models.PhoneNumberTests.Parse_WithValidInternationalNumber_ShouldSucceed(number: &quot;+33612345678&quot;)" storage="/users/aristidehervembassi/documents/projects/veepee/place-api/tests/account.unittests/bin/release/.net9.0/account.unittests.dll" id="13807061-895a-67a0-a898-cad5ede6e7ad">
      <Execution id="35f55298-bf01-4301-a44d-206dbe90f51d" />
      <TestMethod codeBase="/Users/aristidehervembassi/Documents/Projects/Veepee/place-api/tests/Account.UnitTests/bin/Release/.net9.0/Account.UnitTests.dll" adapterTypeName="executor://xunit/VsTestRunner2/netcoreapp" className="Account.UnitTests.Profile.Models.PhoneNumberTests" name="Parse_WithValidInternationalNumber_ShouldSucceed" />
    </UnitTest>
    <UnitTest name="Account.UnitTests.Profile.Models.PhoneNumberTests.Equals_ShouldHandleValueEquality(number1: &quot;+33612345678&quot;, number2: &quot;+33612345679&quot;)" storage="/users/aristidehervembassi/documents/projects/veepee/place-api/tests/account.unittests/bin/release/.net9.0/account.unittests.dll" id="a7b9fc85-6361-244c-c5be-5385a17faef4">
      <Execution id="cb45afb8-d65b-4925-a5be-377feeab9770" />
      <TestMethod codeBase="/Users/aristidehervembassi/Documents/Projects/Veepee/place-api/tests/Account.UnitTests/bin/Release/.net9.0/Account.UnitTests.dll" adapterTypeName="executor://xunit/VsTestRunner2/netcoreapp" className="Account.UnitTests.Profile.Models.PhoneNumberTests" name="Equals_ShouldHandleValueEquality" />
    </UnitTest>
    <UnitTest name="Account.UnitTests.Profile.Models.FirstNameTests.Create_WithNameExceedingMaxLength_ShouldReturnSpecificError(length: 200)" storage="/users/aristidehervembassi/documents/projects/veepee/place-api/tests/account.unittests/bin/release/.net9.0/account.unittests.dll" id="e039335d-7639-5a8f-f1ce-39b7b5f2c4b2">
      <Execution id="e903ce07-82b6-4ed6-b1ac-4fb23bab5b9f" />
      <TestMethod codeBase="/Users/aristidehervembassi/Documents/Projects/Veepee/place-api/tests/Account.UnitTests/bin/Release/.net9.0/Account.UnitTests.dll" adapterTypeName="executor://xunit/VsTestRunner2/netcoreapp" className="Account.UnitTests.Profile.Models.FirstNameTests" name="Create_WithNameExceedingMaxLength_ShouldReturnSpecificError" />
    </UnitTest>
    <UnitTest name="Account.UnitTests.Profile.Models.PhoneNumberTests.Parse_WithValidRegionalNumber_ShouldSucceed(number: &quot;0612345678&quot;, countryCode: &quot;FR&quot;, expected: &quot;+33612345678&quot;)" storage="/users/aristidehervembassi/documents/projects/veepee/place-api/tests/account.unittests/bin/release/.net9.0/account.unittests.dll" id="619fab34-c43d-9193-5d4a-a32b982b2b52">
      <Execution id="a7471167-9e09-4815-af04-921c1ba39d31" />
      <TestMethod codeBase="/Users/aristidehervembassi/Documents/Projects/Veepee/place-api/tests/Account.UnitTests/bin/Release/.net9.0/Account.UnitTests.dll" adapterTypeName="executor://xunit/VsTestRunner2/netcoreapp" className="Account.UnitTests.Profile.Models.PhoneNumberTests" name="Parse_WithValidRegionalNumber_ShouldSucceed" />
    </UnitTest>
    <UnitTest name="Account.UnitTests.Profile.Models.EmailTests.ToString_ReturnsCorrectValue" storage="/users/aristidehervembassi/documents/projects/veepee/place-api/tests/account.unittests/bin/release/.net9.0/account.unittests.dll" id="d6a68c1a-47fd-d80e-7565-d888b2e6e915">
      <Execution id="6a7da697-ce4c-4108-be04-4f6b63fa7f84" />
      <TestMethod codeBase="/Users/aristidehervembassi/Documents/Projects/Veepee/place-api/tests/Account.UnitTests/bin/Release/.net9.0/Account.UnitTests.dll" adapterTypeName="executor://xunit/VsTestRunner2/netcoreapp" className="Account.UnitTests.Profile.Models.EmailTests" name="ToString_ReturnsCorrectValue" />
    </UnitTest>
    <UnitTest name="Account.UnitTests.Profile.Models.DateOfBirthTests.Create_WithValidDate_ShouldReturnExpectedInstance(validDate: 2006-11-23T00:00:00.0000000Z)" storage="/users/aristidehervembassi/documents/projects/veepee/place-api/tests/account.unittests/bin/release/.net9.0/account.unittests.dll" id="55777ac9-06f3-5785-318a-ee8826871ff2">
      <Execution id="3f750550-547b-4d1e-9e02-a1d5f1f1d484" />
      <TestMethod codeBase="/Users/aristidehervembassi/Documents/Projects/Veepee/place-api/tests/Account.UnitTests/bin/Release/.net9.0/Account.UnitTests.dll" adapterTypeName="executor://xunit/VsTestRunner2/netcoreapp" className="Account.UnitTests.Profile.Models.DateOfBirthTests" name="Create_WithValidDate_ShouldReturnExpectedInstance" />
    </UnitTest>
    <UnitTest name="Account.UnitTests.Profile.Models.FirstNameTests.ValueObject_EqualityBehavior_ShouldBeCorrect(value1: &quot;Jean-Paul&quot;, value2: &quot;Jean-Paul&quot;, shouldBeEqual: True)" storage="/users/aristidehervembassi/documents/projects/veepee/place-api/tests/account.unittests/bin/release/.net9.0/account.unittests.dll" id="4dc35cd4-d680-46ac-4b64-4be6ed9879d4">
      <Execution id="85f25868-17fd-49db-ad6e-35de7a2dd118" />
      <TestMethod codeBase="/Users/aristidehervembassi/Documents/Projects/Veepee/place-api/tests/Account.UnitTests/bin/Release/.net9.0/Account.UnitTests.dll" adapterTypeName="executor://xunit/VsTestRunner2/netcoreapp" className="Account.UnitTests.Profile.Models.FirstNameTests" name="ValueObject_EqualityBehavior_ShouldBeCorrect" />
    </UnitTest>
    <UnitTest name="Account.UnitTests.Profile.Models.PhoneNumberTests.Parse_WithValidRegionalNumber_ShouldSucceed(number: &quot;791234567&quot;, countryCode: &quot;CH&quot;, expected: &quot;+41791234567&quot;)" storage="/users/aristidehervembassi/documents/projects/veepee/place-api/tests/account.unittests/bin/release/.net9.0/account.unittests.dll" id="82717f8f-9cf5-4a99-32e8-b6025acfc004">
      <Execution id="e383c21a-1388-4ade-ae5a-c4d179aa8c67" />
      <TestMethod codeBase="/Users/aristidehervembassi/Documents/Projects/Veepee/place-api/tests/Account.UnitTests/bin/Release/.net9.0/Account.UnitTests.dll" adapterTypeName="executor://xunit/VsTestRunner2/netcoreapp" className="Account.UnitTests.Profile.Models.PhoneNumberTests" name="Parse_WithValidRegionalNumber_ShouldSucceed" />
    </UnitTest>
    <UnitTest name="Account.UnitTests.Profile.Models.DateOfBirthTests.Create_ShouldAlwaysReturnUtcDateTime" storage="/users/aristidehervembassi/documents/projects/veepee/place-api/tests/account.unittests/bin/release/.net9.0/account.unittests.dll" id="ef535810-5a47-70fe-3013-a11ecd4f4684">
      <Execution id="d8cd45b6-7453-4063-9126-9ff104375664" />
      <TestMethod codeBase="/Users/aristidehervembassi/Documents/Projects/Veepee/place-api/tests/Account.UnitTests/bin/Release/.net9.0/Account.UnitTests.dll" adapterTypeName="executor://xunit/VsTestRunner2/netcoreapp" className="Account.UnitTests.Profile.Models.DateOfBirthTests" name="Create_ShouldAlwaysReturnUtcDateTime" />
    </UnitTest>
    <UnitTest name="Account.UnitTests.Profile.Models.PhoneNumberTests.Parse_ShouldExtractCorrectParts(number: &quot;+41791234567&quot;, expectedCountryCode: 41, expectedNationalNumber: 791234567)" storage="/users/aristidehervembassi/documents/projects/veepee/place-api/tests/account.unittests/bin/release/.net9.0/account.unittests.dll" id="1ab57409-dd33-f64d-42e5-71faec0e603e">
      <Execution id="746b9be9-59d9-427b-9520-cd9443b930ca" />
      <TestMethod codeBase="/Users/aristidehervembassi/Documents/Projects/Veepee/place-api/tests/Account.UnitTests/bin/Release/.net9.0/Account.UnitTests.dll" adapterTypeName="executor://xunit/VsTestRunner2/netcoreapp" className="Account.UnitTests.Profile.Models.PhoneNumberTests" name="Parse_ShouldExtractCorrectParts" />
    </UnitTest>
    <UnitTest name="Account.UnitTests.Profile.Models.FirstNameTests.Create_WithValidName_ShouldReturnExpectedInstance(validName: &quot;O'Connor&quot;)" storage="/users/aristidehervembassi/documents/projects/veepee/place-api/tests/account.unittests/bin/release/.net9.0/account.unittests.dll" id="01a17931-54c9-6089-a0fc-e82e4b7d1b4d">
      <Execution id="1fd99d77-e1be-4243-8e67-a39e743d6a55" />
      <TestMethod codeBase="/Users/aristidehervembassi/Documents/Projects/Veepee/place-api/tests/Account.UnitTests/bin/Release/.net9.0/Account.UnitTests.dll" adapterTypeName="executor://xunit/VsTestRunner2/netcoreapp" className="Account.UnitTests.Profile.Models.FirstNameTests" name="Create_WithValidName_ShouldReturnExpectedInstance" />
    </UnitTest>
    <UnitTest name="Account.UnitTests.Profile.Models.PhoneNumberTests.Parse_WithValidRegionalNumber_ShouldSucceed(number: &quot;699999999&quot;, countryCode: &quot;CM&quot;, expected: &quot;+237699999999&quot;)" storage="/users/aristidehervembassi/documents/projects/veepee/place-api/tests/account.unittests/bin/release/.net9.0/account.unittests.dll" id="f0f69b7f-2765-2e97-ae61-434552d762f4">
      <Execution id="8b71f6ce-5815-4cee-9771-08b19d508b1f" />
      <TestMethod codeBase="/Users/aristidehervembassi/Documents/Projects/Veepee/place-api/tests/Account.UnitTests/bin/Release/.net9.0/Account.UnitTests.dll" adapterTypeName="executor://xunit/VsTestRunner2/netcoreapp" className="Account.UnitTests.Profile.Models.PhoneNumberTests" name="Parse_WithValidRegionalNumber_ShouldSucceed" />
    </UnitTest>
    <UnitTest name="Account.UnitTests.Profile.Models.AddressTests.Create_WithInvalidRequiredFields_ShouldReturnError(street: null, zipCode: null, city: &quot;New York&quot;, country: &quot; &quot;, expectedError: &quot;Address.Country.Empty&quot;)" storage="/users/aristidehervembassi/documents/projects/veepee/place-api/tests/account.unittests/bin/release/.net9.0/account.unittests.dll" id="7c307188-1029-29ef-53c1-76ac0d9696b1">
      <Execution id="467bef17-818a-4380-907f-19bf091f86a5" />
      <TestMethod codeBase="/Users/aristidehervembassi/Documents/Projects/Veepee/place-api/tests/Account.UnitTests/bin/Release/.net9.0/Account.UnitTests.dll" adapterTypeName="executor://xunit/VsTestRunner2/netcoreapp" className="Account.UnitTests.Profile.Models.AddressTests" name="Create_WithInvalidRequiredFields_ShouldReturnError" />
    </UnitTest>
    <UnitTest name="Account.UnitTests.Profile.Models.EmailTests.Create_WithNullOrWhiteSpace_ShouldReturnError(invalidEmail: &quot;&quot;)" storage="/users/aristidehervembassi/documents/projects/veepee/place-api/tests/account.unittests/bin/release/.net9.0/account.unittests.dll" id="276a3d58-59f3-d7a8-d978-139c3f6ac991">
      <Execution id="62880aa3-a27f-4128-9e2f-92dc10ba2ef0" />
      <TestMethod codeBase="/Users/aristidehervembassi/Documents/Projects/Veepee/place-api/tests/Account.UnitTests/bin/Release/.net9.0/Account.UnitTests.dll" adapterTypeName="executor://xunit/VsTestRunner2/netcoreapp" className="Account.UnitTests.Profile.Models.EmailTests" name="Create_WithNullOrWhiteSpace_ShouldReturnError" />
    </UnitTest>
    <UnitTest name="Account.UnitTests.Profile.Models.AddressTests.Create_WithInvalidRequiredFields_ShouldReturnError(street: null, zipCode: null, city: &quot; &quot;, country: &quot;USA&quot;, expectedError: &quot;Address.City.Empty&quot;)" storage="/users/aristidehervembassi/documents/projects/veepee/place-api/tests/account.unittests/bin/release/.net9.0/account.unittests.dll" id="d47d9433-0306-0d25-418f-8f892e243921">
      <Execution id="e6196bf6-1212-40cb-b2f6-2c356cfc4052" />
      <TestMethod codeBase="/Users/aristidehervembassi/Documents/Projects/Veepee/place-api/tests/Account.UnitTests/bin/Release/.net9.0/Account.UnitTests.dll" adapterTypeName="executor://xunit/VsTestRunner2/netcoreapp" className="Account.UnitTests.Profile.Models.AddressTests" name="Create_WithInvalidRequiredFields_ShouldReturnError" />
    </UnitTest>
    <UnitTest name="Account.UnitTests.Profile.Models.PhoneNumberTests.Parse_WithEmptyNumber_ShouldReturnError(number: null)" storage="/users/aristidehervembassi/documents/projects/veepee/place-api/tests/account.unittests/bin/release/.net9.0/account.unittests.dll" id="596b34e1-0d2a-2813-3b42-e1c7e6bdccdf">
      <Execution id="2f2cf200-d532-4365-853b-aee5c829caf9" />
      <TestMethod codeBase="/Users/aristidehervembassi/Documents/Projects/Veepee/place-api/tests/Account.UnitTests/bin/Release/.net9.0/Account.UnitTests.dll" adapterTypeName="executor://xunit/VsTestRunner2/netcoreapp" className="Account.UnitTests.Profile.Models.PhoneNumberTests" name="Parse_WithEmptyNumber_ShouldReturnError" />
    </UnitTest>
    <UnitTest name="Account.UnitTests.Profile.Models.PhoneNumberTests.Parse_WithEmptyNumber_ShouldReturnError(number: &quot;&quot;)" storage="/users/aristidehervembassi/documents/projects/veepee/place-api/tests/account.unittests/bin/release/.net9.0/account.unittests.dll" id="bcc044c7-4083-72b7-028d-6c023678e59f">
      <Execution id="f15e68af-6118-45f5-a28b-71d230affee1" />
      <TestMethod codeBase="/Users/aristidehervembassi/Documents/Projects/Veepee/place-api/tests/Account.UnitTests/bin/Release/.net9.0/Account.UnitTests.dll" adapterTypeName="executor://xunit/VsTestRunner2/netcoreapp" className="Account.UnitTests.Profile.Models.PhoneNumberTests" name="Parse_WithEmptyNumber_ShouldReturnError" />
    </UnitTest>
    <UnitTest name="Account.UnitTests.Profile.Models.EmailTests.Create_WithValidEmail_ShouldSucceed(validEmail: &quot;user.name+tag@example.com&quot;)" storage="/users/aristidehervembassi/documents/projects/veepee/place-api/tests/account.unittests/bin/release/.net9.0/account.unittests.dll" id="b2ee7c71-57fd-f81b-eaf6-2204663e3550">
      <Execution id="4c8b5f1b-5968-4c8a-9c28-d31961a28303" />
      <TestMethod codeBase="/Users/aristidehervembassi/Documents/Projects/Veepee/place-api/tests/Account.UnitTests/bin/Release/.net9.0/Account.UnitTests.dll" adapterTypeName="executor://xunit/VsTestRunner2/netcoreapp" className="Account.UnitTests.Profile.Models.EmailTests" name="Create_WithValidEmail_ShouldSucceed" />
    </UnitTest>
    <UnitTest name="Account.UnitTests.Profile.Models.FirstNameTests.Create_WithEdgeCases_ShouldSucceed(validName: &quot;A-A'A A&quot;)" storage="/users/aristidehervembassi/documents/projects/veepee/place-api/tests/account.unittests/bin/release/.net9.0/account.unittests.dll" id="12e9159e-e8c0-7b84-ab63-0e381c078678">
      <Execution id="412cad69-dbd8-47ab-806d-699fe6833157" />
      <TestMethod codeBase="/Users/aristidehervembassi/Documents/Projects/Veepee/place-api/tests/Account.UnitTests/bin/Release/.net9.0/Account.UnitTests.dll" adapterTypeName="executor://xunit/VsTestRunner2/netcoreapp" className="Account.UnitTests.Profile.Models.FirstNameTests" name="Create_WithEdgeCases_ShouldSucceed" />
    </UnitTest>
    <UnitTest name="Account.UnitTests.Profile.Models.LastNameTests.Create_WithInvalidCharacters_ShouldReturnSpecificError(invalidName: &quot;Smith/Jones&quot;)" storage="/users/aristidehervembassi/documents/projects/veepee/place-api/tests/account.unittests/bin/release/.net9.0/account.unittests.dll" id="a25c55cc-05ec-ca02-7afa-17c7c33a7f2b">
      <Execution id="b21321c8-7b85-42f5-bc84-b43f9bc24f6c" />
      <TestMethod codeBase="/Users/aristidehervembassi/Documents/Projects/Veepee/place-api/tests/Account.UnitTests/bin/Release/.net9.0/Account.UnitTests.dll" adapterTypeName="executor://xunit/VsTestRunner2/netcoreapp" className="Account.UnitTests.Profile.Models.LastNameTests" name="Create_WithInvalidCharacters_ShouldReturnSpecificError" />
    </UnitTest>
    <UnitTest name="Account.UnitTests.Profile.Models.LastNameTests.Create_WithMaxLengthMinusOne_ShouldSucceed" storage="/users/aristidehervembassi/documents/projects/veepee/place-api/tests/account.unittests/bin/release/.net9.0/account.unittests.dll" id="650819be-2f55-17d8-add7-233e3ea0c4c5">
      <Execution id="7c6a9921-8c61-49f1-a0a0-2243701f2797" />
      <TestMethod codeBase="/Users/aristidehervembassi/Documents/Projects/Veepee/place-api/tests/Account.UnitTests/bin/Release/.net9.0/Account.UnitTests.dll" adapterTypeName="executor://xunit/VsTestRunner2/netcoreapp" className="Account.UnitTests.Profile.Models.LastNameTests" name="Create_WithMaxLengthMinusOne_ShouldSucceed" />
    </UnitTest>
    <UnitTest name="Account.UnitTests.Profile.Models.FirstNameTests.Create_WithValidName_ShouldReturnExpectedInstance(validName: &quot;John&quot;)" storage="/users/aristidehervembassi/documents/projects/veepee/place-api/tests/account.unittests/bin/release/.net9.0/account.unittests.dll" id="a064650f-fadf-8663-934b-b5483b040d72">
      <Execution id="aa2d6aad-2dbc-4a27-b417-ca2dbf93d27e" />
      <TestMethod codeBase="/Users/aristidehervembassi/Documents/Projects/Veepee/place-api/tests/Account.UnitTests/bin/Release/.net9.0/Account.UnitTests.dll" adapterTypeName="executor://xunit/VsTestRunner2/netcoreapp" className="Account.UnitTests.Profile.Models.FirstNameTests" name="Create_WithValidName_ShouldReturnExpectedInstance" />
    </UnitTest>
    <UnitTest name="Account.UnitTests.Profile.Models.AddressTests.Create_WithInvalidRequiredFields_ShouldReturnError(street: null, zipCode: null, city: &quot;&quot;, country: &quot;USA&quot;, expectedError: &quot;Address.City.Empty&quot;)" storage="/users/aristidehervembassi/documents/projects/veepee/place-api/tests/account.unittests/bin/release/.net9.0/account.unittests.dll" id="9562ad4c-03e7-c005-ac1d-013d08e6c8c0">
      <Execution id="4b2eb43d-3917-4d53-927a-99b6472c215a" />
      <TestMethod codeBase="/Users/aristidehervembassi/Documents/Projects/Veepee/place-api/tests/Account.UnitTests/bin/Release/.net9.0/Account.UnitTests.dll" adapterTypeName="executor://xunit/VsTestRunner2/netcoreapp" className="Account.UnitTests.Profile.Models.AddressTests" name="Create_WithInvalidRequiredFields_ShouldReturnError" />
    </UnitTest>
    <UnitTest name="Account.UnitTests.Profile.Models.LastNameTests.Create_WithAccentedCharacters_ShouldSucceed(nameWithAccents: &quot;Müller&quot;)" storage="/users/aristidehervembassi/documents/projects/veepee/place-api/tests/account.unittests/bin/release/.net9.0/account.unittests.dll" id="b6078569-abeb-605d-f2e2-d0a182f6a5e1">
      <Execution id="d58f7d23-3b80-451b-beab-6ada87d96593" />
      <TestMethod codeBase="/Users/aristidehervembassi/Documents/Projects/Veepee/place-api/tests/Account.UnitTests/bin/Release/.net9.0/Account.UnitTests.dll" adapterTypeName="executor://xunit/VsTestRunner2/netcoreapp" className="Account.UnitTests.Profile.Models.LastNameTests" name="Create_WithAccentedCharacters_ShouldSucceed" />
    </UnitTest>
    <UnitTest name="Account.UnitTests.Profile.Models.FirstNameTests.Create_WithInvalidCharacters_ShouldReturnSpecificError(invalidName: &quot;John#Smith&quot;)" storage="/users/aristidehervembassi/documents/projects/veepee/place-api/tests/account.unittests/bin/release/.net9.0/account.unittests.dll" id="acd2ce73-81e8-519e-481c-5f8785031760">
      <Execution id="84a9b349-162f-4a75-a634-d6984e5322a2" />
      <TestMethod codeBase="/Users/aristidehervembassi/Documents/Projects/Veepee/place-api/tests/Account.UnitTests/bin/Release/.net9.0/Account.UnitTests.dll" adapterTypeName="executor://xunit/VsTestRunner2/netcoreapp" className="Account.UnitTests.Profile.Models.FirstNameTests" name="Create_WithInvalidCharacters_ShouldReturnSpecificError" />
    </UnitTest>
    <UnitTest name="Account.UnitTests.Profile.Models.AddressTests.ToString_ShouldHandleNullFields(street: &quot;123 Main St&quot;, zipCode: &quot;12345&quot;, city: &quot;New York&quot;, country: &quot;USA&quot;, expected: &quot;123 Main St, 12345 New York, USA&quot;)" storage="/users/aristidehervembassi/documents/projects/veepee/place-api/tests/account.unittests/bin/release/.net9.0/account.unittests.dll" id="513ddbc2-a3ae-3637-f363-076be5ec3fd4">
      <Execution id="c887aa93-9cd1-4e73-a219-8150e239b28f" />
      <TestMethod codeBase="/Users/aristidehervembassi/Documents/Projects/Veepee/place-api/tests/Account.UnitTests/bin/Release/.net9.0/Account.UnitTests.dll" adapterTypeName="executor://xunit/VsTestRunner2/netcoreapp" className="Account.UnitTests.Profile.Models.AddressTests" name="ToString_ShouldHandleNullFields" />
    </UnitTest>
    <UnitTest name="Account.UnitTests.Profile.Models.FirstNameTests.Create_WithInvalidCharacters_ShouldReturnSpecificError(invalidName: &quot;John$&quot;)" storage="/users/aristidehervembassi/documents/projects/veepee/place-api/tests/account.unittests/bin/release/.net9.0/account.unittests.dll" id="0d7b5807-5890-b63c-8dae-403b7a3b8cee">
      <Execution id="2f4d416c-c73c-426c-8218-b5b646708229" />
      <TestMethod codeBase="/Users/aristidehervembassi/Documents/Projects/Veepee/place-api/tests/Account.UnitTests/bin/Release/.net9.0/Account.UnitTests.dll" adapterTypeName="executor://xunit/VsTestRunner2/netcoreapp" className="Account.UnitTests.Profile.Models.FirstNameTests" name="Create_WithInvalidCharacters_ShouldReturnSpecificError" />
    </UnitTest>
    <UnitTest name="Account.UnitTests.Profile.Models.PhoneNumberTests.Parse_WithInvalidNumber_ShouldReturnError(number: &quot;+23755555555&quot;)" storage="/users/aristidehervembassi/documents/projects/veepee/place-api/tests/account.unittests/bin/release/.net9.0/account.unittests.dll" id="8ca521e5-c930-1e04-0a63-250da1e4905f">
      <Execution id="f4ec3e0d-ebcf-4c01-a683-a8093e98def7" />
      <TestMethod codeBase="/Users/aristidehervembassi/Documents/Projects/Veepee/place-api/tests/Account.UnitTests/bin/Release/.net9.0/Account.UnitTests.dll" adapterTypeName="executor://xunit/VsTestRunner2/netcoreapp" className="Account.UnitTests.Profile.Models.PhoneNumberTests" name="Parse_WithInvalidNumber_ShouldReturnError" />
    </UnitTest>
    <UnitTest name="Account.UnitTests.Profile.Models.PhoneNumberTests.Format_WithDefaultParameter_ShouldUseInternationalFormat(number: &quot;+33612345678&quot;, expected: &quot;+33 6 12 34 56 78&quot;)" storage="/users/aristidehervembassi/documents/projects/veepee/place-api/tests/account.unittests/bin/release/.net9.0/account.unittests.dll" id="885258e6-b4ca-0052-3f8b-46d6df748f5e">
      <Execution id="f9fa061e-9398-48a4-9997-45c71301451e" />
      <TestMethod codeBase="/Users/aristidehervembassi/Documents/Projects/Veepee/place-api/tests/Account.UnitTests/bin/Release/.net9.0/Account.UnitTests.dll" adapterTypeName="executor://xunit/VsTestRunner2/netcoreapp" className="Account.UnitTests.Profile.Models.PhoneNumberTests" name="Format_WithDefaultParameter_ShouldUseInternationalFormat" />
    </UnitTest>
    <UnitTest name="Account.UnitTests.Profile.Models.PersonalInfoTests.Builder_ShouldThrowException_ForInvalidFirstName(invalidFirstName: &quot;&quot;)" storage="/users/aristidehervembassi/documents/projects/veepee/place-api/tests/account.unittests/bin/release/.net9.0/account.unittests.dll" id="6d1283c1-b750-f47e-c03d-8d49ae9dc98a">
      <Execution id="aa3f6d70-96e1-4383-a7d4-33ef8c938c21" />
      <TestMethod codeBase="/Users/aristidehervembassi/Documents/Projects/Veepee/place-api/tests/Account.UnitTests/bin/Release/.net9.0/Account.UnitTests.dll" adapterTypeName="executor://xunit/VsTestRunner2/netcoreapp" className="Account.UnitTests.Profile.Models.PersonalInfoTests" name="Builder_ShouldThrowException_ForInvalidFirstName" />
    </UnitTest>
    <UnitTest name="Account.UnitTests.Profile.Models.EmailTests.Create_WithNullOrWhiteSpace_ShouldReturnError(invalidEmail: null)" storage="/users/aristidehervembassi/documents/projects/veepee/place-api/tests/account.unittests/bin/release/.net9.0/account.unittests.dll" id="5319fb09-f424-0ae2-a326-31b53c33e45a">
      <Execution id="86660bc7-1854-4ebe-9550-1525f0129877" />
      <TestMethod codeBase="/Users/aristidehervembassi/Documents/Projects/Veepee/place-api/tests/Account.UnitTests/bin/Release/.net9.0/Account.UnitTests.dll" adapterTypeName="executor://xunit/VsTestRunner2/netcoreapp" className="Account.UnitTests.Profile.Models.EmailTests" name="Create_WithNullOrWhiteSpace_ShouldReturnError" />
    </UnitTest>
    <UnitTest name="Account.UnitTests.Profile.Models.FirstNameTests.Create_WithNameExceedingMaxLength_ShouldReturnSpecificError(length: 150)" storage="/users/aristidehervembassi/documents/projects/veepee/place-api/tests/account.unittests/bin/release/.net9.0/account.unittests.dll" id="1e835823-d2f9-bf4f-6087-de5b43ea9f5a">
      <Execution id="6de9ae52-cf39-4c9d-9afa-1c9a1ac7783d" />
      <TestMethod codeBase="/Users/aristidehervembassi/Documents/Projects/Veepee/place-api/tests/Account.UnitTests/bin/Release/.net9.0/Account.UnitTests.dll" adapterTypeName="executor://xunit/VsTestRunner2/netcoreapp" className="Account.UnitTests.Profile.Models.FirstNameTests" name="Create_WithNameExceedingMaxLength_ShouldReturnSpecificError" />
    </UnitTest>
    <UnitTest name="Account.UnitTests.Profile.Models.PhoneNumberTests.Parse_WithEmptyCountryCode_ShouldReturnError(number: &quot;0612345678&quot;, countryCode: &quot; &quot;)" storage="/users/aristidehervembassi/documents/projects/veepee/place-api/tests/account.unittests/bin/release/.net9.0/account.unittests.dll" id="6f9edc6f-a39f-dbdf-ee9c-5d2d67caac13">
      <Execution id="8f633fdd-27a1-40d6-896d-06a15129685a" />
      <TestMethod codeBase="/Users/aristidehervembassi/Documents/Projects/Veepee/place-api/tests/Account.UnitTests/bin/Release/.net9.0/Account.UnitTests.dll" adapterTypeName="executor://xunit/VsTestRunner2/netcoreapp" className="Account.UnitTests.Profile.Models.PhoneNumberTests" name="Parse_WithEmptyCountryCode_ShouldReturnError" />
    </UnitTest>
    <UnitTest name="Account.UnitTests.Profile.Models.PhoneNumberTests.Parse_WithRegion_ShouldSetCorrectCountryCode(number: &quot;612345678&quot;, region: &quot;FR&quot;, expectedCountryCode: &quot;33&quot;)" storage="/users/aristidehervembassi/documents/projects/veepee/place-api/tests/account.unittests/bin/release/.net9.0/account.unittests.dll" id="92a94363-69b6-f21f-5d42-baf4945e3176">
      <Execution id="c447f733-9cc1-4b4a-93aa-337f427ac890" />
      <TestMethod codeBase="/Users/aristidehervembassi/Documents/Projects/Veepee/place-api/tests/Account.UnitTests/bin/Release/.net9.0/Account.UnitTests.dll" adapterTypeName="executor://xunit/VsTestRunner2/netcoreapp" className="Account.UnitTests.Profile.Models.PhoneNumberTests" name="Parse_WithRegion_ShouldSetCorrectCountryCode" />
    </UnitTest>
    <UnitTest name="Account.UnitTests.Profile.Models.PhoneNumberTests.Parse_WithValidRegionalNumber_ShouldSucceed(number: &quot;655555555&quot;, countryCode: &quot;CM&quot;, expected: &quot;+237655555555&quot;)" storage="/users/aristidehervembassi/documents/projects/veepee/place-api/tests/account.unittests/bin/release/.net9.0/account.unittests.dll" id="527f92a6-4320-7175-6bfc-ec7d25a96a0a">
      <Execution id="1a01ed90-11d6-4a1c-a73c-23eec99bf3f0" />
      <TestMethod codeBase="/Users/aristidehervembassi/Documents/Projects/Veepee/place-api/tests/Account.UnitTests/bin/Release/.net9.0/Account.UnitTests.dll" adapterTypeName="executor://xunit/VsTestRunner2/netcoreapp" className="Account.UnitTests.Profile.Models.PhoneNumberTests" name="Parse_WithValidRegionalNumber_ShouldSucceed" />
    </UnitTest>
    <UnitTest name="Account.UnitTests.Profile.Models.LastNameTests.Create_WithCompoundName_ShouldSucceed(compoundName: &quot;van der Waals&quot;)" storage="/users/aristidehervembassi/documents/projects/veepee/place-api/tests/account.unittests/bin/release/.net9.0/account.unittests.dll" id="dc861f51-3477-76aa-b677-19cbbd0a0c8e">
      <Execution id="14bf826d-e074-41a9-b044-1306e2b366f7" />
      <TestMethod codeBase="/Users/aristidehervembassi/Documents/Projects/Veepee/place-api/tests/Account.UnitTests/bin/Release/.net9.0/Account.UnitTests.dll" adapterTypeName="executor://xunit/VsTestRunner2/netcoreapp" className="Account.UnitTests.Profile.Models.LastNameTests" name="Create_WithCompoundName_ShouldSucceed" />
    </UnitTest>
    <UnitTest name="Account.UnitTests.Profile.Models.FirstNameTests.Create_WithValidName_ShouldReturnExpectedInstance(validName: &quot;María José&quot;)" storage="/users/aristidehervembassi/documents/projects/veepee/place-api/tests/account.unittests/bin/release/.net9.0/account.unittests.dll" id="ca2973ab-7487-bd84-4dc4-b4555faac7dd">
      <Execution id="7ceed9b2-26f6-40b9-9cd2-beff90ec7615" />
      <TestMethod codeBase="/Users/aristidehervembassi/Documents/Projects/Veepee/place-api/tests/Account.UnitTests/bin/Release/.net9.0/Account.UnitTests.dll" adapterTypeName="executor://xunit/VsTestRunner2/netcoreapp" className="Account.UnitTests.Profile.Models.FirstNameTests" name="Create_WithValidName_ShouldReturnExpectedInstance" />
    </UnitTest>
    <UnitTest name="Account.UnitTests.Profile.Models.LastNameTests.Create_WithCompoundName_ShouldSucceed(compoundName: &quot;von Neumann&quot;)" storage="/users/aristidehervembassi/documents/projects/veepee/place-api/tests/account.unittests/bin/release/.net9.0/account.unittests.dll" id="daac1bdb-e667-8fed-67b8-7b659bb09f2d">
      <Execution id="63feefb4-80df-4410-a2c5-793cc9fc8b9f" />
      <TestMethod codeBase="/Users/aristidehervembassi/Documents/Projects/Veepee/place-api/tests/Account.UnitTests/bin/Release/.net9.0/Account.UnitTests.dll" adapterTypeName="executor://xunit/VsTestRunner2/netcoreapp" className="Account.UnitTests.Profile.Models.LastNameTests" name="Create_WithCompoundName_ShouldSucceed" />
    </UnitTest>
    <UnitTest name="Account.UnitTests.Profile.Models.PhoneNumberTests.Parse_WithEmptyCountryCode_ShouldReturnError(number: &quot;0612345678&quot;, countryCode: &quot;&quot;)" storage="/users/aristidehervembassi/documents/projects/veepee/place-api/tests/account.unittests/bin/release/.net9.0/account.unittests.dll" id="8fa377bb-de06-0370-1683-414474e50f16">
      <Execution id="a2d9d706-4ac9-4f06-a704-7fb975b40d98" />
      <TestMethod codeBase="/Users/aristidehervembassi/Documents/Projects/Veepee/place-api/tests/Account.UnitTests/bin/Release/.net9.0/Account.UnitTests.dll" adapterTypeName="executor://xunit/VsTestRunner2/netcoreapp" className="Account.UnitTests.Profile.Models.PhoneNumberTests" name="Parse_WithEmptyCountryCode_ShouldReturnError" />
    </UnitTest>
    <UnitTest name="Account.UnitTests.Profile.Models.PhoneNumberTests.Parse_WithValidInternationalNumber_ShouldSucceed(number: &quot;+41791234567&quot;)" storage="/users/aristidehervembassi/documents/projects/veepee/place-api/tests/account.unittests/bin/release/.net9.0/account.unittests.dll" id="2d28d1bb-3c06-61c0-484b-4c15335210de">
      <Execution id="ac49f0e8-865e-49eb-ad88-5843c45f5106" />
      <TestMethod codeBase="/Users/aristidehervembassi/Documents/Projects/Veepee/place-api/tests/Account.UnitTests/bin/Release/.net9.0/Account.UnitTests.dll" adapterTypeName="executor://xunit/VsTestRunner2/netcoreapp" className="Account.UnitTests.Profile.Models.PhoneNumberTests" name="Parse_WithValidInternationalNumber_ShouldSucceed" />
    </UnitTest>
    <UnitTest name="Account.UnitTests.Profile.Models.AddressTests.Create_WithEmptyRequiredFields_ShouldReturnError(city: &quot;New York&quot;, country: &quot;&quot;, expectedError: &quot;Address.Country.Empty&quot;)" storage="/users/aristidehervembassi/documents/projects/veepee/place-api/tests/account.unittests/bin/release/.net9.0/account.unittests.dll" id="2ed18ee5-c067-3cba-e2ca-c09d3c3fbd35">
      <Execution id="673720d0-61c7-413a-9a7a-21ade402c5fd" />
      <TestMethod codeBase="/Users/aristidehervembassi/Documents/Projects/Veepee/place-api/tests/Account.UnitTests/bin/Release/.net9.0/Account.UnitTests.dll" adapterTypeName="executor://xunit/VsTestRunner2/netcoreapp" className="Account.UnitTests.Profile.Models.AddressTests" name="Create_WithEmptyRequiredFields_ShouldReturnError" />
    </UnitTest>
    <UnitTest name="Account.UnitTests.Profile.Models.LastNameTests.Create_WithAccentedCharacters_ShouldSucceed(nameWithAccents: &quot;Gärçia&quot;)" storage="/users/aristidehervembassi/documents/projects/veepee/place-api/tests/account.unittests/bin/release/.net9.0/account.unittests.dll" id="43dc0e6b-7578-ac0e-53ec-c31f2923924c">
      <Execution id="e507a32d-983e-4ef9-a87f-434d60df77d8" />
      <TestMethod codeBase="/Users/aristidehervembassi/Documents/Projects/Veepee/place-api/tests/Account.UnitTests/bin/Release/.net9.0/Account.UnitTests.dll" adapterTypeName="executor://xunit/VsTestRunner2/netcoreapp" className="Account.UnitTests.Profile.Models.LastNameTests" name="Create_WithAccentedCharacters_ShouldSucceed" />
    </UnitTest>
    <UnitTest name="Account.UnitTests.Profile.Models.LastNameTests.Create_WithValidName_ShouldReturnExpectedInstance(validName: &quot;Smith&quot;)" storage="/users/aristidehervembassi/documents/projects/veepee/place-api/tests/account.unittests/bin/release/.net9.0/account.unittests.dll" id="3cec4461-089d-ade4-fa07-105f48fa7261">
      <Execution id="4416e5f4-818f-4c69-9894-ac27ba6895b0" />
      <TestMethod codeBase="/Users/aristidehervembassi/Documents/Projects/Veepee/place-api/tests/Account.UnitTests/bin/Release/.net9.0/Account.UnitTests.dll" adapterTypeName="executor://xunit/VsTestRunner2/netcoreapp" className="Account.UnitTests.Profile.Models.LastNameTests" name="Create_WithValidName_ShouldReturnExpectedInstance" />
    </UnitTest>
    <UnitTest name="Account.UnitTests.Profile.Models.PhoneNumberTests.Parse_WithInvalidInput_ShouldReturnError(number: &quot;0612345678&quot;, countryCode: &quot;XX&quot;)" storage="/users/aristidehervembassi/documents/projects/veepee/place-api/tests/account.unittests/bin/release/.net9.0/account.unittests.dll" id="8b2e7c68-ab7b-db06-72ea-81e679e51c3b">
      <Execution id="7fb978ca-fa33-4842-bcb9-a963252b3df9" />
      <TestMethod codeBase="/Users/aristidehervembassi/Documents/Projects/Veepee/place-api/tests/Account.UnitTests/bin/Release/.net9.0/Account.UnitTests.dll" adapterTypeName="executor://xunit/VsTestRunner2/netcoreapp" className="Account.UnitTests.Profile.Models.PhoneNumberTests" name="Parse_WithInvalidInput_ShouldReturnError" />
    </UnitTest>
    <UnitTest name="Account.UnitTests.Profile.Models.DateOfBirthTests.ImplicitConversion_ToDateTime_ShouldWork" storage="/users/aristidehervembassi/documents/projects/veepee/place-api/tests/account.unittests/bin/release/.net9.0/account.unittests.dll" id="cc6b4090-e5ec-21f0-9ad1-b329e6757070">
      <Execution id="20522231-7f10-4d04-8ceb-4b1fc8db2b22" />
      <TestMethod codeBase="/Users/aristidehervembassi/Documents/Projects/Veepee/place-api/tests/Account.UnitTests/bin/Release/.net9.0/Account.UnitTests.dll" adapterTypeName="executor://xunit/VsTestRunner2/netcoreapp" className="Account.UnitTests.Profile.Models.DateOfBirthTests" name="ImplicitConversion_ToDateTime_ShouldWork" />
    </UnitTest>
    <UnitTest name="Account.UnitTests.Profile.Models.EmailTests.Create_WithInvalidFormat_ShouldReturnError(invalidEmail: &quot;.user@example.com&quot;)" storage="/users/aristidehervembassi/documents/projects/veepee/place-api/tests/account.unittests/bin/release/.net9.0/account.unittests.dll" id="55b33999-4e4f-b3db-07d8-11c7a58e84f3">
      <Execution id="f014c801-dbf7-4fb7-bf36-885a03ddc8f5" />
      <TestMethod codeBase="/Users/aristidehervembassi/Documents/Projects/Veepee/place-api/tests/Account.UnitTests/bin/Release/.net9.0/Account.UnitTests.dll" adapterTypeName="executor://xunit/VsTestRunner2/netcoreapp" className="Account.UnitTests.Profile.Models.EmailTests" name="Create_WithInvalidFormat_ShouldReturnError" />
    </UnitTest>
    <UnitTest name="Account.UnitTests.Profile.Models.LastNameTests.Create_WithEdgeCases_ShouldSucceed(validName: &quot;A-A&quot;)" storage="/users/aristidehervembassi/documents/projects/veepee/place-api/tests/account.unittests/bin/release/.net9.0/account.unittests.dll" id="6e833589-6e8a-7a50-ac79-c84f47e6fdd7">
      <Execution id="0a1ca935-22c9-485f-92b9-33d4af323b71" />
      <TestMethod codeBase="/Users/aristidehervembassi/Documents/Projects/Veepee/place-api/tests/Account.UnitTests/bin/Release/.net9.0/Account.UnitTests.dll" adapterTypeName="executor://xunit/VsTestRunner2/netcoreapp" className="Account.UnitTests.Profile.Models.LastNameTests" name="Create_WithEdgeCases_ShouldSucceed" />
    </UnitTest>
    <UnitTest name="Account.UnitTests.Profile.Models.PhoneNumberTests.Parse_WithInvalidInput_ShouldReturnError(number: &quot;not-a-number&quot;, countryCode: &quot;FR&quot;)" storage="/users/aristidehervembassi/documents/projects/veepee/place-api/tests/account.unittests/bin/release/.net9.0/account.unittests.dll" id="de0aee32-b405-6e62-6836-1e83d3e5dcf3">
      <Execution id="f00d7c08-5bef-410a-9275-582d1c08bf3c" />
      <TestMethod codeBase="/Users/aristidehervembassi/Documents/Projects/Veepee/place-api/tests/Account.UnitTests/bin/Release/.net9.0/Account.UnitTests.dll" adapterTypeName="executor://xunit/VsTestRunner2/netcoreapp" className="Account.UnitTests.Profile.Models.PhoneNumberTests" name="Parse_WithInvalidInput_ShouldReturnError" />
    </UnitTest>
    <UnitTest name="Account.UnitTests.Profile.Models.PhoneNumberTests.Parse_ShouldExtractCorrectParts(number: &quot;+237655555555&quot;, expectedCountryCode: 237, expectedNationalNumber: 655555555)" storage="/users/aristidehervembassi/documents/projects/veepee/place-api/tests/account.unittests/bin/release/.net9.0/account.unittests.dll" id="58431cc9-8197-d911-6b60-bacd96baf9db">
      <Execution id="6ec5dbd1-3ea2-408b-9812-3cb3aac8cea4" />
      <TestMethod codeBase="/Users/aristidehervembassi/Documents/Projects/Veepee/place-api/tests/Account.UnitTests/bin/Release/.net9.0/Account.UnitTests.dll" adapterTypeName="executor://xunit/VsTestRunner2/netcoreapp" className="Account.UnitTests.Profile.Models.PhoneNumberTests" name="Parse_ShouldExtractCorrectParts" />
    </UnitTest>
    <UnitTest name="Account.UnitTests.Profile.Models.LastNameTests.Create_WithInvalidCharacters_ShouldReturnSpecificError(invalidName: &quot;Smith@Jones&quot;)" storage="/users/aristidehervembassi/documents/projects/veepee/place-api/tests/account.unittests/bin/release/.net9.0/account.unittests.dll" id="7cdf4f6c-70d9-1c25-646c-8b4aa73d1701">
      <Execution id="a27a820e-f151-4e70-96be-7d0d20a04f7f" />
      <TestMethod codeBase="/Users/aristidehervembassi/Documents/Projects/Veepee/place-api/tests/Account.UnitTests/bin/Release/.net9.0/Account.UnitTests.dll" adapterTypeName="executor://xunit/VsTestRunner2/netcoreapp" className="Account.UnitTests.Profile.Models.LastNameTests" name="Create_WithInvalidCharacters_ShouldReturnSpecificError" />
    </UnitTest>
    <UnitTest name="Account.UnitTests.Profile.Models.DateOfBirthTests.ToString_ShouldReturnFrenchFormattedDate(inputDate: &quot;1990-01-01&quot;, expected: &quot;01/01/1990&quot;)" storage="/users/aristidehervembassi/documents/projects/veepee/place-api/tests/account.unittests/bin/release/.net9.0/account.unittests.dll" id="ffdbfb40-2766-a04e-549b-af0d72e85592">
      <Execution id="47e40bd1-2071-4c58-b971-8be23e70a88b" />
      <TestMethod codeBase="/Users/aristidehervembassi/Documents/Projects/Veepee/place-api/tests/Account.UnitTests/bin/Release/.net9.0/Account.UnitTests.dll" adapterTypeName="executor://xunit/VsTestRunner2/netcoreapp" className="Account.UnitTests.Profile.Models.DateOfBirthTests" name="ToString_ShouldReturnFrenchFormattedDate" />
    </UnitTest>
    <UnitTest name="Account.UnitTests.Profile.Models.FirstNameTests.Create_WithNullOrWhiteSpace_ShouldReturnSpecificError(invalidName: &quot;&quot;, expectedErrorCode: &quot;FirstName.Empty&quot;)" storage="/users/aristidehervembassi/documents/projects/veepee/place-api/tests/account.unittests/bin/release/.net9.0/account.unittests.dll" id="4200b574-9b59-83e0-35d9-df34c967550f">
      <Execution id="f61a5e68-5bf7-46ee-8d50-5ccb7381bb35" />
      <TestMethod codeBase="/Users/aristidehervembassi/Documents/Projects/Veepee/place-api/tests/Account.UnitTests/bin/Release/.net9.0/Account.UnitTests.dll" adapterTypeName="executor://xunit/VsTestRunner2/netcoreapp" className="Account.UnitTests.Profile.Models.FirstNameTests" name="Create_WithNullOrWhiteSpace_ShouldReturnSpecificError" />
    </UnitTest>
    <UnitTest name="Account.UnitTests.Profile.Models.LastNameTests.Create_WithInvalidCharacters_ShouldReturnSpecificError(invalidName: &quot;Smith123&quot;)" storage="/users/aristidehervembassi/documents/projects/veepee/place-api/tests/account.unittests/bin/release/.net9.0/account.unittests.dll" id="433c9e4a-98f9-4d22-0eb0-fab67a7661a8">
      <Execution id="208f09d0-9bd4-402e-b17a-1067bbdfe797" />
      <TestMethod codeBase="/Users/aristidehervembassi/Documents/Projects/Veepee/place-api/tests/Account.UnitTests/bin/Release/.net9.0/Account.UnitTests.dll" adapterTypeName="executor://xunit/VsTestRunner2/netcoreapp" className="Account.UnitTests.Profile.Models.LastNameTests" name="Create_WithInvalidCharacters_ShouldReturnSpecificError" />
    </UnitTest>
    <UnitTest name="Account.UnitTests.Profile.Models.EmailTests.Create_WithUpperCaseEmail_ShouldNormalizeToLowerCase(input: &quot;User.Name@Example.com&quot;, expected: &quot;user.name@example.com&quot;)" storage="/users/aristidehervembassi/documents/projects/veepee/place-api/tests/account.unittests/bin/release/.net9.0/account.unittests.dll" id="a7d58164-021e-446f-9444-68efcb2d1324">
      <Execution id="6a6ac6ab-433f-4d67-b26d-2b0ad7479aec" />
      <TestMethod codeBase="/Users/aristidehervembassi/Documents/Projects/Veepee/place-api/tests/Account.UnitTests/bin/Release/.net9.0/Account.UnitTests.dll" adapterTypeName="executor://xunit/VsTestRunner2/netcoreapp" className="Account.UnitTests.Profile.Models.EmailTests" name="Create_WithUpperCaseEmail_ShouldNormalizeToLowerCase" />
    </UnitTest>
    <UnitTest name="Account.UnitTests.Profile.Models.FirstNameTests.Create_WithEdgeCases_ShouldSucceed(validName: &quot;AAAAAAAAAAAAAAAAAAAAAAAAAAAAAAAAAAAAAAAAAAAAAAAAAA&quot;···)" storage="/users/aristidehervembassi/documents/projects/veepee/place-api/tests/account.unittests/bin/release/.net9.0/account.unittests.dll" id="8823abfa-6288-730a-c73e-9e91e8a043bf">
      <Execution id="cd986077-8e34-4625-b2ae-3b76e59b7b6b" />
      <TestMethod codeBase="/Users/aristidehervembassi/Documents/Projects/Veepee/place-api/tests/Account.UnitTests/bin/Release/.net9.0/Account.UnitTests.dll" adapterTypeName="executor://xunit/VsTestRunner2/netcoreapp" className="Account.UnitTests.Profile.Models.FirstNameTests" name="Create_WithEdgeCases_ShouldSucceed" />
    </UnitTest>
    <UnitTest name="Account.UnitTests.Profile.Models.FirstNameTests.Create_WithInvalidCharacters_ShouldReturnSpecificError(invalidName: &quot;John\\Smith&quot;)" storage="/users/aristidehervembassi/documents/projects/veepee/place-api/tests/account.unittests/bin/release/.net9.0/account.unittests.dll" id="a62f7283-02c3-a0e3-cf5f-0454f4ae1674">
      <Execution id="90b55e48-87fb-4863-b0ae-445d71876516" />
      <TestMethod codeBase="/Users/aristidehervembassi/Documents/Projects/Veepee/place-api/tests/Account.UnitTests/bin/Release/.net9.0/Account.UnitTests.dll" adapterTypeName="executor://xunit/VsTestRunner2/netcoreapp" className="Account.UnitTests.Profile.Models.FirstNameTests" name="Create_WithInvalidCharacters_ShouldReturnSpecificError" />
    </UnitTest>
    <UnitTest name="Account.UnitTests.Profile.Models.EmailTests.Create_WithTotalLengthExceeding254_ShouldReturnError" storage="/users/aristidehervembassi/documents/projects/veepee/place-api/tests/account.unittests/bin/release/.net9.0/account.unittests.dll" id="9faf10b9-6123-5aa6-584d-af9758abd95b">
      <Execution id="4ade70dd-f6d8-439b-bf16-ea82fd26ed62" />
      <TestMethod codeBase="/Users/aristidehervembassi/Documents/Projects/Veepee/place-api/tests/Account.UnitTests/bin/Release/.net9.0/Account.UnitTests.dll" adapterTypeName="executor://xunit/VsTestRunner2/netcoreapp" className="Account.UnitTests.Profile.Models.EmailTests" name="Create_WithTotalLengthExceeding254_ShouldReturnError" />
    </UnitTest>
    <UnitTest name="Account.UnitTests.Profile.Models.AddressTests.Create_WithNullOrEmptyOptionalFields_ShouldSucceed(street: null, zipCode: &quot;12345&quot;, city: &quot;New York&quot;, country: &quot;USA&quot;)" storage="/users/aristidehervembassi/documents/projects/veepee/place-api/tests/account.unittests/bin/release/.net9.0/account.unittests.dll" id="7d5d4a03-f686-8407-8798-d83e06f811f2">
      <Execution id="96eb7fe6-e540-4a32-9e13-d4a7baa5bd07" />
      <TestMethod codeBase="/Users/aristidehervembassi/Documents/Projects/Veepee/place-api/tests/Account.UnitTests/bin/Release/.net9.0/Account.UnitTests.dll" adapterTypeName="executor://xunit/VsTestRunner2/netcoreapp" className="Account.UnitTests.Profile.Models.AddressTests" name="Create_WithNullOrEmptyOptionalFields_ShouldSucceed" />
    </UnitTest>
    <UnitTest name="Account.UnitTests.Profile.Models.PersonalInfoTests.Builder_ShouldThrowException_ForInvalidDateOfBirth(invalidDateOfBirthString: &quot;2050-01-01&quot;)" storage="/users/aristidehervembassi/documents/projects/veepee/place-api/tests/account.unittests/bin/release/.net9.0/account.unittests.dll" id="b1540571-2958-d6df-4940-b52d99d7c6a7">
      <Execution id="f07a0977-aaed-49b7-a977-b65b80d61da7" />
      <TestMethod codeBase="/Users/aristidehervembassi/Documents/Projects/Veepee/place-api/tests/Account.UnitTests/bin/Release/.net9.0/Account.UnitTests.dll" adapterTypeName="executor://xunit/VsTestRunner2/netcoreapp" className="Account.UnitTests.Profile.Models.PersonalInfoTests" name="Builder_ShouldThrowException_ForInvalidDateOfBirth" />
    </UnitTest>
    <UnitTest name="Account.UnitTests.Profile.Models.DateOfBirthTests.ToString_ShouldReturnFrenchFormattedDate(inputDate: &quot;2000-12-31&quot;, expected: &quot;31/12/2000&quot;)" storage="/users/aristidehervembassi/documents/projects/veepee/place-api/tests/account.unittests/bin/release/.net9.0/account.unittests.dll" id="709f64d5-e931-888f-4984-74c72e9cdd93">
      <Execution id="8515b66f-2122-42ee-82f4-1462f2bc7e3e" />
      <TestMethod codeBase="/Users/aristidehervembassi/Documents/Projects/Veepee/place-api/tests/Account.UnitTests/bin/Release/.net9.0/Account.UnitTests.dll" adapterTypeName="executor://xunit/VsTestRunner2/netcoreapp" className="Account.UnitTests.Profile.Models.DateOfBirthTests" name="ToString_ShouldReturnFrenchFormattedDate" />
    </UnitTest>
    <UnitTest name="Account.UnitTests.Profile.Models.PhoneNumberTests.Format_WithDifferentFormats_ShouldReturnCorrectFormat(number: &quot;+33612345678&quot;, format: INTERNATIONAL, expected: &quot;+33 6 12 34 56 78&quot;)" storage="/users/aristidehervembassi/documents/projects/veepee/place-api/tests/account.unittests/bin/release/.net9.0/account.unittests.dll" id="053e77ff-1b81-a928-65c1-dcdff8c48eab">
      <Execution id="389abb37-f90c-4eb6-b573-44457caf2667" />
      <TestMethod codeBase="/Users/aristidehervembassi/Documents/Projects/Veepee/place-api/tests/Account.UnitTests/bin/Release/.net9.0/Account.UnitTests.dll" adapterTypeName="executor://xunit/VsTestRunner2/netcoreapp" className="Account.UnitTests.Profile.Models.PhoneNumberTests" name="Format_WithDifferentFormats_ShouldReturnCorrectFormat" />
    </UnitTest>
    <UnitTest name="Account.UnitTests.Profile.Models.EmailTests.Create_WithInvalidFormat_ShouldReturnError(invalidEmail: &quot;user..name@example.com&quot;)" storage="/users/aristidehervembassi/documents/projects/veepee/place-api/tests/account.unittests/bin/release/.net9.0/account.unittests.dll" id="3c2bc22d-0cb7-d078-5a7f-33d93a53b315">
      <Execution id="9600f9e0-0cf9-405f-b87b-777c3a59ac9b" />
      <TestMethod codeBase="/Users/aristidehervembassi/Documents/Projects/Veepee/place-api/tests/Account.UnitTests/bin/Release/.net9.0/Account.UnitTests.dll" adapterTypeName="executor://xunit/VsTestRunner2/netcoreapp" className="Account.UnitTests.Profile.Models.EmailTests" name="Create_WithInvalidFormat_ShouldReturnError" />
    </UnitTest>
    <UnitTest name="Account.UnitTests.Profile.Models.EmailTests.Create_WithValidComplexEmail_ShouldSucceed(validEmail: &quot;valid.email+tag@example.com&quot;)" storage="/users/aristidehervembassi/documents/projects/veepee/place-api/tests/account.unittests/bin/release/.net9.0/account.unittests.dll" id="739c7f9c-7f09-c241-84ab-84ad9ae93a1c">
      <Execution id="0e9915c3-0181-4a5f-aa75-d597272b6497" />
      <TestMethod codeBase="/Users/aristidehervembassi/Documents/Projects/Veepee/place-api/tests/Account.UnitTests/bin/Release/.net9.0/Account.UnitTests.dll" adapterTypeName="executor://xunit/VsTestRunner2/netcoreapp" className="Account.UnitTests.Profile.Models.EmailTests" name="Create_WithValidComplexEmail_ShouldSucceed" />
    </UnitTest>
    <UnitTest name="Account.UnitTests.Profile.Models.LastNameTests.ToString_ShouldReturnSameValueAsImplicitConversion" storage="/users/aristidehervembassi/documents/projects/veepee/place-api/tests/account.unittests/bin/release/.net9.0/account.unittests.dll" id="64134855-dfcc-fcc5-2e4a-84d24a8de027">
      <Execution id="0d21dfe8-d2c2-4f81-b1fc-afd81e615f48" />
      <TestMethod codeBase="/Users/aristidehervembassi/Documents/Projects/Veepee/place-api/tests/Account.UnitTests/bin/Release/.net9.0/Account.UnitTests.dll" adapterTypeName="executor://xunit/VsTestRunner2/netcoreapp" className="Account.UnitTests.Profile.Models.LastNameTests" name="ToString_ShouldReturnSameValueAsImplicitConversion" />
    </UnitTest>
    <UnitTest name="Account.UnitTests.Profile.Models.PersonalInfoTests.Builder_ShouldThrowException_ForInvalidAddress(street: &quot;123 Main St&quot;, zipCode: &quot;75001&quot;, city: &quot;&quot;, country: &quot;France&quot;)" storage="/users/aristidehervembassi/documents/projects/veepee/place-api/tests/account.unittests/bin/release/.net9.0/account.unittests.dll" id="d32198a0-b6a0-3c12-a563-46229d19111a">
      <Execution id="e3d84de1-65ac-40b6-91f8-c951334c8ffb" />
      <TestMethod codeBase="/Users/aristidehervembassi/Documents/Projects/Veepee/place-api/tests/Account.UnitTests/bin/Release/.net9.0/Account.UnitTests.dll" adapterTypeName="executor://xunit/VsTestRunner2/netcoreapp" className="Account.UnitTests.Profile.Models.PersonalInfoTests" name="Builder_ShouldThrowException_ForInvalidAddress" />
    </UnitTest>
    <UnitTest name="Account.UnitTests.Profile.Models.FirstNameTests.Create_WithNullOrWhiteSpace_ShouldReturnSpecificError(invalidName: &quot;   &quot;, expectedErrorCode: &quot;FirstName.Empty&quot;)" storage="/users/aristidehervembassi/documents/projects/veepee/place-api/tests/account.unittests/bin/release/.net9.0/account.unittests.dll" id="65b6bb50-afcd-3579-ab66-f39e3e630789">
      <Execution id="02a0cbe5-cb4d-47e5-bfd3-c6517bf57ad3" />
      <TestMethod codeBase="/Users/aristidehervembassi/Documents/Projects/Veepee/place-api/tests/Account.UnitTests/bin/Release/.net9.0/Account.UnitTests.dll" adapterTypeName="executor://xunit/VsTestRunner2/netcoreapp" className="Account.UnitTests.Profile.Models.FirstNameTests" name="Create_WithNullOrWhiteSpace_ShouldReturnSpecificError" />
    </UnitTest>
    <UnitTest name="Account.UnitTests.Profile.Models.FirstNameTests.Create_WithInvalidCharacters_ShouldReturnSpecificError(invalidName: &quot;John@Doe&quot;)" storage="/users/aristidehervembassi/documents/projects/veepee/place-api/tests/account.unittests/bin/release/.net9.0/account.unittests.dll" id="4033fcad-f470-da9d-3173-a89968fd1b62">
      <Execution id="0797b1f2-6b7d-40ca-84c3-d173e04f7f10" />
      <TestMethod codeBase="/Users/aristidehervembassi/Documents/Projects/Veepee/place-api/tests/Account.UnitTests/bin/Release/.net9.0/Account.UnitTests.dll" adapterTypeName="executor://xunit/VsTestRunner2/netcoreapp" className="Account.UnitTests.Profile.Models.FirstNameTests" name="Create_WithInvalidCharacters_ShouldReturnSpecificError" />
    </UnitTest>
    <UnitTest name="Account.UnitTests.Profile.Models.AddressTests.Create_WithOnlyRequiredFields_ShouldSucceed" storage="/users/aristidehervembassi/documents/projects/veepee/place-api/tests/account.unittests/bin/release/.net9.0/account.unittests.dll" id="97c450ea-c912-fee5-4cd7-dac7da651953">
      <Execution id="71a1f3a3-6300-4925-985c-970c9b20f5cb" />
      <TestMethod codeBase="/Users/aristidehervembassi/Documents/Projects/Veepee/place-api/tests/Account.UnitTests/bin/Release/.net9.0/Account.UnitTests.dll" adapterTypeName="executor://xunit/VsTestRunner2/netcoreapp" className="Account.UnitTests.Profile.Models.AddressTests" name="Create_WithOnlyRequiredFields_ShouldSucceed" />
    </UnitTest>
    <UnitTest name="Account.UnitTests.Profile.Models.PhoneNumberTests.Parse_WithInvalidFormats_ShouldIncludeExceptionMessageInError(number: &quot;+333333333333333&quot;, expectedErrorCode: &quot;PhoneNumber.Invalid&quot;)" storage="/users/aristidehervembassi/documents/projects/veepee/place-api/tests/account.unittests/bin/release/.net9.0/account.unittests.dll" id="c343b07b-3a2d-f84a-29ea-ea421f98b507">
      <Execution id="94423bf2-39b8-4b3b-9cbb-3804531fefb0" />
      <TestMethod codeBase="/Users/aristidehervembassi/Documents/Projects/Veepee/place-api/tests/Account.UnitTests/bin/Release/.net9.0/Account.UnitTests.dll" adapterTypeName="executor://xunit/VsTestRunner2/netcoreapp" className="Account.UnitTests.Profile.Models.PhoneNumberTests" name="Parse_WithInvalidFormats_ShouldIncludeExceptionMessageInError" />
    </UnitTest>
    <UnitTest name="Account.UnitTests.Profile.Models.EmailTests.Create_WithNullOrWhiteSpace_ShouldReturnError(invalidEmail: &quot; &quot;)" storage="/users/aristidehervembassi/documents/projects/veepee/place-api/tests/account.unittests/bin/release/.net9.0/account.unittests.dll" id="ef7b0d1e-0bc6-7c0f-1d29-4a6b6e3508db">
      <Execution id="9e32e24a-73f0-452f-b767-dd70d31779a3" />
      <TestMethod codeBase="/Users/aristidehervembassi/Documents/Projects/Veepee/place-api/tests/Account.UnitTests/bin/Release/.net9.0/Account.UnitTests.dll" adapterTypeName="executor://xunit/VsTestRunner2/netcoreapp" className="Account.UnitTests.Profile.Models.EmailTests" name="Create_WithNullOrWhiteSpace_ShouldReturnError" />
    </UnitTest>
    <UnitTest name="Account.UnitTests.Profile.Models.LastNameTests.Create_WithInvalidCharacters_ShouldReturnSpecificError(invalidName: &quot;Smith#Jones&quot;)" storage="/users/aristidehervembassi/documents/projects/veepee/place-api/tests/account.unittests/bin/release/.net9.0/account.unittests.dll" id="107de17e-b3e4-a0c2-fa2a-625f1bce71a1">
      <Execution id="2950a1ae-6d0c-405d-8591-fa7bcecc5d9b" />
      <TestMethod codeBase="/Users/aristidehervembassi/Documents/Projects/Veepee/place-api/tests/Account.UnitTests/bin/Release/.net9.0/Account.UnitTests.dll" adapterTypeName="executor://xunit/VsTestRunner2/netcoreapp" className="Account.UnitTests.Profile.Models.LastNameTests" name="Create_WithInvalidCharacters_ShouldReturnSpecificError" />
    </UnitTest>
    <UnitTest name="Account.UnitTests.Profile.Models.AddressTests.Create_WithTooLongFields_ShouldReturnError(streetLength: 100, zipCodeLength: 10, cityLength: 51, countryLength: 50, expectedError: &quot;Address.City.TooLong&quot;)" storage="/users/aristidehervembassi/documents/projects/veepee/place-api/tests/account.unittests/bin/release/.net9.0/account.unittests.dll" id="4101f6e4-b5df-d08e-c617-9dbebc98a7aa">
      <Execution id="1f8dcb2a-9b49-4af2-aa05-a924631233cd" />
      <TestMethod codeBase="/Users/aristidehervembassi/Documents/Projects/Veepee/place-api/tests/Account.UnitTests/bin/Release/.net9.0/Account.UnitTests.dll" adapterTypeName="executor://xunit/VsTestRunner2/netcoreapp" className="Account.UnitTests.Profile.Models.AddressTests" name="Create_WithTooLongFields_ShouldReturnError" />
    </UnitTest>
    <UnitTest name="Account.UnitTests.Profile.Models.EmailTests.Create_WithInvalidFormat_ShouldReturnError(invalidEmail: &quot;user.@example.com&quot;)" storage="/users/aristidehervembassi/documents/projects/veepee/place-api/tests/account.unittests/bin/release/.net9.0/account.unittests.dll" id="9e0dcee7-311b-1ded-2954-bac3f4bac43f">
      <Execution id="38d25c1c-b93b-4fca-9321-3452534b32e5" />
      <TestMethod codeBase="/Users/aristidehervembassi/Documents/Projects/Veepee/place-api/tests/Account.UnitTests/bin/Release/.net9.0/Account.UnitTests.dll" adapterTypeName="executor://xunit/VsTestRunner2/netcoreapp" className="Account.UnitTests.Profile.Models.EmailTests" name="Create_WithInvalidFormat_ShouldReturnError" />
    </UnitTest>
    <UnitTest name="Account.UnitTests.Profile.Models.PhoneNumberTests.Parse_WithInvalidNumber_ShouldReturnError(number: &quot;++123456789&quot;)" storage="/users/aristidehervembassi/documents/projects/veepee/place-api/tests/account.unittests/bin/release/.net9.0/account.unittests.dll" id="7a64bed0-c104-2289-aa15-ee741dd5cb13">
      <Execution id="47255ea9-3848-4adb-8126-fe0227246788" />
      <TestMethod codeBase="/Users/aristidehervembassi/Documents/Projects/Veepee/place-api/tests/Account.UnitTests/bin/Release/.net9.0/Account.UnitTests.dll" adapterTypeName="executor://xunit/VsTestRunner2/netcoreapp" className="Account.UnitTests.Profile.Models.PhoneNumberTests" name="Parse_WithInvalidNumber_ShouldReturnError" />
    </UnitTest>
    <UnitTest name="Account.UnitTests.Profile.Models.FirstNameTests.Create_WithNullOrWhiteSpace_ShouldReturnSpecificError(invalidName: &quot; &quot;, expectedErrorCode: &quot;FirstName.Empty&quot;)" storage="/users/aristidehervembassi/documents/projects/veepee/place-api/tests/account.unittests/bin/release/.net9.0/account.unittests.dll" id="26cc16f0-d00e-3b83-5f5c-9f44e5b15325">
      <Execution id="91c823bb-24d4-4319-a498-83926734e93b" />
      <TestMethod codeBase="/Users/aristidehervembassi/Documents/Projects/Veepee/place-api/tests/Account.UnitTests/bin/Release/.net9.0/Account.UnitTests.dll" adapterTypeName="executor://xunit/VsTestRunner2/netcoreapp" className="Account.UnitTests.Profile.Models.FirstNameTests" name="Create_WithNullOrWhiteSpace_ShouldReturnSpecificError" />
    </UnitTest>
    <UnitTest name="Account.UnitTests.Profile.Models.AddressTests.ToString_ShouldHandleNullFields(street: null, zipCode: &quot;12345&quot;, city: &quot;New York&quot;, country: &quot;USA&quot;, expected: &quot;12345 New York, USA&quot;)" storage="/users/aristidehervembassi/documents/projects/veepee/place-api/tests/account.unittests/bin/release/.net9.0/account.unittests.dll" id="aed70f28-62d0-bb8d-bffc-0dba0b3f4e98">
      <Execution id="f5c2cb58-49d1-4ac3-9d27-e404a0ad588e" />
      <TestMethod codeBase="/Users/aristidehervembassi/Documents/Projects/Veepee/place-api/tests/Account.UnitTests/bin/Release/.net9.0/Account.UnitTests.dll" adapterTypeName="executor://xunit/VsTestRunner2/netcoreapp" className="Account.UnitTests.Profile.Models.AddressTests" name="ToString_ShouldHandleNullFields" />
    </UnitTest>
    <UnitTest name="Account.UnitTests.Profile.Models.EmailTests.Create_WithNullOrWhiteSpace_ShouldReturnError(invalidEmail: &quot;   &quot;)" storage="/users/aristidehervembassi/documents/projects/veepee/place-api/tests/account.unittests/bin/release/.net9.0/account.unittests.dll" id="0b30382a-7b6e-7ccf-49d2-d995299b435f">
      <Execution id="8459612e-636b-4e36-a58d-8d42b6a6edcf" />
      <TestMethod codeBase="/Users/aristidehervembassi/Documents/Projects/Veepee/place-api/tests/Account.UnitTests/bin/Release/.net9.0/Account.UnitTests.dll" adapterTypeName="executor://xunit/VsTestRunner2/netcoreapp" className="Account.UnitTests.Profile.Models.EmailTests" name="Create_WithNullOrWhiteSpace_ShouldReturnError" />
    </UnitTest>
    <UnitTest name="Account.UnitTests.Profile.Models.PhoneNumberTests.Parse_WithInvalidRegion_ShouldReturnError(number: &quot;0612345678&quot;, region: &quot;XX&quot;)" storage="/users/aristidehervembassi/documents/projects/veepee/place-api/tests/account.unittests/bin/release/.net9.0/account.unittests.dll" id="a4dcbbd4-6ba2-9d39-05eb-8cf5efdeca41">
      <Execution id="a1aaef9f-93d9-400c-9791-376440ee31d1" />
      <TestMethod codeBase="/Users/aristidehervembassi/Documents/Projects/Veepee/place-api/tests/Account.UnitTests/bin/Release/.net9.0/Account.UnitTests.dll" adapterTypeName="executor://xunit/VsTestRunner2/netcoreapp" className="Account.UnitTests.Profile.Models.PhoneNumberTests" name="Parse_WithInvalidRegion_ShouldReturnError" />
    </UnitTest>
    <UnitTest name="Account.UnitTests.Profile.Models.LastNameTests.Create_WithEdgeCases_ShouldSucceed(validName: &quot;A'A&quot;)" storage="/users/aristidehervembassi/documents/projects/veepee/place-api/tests/account.unittests/bin/release/.net9.0/account.unittests.dll" id="0c385866-1f96-d3e0-96fa-a2ea2184131e">
      <Execution id="f74a0e0d-da00-4673-a58b-6fd8b0d5a5f0" />
      <TestMethod codeBase="/Users/aristidehervembassi/Documents/Projects/Veepee/place-api/tests/Account.UnitTests/bin/Release/.net9.0/Account.UnitTests.dll" adapterTypeName="executor://xunit/VsTestRunner2/netcoreapp" className="Account.UnitTests.Profile.Models.LastNameTests" name="Create_WithEdgeCases_ShouldSucceed" />
    </UnitTest>
    <UnitTest name="Account.UnitTests.Profile.Models.PhoneNumberTests.Parse_WithInvalidInput_ShouldReturnError(number: &quot;99999999999&quot;, countryCode: &quot;FR&quot;)" storage="/users/aristidehervembassi/documents/projects/veepee/place-api/tests/account.unittests/bin/release/.net9.0/account.unittests.dll" id="a27b7a86-7af9-fe84-816d-dfa98f9dbf97">
      <Execution id="b8302fbe-8f4b-4503-a16f-71c2f1d3890a" />
      <TestMethod codeBase="/Users/aristidehervembassi/Documents/Projects/Veepee/place-api/tests/Account.UnitTests/bin/Release/.net9.0/Account.UnitTests.dll" adapterTypeName="executor://xunit/VsTestRunner2/netcoreapp" className="Account.UnitTests.Profile.Models.PhoneNumberTests" name="Parse_WithInvalidInput_ShouldReturnError" />
    </UnitTest>
    <UnitTest name="Account.UnitTests.Profile.Models.PersonalInfoTests.Builder_ShouldThrowException_ForInvalidLastName(invalidLastName: &quot;   &quot;)" storage="/users/aristidehervembassi/documents/projects/veepee/place-api/tests/account.unittests/bin/release/.net9.0/account.unittests.dll" id="23de61a1-b328-5989-47d7-8332f3206574">
      <Execution id="e4324114-55a7-4feb-943f-b74014305843" />
      <TestMethod codeBase="/Users/aristidehervembassi/Documents/Projects/Veepee/place-api/tests/Account.UnitTests/bin/Release/.net9.0/Account.UnitTests.dll" adapterTypeName="executor://xunit/VsTestRunner2/netcoreapp" className="Account.UnitTests.Profile.Models.PersonalInfoTests" name="Builder_ShouldThrowException_ForInvalidLastName" />
    </UnitTest>
    <UnitTest name="Account.UnitTests.Profile.Models.EmailTests.Create_WithValidEmail_ShouldSucceed(validEmail: &quot;user.name@subdomain.example.com&quot;)" storage="/users/aristidehervembassi/documents/projects/veepee/place-api/tests/account.unittests/bin/release/.net9.0/account.unittests.dll" id="f88589e8-6908-e1fe-e36d-f3aa45fc29b5">
      <Execution id="bbafaa13-a28f-4d70-bedb-706c9c0ab31e" />
      <TestMethod codeBase="/Users/aristidehervembassi/Documents/Projects/Veepee/place-api/tests/Account.UnitTests/bin/Release/.net9.0/Account.UnitTests.dll" adapterTypeName="executor://xunit/VsTestRunner2/netcoreapp" className="Account.UnitTests.Profile.Models.EmailTests" name="Create_WithValidEmail_ShouldSucceed" />
    </UnitTest>
    <UnitTest name="Account.UnitTests.Profile.Models.PhoneNumberTests.Format_ShouldReturnCorrectInternationalFormat(number: &quot;+41791234567&quot;, expected: &quot;+41 79 123 45 67&quot;)" storage="/users/aristidehervembassi/documents/projects/veepee/place-api/tests/account.unittests/bin/release/.net9.0/account.unittests.dll" id="50b152c8-3ed2-c3d0-835c-b54497e7e651">
      <Execution id="93a5269d-325b-44aa-b08d-881c776e75de" />
      <TestMethod codeBase="/Users/aristidehervembassi/Documents/Projects/Veepee/place-api/tests/Account.UnitTests/bin/Release/.net9.0/Account.UnitTests.dll" adapterTypeName="executor://xunit/VsTestRunner2/netcoreapp" className="Account.UnitTests.Profile.Models.PhoneNumberTests" name="Format_ShouldReturnCorrectInternationalFormat" />
    </UnitTest>
    <UnitTest name="Account.UnitTests.Profile.Models.PhoneNumberTests.Parse_WithRegion_ShouldSetCorrectCountryCode(number: &quot;791234567&quot;, region: &quot;CH&quot;, expectedCountryCode: &quot;41&quot;)" storage="/users/aristidehervembassi/documents/projects/veepee/place-api/tests/account.unittests/bin/release/.net9.0/account.unittests.dll" id="312c3e7d-31d7-7b82-3fd7-423a5e2d331b">
      <Execution id="a13b7563-12de-42ca-8700-53282ae5ddab" />
      <TestMethod codeBase="/Users/aristidehervembassi/Documents/Projects/Veepee/place-api/tests/Account.UnitTests/bin/Release/.net9.0/Account.UnitTests.dll" adapterTypeName="executor://xunit/VsTestRunner2/netcoreapp" className="Account.UnitTests.Profile.Models.PhoneNumberTests" name="Parse_WithRegion_ShouldSetCorrectCountryCode" />
    </UnitTest>
    <UnitTest name="Account.UnitTests.Profile.Models.PhoneNumberTests.Format_ShouldReturnCorrectInternationalFormat(number: &quot;+237655555555&quot;, expected: &quot;+237 6 55 55 55 55&quot;)" storage="/users/aristidehervembassi/documents/projects/veepee/place-api/tests/account.unittests/bin/release/.net9.0/account.unittests.dll" id="4d121f86-06da-d6a1-a17a-42f796717624">
      <Execution id="60f13571-a128-4329-9cfe-b1237a6bbff7" />
      <TestMethod codeBase="/Users/aristidehervembassi/Documents/Projects/Veepee/place-api/tests/Account.UnitTests/bin/Release/.net9.0/Account.UnitTests.dll" adapterTypeName="executor://xunit/VsTestRunner2/netcoreapp" className="Account.UnitTests.Profile.Models.PhoneNumberTests" name="Format_ShouldReturnCorrectInternationalFormat" />
    </UnitTest>
    <UnitTest name="Account.UnitTests.Profile.Models.FirstNameTests.ValueObject_EqualityBehavior_ShouldBeCorrect(value1: &quot;Jean&quot;, value2: &quot;Pierre&quot;, shouldBeEqual: False)" storage="/users/aristidehervembassi/documents/projects/veepee/place-api/tests/account.unittests/bin/release/.net9.0/account.unittests.dll" id="982e4449-62bc-9672-f99c-8de7be284176">
      <Execution id="d4801c12-858a-4ffe-a0aa-6b04261914df" />
      <TestMethod codeBase="/Users/aristidehervembassi/Documents/Projects/Veepee/place-api/tests/Account.UnitTests/bin/Release/.net9.0/Account.UnitTests.dll" adapterTypeName="executor://xunit/VsTestRunner2/netcoreapp" className="Account.UnitTests.Profile.Models.FirstNameTests" name="ValueObject_EqualityBehavior_ShouldBeCorrect" />
    </UnitTest>
    <UnitTest name="Account.UnitTests.Profile.Models.AddressTests.Create_WithTooLongFields_ShouldReturnError(streetLength: 100, zipCodeLength: 11, cityLength: 50, countryLength: 50, expectedError: &quot;Address.ZipCode.TooLong&quot;)" storage="/users/aristidehervembassi/documents/projects/veepee/place-api/tests/account.unittests/bin/release/.net9.0/account.unittests.dll" id="924279d5-63b0-465e-c388-75bc5f2b1f27">
      <Execution id="f76c77e8-d61a-4f6e-b4ff-86fc1710e25d" />
      <TestMethod codeBase="/Users/aristidehervembassi/Documents/Projects/Veepee/place-api/tests/Account.UnitTests/bin/Release/.net9.0/Account.UnitTests.dll" adapterTypeName="executor://xunit/VsTestRunner2/netcoreapp" className="Account.UnitTests.Profile.Models.AddressTests" name="Create_WithTooLongFields_ShouldReturnError" />
    </UnitTest>
    <UnitTest name="Account.UnitTests.Profile.Models.PhoneNumberTests.Parse_WithValidInternationalNumber_ShouldSucceed(number: &quot;+237655555555&quot;)" storage="/users/aristidehervembassi/documents/projects/veepee/place-api/tests/account.unittests/bin/release/.net9.0/account.unittests.dll" id="0b8d6e22-b956-a13c-7eeb-f6f147610336">
      <Execution id="a42774d7-d5de-4bdf-aab9-d631b046de45" />
      <TestMethod codeBase="/Users/aristidehervembassi/Documents/Projects/Veepee/place-api/tests/Account.UnitTests/bin/Release/.net9.0/Account.UnitTests.dll" adapterTypeName="executor://xunit/VsTestRunner2/netcoreapp" className="Account.UnitTests.Profile.Models.PhoneNumberTests" name="Parse_WithValidInternationalNumber_ShouldSucceed" />
    </UnitTest>
    <UnitTest name="Account.UnitTests.Profile.Models.EmailTests.Equals_WithSameEmails_ShouldBeEqual(email1: &quot;user@example.com&quot;, email2: &quot;user@example.com&quot;)" storage="/users/aristidehervembassi/documents/projects/veepee/place-api/tests/account.unittests/bin/release/.net9.0/account.unittests.dll" id="cd4e68b4-01b8-6ee3-e558-bd00de7b72cd">
      <Execution id="6607a830-6686-4f78-a1cd-eadd115468a9" />
      <TestMethod codeBase="/Users/aristidehervembassi/Documents/Projects/Veepee/place-api/tests/Account.UnitTests/bin/Release/.net9.0/Account.UnitTests.dll" adapterTypeName="executor://xunit/VsTestRunner2/netcoreapp" className="Account.UnitTests.Profile.Models.EmailTests" name="Equals_WithSameEmails_ShouldBeEqual" />
    </UnitTest>
    <UnitTest name="Account.UnitTests.Profile.Models.DateOfBirthTests.Create_WithAgeExceedingMaxAge_ShouldReturnError(tooOldDate: 1903-11-23T00:00:00.0000000Z)" storage="/users/aristidehervembassi/documents/projects/veepee/place-api/tests/account.unittests/bin/release/.net9.0/account.unittests.dll" id="52eea998-403c-4a1a-9c91-c398bfab2b42">
      <Execution id="5901b049-542d-488f-8244-bb7ab9b0465e" />
      <TestMethod codeBase="/Users/aristidehervembassi/Documents/Projects/Veepee/place-api/tests/Account.UnitTests/bin/Release/.net9.0/Account.UnitTests.dll" adapterTypeName="executor://xunit/VsTestRunner2/netcoreapp" className="Account.UnitTests.Profile.Models.DateOfBirthTests" name="Create_WithAgeExceedingMaxAge_ShouldReturnError" />
    </UnitTest>
    <UnitTest name="Account.UnitTests.Profile.Models.AddressTests.Create_WithInvalidRequiredFields_ShouldReturnError(street: null, zipCode: null, city: &quot;New York&quot;, country: &quot;&quot;, expectedError: &quot;Address.Country.Empty&quot;)" storage="/users/aristidehervembassi/documents/projects/veepee/place-api/tests/account.unittests/bin/release/.net9.0/account.unittests.dll" id="50c42731-b975-63f2-436b-d25dfcb04bd6">
      <Execution id="a6b7d7c2-cfaa-41ad-b14c-71f6aca90e9c" />
      <TestMethod codeBase="/Users/aristidehervembassi/Documents/Projects/Veepee/place-api/tests/Account.UnitTests/bin/Release/.net9.0/Account.UnitTests.dll" adapterTypeName="executor://xunit/VsTestRunner2/netcoreapp" className="Account.UnitTests.Profile.Models.AddressTests" name="Create_WithInvalidRequiredFields_ShouldReturnError" />
    </UnitTest>
    <UnitTest name="Account.UnitTests.Profile.Models.PhoneNumberTests.Parse_WithInvalidNumber_ShouldReturnError(number: &quot;+123&quot;)" storage="/users/aristidehervembassi/documents/projects/veepee/place-api/tests/account.unittests/bin/release/.net9.0/account.unittests.dll" id="81cd1c7d-f552-94c1-4cf2-d145dfd09430">
      <Execution id="19890a22-c24f-493a-9f32-fb960814a4a6" />
      <TestMethod codeBase="/Users/aristidehervembassi/Documents/Projects/Veepee/place-api/tests/Account.UnitTests/bin/Release/.net9.0/Account.UnitTests.dll" adapterTypeName="executor://xunit/VsTestRunner2/netcoreapp" className="Account.UnitTests.Profile.Models.PhoneNumberTests" name="Parse_WithInvalidNumber_ShouldReturnError" />
    </UnitTest>
    <UnitTest name="Account.UnitTests.Profile.Models.FirstNameTests.Create_WithInvalidCharacters_ShouldReturnSpecificError(invalidName: &quot;John+Smith&quot;)" storage="/users/aristidehervembassi/documents/projects/veepee/place-api/tests/account.unittests/bin/release/.net9.0/account.unittests.dll" id="58357c87-4e4a-c6d4-9e09-a6787253b2df">
      <Execution id="443d0550-1a9f-4957-8bdc-ca032cb0e2a6" />
      <TestMethod codeBase="/Users/aristidehervembassi/Documents/Projects/Veepee/place-api/tests/Account.UnitTests/bin/Release/.net9.0/Account.UnitTests.dll" adapterTypeName="executor://xunit/VsTestRunner2/netcoreapp" className="Account.UnitTests.Profile.Models.FirstNameTests" name="Create_WithInvalidCharacters_ShouldReturnSpecificError" />
    </UnitTest>
    <UnitTest name="Account.UnitTests.Profile.Models.DateOfBirthTests.Create_WithAgeExceedingMaxAge_ShouldReturnError(tooOldDate: 1824-11-23T00:00:00.0000000Z)" storage="/users/aristidehervembassi/documents/projects/veepee/place-api/tests/account.unittests/bin/release/.net9.0/account.unittests.dll" id="484f48c5-8347-fc9f-968f-a645a6df3c5a">
      <Execution id="c318c17d-950d-4311-979a-81e05a1d46ab" />
      <TestMethod codeBase="/Users/aristidehervembassi/Documents/Projects/Veepee/place-api/tests/Account.UnitTests/bin/Release/.net9.0/Account.UnitTests.dll" adapterTypeName="executor://xunit/VsTestRunner2/netcoreapp" className="Account.UnitTests.Profile.Models.DateOfBirthTests" name="Create_WithAgeExceedingMaxAge_ShouldReturnError" />
    </UnitTest>
    <UnitTest name="Account.UnitTests.Profile.Models.PhoneNumberTests.Parse_WithRegion_ShouldSetCorrectCountryCode(number: &quot;655555555&quot;, region: &quot;CM&quot;, expectedCountryCode: &quot;237&quot;)" storage="/users/aristidehervembassi/documents/projects/veepee/place-api/tests/account.unittests/bin/release/.net9.0/account.unittests.dll" id="cc63dcac-cb91-9cd4-0be0-2db51963a7c7">
      <Execution id="c121e251-4aea-459b-8ee0-1715a12d3e40" />
      <TestMethod codeBase="/Users/aristidehervembassi/Documents/Projects/Veepee/place-api/tests/Account.UnitTests/bin/Release/.net9.0/Account.UnitTests.dll" adapterTypeName="executor://xunit/VsTestRunner2/netcoreapp" className="Account.UnitTests.Profile.Models.PhoneNumberTests" name="Parse_WithRegion_ShouldSetCorrectCountryCode" />
    </UnitTest>
    <UnitTest name="Account.UnitTests.Profile.Models.LastNameTests.Create_WithNameExceedingMaxLength_ShouldReturnSpecificError(length: 200)" storage="/users/aristidehervembassi/documents/projects/veepee/place-api/tests/account.unittests/bin/release/.net9.0/account.unittests.dll" id="cdad39af-7c93-7aaa-9314-0b5934921c45">
      <Execution id="2bd12fe6-fd08-4429-8958-7ebc5018f033" />
      <TestMethod codeBase="/Users/aristidehervembassi/Documents/Projects/Veepee/place-api/tests/Account.UnitTests/bin/Release/.net9.0/Account.UnitTests.dll" adapterTypeName="executor://xunit/VsTestRunner2/netcoreapp" className="Account.UnitTests.Profile.Models.LastNameTests" name="Create_WithNameExceedingMaxLength_ShouldReturnSpecificError" />
    </UnitTest>
    <UnitTest name="Account.UnitTests.Profile.Models.LastNameTests.Create_WithInvalidCharacters_ShouldReturnSpecificError(invalidName: &quot;Smith+Jones&quot;)" storage="/users/aristidehervembassi/documents/projects/veepee/place-api/tests/account.unittests/bin/release/.net9.0/account.unittests.dll" id="af40f7ce-58ba-f082-0515-6dfed24c188d">
      <Execution id="4a38ff69-f4c0-45b1-a7ea-a689e9b5db26" />
      <TestMethod codeBase="/Users/aristidehervembassi/Documents/Projects/Veepee/place-api/tests/Account.UnitTests/bin/Release/.net9.0/Account.UnitTests.dll" adapterTypeName="executor://xunit/VsTestRunner2/netcoreapp" className="Account.UnitTests.Profile.Models.LastNameTests" name="Create_WithInvalidCharacters_ShouldReturnSpecificError" />
    </UnitTest>
    <UnitTest name="Account.UnitTests.Profile.Models.PhoneNumberTests.GetHashCode_ShouldBeConsistentWithEquality" storage="/users/aristidehervembassi/documents/projects/veepee/place-api/tests/account.unittests/bin/release/.net9.0/account.unittests.dll" id="7b1a3972-b3d2-2e39-07f6-57c026e7dee5">
      <Execution id="95199439-c662-4cec-aff2-69189523defc" />
      <TestMethod codeBase="/Users/aristidehervembassi/Documents/Projects/Veepee/place-api/tests/Account.UnitTests/bin/Release/.net9.0/Account.UnitTests.dll" adapterTypeName="executor://xunit/VsTestRunner2/netcoreapp" className="Account.UnitTests.Profile.Models.PhoneNumberTests" name="GetHashCode_ShouldBeConsistentWithEquality" />
    </UnitTest>
    <UnitTest name="Account.UnitTests.Profile.Models.PhoneNumberTests.Parse_WithInvalidFormats_ShouldIncludeExceptionMessageInError(number: &quot;+33&quot;, expectedErrorCode: &quot;PhoneNumber.Invalid&quot;)" storage="/users/aristidehervembassi/documents/projects/veepee/place-api/tests/account.unittests/bin/release/.net9.0/account.unittests.dll" id="f01a0f8e-ed5c-bf3c-265f-6270685eb855">
      <Execution id="e07801e2-e09b-481a-9e30-dafb75e80f90" />
      <TestMethod codeBase="/Users/aristidehervembassi/Documents/Projects/Veepee/place-api/tests/Account.UnitTests/bin/Release/.net9.0/Account.UnitTests.dll" adapterTypeName="executor://xunit/VsTestRunner2/netcoreapp" className="Account.UnitTests.Profile.Models.PhoneNumberTests" name="Parse_WithInvalidFormats_ShouldIncludeExceptionMessageInError" />
    </UnitTest>
    <UnitTest name="Account.UnitTests.Profile.Models.PersonalInfoTests.FromExisting_ShouldCreatePersonalInfo_WithGivenValues" storage="/users/aristidehervembassi/documents/projects/veepee/place-api/tests/account.unittests/bin/release/.net9.0/account.unittests.dll" id="ee7796a2-fa5d-37e3-7d95-f41fa632b0ff">
      <Execution id="e60b2d05-4489-41a9-9430-47b52bddae89" />
      <TestMethod codeBase="/Users/aristidehervembassi/Documents/Projects/Veepee/place-api/tests/Account.UnitTests/bin/Release/.net9.0/Account.UnitTests.dll" adapterTypeName="executor://xunit/VsTestRunner2/netcoreapp" className="Account.UnitTests.Profile.Models.PersonalInfoTests" name="FromExisting_ShouldCreatePersonalInfo_WithGivenValues" />
    </UnitTest>
    <UnitTest name="Account.UnitTests.Profile.Models.FirstNameTests.Create_WithEdgeCases_ShouldSucceed(validName: &quot;é&quot;)" storage="/users/aristidehervembassi/documents/projects/veepee/place-api/tests/account.unittests/bin/release/.net9.0/account.unittests.dll" id="51a874f6-0459-c881-0f8f-2cb7420b980e">
      <Execution id="cdf167e0-7864-4e8f-bf09-cebef7a614c4" />
      <TestMethod codeBase="/Users/aristidehervembassi/Documents/Projects/Veepee/place-api/tests/Account.UnitTests/bin/Release/.net9.0/Account.UnitTests.dll" adapterTypeName="executor://xunit/VsTestRunner2/netcoreapp" className="Account.UnitTests.Profile.Models.FirstNameTests" name="Create_WithEdgeCases_ShouldSucceed" />
    </UnitTest>
    <UnitTest name="Account.UnitTests.Profile.Models.LastNameTests.Create_WithAccentedCharacters_ShouldSucceed(nameWithAccents: &quot;Łukasiewicz&quot;)" storage="/users/aristidehervembassi/documents/projects/veepee/place-api/tests/account.unittests/bin/release/.net9.0/account.unittests.dll" id="29cf1e89-8446-2dc5-acee-199e4fb2233f">
      <Execution id="f0252e70-ee09-4290-841d-6c1d8c4c1c36" />
      <TestMethod codeBase="/Users/aristidehervembassi/Documents/Projects/Veepee/place-api/tests/Account.UnitTests/bin/Release/.net9.0/Account.UnitTests.dll" adapterTypeName="executor://xunit/VsTestRunner2/netcoreapp" className="Account.UnitTests.Profile.Models.LastNameTests" name="Create_WithAccentedCharacters_ShouldSucceed" />
    </UnitTest>
    <UnitTest name="Account.UnitTests.Profile.Models.PhoneNumberTests.Equals_ShouldHandleValueEquality(number1: &quot;+33612345678&quot;, number2: &quot;+32612345678&quot;)" storage="/users/aristidehervembassi/documents/projects/veepee/place-api/tests/account.unittests/bin/release/.net9.0/account.unittests.dll" id="704f64b6-8fd3-dd87-0c00-a55321ff1523">
      <Execution id="849bcdc1-1917-4911-8248-8cf48a5d497b" />
      <TestMethod codeBase="/Users/aristidehervembassi/Documents/Projects/Veepee/place-api/tests/Account.UnitTests/bin/Release/.net9.0/Account.UnitTests.dll" adapterTypeName="executor://xunit/VsTestRunner2/netcoreapp" className="Account.UnitTests.Profile.Models.PhoneNumberTests" name="Equals_ShouldHandleValueEquality" />
    </UnitTest>
    <UnitTest name="Account.UnitTests.Profile.Models.DateOfBirthTests.Create_WithValidDate_ShouldReturnExpectedInstance(validDate: 2023-11-23T00:00:00.0000000Z)" storage="/users/aristidehervembassi/documents/projects/veepee/place-api/tests/account.unittests/bin/release/.net9.0/account.unittests.dll" id="e79cbd01-99cf-8468-e02a-13cbd2f51461">
      <Execution id="6cd98183-5006-4288-881a-bc75879f3088" />
      <TestMethod codeBase="/Users/aristidehervembassi/Documents/Projects/Veepee/place-api/tests/Account.UnitTests/bin/Release/.net9.0/Account.UnitTests.dll" adapterTypeName="executor://xunit/VsTestRunner2/netcoreapp" className="Account.UnitTests.Profile.Models.DateOfBirthTests" name="Create_WithValidDate_ShouldReturnExpectedInstance" />
    </UnitTest>
    <UnitTest name="Account.UnitTests.Profile.Models.LastNameTests.Create_WithExactMaxLength_ShouldSucceed" storage="/users/aristidehervembassi/documents/projects/veepee/place-api/tests/account.unittests/bin/release/.net9.0/account.unittests.dll" id="224805f6-bed7-4001-30ea-9e65f78127b0">
      <Execution id="ca328e49-5a08-43b9-bdef-cba8e26fd468" />
      <TestMethod codeBase="/Users/aristidehervembassi/Documents/Projects/Veepee/place-api/tests/Account.UnitTests/bin/Release/.net9.0/Account.UnitTests.dll" adapterTypeName="executor://xunit/VsTestRunner2/netcoreapp" className="Account.UnitTests.Profile.Models.LastNameTests" name="Create_WithExactMaxLength_ShouldSucceed" />
    </UnitTest>
    <UnitTest name="Account.UnitTests.Profile.Models.PersonalInfoTests.Builder_ShouldCreatePersonalInfo_WithNullValues" storage="/users/aristidehervembassi/documents/projects/veepee/place-api/tests/account.unittests/bin/release/.net9.0/account.unittests.dll" id="70341a61-ab1f-55f6-b9f3-cda6896b3e69">
      <Execution id="648c877b-1955-4b5b-895b-449c9cef46ec" />
      <TestMethod codeBase="/Users/aristidehervembassi/Documents/Projects/Veepee/place-api/tests/Account.UnitTests/bin/Release/.net9.0/Account.UnitTests.dll" adapterTypeName="executor://xunit/VsTestRunner2/netcoreapp" className="Account.UnitTests.Profile.Models.PersonalInfoTests" name="Builder_ShouldCreatePersonalInfo_WithNullValues" />
    </UnitTest>
    <UnitTest name="Account.UnitTests.Profile.Models.PersonalInfoTests.Builder_ShouldThrowException_ForInvalidAddress(street: &quot;&quot;, zipCode: &quot;&quot;, city: &quot;&quot;, country: &quot;&quot;)" storage="/users/aristidehervembassi/documents/projects/veepee/place-api/tests/account.unittests/bin/release/.net9.0/account.unittests.dll" id="bb80df1b-d5df-85fd-4e6b-cb3636fe6e0f">
      <Execution id="cb3bebec-2a06-4fb6-8be9-180c14529e1a" />
      <TestMethod codeBase="/Users/aristidehervembassi/Documents/Projects/Veepee/place-api/tests/Account.UnitTests/bin/Release/.net9.0/Account.UnitTests.dll" adapterTypeName="executor://xunit/VsTestRunner2/netcoreapp" className="Account.UnitTests.Profile.Models.PersonalInfoTests" name="Builder_ShouldThrowException_ForInvalidAddress" />
    </UnitTest>
    <UnitTest name="Account.UnitTests.Profile.Models.EmailTests.Create_WithTooLongEmail_ShouldReturnError" storage="/users/aristidehervembassi/documents/projects/veepee/place-api/tests/account.unittests/bin/release/.net9.0/account.unittests.dll" id="e2101489-b47a-ca1d-b59a-1ddf7af87222">
      <Execution id="b766b1fa-91f4-46e7-9124-484ccb3e1066" />
      <TestMethod codeBase="/Users/aristidehervembassi/Documents/Projects/Veepee/place-api/tests/Account.UnitTests/bin/Release/.net9.0/Account.UnitTests.dll" adapterTypeName="executor://xunit/VsTestRunner2/netcoreapp" className="Account.UnitTests.Profile.Models.EmailTests" name="Create_WithTooLongEmail_ShouldReturnError" />
    </UnitTest>
    <UnitTest name="Account.UnitTests.Profile.Models.LastNameTests.Create_WithEdgeCases_ShouldSucceed(validName: &quot;A A&quot;)" storage="/users/aristidehervembassi/documents/projects/veepee/place-api/tests/account.unittests/bin/release/.net9.0/account.unittests.dll" id="113113c1-d919-b46e-448e-bbd02c99e902">
      <Execution id="499a5b0b-1fe2-4397-b265-6745bae7f95d" />
      <TestMethod codeBase="/Users/aristidehervembassi/Documents/Projects/Veepee/place-api/tests/Account.UnitTests/bin/Release/.net9.0/Account.UnitTests.dll" adapterTypeName="executor://xunit/VsTestRunner2/netcoreapp" className="Account.UnitTests.Profile.Models.LastNameTests" name="Create_WithEdgeCases_ShouldSucceed" />
    </UnitTest>
    <UnitTest name="Account.UnitTests.Profile.Models.FirstNameTests.ValueObject_EqualityBehavior_ShouldBeCorrect(value1: &quot;Jean-Paul&quot;, value2: &quot;Jean-pierre&quot;, shouldBeEqual: False)" storage="/users/aristidehervembassi/documents/projects/veepee/place-api/tests/account.unittests/bin/release/.net9.0/account.unittests.dll" id="7ac35d85-ea9a-f2ab-10b3-53bb9127cb4b">
      <Execution id="53a74b10-e55e-4867-b853-cd5ee80b679c" />
      <TestMethod codeBase="/Users/aristidehervembassi/Documents/Projects/Veepee/place-api/tests/Account.UnitTests/bin/Release/.net9.0/Account.UnitTests.dll" adapterTypeName="executor://xunit/VsTestRunner2/netcoreapp" className="Account.UnitTests.Profile.Models.FirstNameTests" name="ValueObject_EqualityBehavior_ShouldBeCorrect" />
    </UnitTest>
    <UnitTest name="Account.UnitTests.Profile.Models.PersonalInfoTests.Builder_ShouldThrowException_ForInvalidPhoneNumber(invalidPhoneNumber: &quot;not-a-number&quot;)" storage="/users/aristidehervembassi/documents/projects/veepee/place-api/tests/account.unittests/bin/release/.net9.0/account.unittests.dll" id="41a7d3bc-a6c0-9a51-64d3-52570adf7214">
      <Execution id="828e80a8-205b-4ed6-8a6a-b54a6043b4c8" />
      <TestMethod codeBase="/Users/aristidehervembassi/Documents/Projects/Veepee/place-api/tests/Account.UnitTests/bin/Release/.net9.0/Account.UnitTests.dll" adapterTypeName="executor://xunit/VsTestRunner2/netcoreapp" className="Account.UnitTests.Profile.Models.PersonalInfoTests" name="Builder_ShouldThrowException_ForInvalidPhoneNumber" />
    </UnitTest>
    <UnitTest name="Account.UnitTests.Profile.Models.PhoneNumberTests.Parse_WithInvalidFormats_ShouldIncludeExceptionMessageInError(number: &quot;+AA612345678&quot;, expectedErrorCode: &quot;PhoneNumber.Invalid&quot;)" storage="/users/aristidehervembassi/documents/projects/veepee/place-api/tests/account.unittests/bin/release/.net9.0/account.unittests.dll" id="7e428861-b5aa-5357-c778-1ae04f1007c1">
      <Execution id="8464942d-ee91-4e1c-b929-2fa5cc147e59" />
      <TestMethod codeBase="/Users/aristidehervembassi/Documents/Projects/Veepee/place-api/tests/Account.UnitTests/bin/Release/.net9.0/Account.UnitTests.dll" adapterTypeName="executor://xunit/VsTestRunner2/netcoreapp" className="Account.UnitTests.Profile.Models.PhoneNumberTests" name="Parse_WithInvalidFormats_ShouldIncludeExceptionMessageInError" />
    </UnitTest>
    <UnitTest name="Account.UnitTests.Profile.Models.FirstNameTests.Create_WithNameExceedingMaxLength_ShouldReturnSpecificError(length: 101)" storage="/users/aristidehervembassi/documents/projects/veepee/place-api/tests/account.unittests/bin/release/.net9.0/account.unittests.dll" id="2bec49b4-d933-2d84-36e8-9c34541ee0ea">
      <Execution id="0b65b0b8-19d9-4d66-a974-c55acd786165" />
      <TestMethod codeBase="/Users/aristidehervembassi/Documents/Projects/Veepee/place-api/tests/Account.UnitTests/bin/Release/.net9.0/Account.UnitTests.dll" adapterTypeName="executor://xunit/VsTestRunner2/netcoreapp" className="Account.UnitTests.Profile.Models.FirstNameTests" name="Create_WithNameExceedingMaxLength_ShouldReturnSpecificError" />
    </UnitTest>
    <UnitTest name="Account.UnitTests.Profile.Models.LastNameTests.Create_WithInvalidCharacters_ShouldReturnSpecificError(invalidName: &quot;Smith\\Jones&quot;)" storage="/users/aristidehervembassi/documents/projects/veepee/place-api/tests/account.unittests/bin/release/.net9.0/account.unittests.dll" id="f832fc1a-9683-96b6-d363-8e7e92de34e6">
      <Execution id="ec1593d5-04b4-4f2c-a0a5-c26f21a2af57" />
      <TestMethod codeBase="/Users/aristidehervembassi/Documents/Projects/Veepee/place-api/tests/Account.UnitTests/bin/Release/.net9.0/Account.UnitTests.dll" adapterTypeName="executor://xunit/VsTestRunner2/netcoreapp" className="Account.UnitTests.Profile.Models.LastNameTests" name="Create_WithInvalidCharacters_ShouldReturnSpecificError" />
    </UnitTest>
    <UnitTest name="Account.UnitTests.Profile.Models.LastNameTests.Create_WithEdgeCases_ShouldSucceed(validName: &quot;van der&quot;)" storage="/users/aristidehervembassi/documents/projects/veepee/place-api/tests/account.unittests/bin/release/.net9.0/account.unittests.dll" id="319809e1-0b0c-0cb0-33f0-4f8d9a718151">
      <Execution id="ed5df793-aa88-4448-87ad-86b2e60e647d" />
      <TestMethod codeBase="/Users/aristidehervembassi/Documents/Projects/Veepee/place-api/tests/Account.UnitTests/bin/Release/.net9.0/Account.UnitTests.dll" adapterTypeName="executor://xunit/VsTestRunner2/netcoreapp" className="Account.UnitTests.Profile.Models.LastNameTests" name="Create_WithEdgeCases_ShouldSucceed" />
    </UnitTest>
    <UnitTest name="Account.UnitTests.Profile.Models.FirstNameTests.Create_WithEdgeCases_ShouldSucceed(validName: &quot;A'A&quot;)" storage="/users/aristidehervembassi/documents/projects/veepee/place-api/tests/account.unittests/bin/release/.net9.0/account.unittests.dll" id="3806dbe2-7232-f69c-6c3f-7c285b581a75">
      <Execution id="a43b6e31-2a2f-4307-b2ad-ad217606a522" />
      <TestMethod codeBase="/Users/aristidehervembassi/Documents/Projects/Veepee/place-api/tests/Account.UnitTests/bin/Release/.net9.0/Account.UnitTests.dll" adapterTypeName="executor://xunit/VsTestRunner2/netcoreapp" className="Account.UnitTests.Profile.Models.FirstNameTests" name="Create_WithEdgeCases_ShouldSucceed" />
    </UnitTest>
    <UnitTest name="Account.UnitTests.Profile.Models.PhoneNumberTests.Parse_ShouldExtractCorrectParts(number: &quot;+33612345678&quot;, expectedCountryCode: 33, expectedNationalNumber: 612345678)" storage="/users/aristidehervembassi/documents/projects/veepee/place-api/tests/account.unittests/bin/release/.net9.0/account.unittests.dll" id="9b017522-25fb-6073-1696-f9584733e598">
      <Execution id="1d4f2ae2-6725-4587-be4f-850db694e594" />
      <TestMethod codeBase="/Users/aristidehervembassi/Documents/Projects/Veepee/place-api/tests/Account.UnitTests/bin/Release/.net9.0/Account.UnitTests.dll" adapterTypeName="executor://xunit/VsTestRunner2/netcoreapp" className="Account.UnitTests.Profile.Models.PhoneNumberTests" name="Parse_ShouldExtractCorrectParts" />
    </UnitTest>
    <UnitTest name="Account.UnitTests.Profile.Models.AddressTests.Create_WithInvalidRequiredFields_ShouldReturnError(street: null, zipCode: null, city: &quot;New York&quot;, country: null, expectedError: &quot;Address.Country.Empty&quot;)" storage="/users/aristidehervembassi/documents/projects/veepee/place-api/tests/account.unittests/bin/release/.net9.0/account.unittests.dll" id="5868f1d5-e581-b3f2-1fe2-bf4b097e127b">
      <Execution id="0323534b-5d15-4442-9c06-5aaf4a589701" />
      <TestMethod codeBase="/Users/aristidehervembassi/Documents/Projects/Veepee/place-api/tests/Account.UnitTests/bin/Release/.net9.0/Account.UnitTests.dll" adapterTypeName="executor://xunit/VsTestRunner2/netcoreapp" className="Account.UnitTests.Profile.Models.AddressTests" name="Create_WithInvalidRequiredFields_ShouldReturnError" />
    </UnitTest>
    <UnitTest name="Account.UnitTests.Profile.Models.EmailTests.Equals_WithSameEmails_ShouldBeEqual(email1: &quot;USER@EXAMPLE.COM&quot;, email2: &quot;user@example.com&quot;)" storage="/users/aristidehervembassi/documents/projects/veepee/place-api/tests/account.unittests/bin/release/.net9.0/account.unittests.dll" id="5eb84855-9010-b86d-28b6-32397c4fce53">
      <Execution id="a7d84266-6878-4cd5-b040-4eacf938adc9" />
      <TestMethod codeBase="/Users/aristidehervembassi/Documents/Projects/Veepee/place-api/tests/Account.UnitTests/bin/Release/.net9.0/Account.UnitTests.dll" adapterTypeName="executor://xunit/VsTestRunner2/netcoreapp" className="Account.UnitTests.Profile.Models.EmailTests" name="Equals_WithSameEmails_ShouldBeEqual" />
    </UnitTest>
    <UnitTest name="Account.UnitTests.Profile.Models.LastNameTests.Create_WithAccentedCharacters_ShouldSucceed(nameWithAccents: &quot;Dvoŕák&quot;)" storage="/users/aristidehervembassi/documents/projects/veepee/place-api/tests/account.unittests/bin/release/.net9.0/account.unittests.dll" id="afd3a567-25b4-e465-ece3-3269b9f353c2">
      <Execution id="78ef0a37-607f-4c14-81b0-900b3c3c62a5" />
      <TestMethod codeBase="/Users/aristidehervembassi/Documents/Projects/Veepee/place-api/tests/Account.UnitTests/bin/Release/.net9.0/Account.UnitTests.dll" adapterTypeName="executor://xunit/VsTestRunner2/netcoreapp" className="Account.UnitTests.Profile.Models.LastNameTests" name="Create_WithAccentedCharacters_ShouldSucceed" />
    </UnitTest>
    <UnitTest name="Account.UnitTests.Profile.Models.FirstNameTests.Create_WithEdgeCases_ShouldSucceed(validName: &quot;A A&quot;)" storage="/users/aristidehervembassi/documents/projects/veepee/place-api/tests/account.unittests/bin/release/.net9.0/account.unittests.dll" id="572e7388-1d76-9c47-d0ac-2567869339d2">
      <Execution id="ae1bb098-aac6-4eb2-a0dd-e53a3b81e50b" />
      <TestMethod codeBase="/Users/aristidehervembassi/Documents/Projects/Veepee/place-api/tests/Account.UnitTests/bin/Release/.net9.0/Account.UnitTests.dll" adapterTypeName="executor://xunit/VsTestRunner2/netcoreapp" className="Account.UnitTests.Profile.Models.FirstNameTests" name="Create_WithEdgeCases_ShouldSucceed" />
    </UnitTest>
    <UnitTest name="Account.UnitTests.Profile.Models.LastNameTests.ValueObject_EqualityBehavior_ShouldBeCorrect(value1: &quot;Dupont&quot;, value2: &quot;Dupont&quot;, shouldBeEqual: True)" storage="/users/aristidehervembassi/documents/projects/veepee/place-api/tests/account.unittests/bin/release/.net9.0/account.unittests.dll" id="37b13679-34a6-036c-85e4-685d3393820a">
      <Execution id="d108f5b5-dbdb-4887-a03b-ce18f73ce6c8" />
      <TestMethod codeBase="/Users/aristidehervembassi/Documents/Projects/Veepee/place-api/tests/Account.UnitTests/bin/Release/.net9.0/Account.UnitTests.dll" adapterTypeName="executor://xunit/VsTestRunner2/netcoreapp" className="Account.UnitTests.Profile.Models.LastNameTests" name="ValueObject_EqualityBehavior_ShouldBeCorrect" />
    </UnitTest>
    <UnitTest name="Account.UnitTests.Profile.Models.FirstNameTests.Create_WithEdgeCases_ShouldSucceed(validName: &quot;A&quot;)" storage="/users/aristidehervembassi/documents/projects/veepee/place-api/tests/account.unittests/bin/release/.net9.0/account.unittests.dll" id="a395b7d7-e42f-9a59-055a-223f4ebf7463">
      <Execution id="070e6aea-1b32-44ab-9a8b-777d6f5119ec" />
      <TestMethod codeBase="/Users/aristidehervembassi/Documents/Projects/Veepee/place-api/tests/Account.UnitTests/bin/Release/.net9.0/Account.UnitTests.dll" adapterTypeName="executor://xunit/VsTestRunner2/netcoreapp" className="Account.UnitTests.Profile.Models.FirstNameTests" name="Create_WithEdgeCases_ShouldSucceed" />
    </UnitTest>
    <UnitTest name="Account.UnitTests.Profile.Models.LastNameTests.Create_WithInvalidCharacters_ShouldReturnSpecificError(invalidName: &quot;Smith!&quot;)" storage="/users/aristidehervembassi/documents/projects/veepee/place-api/tests/account.unittests/bin/release/.net9.0/account.unittests.dll" id="07ec2eb5-8fb8-5aa8-13b8-72416fd29daf">
      <Execution id="4f131972-b7f6-4017-8c86-6ebf1e72b353" />
      <TestMethod codeBase="/Users/aristidehervembassi/Documents/Projects/Veepee/place-api/tests/Account.UnitTests/bin/Release/.net9.0/Account.UnitTests.dll" adapterTypeName="executor://xunit/VsTestRunner2/netcoreapp" className="Account.UnitTests.Profile.Models.LastNameTests" name="Create_WithInvalidCharacters_ShouldReturnSpecificError" />
    </UnitTest>
    <UnitTest name="Account.UnitTests.Profile.Models.PersonalInfoTests.Builder_ShouldCreatePersonalInfo_WithAllValidValues(firstName: &quot;Jane&quot;, lastName: &quot;Smith&quot;, birthDateString: &quot;1985-05-20&quot;, gender: Female, phoneNumber: &quot;+237655555555&quot;, street: null, zipCode: null, city: &quot;Yaoundé&quot;, country: &quot;Cameroon&quot;)" storage="/users/aristidehervembassi/documents/projects/veepee/place-api/tests/account.unittests/bin/release/.net9.0/account.unittests.dll" id="5316fbf4-3c23-4ab0-2328-9d45f21eb488">
      <Execution id="502abf4d-8b5c-4fe1-ac24-5a99a96188b9" />
      <TestMethod codeBase="/Users/aristidehervembassi/Documents/Projects/Veepee/place-api/tests/Account.UnitTests/bin/Release/.net9.0/Account.UnitTests.dll" adapterTypeName="executor://xunit/VsTestRunner2/netcoreapp" className="Account.UnitTests.Profile.Models.PersonalInfoTests" name="Builder_ShouldCreatePersonalInfo_WithAllValidValues" />
    </UnitTest>
    <UnitTest name="Account.UnitTests.Profile.Models.PersonalInfoTests.Builder_ShouldCreatePersonalInfo_WithRegionalPhoneNumber(phoneNumber: &quot;655555555&quot;, countryCode: &quot;CM&quot;, expectedE164: &quot;+237655555555&quot;)" storage="/users/aristidehervembassi/documents/projects/veepee/place-api/tests/account.unittests/bin/release/.net9.0/account.unittests.dll" id="72eade1f-1e6b-1053-88d5-a0258c441d43">
      <Execution id="4cca6151-99f2-4ff2-bed8-ba55e5d86e2a" />
      <TestMethod codeBase="/Users/aristidehervembassi/Documents/Projects/Veepee/place-api/tests/Account.UnitTests/bin/Release/.net9.0/Account.UnitTests.dll" adapterTypeName="executor://xunit/VsTestRunner2/netcoreapp" className="Account.UnitTests.Profile.Models.PersonalInfoTests" name="Builder_ShouldCreatePersonalInfo_WithRegionalPhoneNumber" />
    </UnitTest>
    <UnitTest name="Account.UnitTests.Profile.Models.DateOfBirthTests.Create_ShouldHandleBirthYearCalculationCorrectly" storage="/users/aristidehervembassi/documents/projects/veepee/place-api/tests/account.unittests/bin/release/.net9.0/account.unittests.dll" id="f738d5c4-aa3d-aae7-2463-b0c1e38a6be6">
      <Execution id="023f3fae-0dce-4a08-b490-4a8511f1bbef" />
      <TestMethod codeBase="/Users/aristidehervembassi/Documents/Projects/Veepee/place-api/tests/Account.UnitTests/bin/Release/.net9.0/Account.UnitTests.dll" adapterTypeName="executor://xunit/VsTestRunner2/netcoreapp" className="Account.UnitTests.Profile.Models.DateOfBirthTests" name="Create_ShouldHandleBirthYearCalculationCorrectly" />
    </UnitTest>
    <UnitTest name="Account.UnitTests.Profile.Models.AddressTests.Create_WithTooLongFields_ShouldReturnError(streetLength: 101, zipCodeLength: 10, cityLength: 50, countryLength: 50, expectedError: &quot;Address.Street.TooLong&quot;)" storage="/users/aristidehervembassi/documents/projects/veepee/place-api/tests/account.unittests/bin/release/.net9.0/account.unittests.dll" id="7c13b7c1-e97a-8a6c-d0b8-af50263f6ab7">
      <Execution id="03f71f99-ae08-4707-9d0c-88c977ed7d49" />
      <TestMethod codeBase="/Users/aristidehervembassi/Documents/Projects/Veepee/place-api/tests/Account.UnitTests/bin/Release/.net9.0/Account.UnitTests.dll" adapterTypeName="executor://xunit/VsTestRunner2/netcoreapp" className="Account.UnitTests.Profile.Models.AddressTests" name="Create_WithTooLongFields_ShouldReturnError" />
    </UnitTest>
    <UnitTest name="Account.UnitTests.Profile.Models.EmailTests.ImplicitConversion_ToStringWorks" storage="/users/aristidehervembassi/documents/projects/veepee/place-api/tests/account.unittests/bin/release/.net9.0/account.unittests.dll" id="794e16ff-57b0-824b-7dea-f3308764487e">
      <Execution id="94398a22-fd22-4eb2-867f-3bebec53d707" />
      <TestMethod codeBase="/Users/aristidehervembassi/Documents/Projects/Veepee/place-api/tests/Account.UnitTests/bin/Release/.net9.0/Account.UnitTests.dll" adapterTypeName="executor://xunit/VsTestRunner2/netcoreapp" className="Account.UnitTests.Profile.Models.EmailTests" name="ImplicitConversion_ToStringWorks" />
    </UnitTest>
    <UnitTest name="Account.UnitTests.Profile.Models.LastNameTests.Create_WithValidName_ShouldReturnExpectedInstance(validName: &quot;O'Connor&quot;)" storage="/users/aristidehervembassi/documents/projects/veepee/place-api/tests/account.unittests/bin/release/.net9.0/account.unittests.dll" id="fa4bdcfb-22d9-5855-0d13-34bb3c038a4e">
      <Execution id="4f38c80e-302f-49ff-9532-d87d2e1c7a5d" />
      <TestMethod codeBase="/Users/aristidehervembassi/Documents/Projects/Veepee/place-api/tests/Account.UnitTests/bin/Release/.net9.0/Account.UnitTests.dll" adapterTypeName="executor://xunit/VsTestRunner2/netcoreapp" className="Account.UnitTests.Profile.Models.LastNameTests" name="Create_WithValidName_ShouldReturnExpectedInstance" />
    </UnitTest>
    <UnitTest name="Account.UnitTests.Profile.Models.PhoneNumberTests.Format_WithDifferentFormats_ShouldReturnCorrectFormat(number: &quot;+33612345678&quot;, format: NATIONAL, expected: &quot;06 12 34 56 78&quot;)" storage="/users/aristidehervembassi/documents/projects/veepee/place-api/tests/account.unittests/bin/release/.net9.0/account.unittests.dll" id="ff843600-e0ff-849f-1f52-3d5f739b95dc">
      <Execution id="104e92c2-fa4b-466f-9adb-5c14f186329b" />
      <TestMethod codeBase="/Users/aristidehervembassi/Documents/Projects/Veepee/place-api/tests/Account.UnitTests/bin/Release/.net9.0/Account.UnitTests.dll" adapterTypeName="executor://xunit/VsTestRunner2/netcoreapp" className="Account.UnitTests.Profile.Models.PhoneNumberTests" name="Format_WithDifferentFormats_ShouldReturnCorrectFormat" />
    </UnitTest>
    <UnitTest name="Account.UnitTests.Profile.Models.LastNameTests.Create_WithInvalidCharacters_ShouldReturnSpecificError(invalidName: &quot;Smith$&quot;)" storage="/users/aristidehervembassi/documents/projects/veepee/place-api/tests/account.unittests/bin/release/.net9.0/account.unittests.dll" id="35059baa-638b-72e6-c829-1006dcc43870">
      <Execution id="65530140-cf85-4ee1-9c85-1c98a7dd4944" />
      <TestMethod codeBase="/Users/aristidehervembassi/Documents/Projects/Veepee/place-api/tests/Account.UnitTests/bin/Release/.net9.0/Account.UnitTests.dll" adapterTypeName="executor://xunit/VsTestRunner2/netcoreapp" className="Account.UnitTests.Profile.Models.LastNameTests" name="Create_WithInvalidCharacters_ShouldReturnSpecificError" />
    </UnitTest>
    <UnitTest name="Account.UnitTests.Profile.Models.PersonalInfoTests.Builder_ShouldThrowException_ForInvalidLastName(invalidLastName: null)" storage="/users/aristidehervembassi/documents/projects/veepee/place-api/tests/account.unittests/bin/release/.net9.0/account.unittests.dll" id="e2bdcb2e-dd85-11ee-b39a-0a139fe32a0a">
      <Execution id="dd1b6dec-b03b-45f0-ab4d-7e23959f1f0a" />
      <TestMethod codeBase="/Users/aristidehervembassi/Documents/Projects/Veepee/place-api/tests/Account.UnitTests/bin/Release/.net9.0/Account.UnitTests.dll" adapterTypeName="executor://xunit/VsTestRunner2/netcoreapp" className="Account.UnitTests.Profile.Models.PersonalInfoTests" name="Builder_ShouldThrowException_ForInvalidLastName" />
    </UnitTest>
    <UnitTest name="Account.UnitTests.Profile.Models.LastNameTests.Create_WithEdgeCases_ShouldSucceed(validName: &quot;Mac&quot;)" storage="/users/aristidehervembassi/documents/projects/veepee/place-api/tests/account.unittests/bin/release/.net9.0/account.unittests.dll" id="fbf1899d-6325-d1a7-53d1-09c7b261b46f">
      <Execution id="e1f0082c-e1c5-4edb-85d4-2209eccce0ff" />
      <TestMethod codeBase="/Users/aristidehervembassi/Documents/Projects/Veepee/place-api/tests/Account.UnitTests/bin/Release/.net9.0/Account.UnitTests.dll" adapterTypeName="executor://xunit/VsTestRunner2/netcoreapp" className="Account.UnitTests.Profile.Models.LastNameTests" name="Create_WithEdgeCases_ShouldSucceed" />
    </UnitTest>
    <UnitTest name="Account.UnitTests.Profile.Models.PhoneNumberTests.Format_WithDifferentFormats_ShouldReturnCorrectFormat(number: &quot;+33612345678&quot;, format: E164, expected: &quot;+33612345678&quot;)" storage="/users/aristidehervembassi/documents/projects/veepee/place-api/tests/account.unittests/bin/release/.net9.0/account.unittests.dll" id="44b82692-7a4f-dafd-0100-6a196d3e883a">
      <Execution id="e07585cd-053c-47fc-8de7-8f8ff149134a" />
      <TestMethod codeBase="/Users/aristidehervembassi/Documents/Projects/Veepee/place-api/tests/Account.UnitTests/bin/Release/.net9.0/Account.UnitTests.dll" adapterTypeName="executor://xunit/VsTestRunner2/netcoreapp" className="Account.UnitTests.Profile.Models.PhoneNumberTests" name="Format_WithDifferentFormats_ShouldReturnCorrectFormat" />
    </UnitTest>
    <UnitTest name="Account.UnitTests.Profile.Models.AddressTests.ToString_WithAllFields_ShouldReturnFormattedString" storage="/users/aristidehervembassi/documents/projects/veepee/place-api/tests/account.unittests/bin/release/.net9.0/account.unittests.dll" id="729ca948-3c6e-28c2-1943-45734e3d09c7">
      <Execution id="78465349-d485-4a18-bda4-7de2bf9f6b99" />
      <TestMethod codeBase="/Users/aristidehervembassi/Documents/Projects/Veepee/place-api/tests/Account.UnitTests/bin/Release/.net9.0/Account.UnitTests.dll" adapterTypeName="executor://xunit/VsTestRunner2/netcoreapp" className="Account.UnitTests.Profile.Models.AddressTests" name="ToString_WithAllFields_ShouldReturnFormattedString" />
    </UnitTest>
    <UnitTest name="Account.UnitTests.Profile.Models.LastNameTests.ValueObject_EqualityBehavior_ShouldBeCorrect(value1: &quot;Dupont&quot;, value2: &quot;Martin&quot;, shouldBeEqual: False)" storage="/users/aristidehervembassi/documents/projects/veepee/place-api/tests/account.unittests/bin/release/.net9.0/account.unittests.dll" id="bce5b993-e2fa-53fe-31c5-b39cb5b60696">
      <Execution id="b9edb9f0-5b6c-45de-b408-98ecc8c43a1e" />
      <TestMethod codeBase="/Users/aristidehervembassi/Documents/Projects/Veepee/place-api/tests/Account.UnitTests/bin/Release/.net9.0/Account.UnitTests.dll" adapterTypeName="executor://xunit/VsTestRunner2/netcoreapp" className="Account.UnitTests.Profile.Models.LastNameTests" name="ValueObject_EqualityBehavior_ShouldBeCorrect" />
    </UnitTest>
    <UnitTest name="Account.UnitTests.Profile.Models.PhoneNumberTests.Equals_ShouldHandleValueEquality(number1: &quot;+33612345678&quot;, number2: &quot;+33612345678&quot;)" storage="/users/aristidehervembassi/documents/projects/veepee/place-api/tests/account.unittests/bin/release/.net9.0/account.unittests.dll" id="420c91c1-212d-3f52-82d6-c9fd84df3a2d">
      <Execution id="6f716593-1dc3-4afc-b4c4-f614887bd3b3" />
      <TestMethod codeBase="/Users/aristidehervembassi/Documents/Projects/Veepee/place-api/tests/Account.UnitTests/bin/Release/.net9.0/Account.UnitTests.dll" adapterTypeName="executor://xunit/VsTestRunner2/netcoreapp" className="Account.UnitTests.Profile.Models.PhoneNumberTests" name="Equals_ShouldHandleValueEquality" />
    </UnitTest>
    <UnitTest name="Account.UnitTests.Profile.Models.PhoneNumberTests.Parse_WithEmptyCountryCode_ShouldReturnError(number: &quot;0612345678&quot;, countryCode: null)" storage="/users/aristidehervembassi/documents/projects/veepee/place-api/tests/account.unittests/bin/release/.net9.0/account.unittests.dll" id="b3df021a-9a36-900c-13d3-3a534861baa2">
      <Execution id="88677829-3432-4e96-b34f-5fddda70dc76" />
      <TestMethod codeBase="/Users/aristidehervembassi/Documents/Projects/Veepee/place-api/tests/Account.UnitTests/bin/Release/.net9.0/Account.UnitTests.dll" adapterTypeName="executor://xunit/VsTestRunner2/netcoreapp" className="Account.UnitTests.Profile.Models.PhoneNumberTests" name="Parse_WithEmptyCountryCode_ShouldReturnError" />
    </UnitTest>
    <UnitTest name="Account.UnitTests.Profile.Models.EmailTests.Create_WithInvalidFormat_ShouldReturnError(invalidEmail: &quot;@example.com&quot;)" storage="/users/aristidehervembassi/documents/projects/veepee/place-api/tests/account.unittests/bin/release/.net9.0/account.unittests.dll" id="fbd4bbd7-3522-da54-e0f2-37a03407ae87">
      <Execution id="35816f53-dd5b-45df-acc9-cf2caa9030f5" />
      <TestMethod codeBase="/Users/aristidehervembassi/Documents/Projects/Veepee/place-api/tests/Account.UnitTests/bin/Release/.net9.0/Account.UnitTests.dll" adapterTypeName="executor://xunit/VsTestRunner2/netcoreapp" className="Account.UnitTests.Profile.Models.EmailTests" name="Create_WithInvalidFormat_ShouldReturnError" />
    </UnitTest>
    <UnitTest name="Account.UnitTests.Profile.Models.PersonalInfoTests.Builder_ShouldThrowException_ForInvalidFirstName(invalidFirstName: null)" storage="/users/aristidehervembassi/documents/projects/veepee/place-api/tests/account.unittests/bin/release/.net9.0/account.unittests.dll" id="05351391-7e40-e259-27a0-a7de91d7a10a">
      <Execution id="51e53c3e-8992-4fe3-99a8-b8a3e2c3f448" />
      <TestMethod codeBase="/Users/aristidehervembassi/Documents/Projects/Veepee/place-api/tests/Account.UnitTests/bin/Release/.net9.0/Account.UnitTests.dll" adapterTypeName="executor://xunit/VsTestRunner2/netcoreapp" className="Account.UnitTests.Profile.Models.PersonalInfoTests" name="Builder_ShouldThrowException_ForInvalidFirstName" />
    </UnitTest>
    <UnitTest name="Account.UnitTests.Profile.Models.PhoneNumberTests.ToString_ShouldReturnSameValueAsProperty" storage="/users/aristidehervembassi/documents/projects/veepee/place-api/tests/account.unittests/bin/release/.net9.0/account.unittests.dll" id="8dd90de6-0821-7040-e311-6a93757a5d85">
      <Execution id="f0caf2e6-505f-4d4b-a3e5-054a17d3c468" />
      <TestMethod codeBase="/Users/aristidehervembassi/Documents/Projects/Veepee/place-api/tests/Account.UnitTests/bin/Release/.net9.0/Account.UnitTests.dll" adapterTypeName="executor://xunit/VsTestRunner2/netcoreapp" className="Account.UnitTests.Profile.Models.PhoneNumberTests" name="ToString_ShouldReturnSameValueAsProperty" />
    </UnitTest>
    <UnitTest name="Account.UnitTests.Profile.Models.AddressTests.Create_WithAllFieldsValid_ShouldSucceed" storage="/users/aristidehervembassi/documents/projects/veepee/place-api/tests/account.unittests/bin/release/.net9.0/account.unittests.dll" id="771c66a8-45fe-5145-f3dc-5cfd1ba70b69">
      <Execution id="8594b8d5-2899-4c1c-92b5-e20d0fa6cda7" />
      <TestMethod codeBase="/Users/aristidehervembassi/Documents/Projects/Veepee/place-api/tests/Account.UnitTests/bin/Release/.net9.0/Account.UnitTests.dll" adapterTypeName="executor://xunit/VsTestRunner2/netcoreapp" className="Account.UnitTests.Profile.Models.AddressTests" name="Create_WithAllFieldsValid_ShouldSucceed" />
    </UnitTest>
    <UnitTest name="Account.UnitTests.Profile.Models.LastNameTests.Create_WithValidName_ShouldReturnExpectedInstance(validName: &quot;de la Cruz&quot;)" storage="/users/aristidehervembassi/documents/projects/veepee/place-api/tests/account.unittests/bin/release/.net9.0/account.unittests.dll" id="13a9da82-e944-6caa-bedb-d892561015cd">
      <Execution id="f423582c-f56b-4dd6-883c-d797710df2f1" />
      <TestMethod codeBase="/Users/aristidehervembassi/Documents/Projects/Veepee/place-api/tests/Account.UnitTests/bin/Release/.net9.0/Account.UnitTests.dll" adapterTypeName="executor://xunit/VsTestRunner2/netcoreapp" className="Account.UnitTests.Profile.Models.LastNameTests" name="Create_WithValidName_ShouldReturnExpectedInstance" />
    </UnitTest>
    <UnitTest name="Account.UnitTests.Profile.Models.EmailTests.Create_WithValidEmail_ShouldSucceed(validEmail: &quot;user123@example.co.uk&quot;)" storage="/users/aristidehervembassi/documents/projects/veepee/place-api/tests/account.unittests/bin/release/.net9.0/account.unittests.dll" id="7c7f0929-f8e5-43e3-5697-8733049796d1">
      <Execution id="8c6041fb-0620-4133-9def-a89898e6fcfb" />
      <TestMethod codeBase="/Users/aristidehervembassi/Documents/Projects/Veepee/place-api/tests/Account.UnitTests/bin/Release/.net9.0/Account.UnitTests.dll" adapterTypeName="executor://xunit/VsTestRunner2/netcoreapp" className="Account.UnitTests.Profile.Models.EmailTests" name="Create_WithValidEmail_ShouldSucceed" />
    </UnitTest>
    <UnitTest name="Account.UnitTests.Profile.Models.AddressTests.Create_WithNullOrEmptyOptionalFields_ShouldSucceed(street: null, zipCode: null, city: &quot;New York&quot;, country: &quot;USA&quot;)" storage="/users/aristidehervembassi/documents/projects/veepee/place-api/tests/account.unittests/bin/release/.net9.0/account.unittests.dll" id="84fcb336-924b-29d2-b1a6-fd7636f8f775">
      <Execution id="f4b1d1fc-ec51-4e4a-af80-47371b5f8de0" />
      <TestMethod codeBase="/Users/aristidehervembassi/Documents/Projects/Veepee/place-api/tests/Account.UnitTests/bin/Release/.net9.0/Account.UnitTests.dll" adapterTypeName="executor://xunit/VsTestRunner2/netcoreapp" className="Account.UnitTests.Profile.Models.AddressTests" name="Create_WithNullOrEmptyOptionalFields_ShouldSucceed" />
    </UnitTest>
    <UnitTest name="Account.UnitTests.Profile.Models.PersonalInfoTests.Builder_ShouldCreatePersonalInfo_WithAllValidValues(firstName: &quot;John&quot;, lastName: &quot;Doe&quot;, birthDateString: &quot;1990-01-01&quot;, gender: Male, phoneNumber: &quot;+33612345678&quot;, street: &quot;123 Main St&quot;, zipCode: &quot;75001&quot;, city: &quot;Paris&quot;, country: &quot;France&quot;)" storage="/users/aristidehervembassi/documents/projects/veepee/place-api/tests/account.unittests/bin/release/.net9.0/account.unittests.dll" id="adb27476-25fe-1bf8-0a7d-48e0a52e0b0e">
      <Execution id="fde32815-be51-4d7a-9b0a-eca6bceba7a5" />
      <TestMethod codeBase="/Users/aristidehervembassi/Documents/Projects/Veepee/place-api/tests/Account.UnitTests/bin/Release/.net9.0/Account.UnitTests.dll" adapterTypeName="executor://xunit/VsTestRunner2/netcoreapp" className="Account.UnitTests.Profile.Models.PersonalInfoTests" name="Builder_ShouldCreatePersonalInfo_WithAllValidValues" />
    </UnitTest>
    <UnitTest name="Account.UnitTests.Profile.Models.DateOfBirthTests.ValueObject_EqualityBehavior_ShouldBeCorrect(value1: 1990-01-01T00:00:00.0000000, value2: 1990-01-02T00:00:00.0000000, shouldBeEqual: False)" storage="/users/aristidehervembassi/documents/projects/veepee/place-api/tests/account.unittests/bin/release/.net9.0/account.unittests.dll" id="b11a8664-fdfe-addb-e7d4-621924d5fa11">
      <Execution id="2be23170-85a4-4ec9-b69f-43dc7900a1e5" />
      <TestMethod codeBase="/Users/aristidehervembassi/Documents/Projects/Veepee/place-api/tests/Account.UnitTests/bin/Release/.net9.0/Account.UnitTests.dll" adapterTypeName="executor://xunit/VsTestRunner2/netcoreapp" className="Account.UnitTests.Profile.Models.DateOfBirthTests" name="ValueObject_EqualityBehavior_ShouldBeCorrect" />
    </UnitTest>
    <UnitTest name="Account.UnitTests.Profile.Models.FirstNameTests.Create_WithInvalidCharacters_ShouldReturnSpecificError(invalidName: &quot;John123&quot;)" storage="/users/aristidehervembassi/documents/projects/veepee/place-api/tests/account.unittests/bin/release/.net9.0/account.unittests.dll" id="c9b9e3fa-f9c5-da16-ebaa-3c6c10f57e3a">
      <Execution id="7534f1b0-8afa-4785-b9be-427f21ecc455" />
      <TestMethod codeBase="/Users/aristidehervembassi/Documents/Projects/Veepee/place-api/tests/Account.UnitTests/bin/Release/.net9.0/Account.UnitTests.dll" adapterTypeName="executor://xunit/VsTestRunner2/netcoreapp" className="Account.UnitTests.Profile.Models.FirstNameTests" name="Create_WithInvalidCharacters_ShouldReturnSpecificError" />
    </UnitTest>
    <UnitTest name="Account.UnitTests.Profile.Models.AddressTests.Create_WithTooLongFields_ShouldReturnError(streetLength: 100, zipCodeLength: 10, cityLength: 50, countryLength: 51, expectedError: &quot;Address.Country.TooLong&quot;)" storage="/users/aristidehervembassi/documents/projects/veepee/place-api/tests/account.unittests/bin/release/.net9.0/account.unittests.dll" id="c4e960bd-c3e3-f381-7dca-5a68cb9da10d">
      <Execution id="e1f75218-161f-4c4f-88b3-f0a426fb2d42" />
      <TestMethod codeBase="/Users/aristidehervembassi/Documents/Projects/Veepee/place-api/tests/Account.UnitTests/bin/Release/.net9.0/Account.UnitTests.dll" adapterTypeName="executor://xunit/VsTestRunner2/netcoreapp" className="Account.UnitTests.Profile.Models.AddressTests" name="Create_WithTooLongFields_ShouldReturnError" />
    </UnitTest>
    <UnitTest name="Account.UnitTests.Profile.Models.AddressTests.Create_WithNullOrEmptyOptionalFields_ShouldSucceed(street: &quot;123 Main St&quot;, zipCode: &quot;&quot;, city: &quot;New York&quot;, country: &quot;USA&quot;)" storage="/users/aristidehervembassi/documents/projects/veepee/place-api/tests/account.unittests/bin/release/.net9.0/account.unittests.dll" id="1f4de402-1a65-1e16-5b0a-8c1bf3bdc164">
      <Execution id="0dc3022b-1537-4bf4-8168-f1aa143f0706" />
      <TestMethod codeBase="/Users/aristidehervembassi/Documents/Projects/Veepee/place-api/tests/Account.UnitTests/bin/Release/.net9.0/Account.UnitTests.dll" adapterTypeName="executor://xunit/VsTestRunner2/netcoreapp" className="Account.UnitTests.Profile.Models.AddressTests" name="Create_WithNullOrEmptyOptionalFields_ShouldSucceed" />
    </UnitTest>
    <UnitTest name="Account.UnitTests.Profile.Models.EmailTests.Create_WithInvalidFormat_ShouldReturnError(invalidEmail: &quot;user@example.&quot;)" storage="/users/aristidehervembassi/documents/projects/veepee/place-api/tests/account.unittests/bin/release/.net9.0/account.unittests.dll" id="3b222db5-373d-5e69-2fc6-83a4665d6e03">
      <Execution id="e2d76114-1e5a-4c9e-a078-28cea9180c09" />
      <TestMethod codeBase="/Users/aristidehervembassi/Documents/Projects/Veepee/place-api/tests/Account.UnitTests/bin/Release/.net9.0/Account.UnitTests.dll" adapterTypeName="executor://xunit/VsTestRunner2/netcoreapp" className="Account.UnitTests.Profile.Models.EmailTests" name="Create_WithInvalidFormat_ShouldReturnError" />
    </UnitTest>
    <UnitTest name="Account.UnitTests.Profile.Models.PhoneNumberTests.Parse_WithInvalidNumber_ShouldReturnError(number: &quot;not-a-number&quot;)" storage="/users/aristidehervembassi/documents/projects/veepee/place-api/tests/account.unittests/bin/release/.net9.0/account.unittests.dll" id="5fa15484-20b2-8b65-9722-e2619336985e">
      <Execution id="06f50cd6-91e6-4103-86f6-f7838863919c" />
      <TestMethod codeBase="/Users/aristidehervembassi/Documents/Projects/Veepee/place-api/tests/Account.UnitTests/bin/Release/.net9.0/Account.UnitTests.dll" adapterTypeName="executor://xunit/VsTestRunner2/netcoreapp" className="Account.UnitTests.Profile.Models.PhoneNumberTests" name="Parse_WithInvalidNumber_ShouldReturnError" />
    </UnitTest>
    <UnitTest name="Account.UnitTests.Profile.Models.EmailTests.Create_WithInvalidFormat_ShouldReturnError(invalidEmail: &quot;user@.com&quot;)" storage="/users/aristidehervembassi/documents/projects/veepee/place-api/tests/account.unittests/bin/release/.net9.0/account.unittests.dll" id="f7bdb2dc-8346-a91f-d86b-9d0e8f0c1ec2">
      <Execution id="7267ea3a-ee50-4a4f-b4ad-11225ef689eb" />
      <TestMethod codeBase="/Users/aristidehervembassi/Documents/Projects/Veepee/place-api/tests/Account.UnitTests/bin/Release/.net9.0/Account.UnitTests.dll" adapterTypeName="executor://xunit/VsTestRunner2/netcoreapp" className="Account.UnitTests.Profile.Models.EmailTests" name="Create_WithInvalidFormat_ShouldReturnError" />
    </UnitTest>
    <UnitTest name="Account.UnitTests.Profile.Models.PersonalInfoTests.ToString_ShouldReturnCorrectFormat(firstName: &quot;Jane&quot;, lastName: &quot;Smith&quot;, birthDateString: &quot;1985-05-20&quot;, gender: Female, phoneNumber: &quot;+33612345678&quot;, street: &quot;123 Main St&quot;, zipCode: &quot;75001&quot;, city: &quot;Paris&quot;, country: &quot;France&quot;, expectedString: &quot;Jane Smith, Born: 20/05/1985, Gender: Female, Phon&quot;···)" storage="/users/aristidehervembassi/documents/projects/veepee/place-api/tests/account.unittests/bin/release/.net9.0/account.unittests.dll" id="89ccb382-074e-34f8-81f3-a2ee61f2431c">
      <Execution id="8c9208db-7bd8-4abb-aaeb-f203262367ab" />
      <TestMethod codeBase="/Users/aristidehervembassi/Documents/Projects/Veepee/place-api/tests/Account.UnitTests/bin/Release/.net9.0/Account.UnitTests.dll" adapterTypeName="executor://xunit/VsTestRunner2/netcoreapp" className="Account.UnitTests.Profile.Models.PersonalInfoTests" name="ToString_ShouldReturnCorrectFormat" />
    </UnitTest>
    <UnitTest name="Account.UnitTests.Profile.Models.PersonalInfoTests.Builder_ShouldThrowException_ForInvalidPhoneNumber(invalidPhoneNumber: &quot;+1234&quot;)" storage="/users/aristidehervembassi/documents/projects/veepee/place-api/tests/account.unittests/bin/release/.net9.0/account.unittests.dll" id="9f0f0cec-4f78-d941-3c4f-eaf26330ba5a">
      <Execution id="18a9492b-463e-4bc6-b629-09ed59a68ca6" />
      <TestMethod codeBase="/Users/aristidehervembassi/Documents/Projects/Veepee/place-api/tests/Account.UnitTests/bin/Release/.net9.0/Account.UnitTests.dll" adapterTypeName="executor://xunit/VsTestRunner2/netcoreapp" className="Account.UnitTests.Profile.Models.PersonalInfoTests" name="Builder_ShouldThrowException_ForInvalidPhoneNumber" />
    </UnitTest>
    <UnitTest name="Account.UnitTests.Profile.Models.LastNameTests.Create_WithValidName_ShouldReturnExpectedInstance(validName: &quot;von Neumann&quot;)" storage="/users/aristidehervembassi/documents/projects/veepee/place-api/tests/account.unittests/bin/release/.net9.0/account.unittests.dll" id="1b5d8c39-78d3-8e99-6321-e440ce872aa3">
      <Execution id="e6d49ddd-a53d-4c2c-8add-7bce988c523b" />
      <TestMethod codeBase="/Users/aristidehervembassi/Documents/Projects/Veepee/place-api/tests/Account.UnitTests/bin/Release/.net9.0/Account.UnitTests.dll" adapterTypeName="executor://xunit/VsTestRunner2/netcoreapp" className="Account.UnitTests.Profile.Models.LastNameTests" name="Create_WithValidName_ShouldReturnExpectedInstance" />
    </UnitTest>
    <UnitTest name="Account.UnitTests.Profile.Models.AddressTests.Create_WithNullOrEmptyOptionalFields_ShouldSucceed(street: &quot;123 Main St&quot;, zipCode: null, city: &quot;New York&quot;, country: &quot;USA&quot;)" storage="/users/aristidehervembassi/documents/projects/veepee/place-api/tests/account.unittests/bin/release/.net9.0/account.unittests.dll" id="26cba365-2720-9240-ef44-178b8b73dc4c">
      <Execution id="ed1a675f-104e-4833-838f-3e6f961fe6e9" />
      <TestMethod codeBase="/Users/aristidehervembassi/Documents/Projects/Veepee/place-api/tests/Account.UnitTests/bin/Release/.net9.0/Account.UnitTests.dll" adapterTypeName="executor://xunit/VsTestRunner2/netcoreapp" className="Account.UnitTests.Profile.Models.AddressTests" name="Create_WithNullOrEmptyOptionalFields_ShouldSucceed" />
    </UnitTest>
    <UnitTest name="Account.UnitTests.Profile.Models.PersonalInfoTests.Builder_ShouldThrowException_ForInvalidLastName(invalidLastName: &quot;&quot;)" storage="/users/aristidehervembassi/documents/projects/veepee/place-api/tests/account.unittests/bin/release/.net9.0/account.unittests.dll" id="855bee55-ec09-b81f-1304-9fbb4026f713">
      <Execution id="36faee8c-98c5-4e7a-a64f-05d7e6a19fa0" />
      <TestMethod codeBase="/Users/aristidehervembassi/Documents/Projects/Veepee/place-api/tests/Account.UnitTests/bin/Release/.net9.0/Account.UnitTests.dll" adapterTypeName="executor://xunit/VsTestRunner2/netcoreapp" className="Account.UnitTests.Profile.Models.PersonalInfoTests" name="Builder_ShouldThrowException_ForInvalidLastName" />
    </UnitTest>
    <UnitTest name="Account.UnitTests.Profile.Models.FirstNameTests.Create_WithExactMaxLength_ShouldSucceed" storage="/users/aristidehervembassi/documents/projects/veepee/place-api/tests/account.unittests/bin/release/.net9.0/account.unittests.dll" id="8b2dff30-56f5-dd22-1463-323ca1d21b48">
      <Execution id="ff7501f9-93aa-494d-9603-8da17068485a" />
      <TestMethod codeBase="/Users/aristidehervembassi/Documents/Projects/Veepee/place-api/tests/Account.UnitTests/bin/Release/.net9.0/Account.UnitTests.dll" adapterTypeName="executor://xunit/VsTestRunner2/netcoreapp" className="Account.UnitTests.Profile.Models.FirstNameTests" name="Create_WithExactMaxLength_ShouldSucceed" />
    </UnitTest>
    <UnitTest name="Account.UnitTests.Profile.Models.DateOfBirthTests.ValueObject_EqualityBehavior_ShouldBeCorrect(value1: 1990-01-01T00:00:00.0000000, value2: 1990-01-01T00:00:00.0000000, shouldBeEqual: True)" storage="/users/aristidehervembassi/documents/projects/veepee/place-api/tests/account.unittests/bin/release/.net9.0/account.unittests.dll" id="25614569-e7e5-86c3-db64-8b3ae0011113">
      <Execution id="bfb808d8-7071-48f3-a32d-4601f0843881" />
      <TestMethod codeBase="/Users/aristidehervembassi/Documents/Projects/Veepee/place-api/tests/Account.UnitTests/bin/Release/.net9.0/Account.UnitTests.dll" adapterTypeName="executor://xunit/VsTestRunner2/netcoreapp" className="Account.UnitTests.Profile.Models.DateOfBirthTests" name="ValueObject_EqualityBehavior_ShouldBeCorrect" />
    </UnitTest>
    <UnitTest name="Account.UnitTests.Profile.Models.DateOfBirthTests.Create_WithFutureDate_ShouldReturnError" storage="/users/aristidehervembassi/documents/projects/veepee/place-api/tests/account.unittests/bin/release/.net9.0/account.unittests.dll" id="fb221cf6-5461-c518-4f1b-1fa9cacb934f">
      <Execution id="53a23d5a-548a-4abe-a490-919f85cf44bb" />
      <TestMethod codeBase="/Users/aristidehervembassi/Documents/Projects/Veepee/place-api/tests/Account.UnitTests/bin/Release/.net9.0/Account.UnitTests.dll" adapterTypeName="executor://xunit/VsTestRunner2/netcoreapp" className="Account.UnitTests.Profile.Models.DateOfBirthTests" name="Create_WithFutureDate_ShouldReturnError" />
    </UnitTest>
    <UnitTest name="Account.UnitTests.Profile.Models.LastNameTests.Create_WithValidName_ShouldReturnExpectedInstance(validName: &quot;Smith-Jones&quot;)" storage="/users/aristidehervembassi/documents/projects/veepee/place-api/tests/account.unittests/bin/release/.net9.0/account.unittests.dll" id="6500d2eb-ef3b-5aad-d1bb-d3aeece48248">
      <Execution id="c29f701d-ccf9-4349-8c16-e44282c0bc21" />
      <TestMethod codeBase="/Users/aristidehervembassi/Documents/Projects/Veepee/place-api/tests/Account.UnitTests/bin/Release/.net9.0/Account.UnitTests.dll" adapterTypeName="executor://xunit/VsTestRunner2/netcoreapp" className="Account.UnitTests.Profile.Models.LastNameTests" name="Create_WithValidName_ShouldReturnExpectedInstance" />
    </UnitTest>
    <UnitTest name="Account.UnitTests.Profile.Models.LastNameTests.Create_WithCompoundName_ShouldSucceed(compoundName: &quot;de la Rosa&quot;)" storage="/users/aristidehervembassi/documents/projects/veepee/place-api/tests/account.unittests/bin/release/.net9.0/account.unittests.dll" id="e5715507-3050-62e0-b0c9-712cc6a3997f">
      <Execution id="4396ddeb-6aba-4e27-884e-56b6d967b78f" />
      <TestMethod codeBase="/Users/aristidehervembassi/Documents/Projects/Veepee/place-api/tests/Account.UnitTests/bin/Release/.net9.0/Account.UnitTests.dll" adapterTypeName="executor://xunit/VsTestRunner2/netcoreapp" className="Account.UnitTests.Profile.Models.LastNameTests" name="Create_WithCompoundName_ShouldSucceed" />
    </UnitTest>
    <UnitTest name="Account.UnitTests.Profile.Models.LastNameTests.Create_WithNullOrWhiteSpace_ShouldReturnSpecificError(invalidName: null, expectedErrorCode: &quot;LastName.Empty&quot;)" storage="/users/aristidehervembassi/documents/projects/veepee/place-api/tests/account.unittests/bin/release/.net9.0/account.unittests.dll" id="861225d4-46d6-f3eb-4be4-064b08e4e296">
      <Execution id="0c9534a9-fe03-4ffa-9180-7e2cabbae82a" />
      <TestMethod codeBase="/Users/aristidehervembassi/Documents/Projects/Veepee/place-api/tests/Account.UnitTests/bin/Release/.net9.0/Account.UnitTests.dll" adapterTypeName="executor://xunit/VsTestRunner2/netcoreapp" className="Account.UnitTests.Profile.Models.LastNameTests" name="Create_WithNullOrWhiteSpace_ShouldReturnSpecificError" />
    </UnitTest>
    <UnitTest name="Account.UnitTests.Profile.Models.PhoneNumberTests.ImplicitConversion_ShouldReturnE164Format" storage="/users/aristidehervembassi/documents/projects/veepee/place-api/tests/account.unittests/bin/release/.net9.0/account.unittests.dll" id="e5f9020f-876c-f5ce-3a5c-2962a0262207">
      <Execution id="59a6dd3c-d75d-417f-94ba-f2b458adae74" />
      <TestMethod codeBase="/Users/aristidehervembassi/Documents/Projects/Veepee/place-api/tests/Account.UnitTests/bin/Release/.net9.0/Account.UnitTests.dll" adapterTypeName="executor://xunit/VsTestRunner2/netcoreapp" className="Account.UnitTests.Profile.Models.PhoneNumberTests" name="ImplicitConversion_ShouldReturnE164Format" />
    </UnitTest>
    <UnitTest name="Account.UnitTests.Profile.Models.FirstNameTests.Create_WithEdgeCases_ShouldSucceed(validName: &quot;A-A&quot;)" storage="/users/aristidehervembassi/documents/projects/veepee/place-api/tests/account.unittests/bin/release/.net9.0/account.unittests.dll" id="e62a2256-19d5-41f4-cc64-6d94573656c5">
      <Execution id="4475e24f-2349-4aef-b513-5835e9830a90" />
      <TestMethod codeBase="/Users/aristidehervembassi/Documents/Projects/Veepee/place-api/tests/Account.UnitTests/bin/Release/.net9.0/Account.UnitTests.dll" adapterTypeName="executor://xunit/VsTestRunner2/netcoreapp" className="Account.UnitTests.Profile.Models.FirstNameTests" name="Create_WithEdgeCases_ShouldSucceed" />
    </UnitTest>
    <UnitTest name="Account.UnitTests.Profile.Models.FirstNameTests.Create_WithMaxLengthMinusOne_ShouldSucceed" storage="/users/aristidehervembassi/documents/projects/veepee/place-api/tests/account.unittests/bin/release/.net9.0/account.unittests.dll" id="d3a6a749-14f0-8859-9c9a-6a801df617cb">
      <Execution id="85d9607c-75ae-454e-9162-965e4e99395b" />
      <TestMethod codeBase="/Users/aristidehervembassi/Documents/Projects/Veepee/place-api/tests/Account.UnitTests/bin/Release/.net9.0/Account.UnitTests.dll" adapterTypeName="executor://xunit/VsTestRunner2/netcoreapp" className="Account.UnitTests.Profile.Models.FirstNameTests" name="Create_WithMaxLengthMinusOne_ShouldSucceed" />
    </UnitTest>
    <UnitTest name="Account.UnitTests.Profile.Models.EmailTests.Create_WithUpperCaseEmail_ShouldNormalizeToLowerCase(input: &quot;TEST@EXAMPLE.COM&quot;, expected: &quot;test@example.com&quot;)" storage="/users/aristidehervembassi/documents/projects/veepee/place-api/tests/account.unittests/bin/release/.net9.0/account.unittests.dll" id="537f9b73-0cda-a379-1a6c-05777989fe1d">
      <Execution id="afa904ef-ebb8-46a3-addd-c5b95fcda071" />
      <TestMethod codeBase="/Users/aristidehervembassi/Documents/Projects/Veepee/place-api/tests/Account.UnitTests/bin/Release/.net9.0/Account.UnitTests.dll" adapterTypeName="executor://xunit/VsTestRunner2/netcoreapp" className="Account.UnitTests.Profile.Models.EmailTests" name="Create_WithUpperCaseEmail_ShouldNormalizeToLowerCase" />
    </UnitTest>
    <UnitTest name="Account.UnitTests.Profile.Models.FirstNameTests.Create_WithInvalidCharacters_ShouldReturnSpecificError(invalidName: &quot;John/Smith&quot;)" storage="/users/aristidehervembassi/documents/projects/veepee/place-api/tests/account.unittests/bin/release/.net9.0/account.unittests.dll" id="0edd6820-fd8e-7f90-e03b-c946f9c5f269">
      <Execution id="bac7d044-7a45-46ac-998f-68a759f30370" />
      <TestMethod codeBase="/Users/aristidehervembassi/Documents/Projects/Veepee/place-api/tests/Account.UnitTests/bin/Release/.net9.0/Account.UnitTests.dll" adapterTypeName="executor://xunit/VsTestRunner2/netcoreapp" className="Account.UnitTests.Profile.Models.FirstNameTests" name="Create_WithInvalidCharacters_ShouldReturnSpecificError" />
    </UnitTest>
    <UnitTest name="Account.UnitTests.Profile.Models.LastNameTests.ValueObject_EqualityBehavior_ShouldBeCorrect(value1: &quot;Martin&quot;, value2: &quot;martin&quot;, shouldBeEqual: False)" storage="/users/aristidehervembassi/documents/projects/veepee/place-api/tests/account.unittests/bin/release/.net9.0/account.unittests.dll" id="b8031613-e505-d337-1ac3-4e17c481b7a2">
      <Execution id="5c765303-f36e-4b0d-a7f2-f880875a3280" />
      <TestMethod codeBase="/Users/aristidehervembassi/Documents/Projects/Veepee/place-api/tests/Account.UnitTests/bin/Release/.net9.0/Account.UnitTests.dll" adapterTypeName="executor://xunit/VsTestRunner2/netcoreapp" className="Account.UnitTests.Profile.Models.LastNameTests" name="ValueObject_EqualityBehavior_ShouldBeCorrect" />
    </UnitTest>
    <UnitTest name="Account.UnitTests.Profile.Models.AddressTests.ToString_ShouldHandleNullFields(street: &quot;123 Main St&quot;, zipCode: null, city: &quot;New York&quot;, country: &quot;USA&quot;, expected: &quot;123 Main St, New York, USA&quot;)" storage="/users/aristidehervembassi/documents/projects/veepee/place-api/tests/account.unittests/bin/release/.net9.0/account.unittests.dll" id="47ad43a6-ce50-ae9e-576c-f94708bdc20e">
      <Execution id="c9119072-1ec9-4b02-b69c-01455898f0c1" />
      <TestMethod codeBase="/Users/aristidehervembassi/Documents/Projects/Veepee/place-api/tests/Account.UnitTests/bin/Release/.net9.0/Account.UnitTests.dll" adapterTypeName="executor://xunit/VsTestRunner2/netcoreapp" className="Account.UnitTests.Profile.Models.AddressTests" name="ToString_ShouldHandleNullFields" />
    </UnitTest>
    <UnitTest name="Account.UnitTests.Profile.Models.PersonalInfoTests.Builder_ShouldCreatePersonalInfo_WithRegionalPhoneNumber(phoneNumber: &quot;0612345678&quot;, countryCode: &quot;FR&quot;, expectedE164: &quot;+33612345678&quot;)" storage="/users/aristidehervembassi/documents/projects/veepee/place-api/tests/account.unittests/bin/release/.net9.0/account.unittests.dll" id="0355f5d7-ab6b-eaca-582a-d4925aeae53e">
      <Execution id="a4d4aee4-f3b9-47df-87f3-ea6c02277722" />
      <TestMethod codeBase="/Users/aristidehervembassi/Documents/Projects/Veepee/place-api/tests/Account.UnitTests/bin/Release/.net9.0/Account.UnitTests.dll" adapterTypeName="executor://xunit/VsTestRunner2/netcoreapp" className="Account.UnitTests.Profile.Models.PersonalInfoTests" name="Builder_ShouldCreatePersonalInfo_WithRegionalPhoneNumber" />
    </UnitTest>
    <UnitTest name="Account.UnitTests.Profile.Models.LastNameTests.Create_WithNullOrWhiteSpace_ShouldReturnSpecificError(invalidName: &quot;&quot;, expectedErrorCode: &quot;LastName.Empty&quot;)" storage="/users/aristidehervembassi/documents/projects/veepee/place-api/tests/account.unittests/bin/release/.net9.0/account.unittests.dll" id="50a8cc2a-05ce-30e7-1819-6194e2852bf2">
      <Execution id="d92aea9e-35be-4c66-8d6b-b7dfe90d2a14" />
      <TestMethod codeBase="/Users/aristidehervembassi/Documents/Projects/Veepee/place-api/tests/Account.UnitTests/bin/Release/.net9.0/Account.UnitTests.dll" adapterTypeName="executor://xunit/VsTestRunner2/netcoreapp" className="Account.UnitTests.Profile.Models.LastNameTests" name="Create_WithNullOrWhiteSpace_ShouldReturnSpecificError" />
    </UnitTest>
    <UnitTest name="Account.UnitTests.Profile.Models.AddressTests.Create_WithInvalidRequiredFields_ShouldReturnError(street: null, zipCode: null, city: null, country: &quot;USA&quot;, expectedError: &quot;Address.City.Empty&quot;)" storage="/users/aristidehervembassi/documents/projects/veepee/place-api/tests/account.unittests/bin/release/.net9.0/account.unittests.dll" id="02f2e095-af0f-162d-6c1c-a51d3d69b243">
      <Execution id="b4e7faa4-046b-461a-a5ab-659d9823bbb6" />
      <TestMethod codeBase="/Users/aristidehervembassi/Documents/Projects/Veepee/place-api/tests/Account.UnitTests/bin/Release/.net9.0/Account.UnitTests.dll" adapterTypeName="executor://xunit/VsTestRunner2/netcoreapp" className="Account.UnitTests.Profile.Models.AddressTests" name="Create_WithInvalidRequiredFields_ShouldReturnError" />
    </UnitTest>
    <UnitTest name="Account.UnitTests.Profile.Models.FirstNameTests.Create_WithValidName_ShouldReturnExpectedInstance(validName: &quot;André&quot;)" storage="/users/aristidehervembassi/documents/projects/veepee/place-api/tests/account.unittests/bin/release/.net9.0/account.unittests.dll" id="a1daaa4e-30c6-b826-43bb-366509c53dd6">
      <Execution id="0cfed0b0-4ef7-4a01-a246-e892b5559f3f" />
      <TestMethod codeBase="/Users/aristidehervembassi/Documents/Projects/Veepee/place-api/tests/Account.UnitTests/bin/Release/.net9.0/Account.UnitTests.dll" adapterTypeName="executor://xunit/VsTestRunner2/netcoreapp" className="Account.UnitTests.Profile.Models.FirstNameTests" name="Create_WithValidName_ShouldReturnExpectedInstance" />
    </UnitTest>
    <UnitTest name="Account.UnitTests.Profile.Models.FirstNameTests.ToString_ShouldReturnSameValueAsImplicitConversion" storage="/users/aristidehervembassi/documents/projects/veepee/place-api/tests/account.unittests/bin/release/.net9.0/account.unittests.dll" id="baa5b100-0e3f-05f1-54b8-9808c9111519">
      <Execution id="98a3b597-6049-402a-bd26-f95eaa21bd25" />
      <TestMethod codeBase="/Users/aristidehervembassi/Documents/Projects/Veepee/place-api/tests/Account.UnitTests/bin/Release/.net9.0/Account.UnitTests.dll" adapterTypeName="executor://xunit/VsTestRunner2/netcoreapp" className="Account.UnitTests.Profile.Models.FirstNameTests" name="ToString_ShouldReturnSameValueAsImplicitConversion" />
    </UnitTest>
    <UnitTest name="Account.UnitTests.Profile.Models.PersonalInfoTests.Builder_ShouldThrowException_ForInvalidDateOfBirth(invalidDateOfBirthString: &quot;1800-01-01&quot;)" storage="/users/aristidehervembassi/documents/projects/veepee/place-api/tests/account.unittests/bin/release/.net9.0/account.unittests.dll" id="6609f487-50de-acd2-fc7f-29410bf620f2">
      <Execution id="a64ce0a6-85e1-4764-87bd-7b2f93232581" />
      <TestMethod codeBase="/Users/aristidehervembassi/Documents/Projects/Veepee/place-api/tests/Account.UnitTests/bin/Release/.net9.0/Account.UnitTests.dll" adapterTypeName="executor://xunit/VsTestRunner2/netcoreapp" className="Account.UnitTests.Profile.Models.PersonalInfoTests" name="Builder_ShouldThrowException_ForInvalidDateOfBirth" />
    </UnitTest>
    <UnitTest name="Account.UnitTests.Profile.Models.EmailTests.Create_WithValidEmail_ShouldSucceed(validEmail: &quot;first.last@example.com&quot;)" storage="/users/aristidehervembassi/documents/projects/veepee/place-api/tests/account.unittests/bin/release/.net9.0/account.unittests.dll" id="75c3223c-21a2-3885-111b-84a103c871ec">
      <Execution id="b2882ca7-f583-4bb8-89c3-4dda0f115bdb" />
      <TestMethod codeBase="/Users/aristidehervembassi/Documents/Projects/Veepee/place-api/tests/Account.UnitTests/bin/Release/.net9.0/Account.UnitTests.dll" adapterTypeName="executor://xunit/VsTestRunner2/netcoreapp" className="Account.UnitTests.Profile.Models.EmailTests" name="Create_WithValidEmail_ShouldSucceed" />
    </UnitTest>
    <UnitTest name="Account.UnitTests.Profile.Models.EmailTests.Create_WithValidEmail_ShouldSucceed(validEmail: &quot;test@example.com&quot;)" storage="/users/aristidehervembassi/documents/projects/veepee/place-api/tests/account.unittests/bin/release/.net9.0/account.unittests.dll" id="3c01d42c-dd76-77d7-2f76-d93f2a8df7a6">
      <Execution id="95d3b32d-cd3d-4516-a30a-15f14e449af1" />
      <TestMethod codeBase="/Users/aristidehervembassi/Documents/Projects/Veepee/place-api/tests/Account.UnitTests/bin/Release/.net9.0/Account.UnitTests.dll" adapterTypeName="executor://xunit/VsTestRunner2/netcoreapp" className="Account.UnitTests.Profile.Models.EmailTests" name="Create_WithValidEmail_ShouldSucceed" />
    </UnitTest>
  </TestDefinitions>
  <TestEntries>
    <TestEntry testId="b1540571-2958-d6df-4940-b52d99d7c6a7" executionId="f07a0977-aaed-49b7-a977-b65b80d61da7" testListId="8c84fa94-04c1-424b-9868-57a2d4851a1d" />
    <TestEntry testId="f01a0f8e-ed5c-bf3c-265f-6270685eb855" executionId="e07801e2-e09b-481a-9e30-dafb75e80f90" testListId="8c84fa94-04c1-424b-9868-57a2d4851a1d" />
    <TestEntry testId="07ec2eb5-8fb8-5aa8-13b8-72416fd29daf" executionId="4f131972-b7f6-4017-8c86-6ebf1e72b353" testListId="8c84fa94-04c1-424b-9868-57a2d4851a1d" />
    <TestEntry testId="5316fbf4-3c23-4ab0-2328-9d45f21eb488" executionId="502abf4d-8b5c-4fe1-ac24-5a99a96188b9" testListId="8c84fa94-04c1-424b-9868-57a2d4851a1d" />
    <TestEntry testId="4200b574-9b59-83e0-35d9-df34c967550f" executionId="f61a5e68-5bf7-46ee-8d50-5ccb7381bb35" testListId="8c84fa94-04c1-424b-9868-57a2d4851a1d" />
    <TestEntry testId="e039335d-7639-5a8f-f1ce-39b7b5f2c4b2" executionId="e903ce07-82b6-4ed6-b1ac-4fb23bab5b9f" testListId="8c84fa94-04c1-424b-9868-57a2d4851a1d" />
    <TestEntry testId="7b1a3972-b3d2-2e39-07f6-57c026e7dee5" executionId="95199439-c662-4cec-aff2-69189523defc" testListId="8c84fa94-04c1-424b-9868-57a2d4851a1d" />
    <TestEntry testId="1f4de402-1a65-1e16-5b0a-8c1bf3bdc164" executionId="0dc3022b-1537-4bf4-8168-f1aa143f0706" testListId="8c84fa94-04c1-424b-9868-57a2d4851a1d" />
    <TestEntry testId="276a3d58-59f3-d7a8-d978-139c3f6ac991" executionId="62880aa3-a27f-4128-9e2f-92dc10ba2ef0" testListId="8c84fa94-04c1-424b-9868-57a2d4851a1d" />
    <TestEntry testId="29cf1e89-8446-2dc5-acee-199e4fb2233f" executionId="f0252e70-ee09-4290-841d-6c1d8c4c1c36" testListId="8c84fa94-04c1-424b-9868-57a2d4851a1d" />
    <TestEntry testId="7a64bed0-c104-2289-aa15-ee741dd5cb13" executionId="47255ea9-3848-4adb-8126-fe0227246788" testListId="8c84fa94-04c1-424b-9868-57a2d4851a1d" />
    <TestEntry testId="8d0c4e03-f253-11e5-182e-46de430e474d" executionId="a9b42ff7-8086-4d51-bae0-da2ccec62dc6" testListId="8c84fa94-04c1-424b-9868-57a2d4851a1d" />
    <TestEntry testId="0b8d6e22-b956-a13c-7eeb-f6f147610336" executionId="a42774d7-d5de-4bdf-aab9-d631b046de45" testListId="8c84fa94-04c1-424b-9868-57a2d4851a1d" />
    <TestEntry testId="b3df021a-9a36-900c-13d3-3a534861baa2" executionId="88677829-3432-4e96-b34f-5fddda70dc76" testListId="8c84fa94-04c1-424b-9868-57a2d4851a1d" />
    <TestEntry testId="7c7f0929-f8e5-43e3-5697-8733049796d1" executionId="8c6041fb-0620-4133-9def-a89898e6fcfb" testListId="8c84fa94-04c1-424b-9868-57a2d4851a1d" />
    <TestEntry testId="65b6bb50-afcd-3579-ab66-f39e3e630789" executionId="02a0cbe5-cb4d-47e5-bfd3-c6517bf57ad3" testListId="8c84fa94-04c1-424b-9868-57a2d4851a1d" />
    <TestEntry testId="b2ee7c71-57fd-f81b-eaf6-2204663e3550" executionId="4c8b5f1b-5968-4c8a-9c28-d31961a28303" testListId="8c84fa94-04c1-424b-9868-57a2d4851a1d" />
    <TestEntry testId="d6a68c1a-47fd-d80e-7565-d888b2e6e915" executionId="6a7da697-ce4c-4108-be04-4f6b63fa7f84" testListId="8c84fa94-04c1-424b-9868-57a2d4851a1d" />
    <TestEntry testId="afd3a567-25b4-e465-ece3-3269b9f353c2" executionId="78ef0a37-607f-4c14-81b0-900b3c3c62a5" testListId="8c84fa94-04c1-424b-9868-57a2d4851a1d" />
    <TestEntry testId="650819be-2f55-17d8-add7-233e3ea0c4c5" executionId="7c6a9921-8c61-49f1-a0a0-2243701f2797" testListId="8c84fa94-04c1-424b-9868-57a2d4851a1d" />
    <TestEntry testId="596b34e1-0d2a-2813-3b42-e1c7e6bdccdf" executionId="2f2cf200-d532-4365-853b-aee5c829caf9" testListId="8c84fa94-04c1-424b-9868-57a2d4851a1d" />
    <TestEntry testId="a395b7d7-e42f-9a59-055a-223f4ebf7463" executionId="070e6aea-1b32-44ab-9a8b-777d6f5119ec" testListId="8c84fa94-04c1-424b-9868-57a2d4851a1d" />
    <TestEntry testId="3f956ce1-f095-990b-7cf5-58662adec7ea" executionId="c3996d32-4fca-4c85-974f-05987e863ca9" testListId="8c84fa94-04c1-424b-9868-57a2d4851a1d" />
    <TestEntry testId="c578c496-04f2-6c3c-0520-67bdedfbb68e" executionId="d7dcb226-4c77-4a75-aa1c-05666a9856ee" testListId="8c84fa94-04c1-424b-9868-57a2d4851a1d" />
    <TestEntry testId="2d28d1bb-3c06-61c0-484b-4c15335210de" executionId="ac49f0e8-865e-49eb-ad88-5843c45f5106" testListId="8c84fa94-04c1-424b-9868-57a2d4851a1d" />
    <TestEntry testId="c343b07b-3a2d-f84a-29ea-ea421f98b507" executionId="94423bf2-39b8-4b3b-9cbb-3804531fefb0" testListId="8c84fa94-04c1-424b-9868-57a2d4851a1d" />
    <TestEntry testId="2cd6a5e9-74b0-6d1f-11fb-c2d0df624817" executionId="00688bd2-db0e-402d-b159-09bec55bc6d8" testListId="8c84fa94-04c1-424b-9868-57a2d4851a1d" />
    <TestEntry testId="3806dbe2-7232-f69c-6c3f-7c285b581a75" executionId="a43b6e31-2a2f-4307-b2ad-ad217606a522" testListId="8c84fa94-04c1-424b-9868-57a2d4851a1d" />
    <TestEntry testId="c4e960bd-c3e3-f381-7dca-5a68cb9da10d" executionId="e1f75218-161f-4c4f-88b3-f0a426fb2d42" testListId="8c84fa94-04c1-424b-9868-57a2d4851a1d" />
    <TestEntry testId="ee7796a2-fa5d-37e3-7d95-f41fa632b0ff" executionId="e60b2d05-4489-41a9-9430-47b52bddae89" testListId="8c84fa94-04c1-424b-9868-57a2d4851a1d" />
    <TestEntry testId="537f9b73-0cda-a379-1a6c-05777989fe1d" executionId="afa904ef-ebb8-46a3-addd-c5b95fcda071" testListId="8c84fa94-04c1-424b-9868-57a2d4851a1d" />
    <TestEntry testId="75c3223c-21a2-3885-111b-84a103c871ec" executionId="b2882ca7-f583-4bb8-89c3-4dda0f115bdb" testListId="8c84fa94-04c1-424b-9868-57a2d4851a1d" />
    <TestEntry testId="cc6b4090-e5ec-21f0-9ad1-b329e6757070" executionId="20522231-7f10-4d04-8ceb-4b1fc8db2b22" testListId="8c84fa94-04c1-424b-9868-57a2d4851a1d" />
    <TestEntry testId="861225d4-46d6-f3eb-4be4-064b08e4e296" executionId="0c9534a9-fe03-4ffa-9180-7e2cabbae82a" testListId="8c84fa94-04c1-424b-9868-57a2d4851a1d" />
    <TestEntry testId="1ab57409-dd33-f64d-42e5-71faec0e603e" executionId="746b9be9-59d9-427b-9520-cd9443b930ca" testListId="8c84fa94-04c1-424b-9868-57a2d4851a1d" />
    <TestEntry testId="62129c8e-4d7a-be58-8ef1-5710e1680187" executionId="e32d2149-bb42-49f0-a7e7-8b90bf10b6b3" testListId="8c84fa94-04c1-424b-9868-57a2d4851a1d" />
    <TestEntry testId="e62a2256-19d5-41f4-cc64-6d94573656c5" executionId="4475e24f-2349-4aef-b513-5835e9830a90" testListId="8c84fa94-04c1-424b-9868-57a2d4851a1d" />
    <TestEntry testId="8b2e7c68-ab7b-db06-72ea-81e679e51c3b" executionId="7fb978ca-fa33-4842-bcb9-a963252b3df9" testListId="8c84fa94-04c1-424b-9868-57a2d4851a1d" />
    <TestEntry testId="8823abfa-6288-730a-c73e-9e91e8a043bf" executionId="cd986077-8e34-4625-b2ae-3b76e59b7b6b" testListId="8c84fa94-04c1-424b-9868-57a2d4851a1d" />
    <TestEntry testId="0355f5d7-ab6b-eaca-582a-d4925aeae53e" executionId="a4d4aee4-f3b9-47df-87f3-ea6c02277722" testListId="8c84fa94-04c1-424b-9868-57a2d4851a1d" />
    <TestEntry testId="82717f8f-9cf5-4a99-32e8-b6025acfc004" executionId="e383c21a-1388-4ade-ae5a-c4d179aa8c67" testListId="8c84fa94-04c1-424b-9868-57a2d4851a1d" />
    <TestEntry testId="89ccb382-074e-34f8-81f3-a2ee61f2431c" executionId="8c9208db-7bd8-4abb-aaeb-f203262367ab" testListId="8c84fa94-04c1-424b-9868-57a2d4851a1d" />
    <TestEntry testId="9faf10b9-6123-5aa6-584d-af9758abd95b" executionId="4ade70dd-f6d8-439b-bf16-ea82fd26ed62" testListId="8c84fa94-04c1-424b-9868-57a2d4851a1d" />
    <TestEntry testId="4033fcad-f470-da9d-3173-a89968fd1b62" executionId="0797b1f2-6b7d-40ca-84c3-d173e04f7f10" testListId="8c84fa94-04c1-424b-9868-57a2d4851a1d" />
    <TestEntry testId="55b33999-4e4f-b3db-07d8-11c7a58e84f3" executionId="f014c801-dbf7-4fb7-bf36-885a03ddc8f5" testListId="8c84fa94-04c1-424b-9868-57a2d4851a1d" />
    <TestEntry testId="baa5b100-0e3f-05f1-54b8-9808c9111519" executionId="98a3b597-6049-402a-bd26-f95eaa21bd25" testListId="8c84fa94-04c1-424b-9868-57a2d4851a1d" />
    <TestEntry testId="420c91c1-212d-3f52-82d6-c9fd84df3a2d" executionId="6f716593-1dc3-4afc-b4c4-f614887bd3b3" testListId="8c84fa94-04c1-424b-9868-57a2d4851a1d" />
    <TestEntry testId="704f64b6-8fd3-dd87-0c00-a55321ff1523" executionId="849bcdc1-1917-4911-8248-8cf48a5d497b" testListId="8c84fa94-04c1-424b-9868-57a2d4851a1d" />
    <TestEntry testId="8ca521e5-c930-1e04-0a63-250da1e4905f" executionId="f4ec3e0d-ebcf-4c01-a683-a8093e98def7" testListId="8c84fa94-04c1-424b-9868-57a2d4851a1d" />
    <TestEntry testId="8cd4d594-e71a-d753-0c1f-e432bec55add" executionId="f32ae91b-4f8d-4638-a5a4-3084fe8702f1" testListId="8c84fa94-04c1-424b-9868-57a2d4851a1d" />
    <TestEntry testId="053e77ff-1b81-a928-65c1-dcdff8c48eab" executionId="389abb37-f90c-4eb6-b573-44457caf2667" testListId="8c84fa94-04c1-424b-9868-57a2d4851a1d" />
    <TestEntry testId="d91913bc-8e96-1a25-4200-b5b9b5728d83" executionId="c7e49cfa-6192-466b-bad2-56e5c6835346" testListId="8c84fa94-04c1-424b-9868-57a2d4851a1d" />
    <TestEntry testId="81cd1c7d-f552-94c1-4cf2-d145dfd09430" executionId="19890a22-c24f-493a-9f32-fb960814a4a6" testListId="8c84fa94-04c1-424b-9868-57a2d4851a1d" />
    <TestEntry testId="43dc0e6b-7578-ac0e-53ec-c31f2923924c" executionId="e507a32d-983e-4ef9-a87f-434d60df77d8" testListId="8c84fa94-04c1-424b-9868-57a2d4851a1d" />
    <TestEntry testId="729ca948-3c6e-28c2-1943-45734e3d09c7" executionId="78465349-d485-4a18-bda4-7de2bf9f6b99" testListId="8c84fa94-04c1-424b-9868-57a2d4851a1d" />
    <TestEntry testId="3b222db5-373d-5e69-2fc6-83a4665d6e03" executionId="e2d76114-1e5a-4c9e-a078-28cea9180c09" testListId="8c84fa94-04c1-424b-9868-57a2d4851a1d" />
    <TestEntry testId="8fff71f7-f583-de3e-f6ae-71087989417d" executionId="ffb57086-2f9f-49a7-8127-fb61ed4ce891" testListId="8c84fa94-04c1-424b-9868-57a2d4851a1d" />
    <TestEntry testId="64134855-dfcc-fcc5-2e4a-84d24a8de027" executionId="0d21dfe8-d2c2-4f81-b1fc-afd81e615f48" testListId="8c84fa94-04c1-424b-9868-57a2d4851a1d" />
    <TestEntry testId="ef7b0d1e-0bc6-7c0f-1d29-4a6b6e3508db" executionId="9e32e24a-73f0-452f-b767-dd70d31779a3" testListId="8c84fa94-04c1-424b-9868-57a2d4851a1d" />
    <TestEntry testId="42321f61-bb82-1529-b9e1-86c370c16b04" executionId="7a2f05fd-e1ff-498e-8fa0-bf2d605dee9a" testListId="8c84fa94-04c1-424b-9868-57a2d4851a1d" />
    <TestEntry testId="ffdbfb40-2766-a04e-549b-af0d72e85592" executionId="47e40bd1-2071-4c58-b971-8be23e70a88b" testListId="8c84fa94-04c1-424b-9868-57a2d4851a1d" />
    <TestEntry testId="39524e5c-2ce6-1695-b971-bed2f8bf0d16" executionId="7e6bb5b4-47e2-4905-8006-939e34eceb39" testListId="8c84fa94-04c1-424b-9868-57a2d4851a1d" />
    <TestEntry testId="e5715507-3050-62e0-b0c9-712cc6a3997f" executionId="4396ddeb-6aba-4e27-884e-56b6d967b78f" testListId="8c84fa94-04c1-424b-9868-57a2d4851a1d" />
    <TestEntry testId="e2bdcb2e-dd85-11ee-b39a-0a139fe32a0a" executionId="dd1b6dec-b03b-45f0-ab4d-7e23959f1f0a" testListId="8c84fa94-04c1-424b-9868-57a2d4851a1d" />
    <TestEntry testId="50b152c8-3ed2-c3d0-835c-b54497e7e651" executionId="93a5269d-325b-44aa-b08d-881c776e75de" testListId="8c84fa94-04c1-424b-9868-57a2d4851a1d" />
    <TestEntry testId="cc63dcac-cb91-9cd4-0be0-2db51963a7c7" executionId="c121e251-4aea-459b-8ee0-1715a12d3e40" testListId="8c84fa94-04c1-424b-9868-57a2d4851a1d" />
    <TestEntry testId="619fab34-c43d-9193-5d4a-a32b982b2b52" executionId="a7471167-9e09-4815-af04-921c1ba39d31" testListId="8c84fa94-04c1-424b-9868-57a2d4851a1d" />
    <TestEntry testId="51f1a66b-8ce0-b376-99ba-bd99a8cd8d0e" executionId="6bc36e7c-43a6-4ad5-90fb-a2284242e5cd" testListId="8c84fa94-04c1-424b-9868-57a2d4851a1d" />
    <TestEntry testId="35059baa-638b-72e6-c829-1006dcc43870" executionId="65530140-cf85-4ee1-9c85-1c98a7dd4944" testListId="8c84fa94-04c1-424b-9868-57a2d4851a1d" />
    <TestEntry testId="ca2973ab-7487-bd84-4dc4-b4555faac7dd" executionId="7ceed9b2-26f6-40b9-9cd2-beff90ec7615" testListId="8c84fa94-04c1-424b-9868-57a2d4851a1d" />
    <TestEntry testId="70341a61-ab1f-55f6-b9f3-cda6896b3e69" executionId="648c877b-1955-4b5b-895b-449c9cef46ec" testListId="8c84fa94-04c1-424b-9868-57a2d4851a1d" />
    <TestEntry testId="f0f69b7f-2765-2e97-ae61-434552d762f4" executionId="8b71f6ce-5815-4cee-9771-08b19d508b1f" testListId="8c84fa94-04c1-424b-9868-57a2d4851a1d" />
    <TestEntry testId="6500d2eb-ef3b-5aad-d1bb-d3aeece48248" executionId="c29f701d-ccf9-4349-8c16-e44282c0bc21" testListId="8c84fa94-04c1-424b-9868-57a2d4851a1d" />
    <TestEntry testId="7ac35d85-ea9a-f2ab-10b3-53bb9127cb4b" executionId="53a74b10-e55e-4867-b853-cd5ee80b679c" testListId="8c84fa94-04c1-424b-9868-57a2d4851a1d" />
    <TestEntry testId="5319fb09-f424-0ae2-a326-31b53c33e45a" executionId="86660bc7-1854-4ebe-9550-1525f0129877" testListId="8c84fa94-04c1-424b-9868-57a2d4851a1d" />
    <TestEntry testId="fa4bdcfb-22d9-5855-0d13-34bb3c038a4e" executionId="4f38c80e-302f-49ff-9532-d87d2e1c7a5d" testListId="8c84fa94-04c1-424b-9868-57a2d4851a1d" />
    <TestEntry testId="527f92a6-4320-7175-6bfc-ec7d25a96a0a" executionId="1a01ed90-11d6-4a1c-a73c-23eec99bf3f0" testListId="8c84fa94-04c1-424b-9868-57a2d4851a1d" />
    <TestEntry testId="ff843600-e0ff-849f-1f52-3d5f739b95dc" executionId="104e92c2-fa4b-466f-9adb-5c14f186329b" testListId="8c84fa94-04c1-424b-9868-57a2d4851a1d" />
    <TestEntry testId="d47d9433-0306-0d25-418f-8f892e243921" executionId="e6196bf6-1212-40cb-b2f6-2c356cfc4052" testListId="8c84fa94-04c1-424b-9868-57a2d4851a1d" />
    <TestEntry testId="58431cc9-8197-d911-6b60-bacd96baf9db" executionId="6ec5dbd1-3ea2-408b-9812-3cb3aac8cea4" testListId="8c84fa94-04c1-424b-9868-57a2d4851a1d" />
    <TestEntry testId="0c385866-1f96-d3e0-96fa-a2ea2184131e" executionId="f74a0e0d-da00-4673-a58b-6fd8b0d5a5f0" testListId="8c84fa94-04c1-424b-9868-57a2d4851a1d" />
    <TestEntry testId="924279d5-63b0-465e-c388-75bc5f2b1f27" executionId="f76c77e8-d61a-4f6e-b4ff-86fc1710e25d" testListId="8c84fa94-04c1-424b-9868-57a2d4851a1d" />
    <TestEntry testId="113113c1-d919-b46e-448e-bbd02c99e902" executionId="499a5b0b-1fe2-4397-b265-6745bae7f95d" testListId="8c84fa94-04c1-424b-9868-57a2d4851a1d" />
    <TestEntry testId="709f64d5-e931-888f-4984-74c72e9cdd93" executionId="8515b66f-2122-42ee-82f4-1462f2bc7e3e" testListId="8c84fa94-04c1-424b-9868-57a2d4851a1d" />
    <TestEntry testId="72324ea3-2f4c-607a-c175-f5ddf9397700" executionId="bf87280b-932c-4f88-a10d-6c0d713c7fb3" testListId="8c84fa94-04c1-424b-9868-57a2d4851a1d" />
    <TestEntry testId="b8031613-e505-d337-1ac3-4e17c481b7a2" executionId="5c765303-f36e-4b0d-a7f2-f880875a3280" testListId="8c84fa94-04c1-424b-9868-57a2d4851a1d" />
    <TestEntry testId="05351391-7e40-e259-27a0-a7de91d7a10a" executionId="51e53c3e-8992-4fe3-99a8-b8a3e2c3f448" testListId="8c84fa94-04c1-424b-9868-57a2d4851a1d" />
    <TestEntry testId="fbf1899d-6325-d1a7-53d1-09c7b261b46f" executionId="e1f0082c-e1c5-4edb-85d4-2209eccce0ff" testListId="8c84fa94-04c1-424b-9868-57a2d4851a1d" />
    <TestEntry testId="f738d5c4-aa3d-aae7-2463-b0c1e38a6be6" executionId="023f3fae-0dce-4a08-b490-4a8511f1bbef" testListId="8c84fa94-04c1-424b-9868-57a2d4851a1d" />
    <TestEntry testId="9b017522-25fb-6073-1696-f9584733e598" executionId="1d4f2ae2-6725-4587-be4f-850db694e594" testListId="8c84fa94-04c1-424b-9868-57a2d4851a1d" />
    <TestEntry testId="cd4e68b4-01b8-6ee3-e558-bd00de7b72cd" executionId="6607a830-6686-4f78-a1cd-eadd115468a9" testListId="8c84fa94-04c1-424b-9868-57a2d4851a1d" />
    <TestEntry testId="44b82692-7a4f-dafd-0100-6a196d3e883a" executionId="e07585cd-053c-47fc-8de7-8f8ff149134a" testListId="8c84fa94-04c1-424b-9868-57a2d4851a1d" />
    <TestEntry testId="4d121f86-06da-d6a1-a17a-42f796717624" executionId="60f13571-a128-4329-9cfe-b1237a6bbff7" testListId="8c84fa94-04c1-424b-9868-57a2d4851a1d" />
    <TestEntry testId="97c450ea-c912-fee5-4cd7-dac7da651953" executionId="71a1f3a3-6300-4925-985c-970c9b20f5cb" testListId="8c84fa94-04c1-424b-9868-57a2d4851a1d" />
    <TestEntry testId="9e0dcee7-311b-1ded-2954-bac3f4bac43f" executionId="38d25c1c-b93b-4fca-9321-3452534b32e5" testListId="8c84fa94-04c1-424b-9868-57a2d4851a1d" />
    <TestEntry testId="a62f7283-02c3-a0e3-cf5f-0454f4ae1674" executionId="90b55e48-87fb-4863-b0ae-445d71876516" testListId="8c84fa94-04c1-424b-9868-57a2d4851a1d" />
    <TestEntry testId="739c7f9c-7f09-c241-84ab-84ad9ae93a1c" executionId="0e9915c3-0181-4a5f-aa75-d597272b6497" testListId="8c84fa94-04c1-424b-9868-57a2d4851a1d" />
    <TestEntry testId="430604ee-cff9-8928-9628-c6f139017ec3" executionId="25463ddc-8276-4265-847f-ee98eec3b8b0" testListId="8c84fa94-04c1-424b-9868-57a2d4851a1d" />
    <TestEntry testId="12e9159e-e8c0-7b84-ab63-0e381c078678" executionId="412cad69-dbd8-47ab-806d-699fe6833157" testListId="8c84fa94-04c1-424b-9868-57a2d4851a1d" />
    <TestEntry testId="a25c55cc-05ec-ca02-7afa-17c7c33a7f2b" executionId="b21321c8-7b85-42f5-bc84-b43f9bc24f6c" testListId="8c84fa94-04c1-424b-9868-57a2d4851a1d" />
    <TestEntry testId="51a874f6-0459-c881-0f8f-2cb7420b980e" executionId="cdf167e0-7864-4e8f-bf09-cebef7a614c4" testListId="8c84fa94-04c1-424b-9868-57a2d4851a1d" />
    <TestEntry testId="6d1283c1-b750-f47e-c03d-8d49ae9dc98a" executionId="aa3f6d70-96e1-4383-a7d4-33ef8c938c21" testListId="8c84fa94-04c1-424b-9868-57a2d4851a1d" />
    <TestEntry testId="f8716bdb-cc29-2135-f2c3-861cd593a7cc" executionId="4f317ac6-45f1-4d2a-8d21-1e70ea2a9dd6" testListId="8c84fa94-04c1-424b-9868-57a2d4851a1d" />
    <TestEntry testId="6f9edc6f-a39f-dbdf-ee9c-5d2d67caac13" executionId="8f633fdd-27a1-40d6-896d-06a15129685a" testListId="8c84fa94-04c1-424b-9868-57a2d4851a1d" />
    <TestEntry testId="adb27476-25fe-1bf8-0a7d-48e0a52e0b0e" executionId="fde32815-be51-4d7a-9b0a-eca6bceba7a5" testListId="8c84fa94-04c1-424b-9868-57a2d4851a1d" />
    <TestEntry testId="0b30382a-7b6e-7ccf-49d2-d995299b435f" executionId="8459612e-636b-4e36-a58d-8d42b6a6edcf" testListId="8c84fa94-04c1-424b-9868-57a2d4851a1d" />
    <TestEntry testId="af40f7ce-58ba-f082-0515-6dfed24c188d" executionId="4a38ff69-f4c0-45b1-a7ea-a689e9b5db26" testListId="8c84fa94-04c1-424b-9868-57a2d4851a1d" />
    <TestEntry testId="f832fc1a-9683-96b6-d363-8e7e92de34e6" executionId="ec1593d5-04b4-4f2c-a0a5-c26f21a2af57" testListId="8c84fa94-04c1-424b-9868-57a2d4851a1d" />
    <TestEntry testId="f88589e8-6908-e1fe-e36d-f3aa45fc29b5" executionId="bbafaa13-a28f-4d70-bedb-706c9c0ab31e" testListId="8c84fa94-04c1-424b-9868-57a2d4851a1d" />
    <TestEntry testId="13807061-895a-67a0-a898-cad5ede6e7ad" executionId="35f55298-bf01-4301-a44d-206dbe90f51d" testListId="8c84fa94-04c1-424b-9868-57a2d4851a1d" />
    <TestEntry testId="d3a6a749-14f0-8859-9c9a-6a801df617cb" executionId="85d9607c-75ae-454e-9162-965e4e99395b" testListId="8c84fa94-04c1-424b-9868-57a2d4851a1d" />
    <TestEntry testId="7c307188-1029-29ef-53c1-76ac0d9696b1" executionId="467bef17-818a-4380-907f-19bf091f86a5" testListId="8c84fa94-04c1-424b-9868-57a2d4851a1d" />
    <TestEntry testId="e5f9020f-876c-f5ce-3a5c-2962a0262207" executionId="59a6dd3c-d75d-417f-94ba-f2b458adae74" testListId="8c84fa94-04c1-424b-9868-57a2d4851a1d" />
    <TestEntry testId="ef535810-5a47-70fe-3013-a11ecd4f4684" executionId="d8cd45b6-7453-4063-9126-9ff104375664" testListId="8c84fa94-04c1-424b-9868-57a2d4851a1d" />
    <TestEntry testId="e79cbd01-99cf-8468-e02a-13cbd2f51461" executionId="6cd98183-5006-4288-881a-bc75879f3088" testListId="8c84fa94-04c1-424b-9868-57a2d4851a1d" />
    <TestEntry testId="8b2dff30-56f5-dd22-1463-323ca1d21b48" executionId="ff7501f9-93aa-494d-9603-8da17068485a" testListId="8c84fa94-04c1-424b-9868-57a2d4851a1d" />
    <TestEntry testId="a1daaa4e-30c6-b826-43bb-366509c53dd6" executionId="0cfed0b0-4ef7-4a01-a246-e892b5559f3f" testListId="8c84fa94-04c1-424b-9868-57a2d4851a1d" />
    <TestEntry testId="6e833589-6e8a-7a50-ac79-c84f47e6fdd7" executionId="0a1ca935-22c9-485f-92b9-33d4af323b71" testListId="8c84fa94-04c1-424b-9868-57a2d4851a1d" />
    <TestEntry testId="c9b9e3fa-f9c5-da16-ebaa-3c6c10f57e3a" executionId="7534f1b0-8afa-4785-b9be-427f21ecc455" testListId="8c84fa94-04c1-424b-9868-57a2d4851a1d" />
    <TestEntry testId="a4dcbbd4-6ba2-9d39-05eb-8cf5efdeca41" executionId="a1aaef9f-93d9-400c-9791-376440ee31d1" testListId="8c84fa94-04c1-424b-9868-57a2d4851a1d" />
    <TestEntry testId="572e7388-1d76-9c47-d0ac-2567869339d2" executionId="ae1bb098-aac6-4eb2-a0dd-e53a3b81e50b" testListId="8c84fa94-04c1-424b-9868-57a2d4851a1d" />
    <TestEntry testId="0edd6820-fd8e-7f90-e03b-c946f9c5f269" executionId="bac7d044-7a45-46ac-998f-68a759f30370" testListId="8c84fa94-04c1-424b-9868-57a2d4851a1d" />
    <TestEntry testId="e2101489-b47a-ca1d-b59a-1ddf7af87222" executionId="b766b1fa-91f4-46e7-9124-484ccb3e1066" testListId="8c84fa94-04c1-424b-9868-57a2d4851a1d" />
    <TestEntry testId="72eade1f-1e6b-1053-88d5-a0258c441d43" executionId="4cca6151-99f2-4ff2-bed8-ba55e5d86e2a" testListId="8c84fa94-04c1-424b-9868-57a2d4851a1d" />
    <TestEntry testId="107de17e-b3e4-a0c2-fa2a-625f1bce71a1" executionId="2950a1ae-6d0c-405d-8591-fa7bcecc5d9b" testListId="8c84fa94-04c1-424b-9868-57a2d4851a1d" />
    <TestEntry testId="9562ad4c-03e7-c005-ac1d-013d08e6c8c0" executionId="4b2eb43d-3917-4d53-927a-99b6472c215a" testListId="8c84fa94-04c1-424b-9868-57a2d4851a1d" />
    <TestEntry testId="84fcb336-924b-29d2-b1a6-fd7636f8f775" executionId="f4b1d1fc-ec51-4e4a-af80-47371b5f8de0" testListId="8c84fa94-04c1-424b-9868-57a2d4851a1d" />
    <TestEntry testId="2ed18ee5-c067-3cba-e2ca-c09d3c3fbd35" executionId="673720d0-61c7-413a-9a7a-21ade402c5fd" testListId="8c84fa94-04c1-424b-9868-57a2d4851a1d" />
    <TestEntry testId="cac3150d-925c-bd1f-a3a9-414838b5f808" executionId="2c33d5d0-96b3-4fde-af6e-f55d4e936bd3" testListId="8c84fa94-04c1-424b-9868-57a2d4851a1d" />
    <TestEntry testId="a27b7a86-7af9-fe84-816d-dfa98f9dbf97" executionId="b8302fbe-8f4b-4503-a16f-71c2f1d3890a" testListId="8c84fa94-04c1-424b-9868-57a2d4851a1d" />
    <TestEntry testId="bce5b993-e2fa-53fe-31c5-b39cb5b60696" executionId="b9edb9f0-5b6c-45de-b408-98ecc8c43a1e" testListId="8c84fa94-04c1-424b-9868-57a2d4851a1d" />
    <TestEntry testId="d8258a02-8b6c-8cb4-addf-0df5de71f568" executionId="dc3ef489-0f08-490c-a12e-10c7c4e886d1" testListId="8c84fa94-04c1-424b-9868-57a2d4851a1d" />
    <TestEntry testId="a064650f-fadf-8663-934b-b5483b040d72" executionId="aa2d6aad-2dbc-4a27-b417-ca2dbf93d27e" testListId="8c84fa94-04c1-424b-9868-57a2d4851a1d" />
    <TestEntry testId="513ddbc2-a3ae-3637-f363-076be5ec3fd4" executionId="c887aa93-9cd1-4e73-a219-8150e239b28f" testListId="8c84fa94-04c1-424b-9868-57a2d4851a1d" />
    <TestEntry testId="a7d58164-021e-446f-9444-68efcb2d1324" executionId="6a6ac6ab-433f-4d67-b26d-2b0ad7479aec" testListId="8c84fa94-04c1-424b-9868-57a2d4851a1d" />
    <TestEntry testId="4101f6e4-b5df-d08e-c617-9dbebc98a7aa" executionId="1f8dcb2a-9b49-4af2-aa05-a924631233cd" testListId="8c84fa94-04c1-424b-9868-57a2d4851a1d" />
    <TestEntry testId="23de61a1-b328-5989-47d7-8332f3206574" executionId="e4324114-55a7-4feb-943f-b74014305843" testListId="8c84fa94-04c1-424b-9868-57a2d4851a1d" />
    <TestEntry testId="5fa15484-20b2-8b65-9722-e2619336985e" executionId="06f50cd6-91e6-4103-86f6-f7838863919c" testListId="8c84fa94-04c1-424b-9868-57a2d4851a1d" />
    <TestEntry testId="c601c88b-0905-112d-1f24-acdcf7b28851" executionId="d2707a48-5d6c-492e-bca3-90564512d6bd" testListId="8c84fa94-04c1-424b-9868-57a2d4851a1d" />
    <TestEntry testId="433c9e4a-98f9-4d22-0eb0-fab67a7661a8" executionId="208f09d0-9bd4-402e-b17a-1067bbdfe797" testListId="8c84fa94-04c1-424b-9868-57a2d4851a1d" />
    <TestEntry testId="aed70f28-62d0-bb8d-bffc-0dba0b3f4e98" executionId="f5c2cb58-49d1-4ac3-9d27-e404a0ad588e" testListId="8c84fa94-04c1-424b-9868-57a2d4851a1d" />
    <TestEntry testId="855bee55-ec09-b81f-1304-9fbb4026f713" executionId="36faee8c-98c5-4e7a-a64f-05d7e6a19fa0" testListId="8c84fa94-04c1-424b-9868-57a2d4851a1d" />
    <TestEntry testId="0d7b5807-5890-b63c-8dae-403b7a3b8cee" executionId="2f4d416c-c73c-426c-8218-b5b646708229" testListId="8c84fa94-04c1-424b-9868-57a2d4851a1d" />
    <TestEntry testId="319809e1-0b0c-0cb0-33f0-4f8d9a718151" executionId="ed5df793-aa88-4448-87ad-86b2e60e647d" testListId="8c84fa94-04c1-424b-9868-57a2d4851a1d" />
    <TestEntry testId="771c66a8-45fe-5145-f3dc-5cfd1ba70b69" executionId="8594b8d5-2899-4c1c-92b5-e20d0fa6cda7" testListId="8c84fa94-04c1-424b-9868-57a2d4851a1d" />
    <TestEntry testId="982e4449-62bc-9672-f99c-8de7be284176" executionId="d4801c12-858a-4ffe-a0aa-6b04261914df" testListId="8c84fa94-04c1-424b-9868-57a2d4851a1d" />
    <TestEntry testId="adc887a1-3fc3-1c74-4c02-532b24eb96a4" executionId="84f8cb30-f86b-4ef1-8194-86505de441cf" testListId="8c84fa94-04c1-424b-9868-57a2d4851a1d" />
    <TestEntry testId="52eea998-403c-4a1a-9c91-c398bfab2b42" executionId="5901b049-542d-488f-8244-bb7ab9b0465e" testListId="8c84fa94-04c1-424b-9868-57a2d4851a1d" />
    <TestEntry testId="484f48c5-8347-fc9f-968f-a645a6df3c5a" executionId="c318c17d-950d-4311-979a-81e05a1d46ab" testListId="8c84fa94-04c1-424b-9868-57a2d4851a1d" />
    <TestEntry testId="3c2bc22d-0cb7-d078-5a7f-33d93a53b315" executionId="9600f9e0-0cf9-405f-b87b-777c3a59ac9b" testListId="8c84fa94-04c1-424b-9868-57a2d4851a1d" />
    <TestEntry testId="b6078569-abeb-605d-f2e2-d0a182f6a5e1" executionId="d58f7d23-3b80-451b-beab-6ada87d96593" testListId="8c84fa94-04c1-424b-9868-57a2d4851a1d" />
    <TestEntry testId="01a17931-54c9-6089-a0fc-e82e4b7d1b4d" executionId="1fd99d77-e1be-4243-8e67-a39e743d6a55" testListId="8c84fa94-04c1-424b-9868-57a2d4851a1d" />
    <TestEntry testId="02f2e095-af0f-162d-6c1c-a51d3d69b243" executionId="b4e7faa4-046b-461a-a5ab-659d9823bbb6" testListId="8c84fa94-04c1-424b-9868-57a2d4851a1d" />
    <TestEntry testId="6609f487-50de-acd2-fc7f-29410bf620f2" executionId="a64ce0a6-85e1-4764-87bd-7b2f93232581" testListId="8c84fa94-04c1-424b-9868-57a2d4851a1d" />
    <TestEntry testId="d32198a0-b6a0-3c12-a563-46229d19111a" executionId="e3d84de1-65ac-40b6-91f8-c951334c8ffb" testListId="8c84fa94-04c1-424b-9868-57a2d4851a1d" />
    <TestEntry testId="55777ac9-06f3-5785-318a-ee8826871ff2" executionId="3f750550-547b-4d1e-9e02-a1d5f1f1d484" testListId="8c84fa94-04c1-424b-9868-57a2d4851a1d" />
    <TestEntry testId="7c13b7c1-e97a-8a6c-d0b8-af50263f6ab7" executionId="03f71f99-ae08-4707-9d0c-88c977ed7d49" testListId="8c84fa94-04c1-424b-9868-57a2d4851a1d" />
    <TestEntry testId="9f0f0cec-4f78-d941-3c4f-eaf26330ba5a" executionId="18a9492b-463e-4bc6-b629-09ed59a68ca6" testListId="8c84fa94-04c1-424b-9868-57a2d4851a1d" />
    <TestEntry testId="bcc044c7-4083-72b7-028d-6c023678e59f" executionId="f15e68af-6118-45f5-a28b-71d230affee1" testListId="8c84fa94-04c1-424b-9868-57a2d4851a1d" />
    <TestEntry testId="885258e6-b4ca-0052-3f8b-46d6df748f5e" executionId="f9fa061e-9398-48a4-9997-45c71301451e" testListId="8c84fa94-04c1-424b-9868-57a2d4851a1d" />
    <TestEntry testId="2f679c0a-6fac-4c51-d526-0dd7344b6236" executionId="4025ead3-839f-4960-97eb-29f8e473a1b3" testListId="8c84fa94-04c1-424b-9868-57a2d4851a1d" />
    <TestEntry testId="bb015aa1-a58b-d13a-4dc2-03f422451100" executionId="aa135a2b-f4fd-46e9-a79d-ba609f6fefc4" testListId="8c84fa94-04c1-424b-9868-57a2d4851a1d" />
    <TestEntry testId="50c42731-b975-63f2-436b-d25dfcb04bd6" executionId="a6b7d7c2-cfaa-41ad-b14c-71f6aca90e9c" testListId="8c84fa94-04c1-424b-9868-57a2d4851a1d" />
    <TestEntry testId="231f5857-a833-6825-2fd4-8f0ef294587e" executionId="7a33dc61-2ce6-4451-aa32-eeba6b70520e" testListId="8c84fa94-04c1-424b-9868-57a2d4851a1d" />
    <TestEntry testId="de0aee32-b405-6e62-6836-1e83d3e5dcf3" executionId="f00d7c08-5bef-410a-9275-582d1c08bf3c" testListId="8c84fa94-04c1-424b-9868-57a2d4851a1d" />
    <TestEntry testId="26cba365-2720-9240-ef44-178b8b73dc4c" executionId="ed1a675f-104e-4833-838f-3e6f961fe6e9" testListId="8c84fa94-04c1-424b-9868-57a2d4851a1d" />
    <TestEntry testId="26cc16f0-d00e-3b83-5f5c-9f44e5b15325" executionId="91c823bb-24d4-4319-a498-83926734e93b" testListId="8c84fa94-04c1-424b-9868-57a2d4851a1d" />
    <TestEntry testId="47ad43a6-ce50-ae9e-576c-f94708bdc20e" executionId="c9119072-1ec9-4b02-b69c-01455898f0c1" testListId="8c84fa94-04c1-424b-9868-57a2d4851a1d" />
    <TestEntry testId="2bec49b4-d933-2d84-36e8-9c34541ee0ea" executionId="0b65b0b8-19d9-4d66-a974-c55acd786165" testListId="8c84fa94-04c1-424b-9868-57a2d4851a1d" />
    <TestEntry testId="daac1bdb-e667-8fed-67b8-7b659bb09f2d" executionId="63feefb4-80df-4410-a2c5-793cc9fc8b9f" testListId="8c84fa94-04c1-424b-9868-57a2d4851a1d" />
    <TestEntry testId="794e16ff-57b0-824b-7dea-f3308764487e" executionId="94398a22-fd22-4eb2-867f-3bebec53d707" testListId="8c84fa94-04c1-424b-9868-57a2d4851a1d" />
    <TestEntry testId="1b5d8c39-78d3-8e99-6321-e440ce872aa3" executionId="e6d49ddd-a53d-4c2c-8add-7bce988c523b" testListId="8c84fa94-04c1-424b-9868-57a2d4851a1d" />
    <TestEntry testId="37b13679-34a6-036c-85e4-685d3393820a" executionId="d108f5b5-dbdb-4887-a03b-ce18f73ce6c8" testListId="8c84fa94-04c1-424b-9868-57a2d4851a1d" />
    <TestEntry testId="0777c449-d6f8-2042-12d4-cd6357568145" executionId="54ed71ee-b89e-4229-b1bd-21d2f40e4f5b" testListId="8c84fa94-04c1-424b-9868-57a2d4851a1d" />
    <TestEntry testId="25614569-e7e5-86c3-db64-8b3ae0011113" executionId="bfb808d8-7071-48f3-a32d-4601f0843881" testListId="8c84fa94-04c1-424b-9868-57a2d4851a1d" />
    <TestEntry testId="e74ad0e8-751c-1f90-f5cb-6d0ffddcd465" executionId="cf6b3d51-4e3c-45ed-806b-ff71f88b9bcf" testListId="8c84fa94-04c1-424b-9868-57a2d4851a1d" />
    <TestEntry testId="224805f6-bed7-4001-30ea-9e65f78127b0" executionId="ca328e49-5a08-43b9-bdef-cba8e26fd468" testListId="8c84fa94-04c1-424b-9868-57a2d4851a1d" />
    <TestEntry testId="5eb84855-9010-b86d-28b6-32397c4fce53" executionId="a7d84266-6878-4cd5-b040-4eacf938adc9" testListId="8c84fa94-04c1-424b-9868-57a2d4851a1d" />
    <TestEntry testId="c8ee57d1-25a4-70d3-e4bf-b04fdcc8a7c7" executionId="684d6ff0-e5d7-4321-ac61-879c6a38fbd4" testListId="8c84fa94-04c1-424b-9868-57a2d4851a1d" />
    <TestEntry testId="7cdf4f6c-70d9-1c25-646c-8b4aa73d1701" executionId="a27a820e-f151-4e70-96be-7d0d20a04f7f" testListId="8c84fa94-04c1-424b-9868-57a2d4851a1d" />
    <TestEntry testId="a7b9fc85-6361-244c-c5be-5385a17faef4" executionId="cb45afb8-d65b-4925-a5be-377feeab9770" testListId="8c84fa94-04c1-424b-9868-57a2d4851a1d" />
    <TestEntry testId="312c3e7d-31d7-7b82-3fd7-423a5e2d331b" executionId="a13b7563-12de-42ca-8700-53282ae5ddab" testListId="8c84fa94-04c1-424b-9868-57a2d4851a1d" />
    <TestEntry testId="5067522d-ab5b-5368-da94-ab7f4d09be9b" executionId="335ec5ef-7005-4fe1-a948-7a2a18f8d9f6" testListId="8c84fa94-04c1-424b-9868-57a2d4851a1d" />
    <TestEntry testId="cdad39af-7c93-7aaa-9314-0b5934921c45" executionId="2bd12fe6-fd08-4429-8958-7ebc5018f033" testListId="8c84fa94-04c1-424b-9868-57a2d4851a1d" />
    <TestEntry testId="1e835823-d2f9-bf4f-6087-de5b43ea9f5a" executionId="6de9ae52-cf39-4c9d-9afa-1c9a1ac7783d" testListId="8c84fa94-04c1-424b-9868-57a2d4851a1d" />
    <TestEntry testId="7d5d4a03-f686-8407-8798-d83e06f811f2" executionId="96eb7fe6-e540-4a32-9e13-d4a7baa5bd07" testListId="8c84fa94-04c1-424b-9868-57a2d4851a1d" />
    <TestEntry testId="fb221cf6-5461-c518-4f1b-1fa9cacb934f" executionId="53a23d5a-548a-4abe-a490-919f85cf44bb" testListId="8c84fa94-04c1-424b-9868-57a2d4851a1d" />
    <TestEntry testId="3c01d42c-dd76-77d7-2f76-d93f2a8df7a6" executionId="95d3b32d-cd3d-4516-a30a-15f14e449af1" testListId="8c84fa94-04c1-424b-9868-57a2d4851a1d" />
    <TestEntry testId="13ef212e-41f6-4e86-6e92-e81d2c1821f0" executionId="b02742f5-8fb6-4fcc-a9a5-29b95de12b91" testListId="8c84fa94-04c1-424b-9868-57a2d4851a1d" />
    <TestEntry testId="c71f4fb3-f3af-ef37-e388-11bb8b46fdf3" executionId="dfbe1d9b-6b4b-46b5-a8ae-a8df6b3b7cc0" testListId="8c84fa94-04c1-424b-9868-57a2d4851a1d" />
    <TestEntry testId="41a7d3bc-a6c0-9a51-64d3-52570adf7214" executionId="828e80a8-205b-4ed6-8a6a-b54a6043b4c8" testListId="8c84fa94-04c1-424b-9868-57a2d4851a1d" />
    <TestEntry testId="4dc35cd4-d680-46ac-4b64-4be6ed9879d4" executionId="85f25868-17fd-49db-ad6e-35de7a2dd118" testListId="8c84fa94-04c1-424b-9868-57a2d4851a1d" />
    <TestEntry testId="bb80df1b-d5df-85fd-4e6b-cb3636fe6e0f" executionId="cb3bebec-2a06-4fb6-8be9-180c14529e1a" testListId="8c84fa94-04c1-424b-9868-57a2d4851a1d" />
    <TestEntry testId="8dd90de6-0821-7040-e311-6a93757a5d85" executionId="f0caf2e6-505f-4d4b-a3e5-054a17d3c468" testListId="8c84fa94-04c1-424b-9868-57a2d4851a1d" />
    <TestEntry testId="fbd4bbd7-3522-da54-e0f2-37a03407ae87" executionId="35816f53-dd5b-45df-acc9-cf2caa9030f5" testListId="8c84fa94-04c1-424b-9868-57a2d4851a1d" />
    <TestEntry testId="8fa377bb-de06-0370-1683-414474e50f16" executionId="a2d9d706-4ac9-4f06-a704-7fb975b40d98" testListId="8c84fa94-04c1-424b-9868-57a2d4851a1d" />
    <TestEntry testId="dc861f51-3477-76aa-b677-19cbbd0a0c8e" executionId="14bf826d-e074-41a9-b044-1306e2b366f7" testListId="8c84fa94-04c1-424b-9868-57a2d4851a1d" />
    <TestEntry testId="92a94363-69b6-f21f-5d42-baf4945e3176" executionId="c447f733-9cc1-4b4a-93aa-337f427ac890" testListId="8c84fa94-04c1-424b-9868-57a2d4851a1d" />
    <TestEntry testId="acd2ce73-81e8-519e-481c-5f8785031760" executionId="84a9b349-162f-4a75-a634-d6984e5322a2" testListId="8c84fa94-04c1-424b-9868-57a2d4851a1d" />
    <TestEntry testId="0f58ee06-0a3b-a6c8-19d1-8f4d2b6f4445" executionId="da3ce32b-e438-48e7-92e4-031768f14ace" testListId="8c84fa94-04c1-424b-9868-57a2d4851a1d" />
    <TestEntry testId="008e4e4f-5ed3-2e26-a587-01d9a7b7723f" executionId="0a11149f-eefb-408e-ae2c-74cc13766867" testListId="8c84fa94-04c1-424b-9868-57a2d4851a1d" />
    <TestEntry testId="50a8cc2a-05ce-30e7-1819-6194e2852bf2" executionId="d92aea9e-35be-4c66-8d6b-b7dfe90d2a14" testListId="8c84fa94-04c1-424b-9868-57a2d4851a1d" />
    <TestEntry testId="13a9da82-e944-6caa-bedb-d892561015cd" executionId="f423582c-f56b-4dd6-883c-d797710df2f1" testListId="8c84fa94-04c1-424b-9868-57a2d4851a1d" />
    <TestEntry testId="b11a8664-fdfe-addb-e7d4-621924d5fa11" executionId="2be23170-85a4-4ec9-b69f-43dc7900a1e5" testListId="8c84fa94-04c1-424b-9868-57a2d4851a1d" />
    <TestEntry testId="5868f1d5-e581-b3f2-1fe2-bf4b097e127b" executionId="0323534b-5d15-4442-9c06-5aaf4a589701" testListId="8c84fa94-04c1-424b-9868-57a2d4851a1d" />
    <TestEntry testId="f7bdb2dc-8346-a91f-d86b-9d0e8f0c1ec2" executionId="7267ea3a-ee50-4a4f-b4ad-11225ef689eb" testListId="8c84fa94-04c1-424b-9868-57a2d4851a1d" />
    <TestEntry testId="7e428861-b5aa-5357-c778-1ae04f1007c1" executionId="8464942d-ee91-4e1c-b929-2fa5cc147e59" testListId="8c84fa94-04c1-424b-9868-57a2d4851a1d" />
    <TestEntry testId="58357c87-4e4a-c6d4-9e09-a6787253b2df" executionId="443d0550-1a9f-4957-8bdc-ca032cb0e2a6" testListId="8c84fa94-04c1-424b-9868-57a2d4851a1d" />
    <TestEntry testId="5d81883f-039c-bba4-2431-6c4c5f78e648" executionId="40046d6d-31c9-4720-b96e-aee9aee82b99" testListId="8c84fa94-04c1-424b-9868-57a2d4851a1d" />
    <TestEntry testId="3cec4461-089d-ade4-fa07-105f48fa7261" executionId="4416e5f4-818f-4c69-9894-ac27ba6895b0" testListId="8c84fa94-04c1-424b-9868-57a2d4851a1d" />
  </TestEntries>
  <TestLists>
    <TestList name="Les résultats ne figurent pas dans une liste" id="8c84fa94-04c1-424b-9868-57a2d4851a1d" />
    <TestList name="Tous les résultats chargés" id="19431567-8539-422a-85d7-44ee4e166bda" />
  </TestLists>
  <ResultSummary outcome="Completed">
    <Counters total="210" executed="210" passed="210" failed="0" error="0" timeout="0" aborted="0" inconclusive="0" passedButRunAborted="0" notRunnable="0" notExecuted="0" disconnected="0" warning="0" completed="0" inProgress="0" pending="0" />
    <Output>
      <StdOut>[xUnit.net 00:00:00.00] xUnit.net VSTest Adapter v2.5.3.1+6b60a9e56a (64-bit .NET 9.0.0)
[xUnit.net 00:00:00.04]   Discovering: Account.UnitTests
[xUnit.net 00:00:00.08]   Discovered:  Account.UnitTests
[xUnit.net 00:00:00.09]   Starting:    Account.UnitTests
[xUnit.net 00:00:00.17]   Finished:    Account.UnitTests
</StdOut>
    </Output>
    <RunInfos>
      <RunInfo computerName="MacBook-Pro-de-Aristide" outcome="Warning" timestamp="2024-11-23T22:09:00.9383330+01:00">
        <Text>[xUnit.net 00:00:00.09] Account.UnitTests: Skipping test case with duplicate ID 'd70a0b8dab4a68401f4f571b134dd10b82cc8088' ('Account.UnitTests.Profile.Models.DateOfBirthTests.ValueObject_EqualityBehavior_ShouldBeCorrect(value1: 1990-01-01T00:00:00.0000000, value2: 1990-01-01T00:00:00.0000000, shouldBeEqual: True)' and 'Account.UnitTests.Profile.Models.DateOfBirthTests.ValueObject_EqualityBehavior_ShouldBeCorrect(value1: 1990-01-01T00:00:00.0000000, value2: 1990-01-01T00:00:00.0000000, shouldBeEqual: True)')</Text>
      </RunInfo>
    </RunInfos>
  </ResultSummary>
</TestRun>